CRITICAL - 2025-04-03 22:01:10 --> Invalid file: usuario/gestionpagos.php
#0 C:\xampp\htdocs\Polvo\vendor\codeigniter4\framework\system\View\View.php(198): CodeIgniter\Exceptions\FrameworkException::forInvalidFile('usuario/gestion...')
#1 C:\xampp\htdocs\Polvo\vendor\codeigniter4\framework\system\Common.php(1089): CodeIgniter\View\View->render('usuario/gestion...', Array, true)
#2 C:\xampp\htdocs\Polvo\app\Controllers\Usuario\Pagos.php(48): view('usuario/gestion...', Array)
#3 C:\xampp\htdocs\Polvo\app\Controllers\Usuario\Pagos.php(95): App\Controllers\Usuario\Pagos->create_view('usuario/gestion...', Array)
#4 C:\xampp\htdocs\Polvo\vendor\codeigniter4\framework\system\CodeIgniter.php(832): App\Controllers\Usuario\Pagos->index()
#5 C:\xampp\htdocs\Polvo\vendor\codeigniter4\framework\system\CodeIgniter.php(419): CodeIgniter\CodeIgniter->runController(Object(App\Controllers\Usuario\Pagos))
#6 C:\xampp\htdocs\Polvo\vendor\codeigniter4\framework\system\CodeIgniter.php(326): CodeIgniter\CodeIgniter->handleRequest(NULL, Object(Config\Cache), false)
#7 C:\xampp\htdocs\Polvo\public\index.php(37): CodeIgniter\CodeIgniter->run()
#8 C:\xampp\htdocs\Polvo\vendor\codeigniter4\framework\system\Commands\Server\rewrite.php(43): require_once('C:\\xampp\\htdocs...')
#9 {main}
CRITICAL - 2025-04-03 22:01:14 --> Invalid file: usuario/gestionpagos.php
#0 C:\xampp\htdocs\Polvo\vendor\codeigniter4\framework\system\View\View.php(198): CodeIgniter\Exceptions\FrameworkException::forInvalidFile('usuario/gestion...')
#1 C:\xampp\htdocs\Polvo\vendor\codeigniter4\framework\system\Common.php(1089): CodeIgniter\View\View->render('usuario/gestion...', Array, true)
#2 C:\xampp\htdocs\Polvo\app\Controllers\Usuario\Pagos.php(48): view('usuario/gestion...', Array)
#3 C:\xampp\htdocs\Polvo\app\Controllers\Usuario\Pagos.php(95): App\Controllers\Usuario\Pagos->create_view('usuario/gestion...', Array)
#4 C:\xampp\htdocs\Polvo\vendor\codeigniter4\framework\system\CodeIgniter.php(832): App\Controllers\Usuario\Pagos->index()
#5 C:\xampp\htdocs\Polvo\vendor\codeigniter4\framework\system\CodeIgniter.php(419): CodeIgniter\CodeIgniter->runController(Object(App\Controllers\Usuario\Pagos))
#6 C:\xampp\htdocs\Polvo\vendor\codeigniter4\framework\system\CodeIgniter.php(326): CodeIgniter\CodeIgniter->handleRequest(NULL, Object(Config\Cache), false)
#7 C:\xampp\htdocs\Polvo\public\index.php(37): CodeIgniter\CodeIgniter->run()
#8 C:\xampp\htdocs\Polvo\vendor\codeigniter4\framework\system\Commands\Server\rewrite.php(43): require_once('C:\\xampp\\htdocs...')
#9 {main}
CRITICAL - 2025-04-03 22:01:15 --> Invalid file: usuario/gestionpagos.php
#0 C:\xampp\htdocs\Polvo\vendor\codeigniter4\framework\system\View\View.php(198): CodeIgniter\Exceptions\FrameworkException::forInvalidFile('usuario/gestion...')
#1 C:\xampp\htdocs\Polvo\vendor\codeigniter4\framework\system\Common.php(1089): CodeIgniter\View\View->render('usuario/gestion...', Array, true)
#2 C:\xampp\htdocs\Polvo\app\Controllers\Usuario\Pagos.php(48): view('usuario/gestion...', Array)
#3 C:\xampp\htdocs\Polvo\app\Controllers\Usuario\Pagos.php(95): App\Controllers\Usuario\Pagos->create_view('usuario/gestion...', Array)
#4 C:\xampp\htdocs\Polvo\vendor\codeigniter4\framework\system\CodeIgniter.php(832): App\Controllers\Usuario\Pagos->index()
#5 C:\xampp\htdocs\Polvo\vendor\codeigniter4\framework\system\CodeIgniter.php(419): CodeIgniter\CodeIgniter->runController(Object(App\Controllers\Usuario\Pagos))
#6 C:\xampp\htdocs\Polvo\vendor\codeigniter4\framework\system\CodeIgniter.php(326): CodeIgniter\CodeIgniter->handleRequest(NULL, Object(Config\Cache), false)
#7 C:\xampp\htdocs\Polvo\public\index.php(37): CodeIgniter\CodeIgniter->run()
#8 C:\xampp\htdocs\Polvo\vendor\codeigniter4\framework\system\Commands\Server\rewrite.php(43): require_once('C:\\xampp\\htdocs...')
#9 {main}
CRITICAL - 2025-04-03 22:01:16 --> Invalid file: usuario/gestionpagos.php
#0 C:\xampp\htdocs\Polvo\vendor\codeigniter4\framework\system\View\View.php(198): CodeIgniter\Exceptions\FrameworkException::forInvalidFile('usuario/gestion...')
#1 C:\xampp\htdocs\Polvo\vendor\codeigniter4\framework\system\Common.php(1089): CodeIgniter\View\View->render('usuario/gestion...', Array, true)
#2 C:\xampp\htdocs\Polvo\app\Controllers\Usuario\Pagos.php(48): view('usuario/gestion...', Array)
#3 C:\xampp\htdocs\Polvo\app\Controllers\Usuario\Pagos.php(95): App\Controllers\Usuario\Pagos->create_view('usuario/gestion...', Array)
#4 C:\xampp\htdocs\Polvo\vendor\codeigniter4\framework\system\CodeIgniter.php(832): App\Controllers\Usuario\Pagos->index()
#5 C:\xampp\htdocs\Polvo\vendor\codeigniter4\framework\system\CodeIgniter.php(419): CodeIgniter\CodeIgniter->runController(Object(App\Controllers\Usuario\Pagos))
#6 C:\xampp\htdocs\Polvo\vendor\codeigniter4\framework\system\CodeIgniter.php(326): CodeIgniter\CodeIgniter->handleRequest(NULL, Object(Config\Cache), false)
#7 C:\xampp\htdocs\Polvo\public\index.php(37): CodeIgniter\CodeIgniter->run()
#8 C:\xampp\htdocs\Polvo\vendor\codeigniter4\framework\system\Commands\Server\rewrite.php(43): require_once('C:\\xampp\\htdocs...')
#9 {main}
CRITICAL - 2025-04-03 22:01:31 --> Invalid file: usuario/gestionpagos.php
#0 C:\xampp\htdocs\Polvo\vendor\codeigniter4\framework\system\View\View.php(198): CodeIgniter\Exceptions\FrameworkException::forInvalidFile('usuario/gestion...')
#1 C:\xampp\htdocs\Polvo\vendor\codeigniter4\framework\system\Common.php(1089): CodeIgniter\View\View->render('usuario/gestion...', Array, true)
#2 C:\xampp\htdocs\Polvo\app\Controllers\Usuario\Pagos.php(48): view('usuario/gestion...', Array)
#3 C:\xampp\htdocs\Polvo\app\Controllers\Usuario\Pagos.php(95): App\Controllers\Usuario\Pagos->create_view('usuario/gestion...', Array)
#4 C:\xampp\htdocs\Polvo\vendor\codeigniter4\framework\system\CodeIgniter.php(832): App\Controllers\Usuario\Pagos->index()
#5 C:\xampp\htdocs\Polvo\vendor\codeigniter4\framework\system\CodeIgniter.php(419): CodeIgniter\CodeIgniter->runController(Object(App\Controllers\Usuario\Pagos))
#6 C:\xampp\htdocs\Polvo\vendor\codeigniter4\framework\system\CodeIgniter.php(326): CodeIgniter\CodeIgniter->handleRequest(NULL, Object(Config\Cache), false)
#7 C:\xampp\htdocs\Polvo\public\index.php(37): CodeIgniter\CodeIgniter->run()
#8 C:\xampp\htdocs\Polvo\vendor\codeigniter4\framework\system\Commands\Server\rewrite.php(43): require_once('C:\\xampp\\htdocs...')
#9 {main}
CRITICAL - 2025-04-03 22:01:50 --> Invalid file: usuario/gestion_pagos.php
#0 C:\xampp\htdocs\Polvo\vendor\codeigniter4\framework\system\View\View.php(198): CodeIgniter\Exceptions\FrameworkException::forInvalidFile('usuario/gestion...')
#1 C:\xampp\htdocs\Polvo\vendor\codeigniter4\framework\system\Common.php(1089): CodeIgniter\View\View->render('usuario/gestion...', Array, true)
#2 C:\xampp\htdocs\Polvo\app\Controllers\Usuario\Pagos.php(48): view('usuario/gestion...', Array)
#3 C:\xampp\htdocs\Polvo\app\Controllers\Usuario\Pagos.php(95): App\Controllers\Usuario\Pagos->create_view('usuario/gestion...', Array)
#4 C:\xampp\htdocs\Polvo\vendor\codeigniter4\framework\system\CodeIgniter.php(832): App\Controllers\Usuario\Pagos->index()
#5 C:\xampp\htdocs\Polvo\vendor\codeigniter4\framework\system\CodeIgniter.php(419): CodeIgniter\CodeIgniter->runController(Object(App\Controllers\Usuario\Pagos))
#6 C:\xampp\htdocs\Polvo\vendor\codeigniter4\framework\system\CodeIgniter.php(326): CodeIgniter\CodeIgniter->handleRequest(NULL, Object(Config\Cache), false)
#7 C:\xampp\htdocs\Polvo\public\index.php(37): CodeIgniter\CodeIgniter->run()
#8 C:\xampp\htdocs\Polvo\vendor\codeigniter4\framework\system\Commands\Server\rewrite.php(43): require_once('C:\\xampp\\htdocs...')
#9 {main}
CRITICAL - 2025-04-03 22:01:53 --> Invalid file: usuario/gestion_pagos.php
#0 C:\xampp\htdocs\Polvo\vendor\codeigniter4\framework\system\View\View.php(198): CodeIgniter\Exceptions\FrameworkException::forInvalidFile('usuario/gestion...')
#1 C:\xampp\htdocs\Polvo\vendor\codeigniter4\framework\system\Common.php(1089): CodeIgniter\View\View->render('usuario/gestion...', Array, true)
#2 C:\xampp\htdocs\Polvo\app\Controllers\Usuario\Pagos.php(48): view('usuario/gestion...', Array)
#3 C:\xampp\htdocs\Polvo\app\Controllers\Usuario\Pagos.php(95): App\Controllers\Usuario\Pagos->create_view('usuario/gestion...', Array)
#4 C:\xampp\htdocs\Polvo\vendor\codeigniter4\framework\system\CodeIgniter.php(832): App\Controllers\Usuario\Pagos->index()
#5 C:\xampp\htdocs\Polvo\vendor\codeigniter4\framework\system\CodeIgniter.php(419): CodeIgniter\CodeIgniter->runController(Object(App\Controllers\Usuario\Pagos))
#6 C:\xampp\htdocs\Polvo\vendor\codeigniter4\framework\system\CodeIgniter.php(326): CodeIgniter\CodeIgniter->handleRequest(NULL, Object(Config\Cache), false)
#7 C:\xampp\htdocs\Polvo\public\index.php(37): CodeIgniter\CodeIgniter->run()
#8 C:\xampp\htdocs\Polvo\vendor\codeigniter4\framework\system\Commands\Server\rewrite.php(43): require_once('C:\\xampp\\htdocs...')
#9 {main}
