CRITICAL - 2025-03-18 00:19:49 --> ini_set(): Headers already sent. You cannot change the session module's ini settings at this time
#0 [internal function]: CodeIgniter\Debug\Exceptions->errorHandler(2, 'ini_set(): Head...', 'C:\\xampp_7\\htdo...', 71, Array)
#1 C:\xampp_7\htdocs\prueba\vendor\codeigniter4\framework\system\Session\Handlers\FileHandler.php(71): ini_set('session.save_pa...', 'C:\\xampp_7\\htdo...')
#2 C:\xampp_7\htdocs\prueba\vendor\codeigniter4\framework\system\Config\Services.php(570): CodeIgniter\Session\Handlers\FileHandler->__construct(Object(Config\App), '::1')
#3 C:\xampp_7\htdocs\prueba\vendor\codeigniter4\framework\system\Config\BaseService.php(248): CodeIgniter\Config\Services::session(Object(Config\App), false)
#4 C:\xampp_7\htdocs\prueba\vendor\codeigniter4\framework\system\Config\BaseService.php(189): CodeIgniter\Config\BaseService::__callStatic('session', Array)
#5 C:\xampp_7\htdocs\prueba\vendor\codeigniter4\framework\system\Config\Services.php(563): CodeIgniter\Config\BaseService::getSharedInstance('session', NULL)
#6 C:\xampp_7\htdocs\prueba\vendor\codeigniter4\framework\system\Config\BaseService.php(248): CodeIgniter\Config\Services::session()
#7 C:\xampp_7\htdocs\prueba\vendor\codeigniter4\framework\system\Common.php(901): CodeIgniter\Config\BaseService::__callStatic('session', Array)
#8 C:\xampp_7\htdocs\prueba\app\Controllers\Panel\Usuarios.php(15): session()
#9 C:\xampp_7\htdocs\prueba\vendor\codeigniter4\framework\system\CodeIgniter.php(809): App\Controllers\Panel\Usuarios->__construct()
#10 C:\xampp_7\htdocs\prueba\vendor\codeigniter4\framework\system\CodeIgniter.php(410): CodeIgniter\CodeIgniter->createController()
#11 C:\xampp_7\htdocs\prueba\vendor\codeigniter4\framework\system\CodeIgniter.php(326): CodeIgniter\CodeIgniter->handleRequest(NULL, Object(Config\Cache), false)
#12 C:\xampp_7\htdocs\prueba\public\index.php(37): CodeIgniter\CodeIgniter->run()
#13 C:\xampp_7\htdocs\prueba\vendor\codeigniter4\framework\system\Commands\Server\rewrite.php(43): require_once('C:\\xampp_7\\htdo...')
#14 {main}
CRITICAL - 2025-03-18 00:19:49 --> Uncaught ErrorException: Cannot modify header information - headers already sent by (output started at C:\xampp_7\htdocs\prueba\app\Config\Events.php:32) in C:\xampp_7\htdocs\prueba\vendor\codeigniter4\framework\system\Debug\Exceptions.php:112
Stack trace:
#0 [internal function]: CodeIgniter\Debug\Exceptions->errorHandler(2, 'Cannot modify h...', 'C:\\xampp_7\\htdo...', 112, Array)
#1 C:\xampp_7\htdocs\prueba\vendor\codeigniter4\framework\system\Debug\Exceptions.php(112): header('HTTP/1.1 500 In...', true, 500)
#2 [internal function]: CodeIgniter\Debug\Exceptions->exceptionHandler(Object(ErrorException))
#3 {main}
  thrown
#0 [internal function]: CodeIgniter\Debug\Exceptions->shutdownHandler()
#1 {main}
CRITICAL - 2025-03-18 00:20:13 --> ini_set(): Headers already sent. You cannot change the session module's ini settings at this time
#0 [internal function]: CodeIgniter\Debug\Exceptions->errorHandler(2, 'ini_set(): Head...', 'C:\\xampp_7\\htdo...', 71, Array)
#1 C:\xampp_7\htdocs\prueba\vendor\codeigniter4\framework\system\Session\Handlers\FileHandler.php(71): ini_set('session.save_pa...', 'C:\\xampp_7\\htdo...')
#2 C:\xampp_7\htdocs\prueba\vendor\codeigniter4\framework\system\Config\Services.php(570): CodeIgniter\Session\Handlers\FileHandler->__construct(Object(Config\App), '::1')
#3 C:\xampp_7\htdocs\prueba\vendor\codeigniter4\framework\system\Config\BaseService.php(248): CodeIgniter\Config\Services::session(Object(Config\App), false)
#4 C:\xampp_7\htdocs\prueba\vendor\codeigniter4\framework\system\Config\BaseService.php(189): CodeIgniter\Config\BaseService::__callStatic('session', Array)
#5 C:\xampp_7\htdocs\prueba\vendor\codeigniter4\framework\system\Config\Services.php(563): CodeIgniter\Config\BaseService::getSharedInstance('session', NULL)
#6 C:\xampp_7\htdocs\prueba\vendor\codeigniter4\framework\system\Config\BaseService.php(248): CodeIgniter\Config\Services::session()
#7 C:\xampp_7\htdocs\prueba\vendor\codeigniter4\framework\system\Common.php(901): CodeIgniter\Config\BaseService::__callStatic('session', Array)
#8 C:\xampp_7\htdocs\prueba\app\Controllers\Panel\Usuarios.php(15): session()
#9 C:\xampp_7\htdocs\prueba\vendor\codeigniter4\framework\system\CodeIgniter.php(809): App\Controllers\Panel\Usuarios->__construct()
#10 C:\xampp_7\htdocs\prueba\vendor\codeigniter4\framework\system\CodeIgniter.php(410): CodeIgniter\CodeIgniter->createController()
#11 C:\xampp_7\htdocs\prueba\vendor\codeigniter4\framework\system\CodeIgniter.php(326): CodeIgniter\CodeIgniter->handleRequest(NULL, Object(Config\Cache), false)
#12 C:\xampp_7\htdocs\prueba\public\index.php(37): CodeIgniter\CodeIgniter->run()
#13 C:\xampp_7\htdocs\prueba\vendor\codeigniter4\framework\system\Commands\Server\rewrite.php(43): require_once('C:\\xampp_7\\htdo...')
#14 {main}
CRITICAL - 2025-03-18 00:20:13 --> Uncaught ErrorException: Cannot modify header information - headers already sent by (output started at C:\xampp_7\htdocs\prueba\app\Config\Events.php:32) in C:\xampp_7\htdocs\prueba\vendor\codeigniter4\framework\system\Debug\Exceptions.php:112
Stack trace:
#0 [internal function]: CodeIgniter\Debug\Exceptions->errorHandler(2, 'Cannot modify h...', 'C:\\xampp_7\\htdo...', 112, Array)
#1 C:\xampp_7\htdocs\prueba\vendor\codeigniter4\framework\system\Debug\Exceptions.php(112): header('HTTP/1.1 500 In...', true, 500)
#2 [internal function]: CodeIgniter\Debug\Exceptions->exceptionHandler(Object(ErrorException))
#3 {main}
  thrown
#0 [internal function]: CodeIgniter\Debug\Exceptions->shutdownHandler()
#1 {main}
CRITICAL - 2025-03-18 00:20:15 --> ini_set(): Headers already sent. You cannot change the session module's ini settings at this time
#0 [internal function]: CodeIgniter\Debug\Exceptions->errorHandler(2, 'ini_set(): Head...', 'C:\\xampp_7\\htdo...', 71, Array)
#1 C:\xampp_7\htdocs\prueba\vendor\codeigniter4\framework\system\Session\Handlers\FileHandler.php(71): ini_set('session.save_pa...', 'C:\\xampp_7\\htdo...')
#2 C:\xampp_7\htdocs\prueba\vendor\codeigniter4\framework\system\Config\Services.php(570): CodeIgniter\Session\Handlers\FileHandler->__construct(Object(Config\App), '::1')
#3 C:\xampp_7\htdocs\prueba\vendor\codeigniter4\framework\system\Config\BaseService.php(248): CodeIgniter\Config\Services::session(Object(Config\App), false)
#4 C:\xampp_7\htdocs\prueba\vendor\codeigniter4\framework\system\Config\BaseService.php(189): CodeIgniter\Config\BaseService::__callStatic('session', Array)
#5 C:\xampp_7\htdocs\prueba\vendor\codeigniter4\framework\system\Config\Services.php(563): CodeIgniter\Config\BaseService::getSharedInstance('session', NULL)
#6 C:\xampp_7\htdocs\prueba\vendor\codeigniter4\framework\system\Config\BaseService.php(248): CodeIgniter\Config\Services::session()
#7 C:\xampp_7\htdocs\prueba\vendor\codeigniter4\framework\system\Common.php(901): CodeIgniter\Config\BaseService::__callStatic('session', Array)
#8 C:\xampp_7\htdocs\prueba\app\Controllers\Panel\Usuarios.php(15): session()
#9 C:\xampp_7\htdocs\prueba\vendor\codeigniter4\framework\system\CodeIgniter.php(809): App\Controllers\Panel\Usuarios->__construct()
#10 C:\xampp_7\htdocs\prueba\vendor\codeigniter4\framework\system\CodeIgniter.php(410): CodeIgniter\CodeIgniter->createController()
#11 C:\xampp_7\htdocs\prueba\vendor\codeigniter4\framework\system\CodeIgniter.php(326): CodeIgniter\CodeIgniter->handleRequest(NULL, Object(Config\Cache), false)
#12 C:\xampp_7\htdocs\prueba\public\index.php(37): CodeIgniter\CodeIgniter->run()
#13 C:\xampp_7\htdocs\prueba\vendor\codeigniter4\framework\system\Commands\Server\rewrite.php(43): require_once('C:\\xampp_7\\htdo...')
#14 {main}
CRITICAL - 2025-03-18 00:20:15 --> Uncaught ErrorException: Cannot modify header information - headers already sent by (output started at C:\xampp_7\htdocs\prueba\app\Config\Events.php:32) in C:\xampp_7\htdocs\prueba\vendor\codeigniter4\framework\system\Debug\Exceptions.php:112
Stack trace:
#0 [internal function]: CodeIgniter\Debug\Exceptions->errorHandler(2, 'Cannot modify h...', 'C:\\xampp_7\\htdo...', 112, Array)
#1 C:\xampp_7\htdocs\prueba\vendor\codeigniter4\framework\system\Debug\Exceptions.php(112): header('HTTP/1.1 500 In...', true, 500)
#2 [internal function]: CodeIgniter\Debug\Exceptions->exceptionHandler(Object(ErrorException))
#3 {main}
  thrown
#0 [internal function]: CodeIgniter\Debug\Exceptions->shutdownHandler()
#1 {main}
CRITICAL - 2025-03-18 00:21:45 --> sizeof(): Parameter must be an array or an object that implements Countable
#0 C:\xampp_7\htdocs\prueba\app\Views\panel\usuarios.php(38): CodeIgniter\Debug\Exceptions->errorHandler(2, 'sizeof(): Param...', 'C:\\xampp_7\\htdo...', 38, Array)
#1 C:\xampp_7\htdocs\prueba\vendor\codeigniter4\framework\system\View\View.php(210): include('C:\\xampp_7\\htdo...')
#2 C:\xampp_7\htdocs\prueba\vendor\codeigniter4\framework\system\View\View.php(213): CodeIgniter\View\View->CodeIgniter\View\{closure}()
#3 C:\xampp_7\htdocs\prueba\vendor\codeigniter4\framework\system\Common.php(1089): CodeIgniter\View\View->render('panel/usuarios', Array, true)
#4 C:\xampp_7\htdocs\prueba\app\Controllers\Panel\Usuarios.php(65): view('panel/usuarios', Array)
#5 C:\xampp_7\htdocs\prueba\app\Controllers\Panel\Usuarios.php(72): App\Controllers\Panel\Usuarios->create_view('panel/usuarios', Array)
#6 C:\xampp_7\htdocs\prueba\vendor\codeigniter4\framework\system\CodeIgniter.php(832): App\Controllers\Panel\Usuarios->index()
#7 C:\xampp_7\htdocs\prueba\vendor\codeigniter4\framework\system\CodeIgniter.php(419): CodeIgniter\CodeIgniter->runController(Object(App\Controllers\Panel\Usuarios))
#8 C:\xampp_7\htdocs\prueba\vendor\codeigniter4\framework\system\CodeIgniter.php(326): CodeIgniter\CodeIgniter->handleRequest(NULL, Object(Config\Cache), false)
#9 C:\xampp_7\htdocs\prueba\public\index.php(37): CodeIgniter\CodeIgniter->run()
#10 C:\xampp_7\htdocs\prueba\vendor\codeigniter4\framework\system\Commands\Server\rewrite.php(43): require_once('C:\\xampp_7\\htdo...')
#11 {main}
CRITICAL - 2025-03-18 00:23:28 --> Undefined variable: usuarios
#0 C:\xampp_7\htdocs\prueba\app\Views\panel\usuarios.php(38): CodeIgniter\Debug\Exceptions->errorHandler(8, 'Undefined varia...', 'C:\\xampp_7\\htdo...', 38, Array)
#1 C:\xampp_7\htdocs\prueba\vendor\codeigniter4\framework\system\View\View.php(210): include('C:\\xampp_7\\htdo...')
#2 C:\xampp_7\htdocs\prueba\vendor\codeigniter4\framework\system\View\View.php(213): CodeIgniter\View\View->CodeIgniter\View\{closure}()
#3 C:\xampp_7\htdocs\prueba\vendor\codeigniter4\framework\system\Common.php(1089): CodeIgniter\View\View->render('panel/usuarios', Array, true)
#4 C:\xampp_7\htdocs\prueba\app\Controllers\Panel\Usuarios.php(65): view('panel/usuarios', Array)
#5 C:\xampp_7\htdocs\prueba\app\Controllers\Panel\Usuarios.php(72): App\Controllers\Panel\Usuarios->create_view('panel/usuarios', Array)
#6 C:\xampp_7\htdocs\prueba\vendor\codeigniter4\framework\system\CodeIgniter.php(832): App\Controllers\Panel\Usuarios->index()
#7 C:\xampp_7\htdocs\prueba\vendor\codeigniter4\framework\system\CodeIgniter.php(419): CodeIgniter\CodeIgniter->runController(Object(App\Controllers\Panel\Usuarios))
#8 C:\xampp_7\htdocs\prueba\vendor\codeigniter4\framework\system\CodeIgniter.php(326): CodeIgniter\CodeIgniter->handleRequest(NULL, Object(Config\Cache), false)
#9 C:\xampp_7\htdocs\prueba\public\index.php(37): CodeIgniter\CodeIgniter->run()
#10 C:\xampp_7\htdocs\prueba\vendor\codeigniter4\framework\system\Commands\Server\rewrite.php(43): require_once('C:\\xampp_7\\htdo...')
#11 {main}
CRITICAL - 2025-03-18 00:27:54 --> Object of class App\Models\Tabla_usuario could not be converted to string
#0 C:\xampp_7\htdocs\prueba\vendor\codeigniter4\framework\system\View\View.php(210): include()
#1 C:\xampp_7\htdocs\prueba\vendor\codeigniter4\framework\system\View\View.php(213): CodeIgniter\View\View->CodeIgniter\View\{closure}()
#2 C:\xampp_7\htdocs\prueba\vendor\codeigniter4\framework\system\Common.php(1089): CodeIgniter\View\View->render('panel/usuarios', Array, true)
#3 C:\xampp_7\htdocs\prueba\app\Controllers\Panel\Usuarios.php(65): view('panel/usuarios', Array)
#4 C:\xampp_7\htdocs\prueba\app\Controllers\Panel\Usuarios.php(72): App\Controllers\Panel\Usuarios->create_view('panel/usuarios', Array)
#5 C:\xampp_7\htdocs\prueba\vendor\codeigniter4\framework\system\CodeIgniter.php(832): App\Controllers\Panel\Usuarios->index()
#6 C:\xampp_7\htdocs\prueba\vendor\codeigniter4\framework\system\CodeIgniter.php(419): CodeIgniter\CodeIgniter->runController(Object(App\Controllers\Panel\Usuarios))
#7 C:\xampp_7\htdocs\prueba\vendor\codeigniter4\framework\system\CodeIgniter.php(326): CodeIgniter\CodeIgniter->handleRequest(NULL, Object(Config\Cache), false)
#8 C:\xampp_7\htdocs\prueba\public\index.php(37): CodeIgniter\CodeIgniter->run()
#9 C:\xampp_7\htdocs\prueba\vendor\codeigniter4\framework\system\Commands\Server\rewrite.php(43): require_once('C:\\xampp_7\\htdo...')
#10 {main}
CRITICAL - 2025-03-18 00:35:31 --> Undefined variable: usuarios
#0 C:\xampp_7\htdocs\prueba\app\Views\panel\usuarios.php(38): CodeIgniter\Debug\Exceptions->errorHandler(8, 'Undefined varia...', 'C:\\xampp_7\\htdo...', 38, Array)
#1 C:\xampp_7\htdocs\prueba\vendor\codeigniter4\framework\system\View\View.php(210): include('C:\\xampp_7\\htdo...')
#2 C:\xampp_7\htdocs\prueba\vendor\codeigniter4\framework\system\View\View.php(213): CodeIgniter\View\View->CodeIgniter\View\{closure}()
#3 C:\xampp_7\htdocs\prueba\vendor\codeigniter4\framework\system\Common.php(1089): CodeIgniter\View\View->render('panel/usuarios', Array, true)
#4 C:\xampp_7\htdocs\prueba\app\Controllers\Panel\Usuarios.php(65): view('panel/usuarios', Array)
#5 C:\xampp_7\htdocs\prueba\app\Controllers\Panel\Usuarios.php(72): App\Controllers\Panel\Usuarios->create_view('panel/usuarios', Array)
#6 C:\xampp_7\htdocs\prueba\vendor\codeigniter4\framework\system\CodeIgniter.php(832): App\Controllers\Panel\Usuarios->index()
#7 C:\xampp_7\htdocs\prueba\vendor\codeigniter4\framework\system\CodeIgniter.php(419): CodeIgniter\CodeIgniter->runController(Object(App\Controllers\Panel\Usuarios))
#8 C:\xampp_7\htdocs\prueba\vendor\codeigniter4\framework\system\CodeIgniter.php(326): CodeIgniter\CodeIgniter->handleRequest(NULL, Object(Config\Cache), false)
#9 C:\xampp_7\htdocs\prueba\public\index.php(37): CodeIgniter\CodeIgniter->run()
#10 C:\xampp_7\htdocs\prueba\vendor\codeigniter4\framework\system\Commands\Server\rewrite.php(43): require_once('C:\\xampp_7\\htdo...')
#11 {main}
CRITICAL - 2025-03-18 02:00:01 --> Call to undefined function img()
#0 C:\xampp_7\htdocs\prueba\vendor\codeigniter4\framework\system\View\View.php(210): include()
#1 C:\xampp_7\htdocs\prueba\vendor\codeigniter4\framework\system\View\View.php(213): CodeIgniter\View\View->CodeIgniter\View\{closure}()
#2 C:\xampp_7\htdocs\prueba\vendor\codeigniter4\framework\system\Common.php(1089): CodeIgniter\View\View->render('panel/usuario_d...', Array, true)
#3 C:\xampp_7\htdocs\prueba\app\Controllers\Panel\Usuario_detalles.php(65): view('panel/usuario_d...', Array)
#4 C:\xampp_7\htdocs\prueba\app\Controllers\Panel\Usuario_detalles.php(81): App\Controllers\Panel\Usuario_detalles->create_view('panel/usuario_d...', Array)
#5 C:\xampp_7\htdocs\prueba\vendor\codeigniter4\framework\system\CodeIgniter.php(832): App\Controllers\Panel\Usuario_detalles->index('2')
#6 C:\xampp_7\htdocs\prueba\vendor\codeigniter4\framework\system\CodeIgniter.php(419): CodeIgniter\CodeIgniter->runController(Object(App\Controllers\Panel\Usuario_detalles))
#7 C:\xampp_7\htdocs\prueba\vendor\codeigniter4\framework\system\CodeIgniter.php(326): CodeIgniter\CodeIgniter->handleRequest(NULL, Object(Config\Cache), false)
#8 C:\xampp_7\htdocs\prueba\public\index.php(37): CodeIgniter\CodeIgniter->run()
#9 C:\xampp_7\htdocs\prueba\vendor\codeigniter4\framework\system\Commands\Server\rewrite.php(43): require_once('C:\\xampp_7\\htdo...')
#10 {main}
CRITICAL - 2025-03-18 02:03:26 --> Call to undefined function img()
#0 C:\xampp_7\htdocs\prueba\vendor\codeigniter4\framework\system\View\View.php(210): include()
#1 C:\xampp_7\htdocs\prueba\vendor\codeigniter4\framework\system\View\View.php(213): CodeIgniter\View\View->CodeIgniter\View\{closure}()
#2 C:\xampp_7\htdocs\prueba\vendor\codeigniter4\framework\system\Common.php(1089): CodeIgniter\View\View->render('panel/usuario_d...', Array, true)
#3 C:\xampp_7\htdocs\prueba\app\Controllers\Panel\Usuario_detalles.php(65): view('panel/usuario_d...', Array)
#4 C:\xampp_7\htdocs\prueba\app\Controllers\Panel\Usuario_detalles.php(81): App\Controllers\Panel\Usuario_detalles->create_view('panel/usuario_d...', Array)
#5 C:\xampp_7\htdocs\prueba\vendor\codeigniter4\framework\system\CodeIgniter.php(832): App\Controllers\Panel\Usuario_detalles->index('2')
#6 C:\xampp_7\htdocs\prueba\vendor\codeigniter4\framework\system\CodeIgniter.php(419): CodeIgniter\CodeIgniter->runController(Object(App\Controllers\Panel\Usuario_detalles))
#7 C:\xampp_7\htdocs\prueba\vendor\codeigniter4\framework\system\CodeIgniter.php(326): CodeIgniter\CodeIgniter->handleRequest(NULL, Object(Config\Cache), false)
#8 C:\xampp_7\htdocs\prueba\public\index.php(37): CodeIgniter\CodeIgniter->run()
#9 C:\xampp_7\htdocs\prueba\vendor\codeigniter4\framework\system\Commands\Server\rewrite.php(43): require_once('C:\\xampp_7\\htdo...')
#10 {main}
CRITICAL - 2025-03-18 02:04:17 --> Call to undefined function img()
#0 C:\xampp_7\htdocs\prueba\vendor\codeigniter4\framework\system\View\View.php(210): include()
#1 C:\xampp_7\htdocs\prueba\vendor\codeigniter4\framework\system\View\View.php(213): CodeIgniter\View\View->CodeIgniter\View\{closure}()
#2 C:\xampp_7\htdocs\prueba\vendor\codeigniter4\framework\system\Common.php(1089): CodeIgniter\View\View->render('panel/usuario_d...', Array, true)
#3 C:\xampp_7\htdocs\prueba\app\Controllers\Panel\Usuario_detalles.php(65): view('panel/usuario_d...', Array)
#4 C:\xampp_7\htdocs\prueba\app\Controllers\Panel\Usuario_detalles.php(81): App\Controllers\Panel\Usuario_detalles->create_view('panel/usuario_d...', Array)
#5 C:\xampp_7\htdocs\prueba\vendor\codeigniter4\framework\system\CodeIgniter.php(832): App\Controllers\Panel\Usuario_detalles->index('2')
#6 C:\xampp_7\htdocs\prueba\vendor\codeigniter4\framework\system\CodeIgniter.php(419): CodeIgniter\CodeIgniter->runController(Object(App\Controllers\Panel\Usuario_detalles))
#7 C:\xampp_7\htdocs\prueba\vendor\codeigniter4\framework\system\CodeIgniter.php(326): CodeIgniter\CodeIgniter->handleRequest(NULL, Object(Config\Cache), false)
#8 C:\xampp_7\htdocs\prueba\public\index.php(37): CodeIgniter\CodeIgniter->run()
#9 C:\xampp_7\htdocs\prueba\vendor\codeigniter4\framework\system\Commands\Server\rewrite.php(43): require_once('C:\\xampp_7\\htdo...')
#10 {main}
ERROR - 2025-03-18 17:58:41 --> Unknown column 'u.correo_usuario' in 'field list'
CRITICAL - 2025-03-18 17:58:41 --> Unknown column 'u.correo_usuario' in 'field list'
#0 C:\xampp\htdocs\prueba\vendor\codeigniter4\framework\system\Database\MySQLi\Connection.php(292): mysqli->query('SELECT `u`.`id_...', 0)
#1 C:\xampp\htdocs\prueba\vendor\codeigniter4\framework\system\Database\BaseConnection.php(670): CodeIgniter\Database\MySQLi\Connection->execute('SELECT `u`.`id_...')
#2 C:\xampp\htdocs\prueba\vendor\codeigniter4\framework\system\Database\BaseConnection.php(598): CodeIgniter\Database\BaseConnection->simpleQuery('SELECT `u`.`id_...')
#3 C:\xampp\htdocs\prueba\vendor\codeigniter4\framework\system\Database\BaseBuilder.php(1455): CodeIgniter\Database\BaseConnection->query('SELECT `u`.`id_...', Array, false)
#4 C:\xampp\htdocs\prueba\vendor\codeigniter4\framework\system\Model.php(210): CodeIgniter\Database\BaseBuilder->get()
#5 C:\xampp\htdocs\prueba\vendor\codeigniter4\framework\system\BaseModel.php(622): CodeIgniter\Model->doFirst()
#6 C:\xampp\htdocs\prueba\app\Models\Tabla_usuario.php(67): CodeIgniter\BaseModel->first()
#7 C:\xampp\htdocs\prueba\app\Controllers\Usuario\InicioSesion.php(38): App\Models\Tabla_usuario->verificar_usuario('admin@baseci4.c...', '8c6976e5b541041...')
#8 C:\xampp\htdocs\prueba\vendor\codeigniter4\framework\system\CodeIgniter.php(832): App\Controllers\Usuario\InicioSesion->iniciar_sesion()
#9 C:\xampp\htdocs\prueba\vendor\codeigniter4\framework\system\CodeIgniter.php(419): CodeIgniter\CodeIgniter->runController(Object(App\Controllers\Usuario\InicioSesion))
#10 C:\xampp\htdocs\prueba\vendor\codeigniter4\framework\system\CodeIgniter.php(326): CodeIgniter\CodeIgniter->handleRequest(NULL, Object(Config\Cache), false)
#11 C:\xampp\htdocs\prueba\public\index.php(37): CodeIgniter\CodeIgniter->run()
#12 C:\xampp\htdocs\prueba\vendor\codeigniter4\framework\system\Commands\Server\rewrite.php(43): require_once('C:\\xampp\\htdocs...')
#13 {main}
CRITICAL - 2025-03-18 18:27:32 --> Undefined property: stdClass::$correo
#0 C:\xampp\htdocs\prueba-angel\app\Controllers\Usuario\InicioSesion.php(47): CodeIgniter\Debug\Exceptions->errorHandler(8, 'Undefined prope...', 'C:\\xampp\\htdocs...', 47, Array)
#1 C:\xampp\htdocs\prueba-angel\vendor\codeigniter4\framework\system\CodeIgniter.php(832): App\Controllers\Usuario\InicioSesion->iniciar_sesion()
#2 C:\xampp\htdocs\prueba-angel\vendor\codeigniter4\framework\system\CodeIgniter.php(419): CodeIgniter\CodeIgniter->runController(Object(App\Controllers\Usuario\InicioSesion))
#3 C:\xampp\htdocs\prueba-angel\vendor\codeigniter4\framework\system\CodeIgniter.php(326): CodeIgniter\CodeIgniter->handleRequest(NULL, Object(Config\Cache), false)
#4 C:\xampp\htdocs\prueba-angel\public\index.php(37): CodeIgniter\CodeIgniter->run()
#5 C:\xampp\htdocs\prueba-angel\vendor\codeigniter4\framework\system\Commands\Server\rewrite.php(43): require_once('C:\\xampp\\htdocs...')
#6 {main}
CRITICAL - 2025-03-18 18:31:44 --> Undefined property: stdClass::$correo_usuario
#0 C:\xampp\htdocs\prueba-angel\app\Views\panel\usuario_detalles.php(124): CodeIgniter\Debug\Exceptions->errorHandler(8, 'Undefined prope...', 'C:\\xampp\\htdocs...', 124, Array)
#1 C:\xampp\htdocs\prueba-angel\vendor\codeigniter4\framework\system\View\View.php(210): include('C:\\xampp\\htdocs...')
#2 C:\xampp\htdocs\prueba-angel\vendor\codeigniter4\framework\system\View\View.php(213): CodeIgniter\View\View->CodeIgniter\View\{closure}()
#3 C:\xampp\htdocs\prueba-angel\vendor\codeigniter4\framework\system\Common.php(1089): CodeIgniter\View\View->render('panel/usuario_d...', Array, true)
#4 C:\xampp\htdocs\prueba-angel\app\Controllers\Panel\Usuario_detalles.php(65): view('panel/usuario_d...', Array)
#5 C:\xampp\htdocs\prueba-angel\app\Controllers\Panel\Usuario_detalles.php(81): App\Controllers\Panel\Usuario_detalles->create_view('panel/usuario_d...', Array)
#6 C:\xampp\htdocs\prueba-angel\vendor\codeigniter4\framework\system\CodeIgniter.php(832): App\Controllers\Panel\Usuario_detalles->index('2')
#7 C:\xampp\htdocs\prueba-angel\vendor\codeigniter4\framework\system\CodeIgniter.php(419): CodeIgniter\CodeIgniter->runController(Object(App\Controllers\Panel\Usuario_detalles))
#8 C:\xampp\htdocs\prueba-angel\vendor\codeigniter4\framework\system\CodeIgniter.php(326): CodeIgniter\CodeIgniter->handleRequest(NULL, Object(Config\Cache), false)
#9 C:\xampp\htdocs\prueba-angel\public\index.php(37): CodeIgniter\CodeIgniter->run()
#10 C:\xampp\htdocs\prueba-angel\vendor\codeigniter4\framework\system\Commands\Server\rewrite.php(43): require_once('C:\\xampp\\htdocs...')
#11 {main}
CRITICAL - 2025-03-18 18:32:00 --> Undefined property: stdClass::$correo_usuario
#0 C:\xampp\htdocs\prueba-angel\app\Views\panel\usuario_detalles.php(124): CodeIgniter\Debug\Exceptions->errorHandler(8, 'Undefined prope...', 'C:\\xampp\\htdocs...', 124, Array)
#1 C:\xampp\htdocs\prueba-angel\vendor\codeigniter4\framework\system\View\View.php(210): include('C:\\xampp\\htdocs...')
#2 C:\xampp\htdocs\prueba-angel\vendor\codeigniter4\framework\system\View\View.php(213): CodeIgniter\View\View->CodeIgniter\View\{closure}()
#3 C:\xampp\htdocs\prueba-angel\vendor\codeigniter4\framework\system\Common.php(1089): CodeIgniter\View\View->render('panel/usuario_d...', Array, true)
#4 C:\xampp\htdocs\prueba-angel\app\Controllers\Panel\Usuario_detalles.php(65): view('panel/usuario_d...', Array)
#5 C:\xampp\htdocs\prueba-angel\app\Controllers\Panel\Usuario_detalles.php(81): App\Controllers\Panel\Usuario_detalles->create_view('panel/usuario_d...', Array)
#6 C:\xampp\htdocs\prueba-angel\vendor\codeigniter4\framework\system\CodeIgniter.php(832): App\Controllers\Panel\Usuario_detalles->index('1')
#7 C:\xampp\htdocs\prueba-angel\vendor\codeigniter4\framework\system\CodeIgniter.php(419): CodeIgniter\CodeIgniter->runController(Object(App\Controllers\Panel\Usuario_detalles))
#8 C:\xampp\htdocs\prueba-angel\vendor\codeigniter4\framework\system\CodeIgniter.php(326): CodeIgniter\CodeIgniter->handleRequest(NULL, Object(Config\Cache), false)
#9 C:\xampp\htdocs\prueba-angel\public\index.php(37): CodeIgniter\CodeIgniter->run()
#10 C:\xampp\htdocs\prueba-angel\vendor\codeigniter4\framework\system\Commands\Server\rewrite.php(43): require_once('C:\\xampp\\htdocs...')
#11 {main}
CRITICAL - 2025-03-18 18:32:43 --> Undefined property: stdClass::$correo_usuario
#0 C:\xampp\htdocs\prueba-angel\app\Views\panel\usuario_detalles.php(124): CodeIgniter\Debug\Exceptions->errorHandler(8, 'Undefined prope...', 'C:\\xampp\\htdocs...', 124, Array)
#1 C:\xampp\htdocs\prueba-angel\vendor\codeigniter4\framework\system\View\View.php(210): include('C:\\xampp\\htdocs...')
#2 C:\xampp\htdocs\prueba-angel\vendor\codeigniter4\framework\system\View\View.php(213): CodeIgniter\View\View->CodeIgniter\View\{closure}()
#3 C:\xampp\htdocs\prueba-angel\vendor\codeigniter4\framework\system\Common.php(1089): CodeIgniter\View\View->render('panel/usuario_d...', Array, true)
#4 C:\xampp\htdocs\prueba-angel\app\Controllers\Panel\Usuario_detalles.php(65): view('panel/usuario_d...', Array)
#5 C:\xampp\htdocs\prueba-angel\app\Controllers\Panel\Usuario_detalles.php(81): App\Controllers\Panel\Usuario_detalles->create_view('panel/usuario_d...', Array)
#6 C:\xampp\htdocs\prueba-angel\vendor\codeigniter4\framework\system\CodeIgniter.php(832): App\Controllers\Panel\Usuario_detalles->index('2')
#7 C:\xampp\htdocs\prueba-angel\vendor\codeigniter4\framework\system\CodeIgniter.php(419): CodeIgniter\CodeIgniter->runController(Object(App\Controllers\Panel\Usuario_detalles))
#8 C:\xampp\htdocs\prueba-angel\vendor\codeigniter4\framework\system\CodeIgniter.php(326): CodeIgniter\CodeIgniter->handleRequest(NULL, Object(Config\Cache), false)
#9 C:\xampp\htdocs\prueba-angel\public\index.php(37): CodeIgniter\CodeIgniter->run()
#10 C:\xampp\htdocs\prueba-angel\vendor\codeigniter4\framework\system\Commands\Server\rewrite.php(43): require_once('C:\\xampp\\htdocs...')
#11 {main}
CRITICAL - 2025-03-18 18:47:54 --> Use of undefined constant RECURSOS_PANEL_ADMIN_DIST - assumed 'RECURSOS_PANEL_ADMIN_DIST' (this will throw an Error in a future version of PHP)
#0 C:\xampp\htdocs\prueba-angel\app\Views\panel\dashboard.php(118): CodeIgniter\Debug\Exceptions->errorHandler(2, 'Use of undefine...', 'C:\\xampp\\htdocs...', 118, Array)
#1 C:\xampp\htdocs\prueba-angel\vendor\codeigniter4\framework\system\View\View.php(210): include('C:\\xampp\\htdocs...')
#2 C:\xampp\htdocs\prueba-angel\vendor\codeigniter4\framework\system\View\View.php(213): CodeIgniter\View\View->CodeIgniter\View\{closure}()
#3 C:\xampp\htdocs\prueba-angel\vendor\codeigniter4\framework\system\Common.php(1089): CodeIgniter\View\View->render('panel/dashboard', Array, true)
#4 C:\xampp\htdocs\prueba-angel\app\Controllers\Panel\Dashboard.php(60): view('panel/dashboard', Array)
#5 C:\xampp\htdocs\prueba-angel\app\Controllers\Panel\Dashboard.php(67): App\Controllers\Panel\Dashboard->create_view('panel/dashboard', Array)
#6 C:\xampp\htdocs\prueba-angel\vendor\codeigniter4\framework\system\CodeIgniter.php(832): App\Controllers\Panel\Dashboard->index()
#7 C:\xampp\htdocs\prueba-angel\vendor\codeigniter4\framework\system\CodeIgniter.php(419): CodeIgniter\CodeIgniter->runController(Object(App\Controllers\Panel\Dashboard))
#8 C:\xampp\htdocs\prueba-angel\vendor\codeigniter4\framework\system\CodeIgniter.php(326): CodeIgniter\CodeIgniter->handleRequest(NULL, Object(Config\Cache), false)
#9 C:\xampp\htdocs\prueba-angel\public\index.php(37): CodeIgniter\CodeIgniter->run()
#10 C:\xampp\htdocs\prueba-angel\vendor\codeigniter4\framework\system\Commands\Server\rewrite.php(43): require_once('C:\\xampp\\htdocs...')
#11 {main}
