CRITICAL - 2025-03-23 19:18:47 --> Undefined variable: imagen_usuario
#0 C:\xampp\htdocs\blockbuester\app\Views\plantillas\panel_base.php(185): CodeIgniter\Debug\Exceptions->errorHandler(8, 'Undefined varia...', 'C:\\xampp\\htdocs...', 185, Array)
#1 C:\xampp\htdocs\blockbuester\vendor\codeigniter4\framework\system\View\View.php(210): include('C:\\xampp\\htdocs...')
#2 C:\xampp\htdocs\blockbuester\vendor\codeigniter4\framework\system\View\View.php(213): CodeIgniter\View\View->CodeIgniter\View\{closure}()
#3 C:\xampp\htdocs\blockbuester\vendor\codeigniter4\framework\system\View\View.php(226): CodeIgniter\View\View->render('plantillas/pane...', Array, true)
#4 C:\xampp\htdocs\blockbuester\vendor\codeigniter4\framework\system\Common.php(1089): CodeIgniter\View\View->render('panel/videos', Array, true)
#5 C:\xampp\htdocs\blockbuester\app\Controllers\Panel\Videos.php(26): view('panel/videos', Array)
#6 C:\xampp\htdocs\blockbuester\vendor\codeigniter4\framework\system\CodeIgniter.php(832): App\Controllers\Panel\Videos->index()
#7 C:\xampp\htdocs\blockbuester\vendor\codeigniter4\framework\system\CodeIgniter.php(419): CodeIgniter\CodeIgniter->runController(Object(App\Controllers\Panel\Videos))
#8 C:\xampp\htdocs\blockbuester\vendor\codeigniter4\framework\system\CodeIgniter.php(326): CodeIgniter\CodeIgniter->handleRequest(NULL, Object(Config\Cache), false)
#9 C:\xampp\htdocs\blockbuester\public\index.php(37): CodeIgniter\CodeIgniter->run()
#10 C:\xampp\htdocs\blockbuester\vendor\codeigniter4\framework\system\Commands\Server\rewrite.php(43): require_once('C:\\xampp\\htdocs...')
#11 {main}
CRITICAL - 2025-03-23 19:54:56 --> Undefined variable: imagen_usuario
#0 C:\xampp\htdocs\blockbuester\app\Views\plantillas\panel_base.php(185): CodeIgniter\Debug\Exceptions->errorHandler(8, 'Undefined varia...', 'C:\\xampp\\htdocs...', 185, Array)
#1 C:\xampp\htdocs\blockbuester\vendor\codeigniter4\framework\system\View\View.php(210): include('C:\\xampp\\htdocs...')
#2 C:\xampp\htdocs\blockbuester\vendor\codeigniter4\framework\system\View\View.php(213): CodeIgniter\View\View->CodeIgniter\View\{closure}()
#3 C:\xampp\htdocs\blockbuester\vendor\codeigniter4\framework\system\View\View.php(226): CodeIgniter\View\View->render('plantillas/pane...', Array, true)
#4 C:\xampp\htdocs\blockbuester\vendor\codeigniter4\framework\system\Common.php(1089): CodeIgniter\View\View->render('panel/videos', Array, true)
#5 C:\xampp\htdocs\blockbuester\app\Controllers\Panel\Videos.php(26): view('panel/videos', Array)
#6 C:\xampp\htdocs\blockbuester\vendor\codeigniter4\framework\system\CodeIgniter.php(832): App\Controllers\Panel\Videos->index()
#7 C:\xampp\htdocs\blockbuester\vendor\codeigniter4\framework\system\CodeIgniter.php(419): CodeIgniter\CodeIgniter->runController(Object(App\Controllers\Panel\Videos))
#8 C:\xampp\htdocs\blockbuester\vendor\codeigniter4\framework\system\CodeIgniter.php(326): CodeIgniter\CodeIgniter->handleRequest(NULL, Object(Config\Cache), false)
#9 C:\xampp\htdocs\blockbuester\public\index.php(37): CodeIgniter\CodeIgniter->run()
#10 C:\xampp\htdocs\blockbuester\vendor\codeigniter4\framework\system\Commands\Server\rewrite.php(43): require_once('C:\\xampp\\htdocs...')
#11 {main}
CRITICAL - 2025-03-23 20:22:14 --> Invalid file: panel/videos_editar.php
#0 C:\xampp\htdocs\blockbuester\vendor\codeigniter4\framework\system\View\View.php(198): CodeIgniter\Exceptions\FrameworkException::forInvalidFile('panel/videos_ed...')
#1 C:\xampp\htdocs\blockbuester\vendor\codeigniter4\framework\system\Common.php(1089): CodeIgniter\View\View->render('panel/videos_ed...', Array, true)
#2 C:\xampp\htdocs\blockbuester\app\Controllers\Panel\Videos.php(54): view('panel/videos_ed...', Array)
#3 C:\xampp\htdocs\blockbuester\app\Controllers\Panel\Videos.php(127): App\Controllers\Panel\Videos->create_view('panel/videos_ed...', Array)
#4 C:\xampp\htdocs\blockbuester\vendor\codeigniter4\framework\system\CodeIgniter.php(832): App\Controllers\Panel\Videos->editar('4')
#5 C:\xampp\htdocs\blockbuester\vendor\codeigniter4\framework\system\CodeIgniter.php(419): CodeIgniter\CodeIgniter->runController(Object(App\Controllers\Panel\Videos))
#6 C:\xampp\htdocs\blockbuester\vendor\codeigniter4\framework\system\CodeIgniter.php(326): CodeIgniter\CodeIgniter->handleRequest(NULL, Object(Config\Cache), false)
#7 C:\xampp\htdocs\blockbuester\public\index.php(37): CodeIgniter\CodeIgniter->run()
#8 C:\xampp\htdocs\blockbuester\vendor\codeigniter4\framework\system\Commands\Server\rewrite.php(43): require_once('C:\\xampp\\htdocs...')
#9 {main}
CRITICAL - 2025-03-23 20:22:38 --> Invalid file: panel/videos_editar.php
#0 C:\xampp\htdocs\blockbuester\vendor\codeigniter4\framework\system\View\View.php(198): CodeIgniter\Exceptions\FrameworkException::forInvalidFile('panel/videos_ed...')
#1 C:\xampp\htdocs\blockbuester\vendor\codeigniter4\framework\system\Common.php(1089): CodeIgniter\View\View->render('panel/videos_ed...', Array, true)
#2 C:\xampp\htdocs\blockbuester\app\Controllers\Panel\Videos.php(54): view('panel/videos_ed...', Array)
#3 C:\xampp\htdocs\blockbuester\app\Controllers\Panel\Videos.php(127): App\Controllers\Panel\Videos->create_view('panel/videos_ed...', Array)
#4 C:\xampp\htdocs\blockbuester\vendor\codeigniter4\framework\system\CodeIgniter.php(832): App\Controllers\Panel\Videos->editar('4')
#5 C:\xampp\htdocs\blockbuester\vendor\codeigniter4\framework\system\CodeIgniter.php(419): CodeIgniter\CodeIgniter->runController(Object(App\Controllers\Panel\Videos))
#6 C:\xampp\htdocs\blockbuester\vendor\codeigniter4\framework\system\CodeIgniter.php(326): CodeIgniter\CodeIgniter->handleRequest(NULL, Object(Config\Cache), false)
#7 C:\xampp\htdocs\blockbuester\public\index.php(37): CodeIgniter\CodeIgniter->run()
#8 C:\xampp\htdocs\blockbuester\vendor\codeigniter4\framework\system\Commands\Server\rewrite.php(43): require_once('C:\\xampp\\htdocs...')
#9 {main}
CRITICAL - 2025-03-23 20:22:38 --> Invalid file: panel/videos_editar.php
#0 C:\xampp\htdocs\blockbuester\vendor\codeigniter4\framework\system\View\View.php(198): CodeIgniter\Exceptions\FrameworkException::forInvalidFile('panel/videos_ed...')
#1 C:\xampp\htdocs\blockbuester\vendor\codeigniter4\framework\system\Common.php(1089): CodeIgniter\View\View->render('panel/videos_ed...', Array, true)
#2 C:\xampp\htdocs\blockbuester\app\Controllers\Panel\Videos.php(54): view('panel/videos_ed...', Array)
#3 C:\xampp\htdocs\blockbuester\app\Controllers\Panel\Videos.php(127): App\Controllers\Panel\Videos->create_view('panel/videos_ed...', Array)
#4 C:\xampp\htdocs\blockbuester\vendor\codeigniter4\framework\system\CodeIgniter.php(832): App\Controllers\Panel\Videos->editar('4')
#5 C:\xampp\htdocs\blockbuester\vendor\codeigniter4\framework\system\CodeIgniter.php(419): CodeIgniter\CodeIgniter->runController(Object(App\Controllers\Panel\Videos))
#6 C:\xampp\htdocs\blockbuester\vendor\codeigniter4\framework\system\CodeIgniter.php(326): CodeIgniter\CodeIgniter->handleRequest(NULL, Object(Config\Cache), false)
#7 C:\xampp\htdocs\blockbuester\public\index.php(37): CodeIgniter\CodeIgniter->run()
#8 C:\xampp\htdocs\blockbuester\vendor\codeigniter4\framework\system\Commands\Server\rewrite.php(43): require_once('C:\\xampp\\htdocs...')
#9 {main}
CRITICAL - 2025-03-23 20:22:40 --> Invalid file: panel/videos_editar.php
#0 C:\xampp\htdocs\blockbuester\vendor\codeigniter4\framework\system\View\View.php(198): CodeIgniter\Exceptions\FrameworkException::forInvalidFile('panel/videos_ed...')
#1 C:\xampp\htdocs\blockbuester\vendor\codeigniter4\framework\system\Common.php(1089): CodeIgniter\View\View->render('panel/videos_ed...', Array, true)
#2 C:\xampp\htdocs\blockbuester\app\Controllers\Panel\Videos.php(54): view('panel/videos_ed...', Array)
#3 C:\xampp\htdocs\blockbuester\app\Controllers\Panel\Videos.php(127): App\Controllers\Panel\Videos->create_view('panel/videos_ed...', Array)
#4 C:\xampp\htdocs\blockbuester\vendor\codeigniter4\framework\system\CodeIgniter.php(832): App\Controllers\Panel\Videos->editar('4')
#5 C:\xampp\htdocs\blockbuester\vendor\codeigniter4\framework\system\CodeIgniter.php(419): CodeIgniter\CodeIgniter->runController(Object(App\Controllers\Panel\Videos))
#6 C:\xampp\htdocs\blockbuester\vendor\codeigniter4\framework\system\CodeIgniter.php(326): CodeIgniter\CodeIgniter->handleRequest(NULL, Object(Config\Cache), false)
#7 C:\xampp\htdocs\blockbuester\public\index.php(37): CodeIgniter\CodeIgniter->run()
#8 C:\xampp\htdocs\blockbuester\vendor\codeigniter4\framework\system\Commands\Server\rewrite.php(43): require_once('C:\\xampp\\htdocs...')
#9 {main}
CRITICAL - 2025-03-23 20:22:42 --> Invalid file: panel/videos_editar.php
#0 C:\xampp\htdocs\blockbuester\vendor\codeigniter4\framework\system\View\View.php(198): CodeIgniter\Exceptions\FrameworkException::forInvalidFile('panel/videos_ed...')
#1 C:\xampp\htdocs\blockbuester\vendor\codeigniter4\framework\system\Common.php(1089): CodeIgniter\View\View->render('panel/videos_ed...', Array, true)
#2 C:\xampp\htdocs\blockbuester\app\Controllers\Panel\Videos.php(54): view('panel/videos_ed...', Array)
#3 C:\xampp\htdocs\blockbuester\app\Controllers\Panel\Videos.php(127): App\Controllers\Panel\Videos->create_view('panel/videos_ed...', Array)
#4 C:\xampp\htdocs\blockbuester\vendor\codeigniter4\framework\system\CodeIgniter.php(832): App\Controllers\Panel\Videos->editar('3')
#5 C:\xampp\htdocs\blockbuester\vendor\codeigniter4\framework\system\CodeIgniter.php(419): CodeIgniter\CodeIgniter->runController(Object(App\Controllers\Panel\Videos))
#6 C:\xampp\htdocs\blockbuester\vendor\codeigniter4\framework\system\CodeIgniter.php(326): CodeIgniter\CodeIgniter->handleRequest(NULL, Object(Config\Cache), false)
#7 C:\xampp\htdocs\blockbuester\public\index.php(37): CodeIgniter\CodeIgniter->run()
#8 C:\xampp\htdocs\blockbuester\vendor\codeigniter4\framework\system\Commands\Server\rewrite.php(43): require_once('C:\\xampp\\htdocs...')
#9 {main}
CRITICAL - 2025-03-23 20:23:12 --> Invalid file: panel/videos_editar.php
#0 C:\xampp\htdocs\blockbuester\vendor\codeigniter4\framework\system\View\View.php(198): CodeIgniter\Exceptions\FrameworkException::forInvalidFile('panel/videos_ed...')
#1 C:\xampp\htdocs\blockbuester\vendor\codeigniter4\framework\system\Common.php(1089): CodeIgniter\View\View->render('panel/videos_ed...', Array, true)
#2 C:\xampp\htdocs\blockbuester\app\Controllers\Panel\Videos.php(54): view('panel/videos_ed...', Array)
#3 C:\xampp\htdocs\blockbuester\app\Controllers\Panel\Videos.php(127): App\Controllers\Panel\Videos->create_view('panel/videos_ed...', Array)
#4 C:\xampp\htdocs\blockbuester\vendor\codeigniter4\framework\system\CodeIgniter.php(832): App\Controllers\Panel\Videos->editar('3')
#5 C:\xampp\htdocs\blockbuester\vendor\codeigniter4\framework\system\CodeIgniter.php(419): CodeIgniter\CodeIgniter->runController(Object(App\Controllers\Panel\Videos))
#6 C:\xampp\htdocs\blockbuester\vendor\codeigniter4\framework\system\CodeIgniter.php(326): CodeIgniter\CodeIgniter->handleRequest(NULL, Object(Config\Cache), false)
#7 C:\xampp\htdocs\blockbuester\public\index.php(37): CodeIgniter\CodeIgniter->run()
#8 C:\xampp\htdocs\blockbuester\vendor\codeigniter4\framework\system\Commands\Server\rewrite.php(43): require_once('C:\\xampp\\htdocs...')
#9 {main}
CRITICAL - 2025-03-23 20:23:13 --> Invalid file: panel/videos_editar.php
#0 C:\xampp\htdocs\blockbuester\vendor\codeigniter4\framework\system\View\View.php(198): CodeIgniter\Exceptions\FrameworkException::forInvalidFile('panel/videos_ed...')
#1 C:\xampp\htdocs\blockbuester\vendor\codeigniter4\framework\system\Common.php(1089): CodeIgniter\View\View->render('panel/videos_ed...', Array, true)
#2 C:\xampp\htdocs\blockbuester\app\Controllers\Panel\Videos.php(54): view('panel/videos_ed...', Array)
#3 C:\xampp\htdocs\blockbuester\app\Controllers\Panel\Videos.php(127): App\Controllers\Panel\Videos->create_view('panel/videos_ed...', Array)
#4 C:\xampp\htdocs\blockbuester\vendor\codeigniter4\framework\system\CodeIgniter.php(832): App\Controllers\Panel\Videos->editar('3')
#5 C:\xampp\htdocs\blockbuester\vendor\codeigniter4\framework\system\CodeIgniter.php(419): CodeIgniter\CodeIgniter->runController(Object(App\Controllers\Panel\Videos))
#6 C:\xampp\htdocs\blockbuester\vendor\codeigniter4\framework\system\CodeIgniter.php(326): CodeIgniter\CodeIgniter->handleRequest(NULL, Object(Config\Cache), false)
#7 C:\xampp\htdocs\blockbuester\public\index.php(37): CodeIgniter\CodeIgniter->run()
#8 C:\xampp\htdocs\blockbuester\vendor\codeigniter4\framework\system\Commands\Server\rewrite.php(43): require_once('C:\\xampp\\htdocs...')
#9 {main}
CRITICAL - 2025-03-23 20:23:13 --> Invalid file: panel/videos_editar.php
#0 C:\xampp\htdocs\blockbuester\vendor\codeigniter4\framework\system\View\View.php(198): CodeIgniter\Exceptions\FrameworkException::forInvalidFile('panel/videos_ed...')
#1 C:\xampp\htdocs\blockbuester\vendor\codeigniter4\framework\system\Common.php(1089): CodeIgniter\View\View->render('panel/videos_ed...', Array, true)
#2 C:\xampp\htdocs\blockbuester\app\Controllers\Panel\Videos.php(54): view('panel/videos_ed...', Array)
#3 C:\xampp\htdocs\blockbuester\app\Controllers\Panel\Videos.php(127): App\Controllers\Panel\Videos->create_view('panel/videos_ed...', Array)
#4 C:\xampp\htdocs\blockbuester\vendor\codeigniter4\framework\system\CodeIgniter.php(832): App\Controllers\Panel\Videos->editar('3')
#5 C:\xampp\htdocs\blockbuester\vendor\codeigniter4\framework\system\CodeIgniter.php(419): CodeIgniter\CodeIgniter->runController(Object(App\Controllers\Panel\Videos))
#6 C:\xampp\htdocs\blockbuester\vendor\codeigniter4\framework\system\CodeIgniter.php(326): CodeIgniter\CodeIgniter->handleRequest(NULL, Object(Config\Cache), false)
#7 C:\xampp\htdocs\blockbuester\public\index.php(37): CodeIgniter\CodeIgniter->run()
#8 C:\xampp\htdocs\blockbuester\vendor\codeigniter4\framework\system\Commands\Server\rewrite.php(43): require_once('C:\\xampp\\htdocs...')
#9 {main}
CRITICAL - 2025-03-23 20:23:13 --> Invalid file: panel/videos_editar.php
#0 C:\xampp\htdocs\blockbuester\vendor\codeigniter4\framework\system\View\View.php(198): CodeIgniter\Exceptions\FrameworkException::forInvalidFile('panel/videos_ed...')
#1 C:\xampp\htdocs\blockbuester\vendor\codeigniter4\framework\system\Common.php(1089): CodeIgniter\View\View->render('panel/videos_ed...', Array, true)
#2 C:\xampp\htdocs\blockbuester\app\Controllers\Panel\Videos.php(54): view('panel/videos_ed...', Array)
#3 C:\xampp\htdocs\blockbuester\app\Controllers\Panel\Videos.php(127): App\Controllers\Panel\Videos->create_view('panel/videos_ed...', Array)
#4 C:\xampp\htdocs\blockbuester\vendor\codeigniter4\framework\system\CodeIgniter.php(832): App\Controllers\Panel\Videos->editar('3')
#5 C:\xampp\htdocs\blockbuester\vendor\codeigniter4\framework\system\CodeIgniter.php(419): CodeIgniter\CodeIgniter->runController(Object(App\Controllers\Panel\Videos))
#6 C:\xampp\htdocs\blockbuester\vendor\codeigniter4\framework\system\CodeIgniter.php(326): CodeIgniter\CodeIgniter->handleRequest(NULL, Object(Config\Cache), false)
#7 C:\xampp\htdocs\blockbuester\public\index.php(37): CodeIgniter\CodeIgniter->run()
#8 C:\xampp\htdocs\blockbuester\vendor\codeigniter4\framework\system\Commands\Server\rewrite.php(43): require_once('C:\\xampp\\htdocs...')
#9 {main}
CRITICAL - 2025-03-23 20:26:43 --> Invalid file: panel/videos_nuevo.php
#0 C:\xampp\htdocs\blockbuester\vendor\codeigniter4\framework\system\View\View.php(198): CodeIgniter\Exceptions\FrameworkException::forInvalidFile('panel/videos_nu...')
#1 C:\xampp\htdocs\blockbuester\vendor\codeigniter4\framework\system\Common.php(1089): CodeIgniter\View\View->render('panel/videos_nu...', Array, true)
#2 C:\xampp\htdocs\blockbuester\app\Controllers\Panel\Videos.php(54): view('panel/videos_nu...', Array)
#3 C:\xampp\htdocs\blockbuester\app\Controllers\Panel\Videos.php(77): App\Controllers\Panel\Videos->create_view('panel/videos_nu...', Array)
#4 C:\xampp\htdocs\blockbuester\vendor\codeigniter4\framework\system\CodeIgniter.php(832): App\Controllers\Panel\Videos->nuevo()
#5 C:\xampp\htdocs\blockbuester\vendor\codeigniter4\framework\system\CodeIgniter.php(419): CodeIgniter\CodeIgniter->runController(Object(App\Controllers\Panel\Videos))
#6 C:\xampp\htdocs\blockbuester\vendor\codeigniter4\framework\system\CodeIgniter.php(326): CodeIgniter\CodeIgniter->handleRequest(NULL, Object(Config\Cache), false)
#7 C:\xampp\htdocs\blockbuester\public\index.php(37): CodeIgniter\CodeIgniter->run()
#8 C:\xampp\htdocs\blockbuester\vendor\codeigniter4\framework\system\Commands\Server\rewrite.php(43): require_once('C:\\xampp\\htdocs...')
#9 {main}
CRITICAL - 2025-03-23 20:26:56 --> Invalid file: panel/videos_nuevo.php
#0 C:\xampp\htdocs\blockbuester\vendor\codeigniter4\framework\system\View\View.php(198): CodeIgniter\Exceptions\FrameworkException::forInvalidFile('panel/videos_nu...')
#1 C:\xampp\htdocs\blockbuester\vendor\codeigniter4\framework\system\Common.php(1089): CodeIgniter\View\View->render('panel/videos_nu...', Array, true)
#2 C:\xampp\htdocs\blockbuester\app\Controllers\Panel\Videos.php(54): view('panel/videos_nu...', Array)
#3 C:\xampp\htdocs\blockbuester\app\Controllers\Panel\Videos.php(77): App\Controllers\Panel\Videos->create_view('panel/videos_nu...', Array)
#4 C:\xampp\htdocs\blockbuester\vendor\codeigniter4\framework\system\CodeIgniter.php(832): App\Controllers\Panel\Videos->nuevo()
#5 C:\xampp\htdocs\blockbuester\vendor\codeigniter4\framework\system\CodeIgniter.php(419): CodeIgniter\CodeIgniter->runController(Object(App\Controllers\Panel\Videos))
#6 C:\xampp\htdocs\blockbuester\vendor\codeigniter4\framework\system\CodeIgniter.php(326): CodeIgniter\CodeIgniter->handleRequest(NULL, Object(Config\Cache), false)
#7 C:\xampp\htdocs\blockbuester\public\index.php(37): CodeIgniter\CodeIgniter->run()
#8 C:\xampp\htdocs\blockbuester\vendor\codeigniter4\framework\system\Commands\Server\rewrite.php(43): require_once('C:\\xampp\\htdocs...')
#9 {main}
CRITICAL - 2025-03-23 20:26:56 --> Invalid file: panel/videos_nuevo.php
#0 C:\xampp\htdocs\blockbuester\vendor\codeigniter4\framework\system\View\View.php(198): CodeIgniter\Exceptions\FrameworkException::forInvalidFile('panel/videos_nu...')
#1 C:\xampp\htdocs\blockbuester\vendor\codeigniter4\framework\system\Common.php(1089): CodeIgniter\View\View->render('panel/videos_nu...', Array, true)
#2 C:\xampp\htdocs\blockbuester\app\Controllers\Panel\Videos.php(54): view('panel/videos_nu...', Array)
#3 C:\xampp\htdocs\blockbuester\app\Controllers\Panel\Videos.php(77): App\Controllers\Panel\Videos->create_view('panel/videos_nu...', Array)
#4 C:\xampp\htdocs\blockbuester\vendor\codeigniter4\framework\system\CodeIgniter.php(832): App\Controllers\Panel\Videos->nuevo()
#5 C:\xampp\htdocs\blockbuester\vendor\codeigniter4\framework\system\CodeIgniter.php(419): CodeIgniter\CodeIgniter->runController(Object(App\Controllers\Panel\Videos))
#6 C:\xampp\htdocs\blockbuester\vendor\codeigniter4\framework\system\CodeIgniter.php(326): CodeIgniter\CodeIgniter->handleRequest(NULL, Object(Config\Cache), false)
#7 C:\xampp\htdocs\blockbuester\public\index.php(37): CodeIgniter\CodeIgniter->run()
#8 C:\xampp\htdocs\blockbuester\vendor\codeigniter4\framework\system\Commands\Server\rewrite.php(43): require_once('C:\\xampp\\htdocs...')
#9 {main}
CRITICAL - 2025-03-23 20:26:58 --> Invalid file: panel/videos_nuevo.php
#0 C:\xampp\htdocs\blockbuester\vendor\codeigniter4\framework\system\View\View.php(198): CodeIgniter\Exceptions\FrameworkException::forInvalidFile('panel/videos_nu...')
#1 C:\xampp\htdocs\blockbuester\vendor\codeigniter4\framework\system\Common.php(1089): CodeIgniter\View\View->render('panel/videos_nu...', Array, true)
#2 C:\xampp\htdocs\blockbuester\app\Controllers\Panel\Videos.php(54): view('panel/videos_nu...', Array)
#3 C:\xampp\htdocs\blockbuester\app\Controllers\Panel\Videos.php(77): App\Controllers\Panel\Videos->create_view('panel/videos_nu...', Array)
#4 C:\xampp\htdocs\blockbuester\vendor\codeigniter4\framework\system\CodeIgniter.php(832): App\Controllers\Panel\Videos->nuevo()
#5 C:\xampp\htdocs\blockbuester\vendor\codeigniter4\framework\system\CodeIgniter.php(419): CodeIgniter\CodeIgniter->runController(Object(App\Controllers\Panel\Videos))
#6 C:\xampp\htdocs\blockbuester\vendor\codeigniter4\framework\system\CodeIgniter.php(326): CodeIgniter\CodeIgniter->handleRequest(NULL, Object(Config\Cache), false)
#7 C:\xampp\htdocs\blockbuester\public\index.php(37): CodeIgniter\CodeIgniter->run()
#8 C:\xampp\htdocs\blockbuester\vendor\codeigniter4\framework\system\Commands\Server\rewrite.php(43): require_once('C:\\xampp\\htdocs...')
#9 {main}
CRITICAL - 2025-03-23 20:27:21 --> Invalid file: videos_nuevo.php
#0 C:\xampp\htdocs\blockbuester\vendor\codeigniter4\framework\system\View\View.php(198): CodeIgniter\Exceptions\FrameworkException::forInvalidFile('videos_nuevo.ph...')
#1 C:\xampp\htdocs\blockbuester\vendor\codeigniter4\framework\system\Common.php(1089): CodeIgniter\View\View->render('videos_nuevo', Array, true)
#2 C:\xampp\htdocs\blockbuester\app\Controllers\Panel\Videos.php(54): view('videos_nuevo', Array)
#3 C:\xampp\htdocs\blockbuester\app\Controllers\Panel\Videos.php(77): App\Controllers\Panel\Videos->create_view('videos_nuevo', Array)
#4 C:\xampp\htdocs\blockbuester\vendor\codeigniter4\framework\system\CodeIgniter.php(832): App\Controllers\Panel\Videos->nuevo()
#5 C:\xampp\htdocs\blockbuester\vendor\codeigniter4\framework\system\CodeIgniter.php(419): CodeIgniter\CodeIgniter->runController(Object(App\Controllers\Panel\Videos))
#6 C:\xampp\htdocs\blockbuester\vendor\codeigniter4\framework\system\CodeIgniter.php(326): CodeIgniter\CodeIgniter->handleRequest(NULL, Object(Config\Cache), false)
#7 C:\xampp\htdocs\blockbuester\public\index.php(37): CodeIgniter\CodeIgniter->run()
#8 C:\xampp\htdocs\blockbuester\vendor\codeigniter4\framework\system\Commands\Server\rewrite.php(43): require_once('C:\\xampp\\htdocs...')
#9 {main}
CRITICAL - 2025-03-23 20:27:21 --> Invalid file: videos_nuevo.php
#0 C:\xampp\htdocs\blockbuester\vendor\codeigniter4\framework\system\View\View.php(198): CodeIgniter\Exceptions\FrameworkException::forInvalidFile('videos_nuevo.ph...')
#1 C:\xampp\htdocs\blockbuester\vendor\codeigniter4\framework\system\Common.php(1089): CodeIgniter\View\View->render('videos_nuevo', Array, true)
#2 C:\xampp\htdocs\blockbuester\app\Controllers\Panel\Videos.php(54): view('videos_nuevo', Array)
#3 C:\xampp\htdocs\blockbuester\app\Controllers\Panel\Videos.php(77): App\Controllers\Panel\Videos->create_view('videos_nuevo', Array)
#4 C:\xampp\htdocs\blockbuester\vendor\codeigniter4\framework\system\CodeIgniter.php(832): App\Controllers\Panel\Videos->nuevo()
#5 C:\xampp\htdocs\blockbuester\vendor\codeigniter4\framework\system\CodeIgniter.php(419): CodeIgniter\CodeIgniter->runController(Object(App\Controllers\Panel\Videos))
#6 C:\xampp\htdocs\blockbuester\vendor\codeigniter4\framework\system\CodeIgniter.php(326): CodeIgniter\CodeIgniter->handleRequest(NULL, Object(Config\Cache), false)
#7 C:\xampp\htdocs\blockbuester\public\index.php(37): CodeIgniter\CodeIgniter->run()
#8 C:\xampp\htdocs\blockbuester\vendor\codeigniter4\framework\system\Commands\Server\rewrite.php(43): require_once('C:\\xampp\\htdocs...')
#9 {main}
CRITICAL - 2025-03-23 20:27:22 --> Invalid file: videos_nuevo.php
#0 C:\xampp\htdocs\blockbuester\vendor\codeigniter4\framework\system\View\View.php(198): CodeIgniter\Exceptions\FrameworkException::forInvalidFile('videos_nuevo.ph...')
#1 C:\xampp\htdocs\blockbuester\vendor\codeigniter4\framework\system\Common.php(1089): CodeIgniter\View\View->render('videos_nuevo', Array, true)
#2 C:\xampp\htdocs\blockbuester\app\Controllers\Panel\Videos.php(54): view('videos_nuevo', Array)
#3 C:\xampp\htdocs\blockbuester\app\Controllers\Panel\Videos.php(77): App\Controllers\Panel\Videos->create_view('videos_nuevo', Array)
#4 C:\xampp\htdocs\blockbuester\vendor\codeigniter4\framework\system\CodeIgniter.php(832): App\Controllers\Panel\Videos->nuevo()
#5 C:\xampp\htdocs\blockbuester\vendor\codeigniter4\framework\system\CodeIgniter.php(419): CodeIgniter\CodeIgniter->runController(Object(App\Controllers\Panel\Videos))
#6 C:\xampp\htdocs\blockbuester\vendor\codeigniter4\framework\system\CodeIgniter.php(326): CodeIgniter\CodeIgniter->handleRequest(NULL, Object(Config\Cache), false)
#7 C:\xampp\htdocs\blockbuester\public\index.php(37): CodeIgniter\CodeIgniter->run()
#8 C:\xampp\htdocs\blockbuester\vendor\codeigniter4\framework\system\Commands\Server\rewrite.php(43): require_once('C:\\xampp\\htdocs...')
#9 {main}
CRITICAL - 2025-03-23 20:27:22 --> Invalid file: videos_nuevo.php
#0 C:\xampp\htdocs\blockbuester\vendor\codeigniter4\framework\system\View\View.php(198): CodeIgniter\Exceptions\FrameworkException::forInvalidFile('videos_nuevo.ph...')
#1 C:\xampp\htdocs\blockbuester\vendor\codeigniter4\framework\system\Common.php(1089): CodeIgniter\View\View->render('videos_nuevo', Array, true)
#2 C:\xampp\htdocs\blockbuester\app\Controllers\Panel\Videos.php(54): view('videos_nuevo', Array)
#3 C:\xampp\htdocs\blockbuester\app\Controllers\Panel\Videos.php(77): App\Controllers\Panel\Videos->create_view('videos_nuevo', Array)
#4 C:\xampp\htdocs\blockbuester\vendor\codeigniter4\framework\system\CodeIgniter.php(832): App\Controllers\Panel\Videos->nuevo()
#5 C:\xampp\htdocs\blockbuester\vendor\codeigniter4\framework\system\CodeIgniter.php(419): CodeIgniter\CodeIgniter->runController(Object(App\Controllers\Panel\Videos))
#6 C:\xampp\htdocs\blockbuester\vendor\codeigniter4\framework\system\CodeIgniter.php(326): CodeIgniter\CodeIgniter->handleRequest(NULL, Object(Config\Cache), false)
#7 C:\xampp\htdocs\blockbuester\public\index.php(37): CodeIgniter\CodeIgniter->run()
#8 C:\xampp\htdocs\blockbuester\vendor\codeigniter4\framework\system\Commands\Server\rewrite.php(43): require_once('C:\\xampp\\htdocs...')
#9 {main}
CRITICAL - 2025-03-23 20:27:23 --> Invalid file: videos_nuevo.php
#0 C:\xampp\htdocs\blockbuester\vendor\codeigniter4\framework\system\View\View.php(198): CodeIgniter\Exceptions\FrameworkException::forInvalidFile('videos_nuevo.ph...')
#1 C:\xampp\htdocs\blockbuester\vendor\codeigniter4\framework\system\Common.php(1089): CodeIgniter\View\View->render('videos_nuevo', Array, true)
#2 C:\xampp\htdocs\blockbuester\app\Controllers\Panel\Videos.php(54): view('videos_nuevo', Array)
#3 C:\xampp\htdocs\blockbuester\app\Controllers\Panel\Videos.php(77): App\Controllers\Panel\Videos->create_view('videos_nuevo', Array)
#4 C:\xampp\htdocs\blockbuester\vendor\codeigniter4\framework\system\CodeIgniter.php(832): App\Controllers\Panel\Videos->nuevo()
#5 C:\xampp\htdocs\blockbuester\vendor\codeigniter4\framework\system\CodeIgniter.php(419): CodeIgniter\CodeIgniter->runController(Object(App\Controllers\Panel\Videos))
#6 C:\xampp\htdocs\blockbuester\vendor\codeigniter4\framework\system\CodeIgniter.php(326): CodeIgniter\CodeIgniter->handleRequest(NULL, Object(Config\Cache), false)
#7 C:\xampp\htdocs\blockbuester\public\index.php(37): CodeIgniter\CodeIgniter->run()
#8 C:\xampp\htdocs\blockbuester\vendor\codeigniter4\framework\system\Commands\Server\rewrite.php(43): require_once('C:\\xampp\\htdocs...')
#9 {main}
CRITICAL - 2025-03-23 20:27:23 --> Invalid file: videos_nuevo.php
#0 C:\xampp\htdocs\blockbuester\vendor\codeigniter4\framework\system\View\View.php(198): CodeIgniter\Exceptions\FrameworkException::forInvalidFile('videos_nuevo.ph...')
#1 C:\xampp\htdocs\blockbuester\vendor\codeigniter4\framework\system\Common.php(1089): CodeIgniter\View\View->render('videos_nuevo', Array, true)
#2 C:\xampp\htdocs\blockbuester\app\Controllers\Panel\Videos.php(54): view('videos_nuevo', Array)
#3 C:\xampp\htdocs\blockbuester\app\Controllers\Panel\Videos.php(77): App\Controllers\Panel\Videos->create_view('videos_nuevo', Array)
#4 C:\xampp\htdocs\blockbuester\vendor\codeigniter4\framework\system\CodeIgniter.php(832): App\Controllers\Panel\Videos->nuevo()
#5 C:\xampp\htdocs\blockbuester\vendor\codeigniter4\framework\system\CodeIgniter.php(419): CodeIgniter\CodeIgniter->runController(Object(App\Controllers\Panel\Videos))
#6 C:\xampp\htdocs\blockbuester\vendor\codeigniter4\framework\system\CodeIgniter.php(326): CodeIgniter\CodeIgniter->handleRequest(NULL, Object(Config\Cache), false)
#7 C:\xampp\htdocs\blockbuester\public\index.php(37): CodeIgniter\CodeIgniter->run()
#8 C:\xampp\htdocs\blockbuester\vendor\codeigniter4\framework\system\Commands\Server\rewrite.php(43): require_once('C:\\xampp\\htdocs...')
#9 {main}
CRITICAL - 2025-03-23 20:27:26 --> Invalid file: videos_nuevo.php
#0 C:\xampp\htdocs\blockbuester\vendor\codeigniter4\framework\system\View\View.php(198): CodeIgniter\Exceptions\FrameworkException::forInvalidFile('videos_nuevo.ph...')
#1 C:\xampp\htdocs\blockbuester\vendor\codeigniter4\framework\system\Common.php(1089): CodeIgniter\View\View->render('videos_nuevo', Array, true)
#2 C:\xampp\htdocs\blockbuester\app\Controllers\Panel\Videos.php(54): view('videos_nuevo', Array)
#3 C:\xampp\htdocs\blockbuester\app\Controllers\Panel\Videos.php(77): App\Controllers\Panel\Videos->create_view('videos_nuevo', Array)
#4 C:\xampp\htdocs\blockbuester\vendor\codeigniter4\framework\system\CodeIgniter.php(832): App\Controllers\Panel\Videos->nuevo()
#5 C:\xampp\htdocs\blockbuester\vendor\codeigniter4\framework\system\CodeIgniter.php(419): CodeIgniter\CodeIgniter->runController(Object(App\Controllers\Panel\Videos))
#6 C:\xampp\htdocs\blockbuester\vendor\codeigniter4\framework\system\CodeIgniter.php(326): CodeIgniter\CodeIgniter->handleRequest(NULL, Object(Config\Cache), false)
#7 C:\xampp\htdocs\blockbuester\public\index.php(37): CodeIgniter\CodeIgniter->run()
#8 C:\xampp\htdocs\blockbuester\vendor\codeigniter4\framework\system\Commands\Server\rewrite.php(43): require_once('C:\\xampp\\htdocs...')
#9 {main}
CRITICAL - 2025-03-23 20:29:05 --> Invalid file: videos_nuevo.php
#0 C:\xampp\htdocs\blockbuester\vendor\codeigniter4\framework\system\View\View.php(198): CodeIgniter\Exceptions\FrameworkException::forInvalidFile('videos_nuevo.ph...')
#1 C:\xampp\htdocs\blockbuester\vendor\codeigniter4\framework\system\Common.php(1089): CodeIgniter\View\View->render('videos_nuevo', Array, true)
#2 C:\xampp\htdocs\blockbuester\app\Controllers\Panel\Videos.php(54): view('videos_nuevo', Array)
#3 C:\xampp\htdocs\blockbuester\app\Controllers\Panel\Videos.php(77): App\Controllers\Panel\Videos->create_view('videos_nuevo', Array)
#4 C:\xampp\htdocs\blockbuester\vendor\codeigniter4\framework\system\CodeIgniter.php(832): App\Controllers\Panel\Videos->nuevo()
#5 C:\xampp\htdocs\blockbuester\vendor\codeigniter4\framework\system\CodeIgniter.php(419): CodeIgniter\CodeIgniter->runController(Object(App\Controllers\Panel\Videos))
#6 C:\xampp\htdocs\blockbuester\vendor\codeigniter4\framework\system\CodeIgniter.php(326): CodeIgniter\CodeIgniter->handleRequest(NULL, Object(Config\Cache), false)
#7 C:\xampp\htdocs\blockbuester\public\index.php(37): CodeIgniter\CodeIgniter->run()
#8 C:\xampp\htdocs\blockbuester\vendor\codeigniter4\framework\system\Commands\Server\rewrite.php(43): require_once('C:\\xampp\\htdocs...')
#9 {main}
CRITICAL - 2025-03-23 20:29:05 --> Invalid file: videos_nuevo.php
#0 C:\xampp\htdocs\blockbuester\vendor\codeigniter4\framework\system\View\View.php(198): CodeIgniter\Exceptions\FrameworkException::forInvalidFile('videos_nuevo.ph...')
#1 C:\xampp\htdocs\blockbuester\vendor\codeigniter4\framework\system\Common.php(1089): CodeIgniter\View\View->render('videos_nuevo', Array, true)
#2 C:\xampp\htdocs\blockbuester\app\Controllers\Panel\Videos.php(54): view('videos_nuevo', Array)
#3 C:\xampp\htdocs\blockbuester\app\Controllers\Panel\Videos.php(77): App\Controllers\Panel\Videos->create_view('videos_nuevo', Array)
#4 C:\xampp\htdocs\blockbuester\vendor\codeigniter4\framework\system\CodeIgniter.php(832): App\Controllers\Panel\Videos->nuevo()
#5 C:\xampp\htdocs\blockbuester\vendor\codeigniter4\framework\system\CodeIgniter.php(419): CodeIgniter\CodeIgniter->runController(Object(App\Controllers\Panel\Videos))
#6 C:\xampp\htdocs\blockbuester\vendor\codeigniter4\framework\system\CodeIgniter.php(326): CodeIgniter\CodeIgniter->handleRequest(NULL, Object(Config\Cache), false)
#7 C:\xampp\htdocs\blockbuester\public\index.php(37): CodeIgniter\CodeIgniter->run()
#8 C:\xampp\htdocs\blockbuester\vendor\codeigniter4\framework\system\Commands\Server\rewrite.php(43): require_once('C:\\xampp\\htdocs...')
#9 {main}
CRITICAL - 2025-03-23 20:29:31 --> Invalid file: videos_nuevo.php
#0 C:\xampp\htdocs\blockbuester\vendor\codeigniter4\framework\system\View\View.php(198): CodeIgniter\Exceptions\FrameworkException::forInvalidFile('videos_nuevo.ph...')
#1 C:\xampp\htdocs\blockbuester\vendor\codeigniter4\framework\system\Common.php(1089): CodeIgniter\View\View->render('videos_nuevo', Array, true)
#2 C:\xampp\htdocs\blockbuester\app\Controllers\Panel\Videos.php(54): view('videos_nuevo', Array)
#3 C:\xampp\htdocs\blockbuester\app\Controllers\Panel\Videos.php(77): App\Controllers\Panel\Videos->create_view('videos_nuevo', Array)
#4 C:\xampp\htdocs\blockbuester\vendor\codeigniter4\framework\system\CodeIgniter.php(832): App\Controllers\Panel\Videos->nuevo()
#5 C:\xampp\htdocs\blockbuester\vendor\codeigniter4\framework\system\CodeIgniter.php(419): CodeIgniter\CodeIgniter->runController(Object(App\Controllers\Panel\Videos))
#6 C:\xampp\htdocs\blockbuester\vendor\codeigniter4\framework\system\CodeIgniter.php(326): CodeIgniter\CodeIgniter->handleRequest(NULL, Object(Config\Cache), false)
#7 C:\xampp\htdocs\blockbuester\public\index.php(37): CodeIgniter\CodeIgniter->run()
#8 C:\xampp\htdocs\blockbuester\vendor\codeigniter4\framework\system\Commands\Server\rewrite.php(43): require_once('C:\\xampp\\htdocs...')
#9 {main}
CRITICAL - 2025-03-23 20:29:32 --> Invalid file: videos_nuevo.php
#0 C:\xampp\htdocs\blockbuester\vendor\codeigniter4\framework\system\View\View.php(198): CodeIgniter\Exceptions\FrameworkException::forInvalidFile('videos_nuevo.ph...')
#1 C:\xampp\htdocs\blockbuester\vendor\codeigniter4\framework\system\Common.php(1089): CodeIgniter\View\View->render('videos_nuevo', Array, true)
#2 C:\xampp\htdocs\blockbuester\app\Controllers\Panel\Videos.php(54): view('videos_nuevo', Array)
#3 C:\xampp\htdocs\blockbuester\app\Controllers\Panel\Videos.php(77): App\Controllers\Panel\Videos->create_view('videos_nuevo', Array)
#4 C:\xampp\htdocs\blockbuester\vendor\codeigniter4\framework\system\CodeIgniter.php(832): App\Controllers\Panel\Videos->nuevo()
#5 C:\xampp\htdocs\blockbuester\vendor\codeigniter4\framework\system\CodeIgniter.php(419): CodeIgniter\CodeIgniter->runController(Object(App\Controllers\Panel\Videos))
#6 C:\xampp\htdocs\blockbuester\vendor\codeigniter4\framework\system\CodeIgniter.php(326): CodeIgniter\CodeIgniter->handleRequest(NULL, Object(Config\Cache), false)
#7 C:\xampp\htdocs\blockbuester\public\index.php(37): CodeIgniter\CodeIgniter->run()
#8 C:\xampp\htdocs\blockbuester\vendor\codeigniter4\framework\system\Commands\Server\rewrite.php(43): require_once('C:\\xampp\\htdocs...')
#9 {main}
CRITICAL - 2025-03-23 20:29:35 --> Invalid file: videos_nuevo.php
#0 C:\xampp\htdocs\blockbuester\vendor\codeigniter4\framework\system\View\View.php(198): CodeIgniter\Exceptions\FrameworkException::forInvalidFile('videos_nuevo.ph...')
#1 C:\xampp\htdocs\blockbuester\vendor\codeigniter4\framework\system\Common.php(1089): CodeIgniter\View\View->render('videos_nuevo', Array, true)
#2 C:\xampp\htdocs\blockbuester\app\Controllers\Panel\Videos.php(54): view('videos_nuevo', Array)
#3 C:\xampp\htdocs\blockbuester\app\Controllers\Panel\Videos.php(77): App\Controllers\Panel\Videos->create_view('videos_nuevo', Array)
#4 C:\xampp\htdocs\blockbuester\vendor\codeigniter4\framework\system\CodeIgniter.php(832): App\Controllers\Panel\Videos->nuevo()
#5 C:\xampp\htdocs\blockbuester\vendor\codeigniter4\framework\system\CodeIgniter.php(419): CodeIgniter\CodeIgniter->runController(Object(App\Controllers\Panel\Videos))
#6 C:\xampp\htdocs\blockbuester\vendor\codeigniter4\framework\system\CodeIgniter.php(326): CodeIgniter\CodeIgniter->handleRequest(NULL, Object(Config\Cache), false)
#7 C:\xampp\htdocs\blockbuester\public\index.php(37): CodeIgniter\CodeIgniter->run()
#8 C:\xampp\htdocs\blockbuester\vendor\codeigniter4\framework\system\Commands\Server\rewrite.php(43): require_once('C:\\xampp\\htdocs...')
#9 {main}
CRITICAL - 2025-03-23 20:30:46 --> Trying to get property 'id_streaming' of non-object
#0 C:\xampp\htdocs\blockbuester\app\Views\panel\videos_nuevo.php(40): CodeIgniter\Debug\Exceptions->errorHandler(8, 'Trying to get p...', 'C:\\xampp\\htdocs...', 40, Array)
#1 C:\xampp\htdocs\blockbuester\vendor\codeigniter4\framework\system\View\View.php(210): include('C:\\xampp\\htdocs...')
#2 C:\xampp\htdocs\blockbuester\vendor\codeigniter4\framework\system\View\View.php(213): CodeIgniter\View\View->CodeIgniter\View\{closure}()
#3 C:\xampp\htdocs\blockbuester\vendor\codeigniter4\framework\system\Common.php(1089): CodeIgniter\View\View->render('panel/videos_nu...', Array, true)
#4 C:\xampp\htdocs\blockbuester\app\Controllers\Panel\Videos.php(54): view('panel/videos_nu...', Array)
#5 C:\xampp\htdocs\blockbuester\app\Controllers\Panel\Videos.php(77): App\Controllers\Panel\Videos->create_view('panel/videos_nu...', Array)
#6 C:\xampp\htdocs\blockbuester\vendor\codeigniter4\framework\system\CodeIgniter.php(832): App\Controllers\Panel\Videos->nuevo()
#7 C:\xampp\htdocs\blockbuester\vendor\codeigniter4\framework\system\CodeIgniter.php(419): CodeIgniter\CodeIgniter->runController(Object(App\Controllers\Panel\Videos))
#8 C:\xampp\htdocs\blockbuester\vendor\codeigniter4\framework\system\CodeIgniter.php(326): CodeIgniter\CodeIgniter->handleRequest(NULL, Object(Config\Cache), false)
#9 C:\xampp\htdocs\blockbuester\public\index.php(37): CodeIgniter\CodeIgniter->run()
#10 C:\xampp\htdocs\blockbuester\vendor\codeigniter4\framework\system\Commands\Server\rewrite.php(43): require_once('C:\\xampp\\htdocs...')
#11 {main}
CRITICAL - 2025-03-23 20:30:47 --> Trying to get property 'id_streaming' of non-object
#0 C:\xampp\htdocs\blockbuester\app\Views\panel\videos_nuevo.php(40): CodeIgniter\Debug\Exceptions->errorHandler(8, 'Trying to get p...', 'C:\\xampp\\htdocs...', 40, Array)
#1 C:\xampp\htdocs\blockbuester\vendor\codeigniter4\framework\system\View\View.php(210): include('C:\\xampp\\htdocs...')
#2 C:\xampp\htdocs\blockbuester\vendor\codeigniter4\framework\system\View\View.php(213): CodeIgniter\View\View->CodeIgniter\View\{closure}()
#3 C:\xampp\htdocs\blockbuester\vendor\codeigniter4\framework\system\Common.php(1089): CodeIgniter\View\View->render('panel/videos_nu...', Array, true)
#4 C:\xampp\htdocs\blockbuester\app\Controllers\Panel\Videos.php(54): view('panel/videos_nu...', Array)
#5 C:\xampp\htdocs\blockbuester\app\Controllers\Panel\Videos.php(77): App\Controllers\Panel\Videos->create_view('panel/videos_nu...', Array)
#6 C:\xampp\htdocs\blockbuester\vendor\codeigniter4\framework\system\CodeIgniter.php(832): App\Controllers\Panel\Videos->nuevo()
#7 C:\xampp\htdocs\blockbuester\vendor\codeigniter4\framework\system\CodeIgniter.php(419): CodeIgniter\CodeIgniter->runController(Object(App\Controllers\Panel\Videos))
#8 C:\xampp\htdocs\blockbuester\vendor\codeigniter4\framework\system\CodeIgniter.php(326): CodeIgniter\CodeIgniter->handleRequest(NULL, Object(Config\Cache), false)
#9 C:\xampp\htdocs\blockbuester\public\index.php(37): CodeIgniter\CodeIgniter->run()
#10 C:\xampp\htdocs\blockbuester\vendor\codeigniter4\framework\system\Commands\Server\rewrite.php(43): require_once('C:\\xampp\\htdocs...')
#11 {main}
CRITICAL - 2025-03-23 20:42:18 --> Undefined variable: imagen_usuario
#0 C:\xampp\htdocs\blockbuester\app\Views\plantillas\panel_base.php(185): CodeIgniter\Debug\Exceptions->errorHandler(8, 'Undefined varia...', 'C:\\xampp\\htdocs...', 185, Array)
#1 C:\xampp\htdocs\blockbuester\vendor\codeigniter4\framework\system\View\View.php(210): include('C:\\xampp\\htdocs...')
#2 C:\xampp\htdocs\blockbuester\vendor\codeigniter4\framework\system\View\View.php(213): CodeIgniter\View\View->CodeIgniter\View\{closure}()
#3 C:\xampp\htdocs\blockbuester\vendor\codeigniter4\framework\system\View\View.php(226): CodeIgniter\View\View->render('plantillas/pane...', Array, true)
#4 C:\xampp\htdocs\blockbuester\vendor\codeigniter4\framework\system\Common.php(1089): CodeIgniter\View\View->render('panel/videos', Array, true)
#5 C:\xampp\htdocs\blockbuester\app\Controllers\Panel\Videos.php(76): view('panel/videos', Array)
#6 C:\xampp\htdocs\blockbuester\vendor\codeigniter4\framework\system\CodeIgniter.php(832): App\Controllers\Panel\Videos->index()
#7 C:\xampp\htdocs\blockbuester\vendor\codeigniter4\framework\system\CodeIgniter.php(419): CodeIgniter\CodeIgniter->runController(Object(App\Controllers\Panel\Videos))
#8 C:\xampp\htdocs\blockbuester\vendor\codeigniter4\framework\system\CodeIgniter.php(326): CodeIgniter\CodeIgniter->handleRequest(NULL, Object(Config\Cache), false)
#9 C:\xampp\htdocs\blockbuester\public\index.php(37): CodeIgniter\CodeIgniter->run()
#10 C:\xampp\htdocs\blockbuester\vendor\codeigniter4\framework\system\Commands\Server\rewrite.php(43): require_once('C:\\xampp\\htdocs...')
#11 {main}
CRITICAL - 2025-03-23 20:53:08 --> Undefined variable: menu_lateral
#0 C:\xampp\htdocs\blockbuester\app\Views\plantillas\panel_base.php(206): CodeIgniter\Debug\Exceptions->errorHandler(8, 'Undefined varia...', 'C:\\xampp\\htdocs...', 206, Array)
#1 C:\xampp\htdocs\blockbuester\vendor\codeigniter4\framework\system\View\View.php(210): include('C:\\xampp\\htdocs...')
#2 C:\xampp\htdocs\blockbuester\vendor\codeigniter4\framework\system\View\View.php(213): CodeIgniter\View\View->CodeIgniter\View\{closure}()
#3 C:\xampp\htdocs\blockbuester\vendor\codeigniter4\framework\system\View\View.php(226): CodeIgniter\View\View->render('plantillas/pane...', Array, true)
#4 C:\xampp\htdocs\blockbuester\vendor\codeigniter4\framework\system\Common.php(1089): CodeIgniter\View\View->render('panel/videos', Array, true)
#5 C:\xampp\htdocs\blockbuester\app\Controllers\Panel\Videos.php(89): view('panel/videos', Array)
#6 C:\xampp\htdocs\blockbuester\vendor\codeigniter4\framework\system\CodeIgniter.php(832): App\Controllers\Panel\Videos->index()
#7 C:\xampp\htdocs\blockbuester\vendor\codeigniter4\framework\system\CodeIgniter.php(419): CodeIgniter\CodeIgniter->runController(Object(App\Controllers\Panel\Videos))
#8 C:\xampp\htdocs\blockbuester\vendor\codeigniter4\framework\system\CodeIgniter.php(326): CodeIgniter\CodeIgniter->handleRequest(NULL, Object(Config\Cache), false)
#9 C:\xampp\htdocs\blockbuester\public\index.php(37): CodeIgniter\CodeIgniter->run()
#10 C:\xampp\htdocs\blockbuester\vendor\codeigniter4\framework\system\Commands\Server\rewrite.php(43): require_once('C:\\xampp\\htdocs...')
#11 {main}
