CRITICAL - 2025-03-24 12:32:13 --> Undefined variable: breadcrumb_panel
#0 C:\xampp\htdocs\blockbuester\app\Views\plantillas\panel_base.php(218): CodeIgniter\Debug\Exceptions->errorHandler(8, 'Undefined varia...', 'C:\\xampp\\htdocs...', 218, Array)
#1 C:\xampp\htdocs\blockbuester\vendor\codeigniter4\framework\system\View\View.php(210): include('C:\\xampp\\htdocs...')
#2 C:\xampp\htdocs\blockbuester\vendor\codeigniter4\framework\system\View\View.php(213): CodeIgniter\View\View->CodeIgniter\View\{closure}()
#3 C:\xampp\htdocs\blockbuester\vendor\codeigniter4\framework\system\View\View.php(226): CodeIgniter\View\View->render('plantillas/pane...', Array, true)
#4 C:\xampp\htdocs\blockbuester\vendor\codeigniter4\framework\system\Common.php(1089): CodeIgniter\View\View->render('panel/planes', Array, true)
#5 C:\xampp\htdocs\blockbuester\app\Controllers\Panel\Planes.php(42): view('panel/planes', Array)
#6 C:\xampp\htdocs\blockbuester\app\Controllers\Panel\Planes.php(51): App\Controllers\Panel\Planes->create_view('panel/planes', Array)
#7 C:\xampp\htdocs\blockbuester\vendor\codeigniter4\framework\system\CodeIgniter.php(832): App\Controllers\Panel\Planes->index()
#8 C:\xampp\htdocs\blockbuester\vendor\codeigniter4\framework\system\CodeIgniter.php(419): CodeIgniter\CodeIgniter->runController(Object(App\Controllers\Panel\Planes))
#9 C:\xampp\htdocs\blockbuester\vendor\codeigniter4\framework\system\CodeIgniter.php(326): CodeIgniter\CodeIgniter->handleRequest(NULL, Object(Config\Cache), false)
#10 C:\xampp\htdocs\blockbuester\public\index.php(37): CodeIgniter\CodeIgniter->run()
#11 C:\xampp\htdocs\blockbuester\vendor\codeigniter4\framework\system\Commands\Server\rewrite.php(43): require_once('C:\\xampp\\htdocs...')
#12 {main}
CRITICAL - 2025-03-24 12:32:29 --> Undefined variable: breadcrumb_panel
#0 C:\xampp\htdocs\blockbuester\app\Views\plantillas\panel_base.php(218): CodeIgniter\Debug\Exceptions->errorHandler(8, 'Undefined varia...', 'C:\\xampp\\htdocs...', 218, Array)
#1 C:\xampp\htdocs\blockbuester\vendor\codeigniter4\framework\system\View\View.php(210): include('C:\\xampp\\htdocs...')
#2 C:\xampp\htdocs\blockbuester\vendor\codeigniter4\framework\system\View\View.php(213): CodeIgniter\View\View->CodeIgniter\View\{closure}()
#3 C:\xampp\htdocs\blockbuester\vendor\codeigniter4\framework\system\View\View.php(226): CodeIgniter\View\View->render('plantillas/pane...', Array, true)
#4 C:\xampp\htdocs\blockbuester\vendor\codeigniter4\framework\system\Common.php(1089): CodeIgniter\View\View->render('panel/planes', Array, true)
#5 C:\xampp\htdocs\blockbuester\app\Controllers\Panel\Planes.php(42): view('panel/planes', Array)
#6 C:\xampp\htdocs\blockbuester\app\Controllers\Panel\Planes.php(51): App\Controllers\Panel\Planes->create_view('panel/planes', Array)
#7 C:\xampp\htdocs\blockbuester\vendor\codeigniter4\framework\system\CodeIgniter.php(832): App\Controllers\Panel\Planes->index()
#8 C:\xampp\htdocs\blockbuester\vendor\codeigniter4\framework\system\CodeIgniter.php(419): CodeIgniter\CodeIgniter->runController(Object(App\Controllers\Panel\Planes))
#9 C:\xampp\htdocs\blockbuester\vendor\codeigniter4\framework\system\CodeIgniter.php(326): CodeIgniter\CodeIgniter->handleRequest(NULL, Object(Config\Cache), false)
#10 C:\xampp\htdocs\blockbuester\public\index.php(37): CodeIgniter\CodeIgniter->run()
#11 C:\xampp\htdocs\blockbuester\vendor\codeigniter4\framework\system\Commands\Server\rewrite.php(43): require_once('C:\\xampp\\htdocs...')
#12 {main}
CRITICAL - 2025-03-24 12:34:30 --> Call to undefined method App\Controllers\Panel\Planes::create_view()
#0 C:\xampp\htdocs\blockbuester\vendor\codeigniter4\framework\system\CodeIgniter.php(832): App\Controllers\Panel\Planes->index()
#1 C:\xampp\htdocs\blockbuester\vendor\codeigniter4\framework\system\CodeIgniter.php(419): CodeIgniter\CodeIgniter->runController(Object(App\Controllers\Panel\Planes))
#2 C:\xampp\htdocs\blockbuester\vendor\codeigniter4\framework\system\CodeIgniter.php(326): CodeIgniter\CodeIgniter->handleRequest(NULL, Object(Config\Cache), false)
#3 C:\xampp\htdocs\blockbuester\public\index.php(37): CodeIgniter\CodeIgniter->run()
#4 C:\xampp\htdocs\blockbuester\vendor\codeigniter4\framework\system\Commands\Server\rewrite.php(43): require_once('C:\\xampp\\htdocs...')
#5 {main}
CRITICAL - 2025-03-24 12:41:00 --> Invalid file: panel/planes_nuevo.php
#0 C:\xampp\htdocs\blockbuester\vendor\codeigniter4\framework\system\View\View.php(198): CodeIgniter\Exceptions\FrameworkException::forInvalidFile('panel/planes_nu...')
#1 C:\xampp\htdocs\blockbuester\vendor\codeigniter4\framework\system\Common.php(1089): CodeIgniter\View\View->render('panel/planes_nu...', Array, true)
#2 C:\xampp\htdocs\blockbuester\app\Controllers\Panel\Planes.php(30): view('panel/planes_nu...', Array)
#3 C:\xampp\htdocs\blockbuester\app\Controllers\Panel\Planes.php(69): App\Controllers\Panel\Planes->create_view('panel/planes_nu...', Array)
#4 C:\xampp\htdocs\blockbuester\vendor\codeigniter4\framework\system\CodeIgniter.php(832): App\Controllers\Panel\Planes->nuevo()
#5 C:\xampp\htdocs\blockbuester\vendor\codeigniter4\framework\system\CodeIgniter.php(419): CodeIgniter\CodeIgniter->runController(Object(App\Controllers\Panel\Planes))
#6 C:\xampp\htdocs\blockbuester\vendor\codeigniter4\framework\system\CodeIgniter.php(326): CodeIgniter\CodeIgniter->handleRequest(NULL, Object(Config\Cache), false)
#7 C:\xampp\htdocs\blockbuester\public\index.php(37): CodeIgniter\CodeIgniter->run()
#8 C:\xampp\htdocs\blockbuester\vendor\codeigniter4\framework\system\Commands\Server\rewrite.php(43): require_once('C:\\xampp\\htdocs...')
#9 {main}
CRITICAL - 2025-03-24 13:25:42 --> Cannot use object of type stdClass as array
#0 C:\xampp\htdocs\blockbuester\vendor\codeigniter4\framework\system\View\View.php(210): include()
#1 C:\xampp\htdocs\blockbuester\vendor\codeigniter4\framework\system\View\View.php(213): CodeIgniter\View\View->CodeIgniter\View\{closure}()
#2 C:\xampp\htdocs\blockbuester\vendor\codeigniter4\framework\system\Common.php(1089): CodeIgniter\View\View->render('panel/usuarios_...', Array, true)
#3 C:\xampp\htdocs\blockbuester\app\Controllers\Panel\Usuarios_Planes.php(33): view('panel/usuarios_...', Array)
#4 C:\xampp\htdocs\blockbuester\app\Controllers\Panel\Usuarios_Planes.php(78): App\Controllers\Panel\Usuarios_Planes->create_view('panel/usuarios_...', Array)
#5 C:\xampp\htdocs\blockbuester\vendor\codeigniter4\framework\system\CodeIgniter.php(832): App\Controllers\Panel\Usuarios_Planes->nuevo()
#6 C:\xampp\htdocs\blockbuester\vendor\codeigniter4\framework\system\CodeIgniter.php(419): CodeIgniter\CodeIgniter->runController(Object(App\Controllers\Panel\Usuarios_Planes))
#7 C:\xampp\htdocs\blockbuester\vendor\codeigniter4\framework\system\CodeIgniter.php(326): CodeIgniter\CodeIgniter->handleRequest(NULL, Object(Config\Cache), false)
#8 C:\xampp\htdocs\blockbuester\public\index.php(37): CodeIgniter\CodeIgniter->run()
#9 C:\xampp\htdocs\blockbuester\vendor\codeigniter4\framework\system\Commands\Server\rewrite.php(43): require_once('C:\\xampp\\htdocs...')
#10 {main}
CRITICAL - 2025-03-24 13:27:31 --> Undefined property: stdClass::$nombre_completo
#0 C:\xampp\htdocs\blockbuester\app\Views\panel\usuarios_planes_nuevo.php(20): CodeIgniter\Debug\Exceptions->errorHandler(8, 'Undefined prope...', 'C:\\xampp\\htdocs...', 20, Array)
#1 C:\xampp\htdocs\blockbuester\vendor\codeigniter4\framework\system\View\View.php(210): include('C:\\xampp\\htdocs...')
#2 C:\xampp\htdocs\blockbuester\vendor\codeigniter4\framework\system\View\View.php(213): CodeIgniter\View\View->CodeIgniter\View\{closure}()
#3 C:\xampp\htdocs\blockbuester\vendor\codeigniter4\framework\system\Common.php(1089): CodeIgniter\View\View->render('panel/usuarios_...', Array, true)
#4 C:\xampp\htdocs\blockbuester\app\Controllers\Panel\Usuarios_Planes.php(33): view('panel/usuarios_...', Array)
#5 C:\xampp\htdocs\blockbuester\app\Controllers\Panel\Usuarios_Planes.php(78): App\Controllers\Panel\Usuarios_Planes->create_view('panel/usuarios_...', Array)
#6 C:\xampp\htdocs\blockbuester\vendor\codeigniter4\framework\system\CodeIgniter.php(832): App\Controllers\Panel\Usuarios_Planes->nuevo()
#7 C:\xampp\htdocs\blockbuester\vendor\codeigniter4\framework\system\CodeIgniter.php(419): CodeIgniter\CodeIgniter->runController(Object(App\Controllers\Panel\Usuarios_Planes))
#8 C:\xampp\htdocs\blockbuester\vendor\codeigniter4\framework\system\CodeIgniter.php(326): CodeIgniter\CodeIgniter->handleRequest(NULL, Object(Config\Cache), false)
#9 C:\xampp\htdocs\blockbuester\public\index.php(37): CodeIgniter\CodeIgniter->run()
#10 C:\xampp\htdocs\blockbuester\vendor\codeigniter4\framework\system\Commands\Server\rewrite.php(43): require_once('C:\\xampp\\htdocs...')
#11 {main}
CRITICAL - 2025-03-24 13:27:34 --> Undefined property: stdClass::$nombre_completo
#0 C:\xampp\htdocs\blockbuester\app\Views\panel\usuarios_planes_nuevo.php(20): CodeIgniter\Debug\Exceptions->errorHandler(8, 'Undefined prope...', 'C:\\xampp\\htdocs...', 20, Array)
#1 C:\xampp\htdocs\blockbuester\vendor\codeigniter4\framework\system\View\View.php(210): include('C:\\xampp\\htdocs...')
#2 C:\xampp\htdocs\blockbuester\vendor\codeigniter4\framework\system\View\View.php(213): CodeIgniter\View\View->CodeIgniter\View\{closure}()
#3 C:\xampp\htdocs\blockbuester\vendor\codeigniter4\framework\system\Common.php(1089): CodeIgniter\View\View->render('panel/usuarios_...', Array, true)
#4 C:\xampp\htdocs\blockbuester\app\Controllers\Panel\Usuarios_Planes.php(33): view('panel/usuarios_...', Array)
#5 C:\xampp\htdocs\blockbuester\app\Controllers\Panel\Usuarios_Planes.php(78): App\Controllers\Panel\Usuarios_Planes->create_view('panel/usuarios_...', Array)
#6 C:\xampp\htdocs\blockbuester\vendor\codeigniter4\framework\system\CodeIgniter.php(832): App\Controllers\Panel\Usuarios_Planes->nuevo()
#7 C:\xampp\htdocs\blockbuester\vendor\codeigniter4\framework\system\CodeIgniter.php(419): CodeIgniter\CodeIgniter->runController(Object(App\Controllers\Panel\Usuarios_Planes))
#8 C:\xampp\htdocs\blockbuester\vendor\codeigniter4\framework\system\CodeIgniter.php(326): CodeIgniter\CodeIgniter->handleRequest(NULL, Object(Config\Cache), false)
#9 C:\xampp\htdocs\blockbuester\public\index.php(37): CodeIgniter\CodeIgniter->run()
#10 C:\xampp\htdocs\blockbuester\vendor\codeigniter4\framework\system\Commands\Server\rewrite.php(43): require_once('C:\\xampp\\htdocs...')
#11 {main}
CRITICAL - 2025-03-24 13:36:30 --> Trying to get property 'id_plan' of non-object
#0 C:\xampp\htdocs\blockbuester\app\Views\panel\usuarios_planes_nuevo.php(31): CodeIgniter\Debug\Exceptions->errorHandler(8, 'Trying to get p...', 'C:\\xampp\\htdocs...', 31, Array)
#1 C:\xampp\htdocs\blockbuester\vendor\codeigniter4\framework\system\View\View.php(210): include('C:\\xampp\\htdocs...')
#2 C:\xampp\htdocs\blockbuester\vendor\codeigniter4\framework\system\View\View.php(213): CodeIgniter\View\View->CodeIgniter\View\{closure}()
#3 C:\xampp\htdocs\blockbuester\vendor\codeigniter4\framework\system\Common.php(1089): CodeIgniter\View\View->render('panel/usuarios_...', Array, true)
#4 C:\xampp\htdocs\blockbuester\app\Controllers\Panel\Usuarios_Planes.php(32): view('panel/usuarios_...', Array)
#5 C:\xampp\htdocs\blockbuester\app\Controllers\Panel\Usuarios_Planes.php(81): App\Controllers\Panel\Usuarios_Planes->create_view('panel/usuarios_...', Array)
#6 C:\xampp\htdocs\blockbuester\vendor\codeigniter4\framework\system\CodeIgniter.php(832): App\Controllers\Panel\Usuarios_Planes->nuevo()
#7 C:\xampp\htdocs\blockbuester\vendor\codeigniter4\framework\system\CodeIgniter.php(419): CodeIgniter\CodeIgniter->runController(Object(App\Controllers\Panel\Usuarios_Planes))
#8 C:\xampp\htdocs\blockbuester\vendor\codeigniter4\framework\system\CodeIgniter.php(326): CodeIgniter\CodeIgniter->handleRequest(NULL, Object(Config\Cache), false)
#9 C:\xampp\htdocs\blockbuester\public\index.php(37): CodeIgniter\CodeIgniter->run()
#10 C:\xampp\htdocs\blockbuester\vendor\codeigniter4\framework\system\Commands\Server\rewrite.php(43): require_once('C:\\xampp\\htdocs...')
#11 {main}
CRITICAL - 2025-03-24 13:36:31 --> Trying to get property 'id_plan' of non-object
#0 C:\xampp\htdocs\blockbuester\app\Views\panel\usuarios_planes_nuevo.php(31): CodeIgniter\Debug\Exceptions->errorHandler(8, 'Trying to get p...', 'C:\\xampp\\htdocs...', 31, Array)
#1 C:\xampp\htdocs\blockbuester\vendor\codeigniter4\framework\system\View\View.php(210): include('C:\\xampp\\htdocs...')
#2 C:\xampp\htdocs\blockbuester\vendor\codeigniter4\framework\system\View\View.php(213): CodeIgniter\View\View->CodeIgniter\View\{closure}()
#3 C:\xampp\htdocs\blockbuester\vendor\codeigniter4\framework\system\Common.php(1089): CodeIgniter\View\View->render('panel/usuarios_...', Array, true)
#4 C:\xampp\htdocs\blockbuester\app\Controllers\Panel\Usuarios_Planes.php(32): view('panel/usuarios_...', Array)
#5 C:\xampp\htdocs\blockbuester\app\Controllers\Panel\Usuarios_Planes.php(81): App\Controllers\Panel\Usuarios_Planes->create_view('panel/usuarios_...', Array)
#6 C:\xampp\htdocs\blockbuester\vendor\codeigniter4\framework\system\CodeIgniter.php(832): App\Controllers\Panel\Usuarios_Planes->nuevo()
#7 C:\xampp\htdocs\blockbuester\vendor\codeigniter4\framework\system\CodeIgniter.php(419): CodeIgniter\CodeIgniter->runController(Object(App\Controllers\Panel\Usuarios_Planes))
#8 C:\xampp\htdocs\blockbuester\vendor\codeigniter4\framework\system\CodeIgniter.php(326): CodeIgniter\CodeIgniter->handleRequest(NULL, Object(Config\Cache), false)
#9 C:\xampp\htdocs\blockbuester\public\index.php(37): CodeIgniter\CodeIgniter->run()
#10 C:\xampp\htdocs\blockbuester\vendor\codeigniter4\framework\system\Commands\Server\rewrite.php(43): require_once('C:\\xampp\\htdocs...')
#11 {main}
CRITICAL - 2025-03-24 13:36:32 --> Trying to get property 'id_plan' of non-object
#0 C:\xampp\htdocs\blockbuester\app\Views\panel\usuarios_planes_nuevo.php(31): CodeIgniter\Debug\Exceptions->errorHandler(8, 'Trying to get p...', 'C:\\xampp\\htdocs...', 31, Array)
#1 C:\xampp\htdocs\blockbuester\vendor\codeigniter4\framework\system\View\View.php(210): include('C:\\xampp\\htdocs...')
#2 C:\xampp\htdocs\blockbuester\vendor\codeigniter4\framework\system\View\View.php(213): CodeIgniter\View\View->CodeIgniter\View\{closure}()
#3 C:\xampp\htdocs\blockbuester\vendor\codeigniter4\framework\system\Common.php(1089): CodeIgniter\View\View->render('panel/usuarios_...', Array, true)
#4 C:\xampp\htdocs\blockbuester\app\Controllers\Panel\Usuarios_Planes.php(32): view('panel/usuarios_...', Array)
#5 C:\xampp\htdocs\blockbuester\app\Controllers\Panel\Usuarios_Planes.php(81): App\Controllers\Panel\Usuarios_Planes->create_view('panel/usuarios_...', Array)
#6 C:\xampp\htdocs\blockbuester\vendor\codeigniter4\framework\system\CodeIgniter.php(832): App\Controllers\Panel\Usuarios_Planes->nuevo()
#7 C:\xampp\htdocs\blockbuester\vendor\codeigniter4\framework\system\CodeIgniter.php(419): CodeIgniter\CodeIgniter->runController(Object(App\Controllers\Panel\Usuarios_Planes))
#8 C:\xampp\htdocs\blockbuester\vendor\codeigniter4\framework\system\CodeIgniter.php(326): CodeIgniter\CodeIgniter->handleRequest(NULL, Object(Config\Cache), false)
#9 C:\xampp\htdocs\blockbuester\public\index.php(37): CodeIgniter\CodeIgniter->run()
#10 C:\xampp\htdocs\blockbuester\vendor\codeigniter4\framework\system\Commands\Server\rewrite.php(43): require_once('C:\\xampp\\htdocs...')
#11 {main}
CRITICAL - 2025-03-24 13:37:20 --> Trying to get property 'id_plan' of non-object
#0 C:\xampp\htdocs\blockbuester\app\Views\panel\usuarios_planes_nuevo.php(31): CodeIgniter\Debug\Exceptions->errorHandler(8, 'Trying to get p...', 'C:\\xampp\\htdocs...', 31, Array)
#1 C:\xampp\htdocs\blockbuester\vendor\codeigniter4\framework\system\View\View.php(210): include('C:\\xampp\\htdocs...')
#2 C:\xampp\htdocs\blockbuester\vendor\codeigniter4\framework\system\View\View.php(213): CodeIgniter\View\View->CodeIgniter\View\{closure}()
#3 C:\xampp\htdocs\blockbuester\vendor\codeigniter4\framework\system\Common.php(1089): CodeIgniter\View\View->render('panel/usuarios_...', Array, true)
#4 C:\xampp\htdocs\blockbuester\app\Controllers\Panel\Usuarios_Planes.php(32): view('panel/usuarios_...', Array)
#5 C:\xampp\htdocs\blockbuester\app\Controllers\Panel\Usuarios_Planes.php(81): App\Controllers\Panel\Usuarios_Planes->create_view('panel/usuarios_...', Array)
#6 C:\xampp\htdocs\blockbuester\vendor\codeigniter4\framework\system\CodeIgniter.php(832): App\Controllers\Panel\Usuarios_Planes->nuevo()
#7 C:\xampp\htdocs\blockbuester\vendor\codeigniter4\framework\system\CodeIgniter.php(419): CodeIgniter\CodeIgniter->runController(Object(App\Controllers\Panel\Usuarios_Planes))
#8 C:\xampp\htdocs\blockbuester\vendor\codeigniter4\framework\system\CodeIgniter.php(326): CodeIgniter\CodeIgniter->handleRequest(NULL, Object(Config\Cache), false)
#9 C:\xampp\htdocs\blockbuester\public\index.php(37): CodeIgniter\CodeIgniter->run()
#10 C:\xampp\htdocs\blockbuester\vendor\codeigniter4\framework\system\Commands\Server\rewrite.php(43): require_once('C:\\xampp\\htdocs...')
#11 {main}
CRITICAL - 2025-03-24 13:39:09 --> Undefined index: nombre_usuario
#0 C:\xampp\htdocs\blockbuester\app\Views\panel\usuarios_planes.php(26): CodeIgniter\Debug\Exceptions->errorHandler(8, 'Undefined index...', 'C:\\xampp\\htdocs...', 26, Array)
#1 C:\xampp\htdocs\blockbuester\vendor\codeigniter4\framework\system\View\View.php(210): include('C:\\xampp\\htdocs...')
#2 C:\xampp\htdocs\blockbuester\vendor\codeigniter4\framework\system\View\View.php(213): CodeIgniter\View\View->CodeIgniter\View\{closure}()
#3 C:\xampp\htdocs\blockbuester\vendor\codeigniter4\framework\system\Common.php(1089): CodeIgniter\View\View->render('panel/usuarios_...', Array, true)
#4 C:\xampp\htdocs\blockbuester\app\Controllers\Panel\Usuarios_Planes.php(32): view('panel/usuarios_...', Array)
#5 C:\xampp\htdocs\blockbuester\app\Controllers\Panel\Usuarios_Planes.php(58): App\Controllers\Panel\Usuarios_Planes->create_view('panel/usuarios_...', Array)
#6 C:\xampp\htdocs\blockbuester\vendor\codeigniter4\framework\system\CodeIgniter.php(832): App\Controllers\Panel\Usuarios_Planes->index()
#7 C:\xampp\htdocs\blockbuester\vendor\codeigniter4\framework\system\CodeIgniter.php(419): CodeIgniter\CodeIgniter->runController(Object(App\Controllers\Panel\Usuarios_Planes))
#8 C:\xampp\htdocs\blockbuester\vendor\codeigniter4\framework\system\CodeIgniter.php(326): CodeIgniter\CodeIgniter->handleRequest(NULL, Object(Config\Cache), false)
#9 C:\xampp\htdocs\blockbuester\public\index.php(37): CodeIgniter\CodeIgniter->run()
#10 C:\xampp\htdocs\blockbuester\vendor\codeigniter4\framework\system\Commands\Server\rewrite.php(43): require_once('C:\\xampp\\htdocs...')
#11 {main}
CRITICAL - 2025-03-24 13:41:09 --> Undefined index: nombre_usuario
#0 C:\xampp\htdocs\blockbuester\app\Views\panel\usuarios_planes.php(26): CodeIgniter\Debug\Exceptions->errorHandler(8, 'Undefined index...', 'C:\\xampp\\htdocs...', 26, Array)
#1 C:\xampp\htdocs\blockbuester\vendor\codeigniter4\framework\system\View\View.php(210): include('C:\\xampp\\htdocs...')
#2 C:\xampp\htdocs\blockbuester\vendor\codeigniter4\framework\system\View\View.php(213): CodeIgniter\View\View->CodeIgniter\View\{closure}()
#3 C:\xampp\htdocs\blockbuester\vendor\codeigniter4\framework\system\Common.php(1089): CodeIgniter\View\View->render('panel/usuarios_...', Array, true)
#4 C:\xampp\htdocs\blockbuester\app\Controllers\Panel\Usuarios_Planes.php(32): view('panel/usuarios_...', Array)
#5 C:\xampp\htdocs\blockbuester\app\Controllers\Panel\Usuarios_Planes.php(58): App\Controllers\Panel\Usuarios_Planes->create_view('panel/usuarios_...', Array)
#6 C:\xampp\htdocs\blockbuester\vendor\codeigniter4\framework\system\CodeIgniter.php(832): App\Controllers\Panel\Usuarios_Planes->index()
#7 C:\xampp\htdocs\blockbuester\vendor\codeigniter4\framework\system\CodeIgniter.php(419): CodeIgniter\CodeIgniter->runController(Object(App\Controllers\Panel\Usuarios_Planes))
#8 C:\xampp\htdocs\blockbuester\vendor\codeigniter4\framework\system\CodeIgniter.php(326): CodeIgniter\CodeIgniter->handleRequest(NULL, Object(Config\Cache), false)
#9 C:\xampp\htdocs\blockbuester\public\index.php(37): CodeIgniter\CodeIgniter->run()
#10 C:\xampp\htdocs\blockbuester\vendor\codeigniter4\framework\system\Commands\Server\rewrite.php(43): require_once('C:\\xampp\\htdocs...')
#11 {main}
CRITICAL - 2025-03-24 13:41:10 --> Undefined index: nombre_usuario
#0 C:\xampp\htdocs\blockbuester\app\Views\panel\usuarios_planes.php(26): CodeIgniter\Debug\Exceptions->errorHandler(8, 'Undefined index...', 'C:\\xampp\\htdocs...', 26, Array)
#1 C:\xampp\htdocs\blockbuester\vendor\codeigniter4\framework\system\View\View.php(210): include('C:\\xampp\\htdocs...')
#2 C:\xampp\htdocs\blockbuester\vendor\codeigniter4\framework\system\View\View.php(213): CodeIgniter\View\View->CodeIgniter\View\{closure}()
#3 C:\xampp\htdocs\blockbuester\vendor\codeigniter4\framework\system\Common.php(1089): CodeIgniter\View\View->render('panel/usuarios_...', Array, true)
#4 C:\xampp\htdocs\blockbuester\app\Controllers\Panel\Usuarios_Planes.php(32): view('panel/usuarios_...', Array)
#5 C:\xampp\htdocs\blockbuester\app\Controllers\Panel\Usuarios_Planes.php(58): App\Controllers\Panel\Usuarios_Planes->create_view('panel/usuarios_...', Array)
#6 C:\xampp\htdocs\blockbuester\vendor\codeigniter4\framework\system\CodeIgniter.php(832): App\Controllers\Panel\Usuarios_Planes->index()
#7 C:\xampp\htdocs\blockbuester\vendor\codeigniter4\framework\system\CodeIgniter.php(419): CodeIgniter\CodeIgniter->runController(Object(App\Controllers\Panel\Usuarios_Planes))
#8 C:\xampp\htdocs\blockbuester\vendor\codeigniter4\framework\system\CodeIgniter.php(326): CodeIgniter\CodeIgniter->handleRequest(NULL, Object(Config\Cache), false)
#9 C:\xampp\htdocs\blockbuester\public\index.php(37): CodeIgniter\CodeIgniter->run()
#10 C:\xampp\htdocs\blockbuester\vendor\codeigniter4\framework\system\Commands\Server\rewrite.php(43): require_once('C:\\xampp\\htdocs...')
#11 {main}
CRITICAL - 2025-03-24 13:41:10 --> Undefined index: nombre_usuario
#0 C:\xampp\htdocs\blockbuester\app\Views\panel\usuarios_planes.php(26): CodeIgniter\Debug\Exceptions->errorHandler(8, 'Undefined index...', 'C:\\xampp\\htdocs...', 26, Array)
#1 C:\xampp\htdocs\blockbuester\vendor\codeigniter4\framework\system\View\View.php(210): include('C:\\xampp\\htdocs...')
#2 C:\xampp\htdocs\blockbuester\vendor\codeigniter4\framework\system\View\View.php(213): CodeIgniter\View\View->CodeIgniter\View\{closure}()
#3 C:\xampp\htdocs\blockbuester\vendor\codeigniter4\framework\system\Common.php(1089): CodeIgniter\View\View->render('panel/usuarios_...', Array, true)
#4 C:\xampp\htdocs\blockbuester\app\Controllers\Panel\Usuarios_Planes.php(32): view('panel/usuarios_...', Array)
#5 C:\xampp\htdocs\blockbuester\app\Controllers\Panel\Usuarios_Planes.php(58): App\Controllers\Panel\Usuarios_Planes->create_view('panel/usuarios_...', Array)
#6 C:\xampp\htdocs\blockbuester\vendor\codeigniter4\framework\system\CodeIgniter.php(832): App\Controllers\Panel\Usuarios_Planes->index()
#7 C:\xampp\htdocs\blockbuester\vendor\codeigniter4\framework\system\CodeIgniter.php(419): CodeIgniter\CodeIgniter->runController(Object(App\Controllers\Panel\Usuarios_Planes))
#8 C:\xampp\htdocs\blockbuester\vendor\codeigniter4\framework\system\CodeIgniter.php(326): CodeIgniter\CodeIgniter->handleRequest(NULL, Object(Config\Cache), false)
#9 C:\xampp\htdocs\blockbuester\public\index.php(37): CodeIgniter\CodeIgniter->run()
#10 C:\xampp\htdocs\blockbuester\vendor\codeigniter4\framework\system\Commands\Server\rewrite.php(43): require_once('C:\\xampp\\htdocs...')
#11 {main}
CRITICAL - 2025-03-24 13:41:10 --> Undefined index: nombre_usuario
#0 C:\xampp\htdocs\blockbuester\app\Views\panel\usuarios_planes.php(26): CodeIgniter\Debug\Exceptions->errorHandler(8, 'Undefined index...', 'C:\\xampp\\htdocs...', 26, Array)
#1 C:\xampp\htdocs\blockbuester\vendor\codeigniter4\framework\system\View\View.php(210): include('C:\\xampp\\htdocs...')
#2 C:\xampp\htdocs\blockbuester\vendor\codeigniter4\framework\system\View\View.php(213): CodeIgniter\View\View->CodeIgniter\View\{closure}()
#3 C:\xampp\htdocs\blockbuester\vendor\codeigniter4\framework\system\Common.php(1089): CodeIgniter\View\View->render('panel/usuarios_...', Array, true)
#4 C:\xampp\htdocs\blockbuester\app\Controllers\Panel\Usuarios_Planes.php(32): view('panel/usuarios_...', Array)
#5 C:\xampp\htdocs\blockbuester\app\Controllers\Panel\Usuarios_Planes.php(58): App\Controllers\Panel\Usuarios_Planes->create_view('panel/usuarios_...', Array)
#6 C:\xampp\htdocs\blockbuester\vendor\codeigniter4\framework\system\CodeIgniter.php(832): App\Controllers\Panel\Usuarios_Planes->index()
#7 C:\xampp\htdocs\blockbuester\vendor\codeigniter4\framework\system\CodeIgniter.php(419): CodeIgniter\CodeIgniter->runController(Object(App\Controllers\Panel\Usuarios_Planes))
#8 C:\xampp\htdocs\blockbuester\vendor\codeigniter4\framework\system\CodeIgniter.php(326): CodeIgniter\CodeIgniter->handleRequest(NULL, Object(Config\Cache), false)
#9 C:\xampp\htdocs\blockbuester\public\index.php(37): CodeIgniter\CodeIgniter->run()
#10 C:\xampp\htdocs\blockbuester\vendor\codeigniter4\framework\system\Commands\Server\rewrite.php(43): require_once('C:\\xampp\\htdocs...')
#11 {main}
CRITICAL - 2025-03-24 13:41:10 --> Undefined index: nombre_usuario
#0 C:\xampp\htdocs\blockbuester\app\Views\panel\usuarios_planes.php(26): CodeIgniter\Debug\Exceptions->errorHandler(8, 'Undefined index...', 'C:\\xampp\\htdocs...', 26, Array)
#1 C:\xampp\htdocs\blockbuester\vendor\codeigniter4\framework\system\View\View.php(210): include('C:\\xampp\\htdocs...')
#2 C:\xampp\htdocs\blockbuester\vendor\codeigniter4\framework\system\View\View.php(213): CodeIgniter\View\View->CodeIgniter\View\{closure}()
#3 C:\xampp\htdocs\blockbuester\vendor\codeigniter4\framework\system\Common.php(1089): CodeIgniter\View\View->render('panel/usuarios_...', Array, true)
#4 C:\xampp\htdocs\blockbuester\app\Controllers\Panel\Usuarios_Planes.php(32): view('panel/usuarios_...', Array)
#5 C:\xampp\htdocs\blockbuester\app\Controllers\Panel\Usuarios_Planes.php(58): App\Controllers\Panel\Usuarios_Planes->create_view('panel/usuarios_...', Array)
#6 C:\xampp\htdocs\blockbuester\vendor\codeigniter4\framework\system\CodeIgniter.php(832): App\Controllers\Panel\Usuarios_Planes->index()
#7 C:\xampp\htdocs\blockbuester\vendor\codeigniter4\framework\system\CodeIgniter.php(419): CodeIgniter\CodeIgniter->runController(Object(App\Controllers\Panel\Usuarios_Planes))
#8 C:\xampp\htdocs\blockbuester\vendor\codeigniter4\framework\system\CodeIgniter.php(326): CodeIgniter\CodeIgniter->handleRequest(NULL, Object(Config\Cache), false)
#9 C:\xampp\htdocs\blockbuester\public\index.php(37): CodeIgniter\CodeIgniter->run()
#10 C:\xampp\htdocs\blockbuester\vendor\codeigniter4\framework\system\Commands\Server\rewrite.php(43): require_once('C:\\xampp\\htdocs...')
#11 {main}
CRITICAL - 2025-03-24 13:41:11 --> Undefined index: nombre_usuario
#0 C:\xampp\htdocs\blockbuester\app\Views\panel\usuarios_planes.php(26): CodeIgniter\Debug\Exceptions->errorHandler(8, 'Undefined index...', 'C:\\xampp\\htdocs...', 26, Array)
#1 C:\xampp\htdocs\blockbuester\vendor\codeigniter4\framework\system\View\View.php(210): include('C:\\xampp\\htdocs...')
#2 C:\xampp\htdocs\blockbuester\vendor\codeigniter4\framework\system\View\View.php(213): CodeIgniter\View\View->CodeIgniter\View\{closure}()
#3 C:\xampp\htdocs\blockbuester\vendor\codeigniter4\framework\system\Common.php(1089): CodeIgniter\View\View->render('panel/usuarios_...', Array, true)
#4 C:\xampp\htdocs\blockbuester\app\Controllers\Panel\Usuarios_Planes.php(32): view('panel/usuarios_...', Array)
#5 C:\xampp\htdocs\blockbuester\app\Controllers\Panel\Usuarios_Planes.php(58): App\Controllers\Panel\Usuarios_Planes->create_view('panel/usuarios_...', Array)
#6 C:\xampp\htdocs\blockbuester\vendor\codeigniter4\framework\system\CodeIgniter.php(832): App\Controllers\Panel\Usuarios_Planes->index()
#7 C:\xampp\htdocs\blockbuester\vendor\codeigniter4\framework\system\CodeIgniter.php(419): CodeIgniter\CodeIgniter->runController(Object(App\Controllers\Panel\Usuarios_Planes))
#8 C:\xampp\htdocs\blockbuester\vendor\codeigniter4\framework\system\CodeIgniter.php(326): CodeIgniter\CodeIgniter->handleRequest(NULL, Object(Config\Cache), false)
#9 C:\xampp\htdocs\blockbuester\public\index.php(37): CodeIgniter\CodeIgniter->run()
#10 C:\xampp\htdocs\blockbuester\vendor\codeigniter4\framework\system\Commands\Server\rewrite.php(43): require_once('C:\\xampp\\htdocs...')
#11 {main}
CRITICAL - 2025-03-24 13:41:11 --> Undefined index: nombre_usuario
#0 C:\xampp\htdocs\blockbuester\app\Views\panel\usuarios_planes.php(26): CodeIgniter\Debug\Exceptions->errorHandler(8, 'Undefined index...', 'C:\\xampp\\htdocs...', 26, Array)
#1 C:\xampp\htdocs\blockbuester\vendor\codeigniter4\framework\system\View\View.php(210): include('C:\\xampp\\htdocs...')
#2 C:\xampp\htdocs\blockbuester\vendor\codeigniter4\framework\system\View\View.php(213): CodeIgniter\View\View->CodeIgniter\View\{closure}()
#3 C:\xampp\htdocs\blockbuester\vendor\codeigniter4\framework\system\Common.php(1089): CodeIgniter\View\View->render('panel/usuarios_...', Array, true)
#4 C:\xampp\htdocs\blockbuester\app\Controllers\Panel\Usuarios_Planes.php(32): view('panel/usuarios_...', Array)
#5 C:\xampp\htdocs\blockbuester\app\Controllers\Panel\Usuarios_Planes.php(58): App\Controllers\Panel\Usuarios_Planes->create_view('panel/usuarios_...', Array)
#6 C:\xampp\htdocs\blockbuester\vendor\codeigniter4\framework\system\CodeIgniter.php(832): App\Controllers\Panel\Usuarios_Planes->index()
#7 C:\xampp\htdocs\blockbuester\vendor\codeigniter4\framework\system\CodeIgniter.php(419): CodeIgniter\CodeIgniter->runController(Object(App\Controllers\Panel\Usuarios_Planes))
#8 C:\xampp\htdocs\blockbuester\vendor\codeigniter4\framework\system\CodeIgniter.php(326): CodeIgniter\CodeIgniter->handleRequest(NULL, Object(Config\Cache), false)
#9 C:\xampp\htdocs\blockbuester\public\index.php(37): CodeIgniter\CodeIgniter->run()
#10 C:\xampp\htdocs\blockbuester\vendor\codeigniter4\framework\system\Commands\Server\rewrite.php(43): require_once('C:\\xampp\\htdocs...')
#11 {main}
CRITICAL - 2025-03-24 13:41:15 --> Undefined index: nombre_usuario
#0 C:\xampp\htdocs\blockbuester\app\Views\panel\usuarios_planes.php(26): CodeIgniter\Debug\Exceptions->errorHandler(8, 'Undefined index...', 'C:\\xampp\\htdocs...', 26, Array)
#1 C:\xampp\htdocs\blockbuester\vendor\codeigniter4\framework\system\View\View.php(210): include('C:\\xampp\\htdocs...')
#2 C:\xampp\htdocs\blockbuester\vendor\codeigniter4\framework\system\View\View.php(213): CodeIgniter\View\View->CodeIgniter\View\{closure}()
#3 C:\xampp\htdocs\blockbuester\vendor\codeigniter4\framework\system\Common.php(1089): CodeIgniter\View\View->render('panel/usuarios_...', Array, true)
#4 C:\xampp\htdocs\blockbuester\app\Controllers\Panel\Usuarios_Planes.php(32): view('panel/usuarios_...', Array)
#5 C:\xampp\htdocs\blockbuester\app\Controllers\Panel\Usuarios_Planes.php(58): App\Controllers\Panel\Usuarios_Planes->create_view('panel/usuarios_...', Array)
#6 C:\xampp\htdocs\blockbuester\vendor\codeigniter4\framework\system\CodeIgniter.php(832): App\Controllers\Panel\Usuarios_Planes->index()
#7 C:\xampp\htdocs\blockbuester\vendor\codeigniter4\framework\system\CodeIgniter.php(419): CodeIgniter\CodeIgniter->runController(Object(App\Controllers\Panel\Usuarios_Planes))
#8 C:\xampp\htdocs\blockbuester\vendor\codeigniter4\framework\system\CodeIgniter.php(326): CodeIgniter\CodeIgniter->handleRequest(NULL, Object(Config\Cache), false)
#9 C:\xampp\htdocs\blockbuester\public\index.php(37): CodeIgniter\CodeIgniter->run()
#10 C:\xampp\htdocs\blockbuester\vendor\codeigniter4\framework\system\Commands\Server\rewrite.php(43): require_once('C:\\xampp\\htdocs...')
#11 {main}
CRITICAL - 2025-03-24 13:42:21 --> Trying to get property 'id_usuario_plan' of non-object
#0 C:\xampp\htdocs\blockbuester\app\Views\panel\usuarios_planes_editar.php(11): CodeIgniter\Debug\Exceptions->errorHandler(8, 'Trying to get p...', 'C:\\xampp\\htdocs...', 11, Array)
#1 C:\xampp\htdocs\blockbuester\vendor\codeigniter4\framework\system\View\View.php(210): include('C:\\xampp\\htdocs...')
#2 C:\xampp\htdocs\blockbuester\vendor\codeigniter4\framework\system\View\View.php(213): CodeIgniter\View\View->CodeIgniter\View\{closure}()
#3 C:\xampp\htdocs\blockbuester\vendor\codeigniter4\framework\system\Common.php(1089): CodeIgniter\View\View->render('panel/usuarios_...', Array, true)
#4 C:\xampp\htdocs\blockbuester\app\Controllers\Panel\Usuarios_Planes.php(32): view('panel/usuarios_...', Array)
#5 C:\xampp\htdocs\blockbuester\app\Controllers\Panel\Usuarios_Planes.php(130): App\Controllers\Panel\Usuarios_Planes->create_view('panel/usuarios_...', Array)
#6 C:\xampp\htdocs\blockbuester\vendor\codeigniter4\framework\system\CodeIgniter.php(832): App\Controllers\Panel\Usuarios_Planes->editar('2')
#7 C:\xampp\htdocs\blockbuester\vendor\codeigniter4\framework\system\CodeIgniter.php(419): CodeIgniter\CodeIgniter->runController(Object(App\Controllers\Panel\Usuarios_Planes))
#8 C:\xampp\htdocs\blockbuester\vendor\codeigniter4\framework\system\CodeIgniter.php(326): CodeIgniter\CodeIgniter->handleRequest(NULL, Object(Config\Cache), false)
#9 C:\xampp\htdocs\blockbuester\public\index.php(37): CodeIgniter\CodeIgniter->run()
#10 C:\xampp\htdocs\blockbuester\vendor\codeigniter4\framework\system\Commands\Server\rewrite.php(43): require_once('C:\\xampp\\htdocs...')
#11 {main}
CRITICAL - 2025-03-24 13:44:49 --> Trying to get property 'id_plan' of non-object
#0 C:\xampp\htdocs\blockbuester\app\Views\panel\usuarios_planes_editar.php(31): CodeIgniter\Debug\Exceptions->errorHandler(8, 'Trying to get p...', 'C:\\xampp\\htdocs...', 31, Array)
#1 C:\xampp\htdocs\blockbuester\vendor\codeigniter4\framework\system\View\View.php(210): include('C:\\xampp\\htdocs...')
#2 C:\xampp\htdocs\blockbuester\vendor\codeigniter4\framework\system\View\View.php(213): CodeIgniter\View\View->CodeIgniter\View\{closure}()
#3 C:\xampp\htdocs\blockbuester\vendor\codeigniter4\framework\system\Common.php(1089): CodeIgniter\View\View->render('panel/usuarios_...', Array, true)
#4 C:\xampp\htdocs\blockbuester\app\Controllers\Panel\Usuarios_Planes.php(32): view('panel/usuarios_...', Array)
#5 C:\xampp\htdocs\blockbuester\app\Controllers\Panel\Usuarios_Planes.php(135): App\Controllers\Panel\Usuarios_Planes->create_view('panel/usuarios_...', Array)
#6 C:\xampp\htdocs\blockbuester\vendor\codeigniter4\framework\system\CodeIgniter.php(832): App\Controllers\Panel\Usuarios_Planes->editar('2')
#7 C:\xampp\htdocs\blockbuester\vendor\codeigniter4\framework\system\CodeIgniter.php(419): CodeIgniter\CodeIgniter->runController(Object(App\Controllers\Panel\Usuarios_Planes))
#8 C:\xampp\htdocs\blockbuester\vendor\codeigniter4\framework\system\CodeIgniter.php(326): CodeIgniter\CodeIgniter->handleRequest(NULL, Object(Config\Cache), false)
#9 C:\xampp\htdocs\blockbuester\public\index.php(37): CodeIgniter\CodeIgniter->run()
#10 C:\xampp\htdocs\blockbuester\vendor\codeigniter4\framework\system\Commands\Server\rewrite.php(43): require_once('C:\\xampp\\htdocs...')
#11 {main}
CRITICAL - 2025-03-24 13:47:21 --> Trying to get property 'id_plan' of non-object
#0 C:\xampp\htdocs\blockbuester\app\Views\panel\usuarios_planes_editar.php(33): CodeIgniter\Debug\Exceptions->errorHandler(8, 'Trying to get p...', 'C:\\xampp\\htdocs...', 33, Array)
#1 C:\xampp\htdocs\blockbuester\vendor\codeigniter4\framework\system\View\View.php(210): include('C:\\xampp\\htdocs...')
#2 C:\xampp\htdocs\blockbuester\vendor\codeigniter4\framework\system\View\View.php(213): CodeIgniter\View\View->CodeIgniter\View\{closure}()
#3 C:\xampp\htdocs\blockbuester\vendor\codeigniter4\framework\system\Common.php(1089): CodeIgniter\View\View->render('panel/usuarios_...', Array, true)
#4 C:\xampp\htdocs\blockbuester\app\Controllers\Panel\Usuarios_Planes.php(32): view('panel/usuarios_...', Array)
#5 C:\xampp\htdocs\blockbuester\app\Controllers\Panel\Usuarios_Planes.php(135): App\Controllers\Panel\Usuarios_Planes->create_view('panel/usuarios_...', Array)
#6 C:\xampp\htdocs\blockbuester\vendor\codeigniter4\framework\system\CodeIgniter.php(832): App\Controllers\Panel\Usuarios_Planes->editar('2')
#7 C:\xampp\htdocs\blockbuester\vendor\codeigniter4\framework\system\CodeIgniter.php(419): CodeIgniter\CodeIgniter->runController(Object(App\Controllers\Panel\Usuarios_Planes))
#8 C:\xampp\htdocs\blockbuester\vendor\codeigniter4\framework\system\CodeIgniter.php(326): CodeIgniter\CodeIgniter->handleRequest(NULL, Object(Config\Cache), false)
#9 C:\xampp\htdocs\blockbuester\public\index.php(37): CodeIgniter\CodeIgniter->run()
#10 C:\xampp\htdocs\blockbuester\vendor\codeigniter4\framework\system\Commands\Server\rewrite.php(43): require_once('C:\\xampp\\htdocs...')
#11 {main}
CRITICAL - 2025-03-24 13:47:22 --> Trying to get property 'id_plan' of non-object
#0 C:\xampp\htdocs\blockbuester\app\Views\panel\usuarios_planes_editar.php(33): CodeIgniter\Debug\Exceptions->errorHandler(8, 'Trying to get p...', 'C:\\xampp\\htdocs...', 33, Array)
#1 C:\xampp\htdocs\blockbuester\vendor\codeigniter4\framework\system\View\View.php(210): include('C:\\xampp\\htdocs...')
#2 C:\xampp\htdocs\blockbuester\vendor\codeigniter4\framework\system\View\View.php(213): CodeIgniter\View\View->CodeIgniter\View\{closure}()
#3 C:\xampp\htdocs\blockbuester\vendor\codeigniter4\framework\system\Common.php(1089): CodeIgniter\View\View->render('panel/usuarios_...', Array, true)
#4 C:\xampp\htdocs\blockbuester\app\Controllers\Panel\Usuarios_Planes.php(32): view('panel/usuarios_...', Array)
#5 C:\xampp\htdocs\blockbuester\app\Controllers\Panel\Usuarios_Planes.php(135): App\Controllers\Panel\Usuarios_Planes->create_view('panel/usuarios_...', Array)
#6 C:\xampp\htdocs\blockbuester\vendor\codeigniter4\framework\system\CodeIgniter.php(832): App\Controllers\Panel\Usuarios_Planes->editar('2')
#7 C:\xampp\htdocs\blockbuester\vendor\codeigniter4\framework\system\CodeIgniter.php(419): CodeIgniter\CodeIgniter->runController(Object(App\Controllers\Panel\Usuarios_Planes))
#8 C:\xampp\htdocs\blockbuester\vendor\codeigniter4\framework\system\CodeIgniter.php(326): CodeIgniter\CodeIgniter->handleRequest(NULL, Object(Config\Cache), false)
#9 C:\xampp\htdocs\blockbuester\public\index.php(37): CodeIgniter\CodeIgniter->run()
#10 C:\xampp\htdocs\blockbuester\vendor\codeigniter4\framework\system\Commands\Server\rewrite.php(43): require_once('C:\\xampp\\htdocs...')
#11 {main}
CRITICAL - 2025-03-24 13:47:22 --> Trying to get property 'id_plan' of non-object
#0 C:\xampp\htdocs\blockbuester\app\Views\panel\usuarios_planes_editar.php(33): CodeIgniter\Debug\Exceptions->errorHandler(8, 'Trying to get p...', 'C:\\xampp\\htdocs...', 33, Array)
#1 C:\xampp\htdocs\blockbuester\vendor\codeigniter4\framework\system\View\View.php(210): include('C:\\xampp\\htdocs...')
#2 C:\xampp\htdocs\blockbuester\vendor\codeigniter4\framework\system\View\View.php(213): CodeIgniter\View\View->CodeIgniter\View\{closure}()
#3 C:\xampp\htdocs\blockbuester\vendor\codeigniter4\framework\system\Common.php(1089): CodeIgniter\View\View->render('panel/usuarios_...', Array, true)
#4 C:\xampp\htdocs\blockbuester\app\Controllers\Panel\Usuarios_Planes.php(32): view('panel/usuarios_...', Array)
#5 C:\xampp\htdocs\blockbuester\app\Controllers\Panel\Usuarios_Planes.php(135): App\Controllers\Panel\Usuarios_Planes->create_view('panel/usuarios_...', Array)
#6 C:\xampp\htdocs\blockbuester\vendor\codeigniter4\framework\system\CodeIgniter.php(832): App\Controllers\Panel\Usuarios_Planes->editar('2')
#7 C:\xampp\htdocs\blockbuester\vendor\codeigniter4\framework\system\CodeIgniter.php(419): CodeIgniter\CodeIgniter->runController(Object(App\Controllers\Panel\Usuarios_Planes))
#8 C:\xampp\htdocs\blockbuester\vendor\codeigniter4\framework\system\CodeIgniter.php(326): CodeIgniter\CodeIgniter->handleRequest(NULL, Object(Config\Cache), false)
#9 C:\xampp\htdocs\blockbuester\public\index.php(37): CodeIgniter\CodeIgniter->run()
#10 C:\xampp\htdocs\blockbuester\vendor\codeigniter4\framework\system\Commands\Server\rewrite.php(43): require_once('C:\\xampp\\htdocs...')
#11 {main}
CRITICAL - 2025-03-24 13:47:23 --> Trying to get property 'id_plan' of non-object
#0 C:\xampp\htdocs\blockbuester\app\Views\panel\usuarios_planes_editar.php(33): CodeIgniter\Debug\Exceptions->errorHandler(8, 'Trying to get p...', 'C:\\xampp\\htdocs...', 33, Array)
#1 C:\xampp\htdocs\blockbuester\vendor\codeigniter4\framework\system\View\View.php(210): include('C:\\xampp\\htdocs...')
#2 C:\xampp\htdocs\blockbuester\vendor\codeigniter4\framework\system\View\View.php(213): CodeIgniter\View\View->CodeIgniter\View\{closure}()
#3 C:\xampp\htdocs\blockbuester\vendor\codeigniter4\framework\system\Common.php(1089): CodeIgniter\View\View->render('panel/usuarios_...', Array, true)
#4 C:\xampp\htdocs\blockbuester\app\Controllers\Panel\Usuarios_Planes.php(32): view('panel/usuarios_...', Array)
#5 C:\xampp\htdocs\blockbuester\app\Controllers\Panel\Usuarios_Planes.php(135): App\Controllers\Panel\Usuarios_Planes->create_view('panel/usuarios_...', Array)
#6 C:\xampp\htdocs\blockbuester\vendor\codeigniter4\framework\system\CodeIgniter.php(832): App\Controllers\Panel\Usuarios_Planes->editar('2')
#7 C:\xampp\htdocs\blockbuester\vendor\codeigniter4\framework\system\CodeIgniter.php(419): CodeIgniter\CodeIgniter->runController(Object(App\Controllers\Panel\Usuarios_Planes))
#8 C:\xampp\htdocs\blockbuester\vendor\codeigniter4\framework\system\CodeIgniter.php(326): CodeIgniter\CodeIgniter->handleRequest(NULL, Object(Config\Cache), false)
#9 C:\xampp\htdocs\blockbuester\public\index.php(37): CodeIgniter\CodeIgniter->run()
#10 C:\xampp\htdocs\blockbuester\vendor\codeigniter4\framework\system\Commands\Server\rewrite.php(43): require_once('C:\\xampp\\htdocs...')
#11 {main}
CRITICAL - 2025-03-24 13:47:23 --> Trying to get property 'id_plan' of non-object
#0 C:\xampp\htdocs\blockbuester\app\Views\panel\usuarios_planes_editar.php(33): CodeIgniter\Debug\Exceptions->errorHandler(8, 'Trying to get p...', 'C:\\xampp\\htdocs...', 33, Array)
#1 C:\xampp\htdocs\blockbuester\vendor\codeigniter4\framework\system\View\View.php(210): include('C:\\xampp\\htdocs...')
#2 C:\xampp\htdocs\blockbuester\vendor\codeigniter4\framework\system\View\View.php(213): CodeIgniter\View\View->CodeIgniter\View\{closure}()
#3 C:\xampp\htdocs\blockbuester\vendor\codeigniter4\framework\system\Common.php(1089): CodeIgniter\View\View->render('panel/usuarios_...', Array, true)
#4 C:\xampp\htdocs\blockbuester\app\Controllers\Panel\Usuarios_Planes.php(32): view('panel/usuarios_...', Array)
#5 C:\xampp\htdocs\blockbuester\app\Controllers\Panel\Usuarios_Planes.php(135): App\Controllers\Panel\Usuarios_Planes->create_view('panel/usuarios_...', Array)
#6 C:\xampp\htdocs\blockbuester\vendor\codeigniter4\framework\system\CodeIgniter.php(832): App\Controllers\Panel\Usuarios_Planes->editar('2')
#7 C:\xampp\htdocs\blockbuester\vendor\codeigniter4\framework\system\CodeIgniter.php(419): CodeIgniter\CodeIgniter->runController(Object(App\Controllers\Panel\Usuarios_Planes))
#8 C:\xampp\htdocs\blockbuester\vendor\codeigniter4\framework\system\CodeIgniter.php(326): CodeIgniter\CodeIgniter->handleRequest(NULL, Object(Config\Cache), false)
#9 C:\xampp\htdocs\blockbuester\public\index.php(37): CodeIgniter\CodeIgniter->run()
#10 C:\xampp\htdocs\blockbuester\vendor\codeigniter4\framework\system\Commands\Server\rewrite.php(43): require_once('C:\\xampp\\htdocs...')
#11 {main}
CRITICAL - 2025-03-24 13:47:23 --> Trying to get property 'id_plan' of non-object
#0 C:\xampp\htdocs\blockbuester\app\Views\panel\usuarios_planes_editar.php(33): CodeIgniter\Debug\Exceptions->errorHandler(8, 'Trying to get p...', 'C:\\xampp\\htdocs...', 33, Array)
#1 C:\xampp\htdocs\blockbuester\vendor\codeigniter4\framework\system\View\View.php(210): include('C:\\xampp\\htdocs...')
#2 C:\xampp\htdocs\blockbuester\vendor\codeigniter4\framework\system\View\View.php(213): CodeIgniter\View\View->CodeIgniter\View\{closure}()
#3 C:\xampp\htdocs\blockbuester\vendor\codeigniter4\framework\system\Common.php(1089): CodeIgniter\View\View->render('panel/usuarios_...', Array, true)
#4 C:\xampp\htdocs\blockbuester\app\Controllers\Panel\Usuarios_Planes.php(32): view('panel/usuarios_...', Array)
#5 C:\xampp\htdocs\blockbuester\app\Controllers\Panel\Usuarios_Planes.php(135): App\Controllers\Panel\Usuarios_Planes->create_view('panel/usuarios_...', Array)
#6 C:\xampp\htdocs\blockbuester\vendor\codeigniter4\framework\system\CodeIgniter.php(832): App\Controllers\Panel\Usuarios_Planes->editar('2')
#7 C:\xampp\htdocs\blockbuester\vendor\codeigniter4\framework\system\CodeIgniter.php(419): CodeIgniter\CodeIgniter->runController(Object(App\Controllers\Panel\Usuarios_Planes))
#8 C:\xampp\htdocs\blockbuester\vendor\codeigniter4\framework\system\CodeIgniter.php(326): CodeIgniter\CodeIgniter->handleRequest(NULL, Object(Config\Cache), false)
#9 C:\xampp\htdocs\blockbuester\public\index.php(37): CodeIgniter\CodeIgniter->run()
#10 C:\xampp\htdocs\blockbuester\vendor\codeigniter4\framework\system\Commands\Server\rewrite.php(43): require_once('C:\\xampp\\htdocs...')
#11 {main}
CRITICAL - 2025-03-24 13:47:25 --> Trying to get property 'id_plan' of non-object
#0 C:\xampp\htdocs\blockbuester\app\Views\panel\usuarios_planes_editar.php(33): CodeIgniter\Debug\Exceptions->errorHandler(8, 'Trying to get p...', 'C:\\xampp\\htdocs...', 33, Array)
#1 C:\xampp\htdocs\blockbuester\vendor\codeigniter4\framework\system\View\View.php(210): include('C:\\xampp\\htdocs...')
#2 C:\xampp\htdocs\blockbuester\vendor\codeigniter4\framework\system\View\View.php(213): CodeIgniter\View\View->CodeIgniter\View\{closure}()
#3 C:\xampp\htdocs\blockbuester\vendor\codeigniter4\framework\system\Common.php(1089): CodeIgniter\View\View->render('panel/usuarios_...', Array, true)
#4 C:\xampp\htdocs\blockbuester\app\Controllers\Panel\Usuarios_Planes.php(32): view('panel/usuarios_...', Array)
#5 C:\xampp\htdocs\blockbuester\app\Controllers\Panel\Usuarios_Planes.php(135): App\Controllers\Panel\Usuarios_Planes->create_view('panel/usuarios_...', Array)
#6 C:\xampp\htdocs\blockbuester\vendor\codeigniter4\framework\system\CodeIgniter.php(832): App\Controllers\Panel\Usuarios_Planes->editar('2')
#7 C:\xampp\htdocs\blockbuester\vendor\codeigniter4\framework\system\CodeIgniter.php(419): CodeIgniter\CodeIgniter->runController(Object(App\Controllers\Panel\Usuarios_Planes))
#8 C:\xampp\htdocs\blockbuester\vendor\codeigniter4\framework\system\CodeIgniter.php(326): CodeIgniter\CodeIgniter->handleRequest(NULL, Object(Config\Cache), false)
#9 C:\xampp\htdocs\blockbuester\public\index.php(37): CodeIgniter\CodeIgniter->run()
#10 C:\xampp\htdocs\blockbuester\vendor\codeigniter4\framework\system\Commands\Server\rewrite.php(43): require_once('C:\\xampp\\htdocs...')
#11 {main}
CRITICAL - 2025-03-24 13:48:11 --> Trying to get property 'id_plan' of non-object
#0 C:\xampp\htdocs\blockbuester\app\Views\panel\usuarios_planes_editar.php(33): CodeIgniter\Debug\Exceptions->errorHandler(8, 'Trying to get p...', 'C:\\xampp\\htdocs...', 33, Array)
#1 C:\xampp\htdocs\blockbuester\vendor\codeigniter4\framework\system\View\View.php(210): include('C:\\xampp\\htdocs...')
#2 C:\xampp\htdocs\blockbuester\vendor\codeigniter4\framework\system\View\View.php(213): CodeIgniter\View\View->CodeIgniter\View\{closure}()
#3 C:\xampp\htdocs\blockbuester\vendor\codeigniter4\framework\system\Common.php(1089): CodeIgniter\View\View->render('panel/usuarios_...', Array, true)
#4 C:\xampp\htdocs\blockbuester\app\Controllers\Panel\Usuarios_Planes.php(32): view('panel/usuarios_...', Array)
#5 C:\xampp\htdocs\blockbuester\app\Controllers\Panel\Usuarios_Planes.php(135): App\Controllers\Panel\Usuarios_Planes->create_view('panel/usuarios_...', Array)
#6 C:\xampp\htdocs\blockbuester\vendor\codeigniter4\framework\system\CodeIgniter.php(832): App\Controllers\Panel\Usuarios_Planes->editar('2')
#7 C:\xampp\htdocs\blockbuester\vendor\codeigniter4\framework\system\CodeIgniter.php(419): CodeIgniter\CodeIgniter->runController(Object(App\Controllers\Panel\Usuarios_Planes))
#8 C:\xampp\htdocs\blockbuester\vendor\codeigniter4\framework\system\CodeIgniter.php(326): CodeIgniter\CodeIgniter->handleRequest(NULL, Object(Config\Cache), false)
#9 C:\xampp\htdocs\blockbuester\public\index.php(37): CodeIgniter\CodeIgniter->run()
#10 C:\xampp\htdocs\blockbuester\vendor\codeigniter4\framework\system\Commands\Server\rewrite.php(43): require_once('C:\\xampp\\htdocs...')
#11 {main}
CRITICAL - 2025-03-24 13:52:47 --> Trying to get property 'id_plan' of non-object
#0 C:\xampp\htdocs\blockbuester\app\Views\panel\usuarios_planes_editar.php(33): CodeIgniter\Debug\Exceptions->errorHandler(8, 'Trying to get p...', 'C:\\xampp\\htdocs...', 33, Array)
#1 C:\xampp\htdocs\blockbuester\vendor\codeigniter4\framework\system\View\View.php(210): include('C:\\xampp\\htdocs...')
#2 C:\xampp\htdocs\blockbuester\vendor\codeigniter4\framework\system\View\View.php(213): CodeIgniter\View\View->CodeIgniter\View\{closure}()
#3 C:\xampp\htdocs\blockbuester\vendor\codeigniter4\framework\system\Common.php(1089): CodeIgniter\View\View->render('panel/usuarios_...', Array, true)
#4 C:\xampp\htdocs\blockbuester\app\Controllers\Panel\Usuarios_Planes.php(32): view('panel/usuarios_...', Array)
#5 C:\xampp\htdocs\blockbuester\app\Controllers\Panel\Usuarios_Planes.php(135): App\Controllers\Panel\Usuarios_Planes->create_view('panel/usuarios_...', Array)
#6 C:\xampp\htdocs\blockbuester\vendor\codeigniter4\framework\system\CodeIgniter.php(832): App\Controllers\Panel\Usuarios_Planes->editar('2')
#7 C:\xampp\htdocs\blockbuester\vendor\codeigniter4\framework\system\CodeIgniter.php(419): CodeIgniter\CodeIgniter->runController(Object(App\Controllers\Panel\Usuarios_Planes))
#8 C:\xampp\htdocs\blockbuester\vendor\codeigniter4\framework\system\CodeIgniter.php(326): CodeIgniter\CodeIgniter->handleRequest(NULL, Object(Config\Cache), false)
#9 C:\xampp\htdocs\blockbuester\public\index.php(37): CodeIgniter\CodeIgniter->run()
#10 C:\xampp\htdocs\blockbuester\vendor\codeigniter4\framework\system\Commands\Server\rewrite.php(43): require_once('C:\\xampp\\htdocs...')
#11 {main}
CRITICAL - 2025-03-24 13:52:48 --> Trying to get property 'id_plan' of non-object
#0 C:\xampp\htdocs\blockbuester\app\Views\panel\usuarios_planes_editar.php(33): CodeIgniter\Debug\Exceptions->errorHandler(8, 'Trying to get p...', 'C:\\xampp\\htdocs...', 33, Array)
#1 C:\xampp\htdocs\blockbuester\vendor\codeigniter4\framework\system\View\View.php(210): include('C:\\xampp\\htdocs...')
#2 C:\xampp\htdocs\blockbuester\vendor\codeigniter4\framework\system\View\View.php(213): CodeIgniter\View\View->CodeIgniter\View\{closure}()
#3 C:\xampp\htdocs\blockbuester\vendor\codeigniter4\framework\system\Common.php(1089): CodeIgniter\View\View->render('panel/usuarios_...', Array, true)
#4 C:\xampp\htdocs\blockbuester\app\Controllers\Panel\Usuarios_Planes.php(32): view('panel/usuarios_...', Array)
#5 C:\xampp\htdocs\blockbuester\app\Controllers\Panel\Usuarios_Planes.php(135): App\Controllers\Panel\Usuarios_Planes->create_view('panel/usuarios_...', Array)
#6 C:\xampp\htdocs\blockbuester\vendor\codeigniter4\framework\system\CodeIgniter.php(832): App\Controllers\Panel\Usuarios_Planes->editar('2')
#7 C:\xampp\htdocs\blockbuester\vendor\codeigniter4\framework\system\CodeIgniter.php(419): CodeIgniter\CodeIgniter->runController(Object(App\Controllers\Panel\Usuarios_Planes))
#8 C:\xampp\htdocs\blockbuester\vendor\codeigniter4\framework\system\CodeIgniter.php(326): CodeIgniter\CodeIgniter->handleRequest(NULL, Object(Config\Cache), false)
#9 C:\xampp\htdocs\blockbuester\public\index.php(37): CodeIgniter\CodeIgniter->run()
#10 C:\xampp\htdocs\blockbuester\vendor\codeigniter4\framework\system\Commands\Server\rewrite.php(43): require_once('C:\\xampp\\htdocs...')
#11 {main}
CRITICAL - 2025-03-24 13:52:49 --> Trying to get property 'id_plan' of non-object
#0 C:\xampp\htdocs\blockbuester\app\Views\panel\usuarios_planes_editar.php(33): CodeIgniter\Debug\Exceptions->errorHandler(8, 'Trying to get p...', 'C:\\xampp\\htdocs...', 33, Array)
#1 C:\xampp\htdocs\blockbuester\vendor\codeigniter4\framework\system\View\View.php(210): include('C:\\xampp\\htdocs...')
#2 C:\xampp\htdocs\blockbuester\vendor\codeigniter4\framework\system\View\View.php(213): CodeIgniter\View\View->CodeIgniter\View\{closure}()
#3 C:\xampp\htdocs\blockbuester\vendor\codeigniter4\framework\system\Common.php(1089): CodeIgniter\View\View->render('panel/usuarios_...', Array, true)
#4 C:\xampp\htdocs\blockbuester\app\Controllers\Panel\Usuarios_Planes.php(32): view('panel/usuarios_...', Array)
#5 C:\xampp\htdocs\blockbuester\app\Controllers\Panel\Usuarios_Planes.php(135): App\Controllers\Panel\Usuarios_Planes->create_view('panel/usuarios_...', Array)
#6 C:\xampp\htdocs\blockbuester\vendor\codeigniter4\framework\system\CodeIgniter.php(832): App\Controllers\Panel\Usuarios_Planes->editar('2')
#7 C:\xampp\htdocs\blockbuester\vendor\codeigniter4\framework\system\CodeIgniter.php(419): CodeIgniter\CodeIgniter->runController(Object(App\Controllers\Panel\Usuarios_Planes))
#8 C:\xampp\htdocs\blockbuester\vendor\codeigniter4\framework\system\CodeIgniter.php(326): CodeIgniter\CodeIgniter->handleRequest(NULL, Object(Config\Cache), false)
#9 C:\xampp\htdocs\blockbuester\public\index.php(37): CodeIgniter\CodeIgniter->run()
#10 C:\xampp\htdocs\blockbuester\vendor\codeigniter4\framework\system\Commands\Server\rewrite.php(43): require_once('C:\\xampp\\htdocs...')
#11 {main}
CRITICAL - 2025-03-24 13:52:50 --> Trying to get property 'id_plan' of non-object
#0 C:\xampp\htdocs\blockbuester\app\Views\panel\usuarios_planes_editar.php(33): CodeIgniter\Debug\Exceptions->errorHandler(8, 'Trying to get p...', 'C:\\xampp\\htdocs...', 33, Array)
#1 C:\xampp\htdocs\blockbuester\vendor\codeigniter4\framework\system\View\View.php(210): include('C:\\xampp\\htdocs...')
#2 C:\xampp\htdocs\blockbuester\vendor\codeigniter4\framework\system\View\View.php(213): CodeIgniter\View\View->CodeIgniter\View\{closure}()
#3 C:\xampp\htdocs\blockbuester\vendor\codeigniter4\framework\system\Common.php(1089): CodeIgniter\View\View->render('panel/usuarios_...', Array, true)
#4 C:\xampp\htdocs\blockbuester\app\Controllers\Panel\Usuarios_Planes.php(32): view('panel/usuarios_...', Array)
#5 C:\xampp\htdocs\blockbuester\app\Controllers\Panel\Usuarios_Planes.php(135): App\Controllers\Panel\Usuarios_Planes->create_view('panel/usuarios_...', Array)
#6 C:\xampp\htdocs\blockbuester\vendor\codeigniter4\framework\system\CodeIgniter.php(832): App\Controllers\Panel\Usuarios_Planes->editar('2')
#7 C:\xampp\htdocs\blockbuester\vendor\codeigniter4\framework\system\CodeIgniter.php(419): CodeIgniter\CodeIgniter->runController(Object(App\Controllers\Panel\Usuarios_Planes))
#8 C:\xampp\htdocs\blockbuester\vendor\codeigniter4\framework\system\CodeIgniter.php(326): CodeIgniter\CodeIgniter->handleRequest(NULL, Object(Config\Cache), false)
#9 C:\xampp\htdocs\blockbuester\public\index.php(37): CodeIgniter\CodeIgniter->run()
#10 C:\xampp\htdocs\blockbuester\vendor\codeigniter4\framework\system\Commands\Server\rewrite.php(43): require_once('C:\\xampp\\htdocs...')
#11 {main}
CRITICAL - 2025-03-24 13:52:50 --> Trying to get property 'id_plan' of non-object
#0 C:\xampp\htdocs\blockbuester\app\Views\panel\usuarios_planes_editar.php(33): CodeIgniter\Debug\Exceptions->errorHandler(8, 'Trying to get p...', 'C:\\xampp\\htdocs...', 33, Array)
#1 C:\xampp\htdocs\blockbuester\vendor\codeigniter4\framework\system\View\View.php(210): include('C:\\xampp\\htdocs...')
#2 C:\xampp\htdocs\blockbuester\vendor\codeigniter4\framework\system\View\View.php(213): CodeIgniter\View\View->CodeIgniter\View\{closure}()
#3 C:\xampp\htdocs\blockbuester\vendor\codeigniter4\framework\system\Common.php(1089): CodeIgniter\View\View->render('panel/usuarios_...', Array, true)
#4 C:\xampp\htdocs\blockbuester\app\Controllers\Panel\Usuarios_Planes.php(32): view('panel/usuarios_...', Array)
#5 C:\xampp\htdocs\blockbuester\app\Controllers\Panel\Usuarios_Planes.php(135): App\Controllers\Panel\Usuarios_Planes->create_view('panel/usuarios_...', Array)
#6 C:\xampp\htdocs\blockbuester\vendor\codeigniter4\framework\system\CodeIgniter.php(832): App\Controllers\Panel\Usuarios_Planes->editar('2')
#7 C:\xampp\htdocs\blockbuester\vendor\codeigniter4\framework\system\CodeIgniter.php(419): CodeIgniter\CodeIgniter->runController(Object(App\Controllers\Panel\Usuarios_Planes))
#8 C:\xampp\htdocs\blockbuester\vendor\codeigniter4\framework\system\CodeIgniter.php(326): CodeIgniter\CodeIgniter->handleRequest(NULL, Object(Config\Cache), false)
#9 C:\xampp\htdocs\blockbuester\public\index.php(37): CodeIgniter\CodeIgniter->run()
#10 C:\xampp\htdocs\blockbuester\vendor\codeigniter4\framework\system\Commands\Server\rewrite.php(43): require_once('C:\\xampp\\htdocs...')
#11 {main}
CRITICAL - 2025-03-24 13:52:51 --> Trying to get property 'id_plan' of non-object
#0 C:\xampp\htdocs\blockbuester\app\Views\panel\usuarios_planes_editar.php(33): CodeIgniter\Debug\Exceptions->errorHandler(8, 'Trying to get p...', 'C:\\xampp\\htdocs...', 33, Array)
#1 C:\xampp\htdocs\blockbuester\vendor\codeigniter4\framework\system\View\View.php(210): include('C:\\xampp\\htdocs...')
#2 C:\xampp\htdocs\blockbuester\vendor\codeigniter4\framework\system\View\View.php(213): CodeIgniter\View\View->CodeIgniter\View\{closure}()
#3 C:\xampp\htdocs\blockbuester\vendor\codeigniter4\framework\system\Common.php(1089): CodeIgniter\View\View->render('panel/usuarios_...', Array, true)
#4 C:\xampp\htdocs\blockbuester\app\Controllers\Panel\Usuarios_Planes.php(32): view('panel/usuarios_...', Array)
#5 C:\xampp\htdocs\blockbuester\app\Controllers\Panel\Usuarios_Planes.php(135): App\Controllers\Panel\Usuarios_Planes->create_view('panel/usuarios_...', Array)
#6 C:\xampp\htdocs\blockbuester\vendor\codeigniter4\framework\system\CodeIgniter.php(832): App\Controllers\Panel\Usuarios_Planes->editar('2')
#7 C:\xampp\htdocs\blockbuester\vendor\codeigniter4\framework\system\CodeIgniter.php(419): CodeIgniter\CodeIgniter->runController(Object(App\Controllers\Panel\Usuarios_Planes))
#8 C:\xampp\htdocs\blockbuester\vendor\codeigniter4\framework\system\CodeIgniter.php(326): CodeIgniter\CodeIgniter->handleRequest(NULL, Object(Config\Cache), false)
#9 C:\xampp\htdocs\blockbuester\public\index.php(37): CodeIgniter\CodeIgniter->run()
#10 C:\xampp\htdocs\blockbuester\vendor\codeigniter4\framework\system\Commands\Server\rewrite.php(43): require_once('C:\\xampp\\htdocs...')
#11 {main}
CRITICAL - 2025-03-24 13:52:51 --> Trying to get property 'id_plan' of non-object
#0 C:\xampp\htdocs\blockbuester\app\Views\panel\usuarios_planes_editar.php(33): CodeIgniter\Debug\Exceptions->errorHandler(8, 'Trying to get p...', 'C:\\xampp\\htdocs...', 33, Array)
#1 C:\xampp\htdocs\blockbuester\vendor\codeigniter4\framework\system\View\View.php(210): include('C:\\xampp\\htdocs...')
#2 C:\xampp\htdocs\blockbuester\vendor\codeigniter4\framework\system\View\View.php(213): CodeIgniter\View\View->CodeIgniter\View\{closure}()
#3 C:\xampp\htdocs\blockbuester\vendor\codeigniter4\framework\system\Common.php(1089): CodeIgniter\View\View->render('panel/usuarios_...', Array, true)
#4 C:\xampp\htdocs\blockbuester\app\Controllers\Panel\Usuarios_Planes.php(32): view('panel/usuarios_...', Array)
#5 C:\xampp\htdocs\blockbuester\app\Controllers\Panel\Usuarios_Planes.php(135): App\Controllers\Panel\Usuarios_Planes->create_view('panel/usuarios_...', Array)
#6 C:\xampp\htdocs\blockbuester\vendor\codeigniter4\framework\system\CodeIgniter.php(832): App\Controllers\Panel\Usuarios_Planes->editar('2')
#7 C:\xampp\htdocs\blockbuester\vendor\codeigniter4\framework\system\CodeIgniter.php(419): CodeIgniter\CodeIgniter->runController(Object(App\Controllers\Panel\Usuarios_Planes))
#8 C:\xampp\htdocs\blockbuester\vendor\codeigniter4\framework\system\CodeIgniter.php(326): CodeIgniter\CodeIgniter->handleRequest(NULL, Object(Config\Cache), false)
#9 C:\xampp\htdocs\blockbuester\public\index.php(37): CodeIgniter\CodeIgniter->run()
#10 C:\xampp\htdocs\blockbuester\vendor\codeigniter4\framework\system\Commands\Server\rewrite.php(43): require_once('C:\\xampp\\htdocs...')
#11 {main}
CRITICAL - 2025-03-24 13:52:51 --> Trying to get property 'id_plan' of non-object
#0 C:\xampp\htdocs\blockbuester\app\Views\panel\usuarios_planes_editar.php(33): CodeIgniter\Debug\Exceptions->errorHandler(8, 'Trying to get p...', 'C:\\xampp\\htdocs...', 33, Array)
#1 C:\xampp\htdocs\blockbuester\vendor\codeigniter4\framework\system\View\View.php(210): include('C:\\xampp\\htdocs...')
#2 C:\xampp\htdocs\blockbuester\vendor\codeigniter4\framework\system\View\View.php(213): CodeIgniter\View\View->CodeIgniter\View\{closure}()
#3 C:\xampp\htdocs\blockbuester\vendor\codeigniter4\framework\system\Common.php(1089): CodeIgniter\View\View->render('panel/usuarios_...', Array, true)
#4 C:\xampp\htdocs\blockbuester\app\Controllers\Panel\Usuarios_Planes.php(32): view('panel/usuarios_...', Array)
#5 C:\xampp\htdocs\blockbuester\app\Controllers\Panel\Usuarios_Planes.php(135): App\Controllers\Panel\Usuarios_Planes->create_view('panel/usuarios_...', Array)
#6 C:\xampp\htdocs\blockbuester\vendor\codeigniter4\framework\system\CodeIgniter.php(832): App\Controllers\Panel\Usuarios_Planes->editar('2')
#7 C:\xampp\htdocs\blockbuester\vendor\codeigniter4\framework\system\CodeIgniter.php(419): CodeIgniter\CodeIgniter->runController(Object(App\Controllers\Panel\Usuarios_Planes))
#8 C:\xampp\htdocs\blockbuester\vendor\codeigniter4\framework\system\CodeIgniter.php(326): CodeIgniter\CodeIgniter->handleRequest(NULL, Object(Config\Cache), false)
#9 C:\xampp\htdocs\blockbuester\public\index.php(37): CodeIgniter\CodeIgniter->run()
#10 C:\xampp\htdocs\blockbuester\vendor\codeigniter4\framework\system\Commands\Server\rewrite.php(43): require_once('C:\\xampp\\htdocs...')
#11 {main}
CRITICAL - 2025-03-24 13:52:52 --> Trying to get property 'id_plan' of non-object
#0 C:\xampp\htdocs\blockbuester\app\Views\panel\usuarios_planes_editar.php(33): CodeIgniter\Debug\Exceptions->errorHandler(8, 'Trying to get p...', 'C:\\xampp\\htdocs...', 33, Array)
#1 C:\xampp\htdocs\blockbuester\vendor\codeigniter4\framework\system\View\View.php(210): include('C:\\xampp\\htdocs...')
#2 C:\xampp\htdocs\blockbuester\vendor\codeigniter4\framework\system\View\View.php(213): CodeIgniter\View\View->CodeIgniter\View\{closure}()
#3 C:\xampp\htdocs\blockbuester\vendor\codeigniter4\framework\system\Common.php(1089): CodeIgniter\View\View->render('panel/usuarios_...', Array, true)
#4 C:\xampp\htdocs\blockbuester\app\Controllers\Panel\Usuarios_Planes.php(32): view('panel/usuarios_...', Array)
#5 C:\xampp\htdocs\blockbuester\app\Controllers\Panel\Usuarios_Planes.php(135): App\Controllers\Panel\Usuarios_Planes->create_view('panel/usuarios_...', Array)
#6 C:\xampp\htdocs\blockbuester\vendor\codeigniter4\framework\system\CodeIgniter.php(832): App\Controllers\Panel\Usuarios_Planes->editar('2')
#7 C:\xampp\htdocs\blockbuester\vendor\codeigniter4\framework\system\CodeIgniter.php(419): CodeIgniter\CodeIgniter->runController(Object(App\Controllers\Panel\Usuarios_Planes))
#8 C:\xampp\htdocs\blockbuester\vendor\codeigniter4\framework\system\CodeIgniter.php(326): CodeIgniter\CodeIgniter->handleRequest(NULL, Object(Config\Cache), false)
#9 C:\xampp\htdocs\blockbuester\public\index.php(37): CodeIgniter\CodeIgniter->run()
#10 C:\xampp\htdocs\blockbuester\vendor\codeigniter4\framework\system\Commands\Server\rewrite.php(43): require_once('C:\\xampp\\htdocs...')
#11 {main}
CRITICAL - 2025-03-24 14:00:51 --> Cannot use object of type stdClass as array
#0 C:\xampp\htdocs\blockbuester\vendor\codeigniter4\framework\system\CodeIgniter.php(832): App\Controllers\Panel\Usuarios_Planes->editar('2')
#1 C:\xampp\htdocs\blockbuester\vendor\codeigniter4\framework\system\CodeIgniter.php(419): CodeIgniter\CodeIgniter->runController(Object(App\Controllers\Panel\Usuarios_Planes))
#2 C:\xampp\htdocs\blockbuester\vendor\codeigniter4\framework\system\CodeIgniter.php(326): CodeIgniter\CodeIgniter->handleRequest(NULL, Object(Config\Cache), false)
#3 C:\xampp\htdocs\blockbuester\public\index.php(37): CodeIgniter\CodeIgniter->run()
#4 C:\xampp\htdocs\blockbuester\vendor\codeigniter4\framework\system\Commands\Server\rewrite.php(43): require_once('C:\\xampp\\htdocs...')
#5 {main}
CRITICAL - 2025-03-24 14:04:48 --> Trying to get property 'id_usuario_plan' of non-object
#0 C:\xampp\htdocs\blockbuester\app\Views\panel\usuarios_planes_editar.php(11): CodeIgniter\Debug\Exceptions->errorHandler(8, 'Trying to get p...', 'C:\\xampp\\htdocs...', 11, Array)
#1 C:\xampp\htdocs\blockbuester\vendor\codeigniter4\framework\system\View\View.php(210): include('C:\\xampp\\htdocs...')
#2 C:\xampp\htdocs\blockbuester\vendor\codeigniter4\framework\system\View\View.php(213): CodeIgniter\View\View->CodeIgniter\View\{closure}()
#3 C:\xampp\htdocs\blockbuester\vendor\codeigniter4\framework\system\Common.php(1089): CodeIgniter\View\View->render('panel/usuarios_...', Array, true)
#4 C:\xampp\htdocs\blockbuester\app\Controllers\Panel\Usuarios_Planes.php(32): view('panel/usuarios_...', Array)
#5 C:\xampp\htdocs\blockbuester\app\Controllers\Panel\Usuarios_Planes.php(137): App\Controllers\Panel\Usuarios_Planes->create_view('panel/usuarios_...', Array)
#6 C:\xampp\htdocs\blockbuester\vendor\codeigniter4\framework\system\CodeIgniter.php(832): App\Controllers\Panel\Usuarios_Planes->editar('2')
#7 C:\xampp\htdocs\blockbuester\vendor\codeigniter4\framework\system\CodeIgniter.php(419): CodeIgniter\CodeIgniter->runController(Object(App\Controllers\Panel\Usuarios_Planes))
#8 C:\xampp\htdocs\blockbuester\vendor\codeigniter4\framework\system\CodeIgniter.php(326): CodeIgniter\CodeIgniter->handleRequest(NULL, Object(Config\Cache), false)
#9 C:\xampp\htdocs\blockbuester\public\index.php(37): CodeIgniter\CodeIgniter->run()
#10 C:\xampp\htdocs\blockbuester\vendor\codeigniter4\framework\system\Commands\Server\rewrite.php(43): require_once('C:\\xampp\\htdocs...')
#11 {main}
CRITICAL - 2025-03-24 14:04:49 --> Trying to get property 'id_usuario_plan' of non-object
#0 C:\xampp\htdocs\blockbuester\app\Views\panel\usuarios_planes_editar.php(11): CodeIgniter\Debug\Exceptions->errorHandler(8, 'Trying to get p...', 'C:\\xampp\\htdocs...', 11, Array)
#1 C:\xampp\htdocs\blockbuester\vendor\codeigniter4\framework\system\View\View.php(210): include('C:\\xampp\\htdocs...')
#2 C:\xampp\htdocs\blockbuester\vendor\codeigniter4\framework\system\View\View.php(213): CodeIgniter\View\View->CodeIgniter\View\{closure}()
#3 C:\xampp\htdocs\blockbuester\vendor\codeigniter4\framework\system\Common.php(1089): CodeIgniter\View\View->render('panel/usuarios_...', Array, true)
#4 C:\xampp\htdocs\blockbuester\app\Controllers\Panel\Usuarios_Planes.php(32): view('panel/usuarios_...', Array)
#5 C:\xampp\htdocs\blockbuester\app\Controllers\Panel\Usuarios_Planes.php(137): App\Controllers\Panel\Usuarios_Planes->create_view('panel/usuarios_...', Array)
#6 C:\xampp\htdocs\blockbuester\vendor\codeigniter4\framework\system\CodeIgniter.php(832): App\Controllers\Panel\Usuarios_Planes->editar('2')
#7 C:\xampp\htdocs\blockbuester\vendor\codeigniter4\framework\system\CodeIgniter.php(419): CodeIgniter\CodeIgniter->runController(Object(App\Controllers\Panel\Usuarios_Planes))
#8 C:\xampp\htdocs\blockbuester\vendor\codeigniter4\framework\system\CodeIgniter.php(326): CodeIgniter\CodeIgniter->handleRequest(NULL, Object(Config\Cache), false)
#9 C:\xampp\htdocs\blockbuester\public\index.php(37): CodeIgniter\CodeIgniter->run()
#10 C:\xampp\htdocs\blockbuester\vendor\codeigniter4\framework\system\Commands\Server\rewrite.php(43): require_once('C:\\xampp\\htdocs...')
#11 {main}
CRITICAL - 2025-03-24 14:06:47 --> Trying to get property 'id_plan' of non-object
#0 C:\xampp\htdocs\blockbuester\app\Views\panel\usuarios_planes_editar.php(33): CodeIgniter\Debug\Exceptions->errorHandler(8, 'Trying to get p...', 'C:\\xampp\\htdocs...', 33, Array)
#1 C:\xampp\htdocs\blockbuester\vendor\codeigniter4\framework\system\View\View.php(210): include('C:\\xampp\\htdocs...')
#2 C:\xampp\htdocs\blockbuester\vendor\codeigniter4\framework\system\View\View.php(213): CodeIgniter\View\View->CodeIgniter\View\{closure}()
#3 C:\xampp\htdocs\blockbuester\vendor\codeigniter4\framework\system\Common.php(1089): CodeIgniter\View\View->render('panel/usuarios_...', Array, true)
#4 C:\xampp\htdocs\blockbuester\app\Controllers\Panel\Usuarios_Planes.php(32): view('panel/usuarios_...', Array)
#5 C:\xampp\htdocs\blockbuester\app\Controllers\Panel\Usuarios_Planes.php(137): App\Controllers\Panel\Usuarios_Planes->create_view('panel/usuarios_...', Array)
#6 C:\xampp\htdocs\blockbuester\vendor\codeigniter4\framework\system\CodeIgniter.php(832): App\Controllers\Panel\Usuarios_Planes->editar('2')
#7 C:\xampp\htdocs\blockbuester\vendor\codeigniter4\framework\system\CodeIgniter.php(419): CodeIgniter\CodeIgniter->runController(Object(App\Controllers\Panel\Usuarios_Planes))
#8 C:\xampp\htdocs\blockbuester\vendor\codeigniter4\framework\system\CodeIgniter.php(326): CodeIgniter\CodeIgniter->handleRequest(NULL, Object(Config\Cache), false)
#9 C:\xampp\htdocs\blockbuester\public\index.php(37): CodeIgniter\CodeIgniter->run()
#10 C:\xampp\htdocs\blockbuester\vendor\codeigniter4\framework\system\Commands\Server\rewrite.php(43): require_once('C:\\xampp\\htdocs...')
#11 {main}
