CRITICAL - 2025-03-28 09:54:13 --> Invalid file: panel/clientes/index.php
#0 C:\xampp\htdocs\blockbuester\vendor\codeigniter4\framework\system\View\View.php(198): CodeIgniter\Exceptions\FrameworkException::forInvalidFile('panel/clientes/...')
#1 C:\xampp\htdocs\blockbuester\vendor\codeigniter4\framework\system\Common.php(1089): CodeIgniter\View\View->render('panel/clientes/...', Array, true)
#2 C:\xampp\htdocs\blockbuester\app\Controllers\Panel\Clientes.php(45): view('panel/clientes/...', Array)
#3 C:\xampp\htdocs\blockbuester\app\Controllers\Panel\Clientes.php(61): App\Controllers\Panel\Clientes->create_view('panel/clientes/...', Array)
#4 C:\xampp\htdocs\blockbuester\vendor\codeigniter4\framework\system\CodeIgniter.php(832): App\Controllers\Panel\Clientes->index()
#5 C:\xampp\htdocs\blockbuester\vendor\codeigniter4\framework\system\CodeIgniter.php(419): CodeIgniter\CodeIgniter->runController(Object(App\Controllers\Panel\Clientes))
#6 C:\xampp\htdocs\blockbuester\vendor\codeigniter4\framework\system\CodeIgniter.php(326): CodeIgniter\CodeIgniter->handleRequest(NULL, Object(Config\Cache), false)
#7 C:\xampp\htdocs\blockbuester\public\index.php(37): CodeIgniter\CodeIgniter->run()
#8 C:\xampp\htdocs\blockbuester\vendor\codeigniter4\framework\system\Commands\Server\rewrite.php(43): require_once('C:\\xampp\\htdocs...')
#9 {main}
CRITICAL - 2025-03-28 09:55:20 --> Invalid file: panel/clientes/nuevo.php
#0 C:\xampp\htdocs\blockbuester\vendor\codeigniter4\framework\system\View\View.php(198): CodeIgniter\Exceptions\FrameworkException::forInvalidFile('panel/clientes/...')
#1 C:\xampp\htdocs\blockbuester\vendor\codeigniter4\framework\system\Common.php(1089): CodeIgniter\View\View->render('panel/clientes/...', Array, true)
#2 C:\xampp\htdocs\blockbuester\app\Controllers\Panel\Clientes.php(45): view('panel/clientes/...', Array)
#3 C:\xampp\htdocs\blockbuester\app\Controllers\Panel\Clientes.php(68): App\Controllers\Panel\Clientes->create_view('panel/clientes/...', Array)
#4 C:\xampp\htdocs\blockbuester\vendor\codeigniter4\framework\system\CodeIgniter.php(832): App\Controllers\Panel\Clientes->nuevo()
#5 C:\xampp\htdocs\blockbuester\vendor\codeigniter4\framework\system\CodeIgniter.php(419): CodeIgniter\CodeIgniter->runController(Object(App\Controllers\Panel\Clientes))
#6 C:\xampp\htdocs\blockbuester\vendor\codeigniter4\framework\system\CodeIgniter.php(326): CodeIgniter\CodeIgniter->handleRequest(NULL, Object(Config\Cache), false)
#7 C:\xampp\htdocs\blockbuester\public\index.php(37): CodeIgniter\CodeIgniter->run()
#8 C:\xampp\htdocs\blockbuester\vendor\codeigniter4\framework\system\Commands\Server\rewrite.php(43): require_once('C:\\xampp\\htdocs...')
#9 {main}
CRITICAL - 2025-03-28 09:58:16 --> Invalid file: panel/clientes/nuevo.php
#0 C:\xampp\htdocs\blockbuester\vendor\codeigniter4\framework\system\View\View.php(198): CodeIgniter\Exceptions\FrameworkException::forInvalidFile('panel/clientes/...')
#1 C:\xampp\htdocs\blockbuester\vendor\codeigniter4\framework\system\Common.php(1089): CodeIgniter\View\View->render('panel/clientes/...', Array, true)
#2 C:\xampp\htdocs\blockbuester\app\Controllers\Panel\Clientes.php(45): view('panel/clientes/...', Array)
#3 C:\xampp\htdocs\blockbuester\app\Controllers\Panel\Clientes.php(68): App\Controllers\Panel\Clientes->create_view('panel/clientes/...', Array)
#4 C:\xampp\htdocs\blockbuester\vendor\codeigniter4\framework\system\CodeIgniter.php(832): App\Controllers\Panel\Clientes->nuevo()
#5 C:\xampp\htdocs\blockbuester\vendor\codeigniter4\framework\system\CodeIgniter.php(419): CodeIgniter\CodeIgniter->runController(Object(App\Controllers\Panel\Clientes))
#6 C:\xampp\htdocs\blockbuester\vendor\codeigniter4\framework\system\CodeIgniter.php(326): CodeIgniter\CodeIgniter->handleRequest(NULL, Object(Config\Cache), false)
#7 C:\xampp\htdocs\blockbuester\public\index.php(37): CodeIgniter\CodeIgniter->run()
#8 C:\xampp\htdocs\blockbuester\vendor\codeigniter4\framework\system\Commands\Server\rewrite.php(43): require_once('C:\\xampp\\htdocs...')
#9 {main}
CRITICAL - 2025-03-28 09:58:53 --> Invalid file: panel/clientes/nuevo.php
#0 C:\xampp\htdocs\blockbuester\vendor\codeigniter4\framework\system\View\View.php(198): CodeIgniter\Exceptions\FrameworkException::forInvalidFile('panel/clientes/...')
#1 C:\xampp\htdocs\blockbuester\vendor\codeigniter4\framework\system\Common.php(1089): CodeIgniter\View\View->render('panel/clientes/...', Array, true)
#2 C:\xampp\htdocs\blockbuester\app\Controllers\Panel\Clientes.php(45): view('panel/clientes/...', Array)
#3 C:\xampp\htdocs\blockbuester\app\Controllers\Panel\Clientes.php(68): App\Controllers\Panel\Clientes->create_view('panel/clientes/...', Array)
#4 C:\xampp\htdocs\blockbuester\vendor\codeigniter4\framework\system\CodeIgniter.php(832): App\Controllers\Panel\Clientes->nuevo()
#5 C:\xampp\htdocs\blockbuester\vendor\codeigniter4\framework\system\CodeIgniter.php(419): CodeIgniter\CodeIgniter->runController(Object(App\Controllers\Panel\Clientes))
#6 C:\xampp\htdocs\blockbuester\vendor\codeigniter4\framework\system\CodeIgniter.php(326): CodeIgniter\CodeIgniter->handleRequest(NULL, Object(Config\Cache), false)
#7 C:\xampp\htdocs\blockbuester\public\index.php(37): CodeIgniter\CodeIgniter->run()
#8 C:\xampp\htdocs\blockbuester\vendor\codeigniter4\framework\system\Commands\Server\rewrite.php(43): require_once('C:\\xampp\\htdocs...')
#9 {main}
CRITICAL - 2025-03-28 09:58:54 --> Invalid file: panel/clientes/nuevo.php
#0 C:\xampp\htdocs\blockbuester\vendor\codeigniter4\framework\system\View\View.php(198): CodeIgniter\Exceptions\FrameworkException::forInvalidFile('panel/clientes/...')
#1 C:\xampp\htdocs\blockbuester\vendor\codeigniter4\framework\system\Common.php(1089): CodeIgniter\View\View->render('panel/clientes/...', Array, true)
#2 C:\xampp\htdocs\blockbuester\app\Controllers\Panel\Clientes.php(45): view('panel/clientes/...', Array)
#3 C:\xampp\htdocs\blockbuester\app\Controllers\Panel\Clientes.php(68): App\Controllers\Panel\Clientes->create_view('panel/clientes/...', Array)
#4 C:\xampp\htdocs\blockbuester\vendor\codeigniter4\framework\system\CodeIgniter.php(832): App\Controllers\Panel\Clientes->nuevo()
#5 C:\xampp\htdocs\blockbuester\vendor\codeigniter4\framework\system\CodeIgniter.php(419): CodeIgniter\CodeIgniter->runController(Object(App\Controllers\Panel\Clientes))
#6 C:\xampp\htdocs\blockbuester\vendor\codeigniter4\framework\system\CodeIgniter.php(326): CodeIgniter\CodeIgniter->handleRequest(NULL, Object(Config\Cache), false)
#7 C:\xampp\htdocs\blockbuester\public\index.php(37): CodeIgniter\CodeIgniter->run()
#8 C:\xampp\htdocs\blockbuester\vendor\codeigniter4\framework\system\Commands\Server\rewrite.php(43): require_once('C:\\xampp\\htdocs...')
#9 {main}
CRITICAL - 2025-03-28 09:59:28 --> Invalid file: panel/clientes/nuevo.php
#0 C:\xampp\htdocs\blockbuester\vendor\codeigniter4\framework\system\View\View.php(198): CodeIgniter\Exceptions\FrameworkException::forInvalidFile('panel/clientes/...')
#1 C:\xampp\htdocs\blockbuester\vendor\codeigniter4\framework\system\Common.php(1089): CodeIgniter\View\View->render('panel/clientes/...', Array, true)
#2 C:\xampp\htdocs\blockbuester\app\Controllers\Panel\Clientes.php(45): view('panel/clientes/...', Array)
#3 C:\xampp\htdocs\blockbuester\app\Controllers\Panel\Clientes.php(68): App\Controllers\Panel\Clientes->create_view('panel/clientes/...', Array)
#4 C:\xampp\htdocs\blockbuester\vendor\codeigniter4\framework\system\CodeIgniter.php(832): App\Controllers\Panel\Clientes->nuevo()
#5 C:\xampp\htdocs\blockbuester\vendor\codeigniter4\framework\system\CodeIgniter.php(419): CodeIgniter\CodeIgniter->runController(Object(App\Controllers\Panel\Clientes))
#6 C:\xampp\htdocs\blockbuester\vendor\codeigniter4\framework\system\CodeIgniter.php(326): CodeIgniter\CodeIgniter->handleRequest(NULL, Object(Config\Cache), false)
#7 C:\xampp\htdocs\blockbuester\public\index.php(37): CodeIgniter\CodeIgniter->run()
#8 C:\xampp\htdocs\blockbuester\vendor\codeigniter4\framework\system\Commands\Server\rewrite.php(43): require_once('C:\\xampp\\htdocs...')
#9 {main}
CRITICAL - 2025-03-28 09:59:29 --> Invalid file: panel/clientes/nuevo.php
#0 C:\xampp\htdocs\blockbuester\vendor\codeigniter4\framework\system\View\View.php(198): CodeIgniter\Exceptions\FrameworkException::forInvalidFile('panel/clientes/...')
#1 C:\xampp\htdocs\blockbuester\vendor\codeigniter4\framework\system\Common.php(1089): CodeIgniter\View\View->render('panel/clientes/...', Array, true)
#2 C:\xampp\htdocs\blockbuester\app\Controllers\Panel\Clientes.php(45): view('panel/clientes/...', Array)
#3 C:\xampp\htdocs\blockbuester\app\Controllers\Panel\Clientes.php(68): App\Controllers\Panel\Clientes->create_view('panel/clientes/...', Array)
#4 C:\xampp\htdocs\blockbuester\vendor\codeigniter4\framework\system\CodeIgniter.php(832): App\Controllers\Panel\Clientes->nuevo()
#5 C:\xampp\htdocs\blockbuester\vendor\codeigniter4\framework\system\CodeIgniter.php(419): CodeIgniter\CodeIgniter->runController(Object(App\Controllers\Panel\Clientes))
#6 C:\xampp\htdocs\blockbuester\vendor\codeigniter4\framework\system\CodeIgniter.php(326): CodeIgniter\CodeIgniter->handleRequest(NULL, Object(Config\Cache), false)
#7 C:\xampp\htdocs\blockbuester\public\index.php(37): CodeIgniter\CodeIgniter->run()
#8 C:\xampp\htdocs\blockbuester\vendor\codeigniter4\framework\system\Commands\Server\rewrite.php(43): require_once('C:\\xampp\\htdocs...')
#9 {main}
CRITICAL - 2025-03-28 09:59:31 --> Invalid file: panel/clientes/nuevo.php
#0 C:\xampp\htdocs\blockbuester\vendor\codeigniter4\framework\system\View\View.php(198): CodeIgniter\Exceptions\FrameworkException::forInvalidFile('panel/clientes/...')
#1 C:\xampp\htdocs\blockbuester\vendor\codeigniter4\framework\system\Common.php(1089): CodeIgniter\View\View->render('panel/clientes/...', Array, true)
#2 C:\xampp\htdocs\blockbuester\app\Controllers\Panel\Clientes.php(45): view('panel/clientes/...', Array)
#3 C:\xampp\htdocs\blockbuester\app\Controllers\Panel\Clientes.php(68): App\Controllers\Panel\Clientes->create_view('panel/clientes/...', Array)
#4 C:\xampp\htdocs\blockbuester\vendor\codeigniter4\framework\system\CodeIgniter.php(832): App\Controllers\Panel\Clientes->nuevo()
#5 C:\xampp\htdocs\blockbuester\vendor\codeigniter4\framework\system\CodeIgniter.php(419): CodeIgniter\CodeIgniter->runController(Object(App\Controllers\Panel\Clientes))
#6 C:\xampp\htdocs\blockbuester\vendor\codeigniter4\framework\system\CodeIgniter.php(326): CodeIgniter\CodeIgniter->handleRequest(NULL, Object(Config\Cache), false)
#7 C:\xampp\htdocs\blockbuester\public\index.php(37): CodeIgniter\CodeIgniter->run()
#8 C:\xampp\htdocs\blockbuester\vendor\codeigniter4\framework\system\Commands\Server\rewrite.php(43): require_once('C:\\xampp\\htdocs...')
#9 {main}
CRITICAL - 2025-03-28 09:59:34 --> Invalid file: panel/clientes/nuevo.php
#0 C:\xampp\htdocs\blockbuester\vendor\codeigniter4\framework\system\View\View.php(198): CodeIgniter\Exceptions\FrameworkException::forInvalidFile('panel/clientes/...')
#1 C:\xampp\htdocs\blockbuester\vendor\codeigniter4\framework\system\Common.php(1089): CodeIgniter\View\View->render('panel/clientes/...', Array, true)
#2 C:\xampp\htdocs\blockbuester\app\Controllers\Panel\Clientes.php(45): view('panel/clientes/...', Array)
#3 C:\xampp\htdocs\blockbuester\app\Controllers\Panel\Clientes.php(68): App\Controllers\Panel\Clientes->create_view('panel/clientes/...', Array)
#4 C:\xampp\htdocs\blockbuester\vendor\codeigniter4\framework\system\CodeIgniter.php(832): App\Controllers\Panel\Clientes->nuevo()
#5 C:\xampp\htdocs\blockbuester\vendor\codeigniter4\framework\system\CodeIgniter.php(419): CodeIgniter\CodeIgniter->runController(Object(App\Controllers\Panel\Clientes))
#6 C:\xampp\htdocs\blockbuester\vendor\codeigniter4\framework\system\CodeIgniter.php(326): CodeIgniter\CodeIgniter->handleRequest(NULL, Object(Config\Cache), false)
#7 C:\xampp\htdocs\blockbuester\public\index.php(37): CodeIgniter\CodeIgniter->run()
#8 C:\xampp\htdocs\blockbuester\vendor\codeigniter4\framework\system\Commands\Server\rewrite.php(43): require_once('C:\\xampp\\htdocs...')
#9 {main}
CRITICAL - 2025-03-28 09:59:34 --> Invalid file: panel/clientes/nuevo.php
#0 C:\xampp\htdocs\blockbuester\vendor\codeigniter4\framework\system\View\View.php(198): CodeIgniter\Exceptions\FrameworkException::forInvalidFile('panel/clientes/...')
#1 C:\xampp\htdocs\blockbuester\vendor\codeigniter4\framework\system\Common.php(1089): CodeIgniter\View\View->render('panel/clientes/...', Array, true)
#2 C:\xampp\htdocs\blockbuester\app\Controllers\Panel\Clientes.php(45): view('panel/clientes/...', Array)
#3 C:\xampp\htdocs\blockbuester\app\Controllers\Panel\Clientes.php(68): App\Controllers\Panel\Clientes->create_view('panel/clientes/...', Array)
#4 C:\xampp\htdocs\blockbuester\vendor\codeigniter4\framework\system\CodeIgniter.php(832): App\Controllers\Panel\Clientes->nuevo()
#5 C:\xampp\htdocs\blockbuester\vendor\codeigniter4\framework\system\CodeIgniter.php(419): CodeIgniter\CodeIgniter->runController(Object(App\Controllers\Panel\Clientes))
#6 C:\xampp\htdocs\blockbuester\vendor\codeigniter4\framework\system\CodeIgniter.php(326): CodeIgniter\CodeIgniter->handleRequest(NULL, Object(Config\Cache), false)
#7 C:\xampp\htdocs\blockbuester\public\index.php(37): CodeIgniter\CodeIgniter->run()
#8 C:\xampp\htdocs\blockbuester\vendor\codeigniter4\framework\system\Commands\Server\rewrite.php(43): require_once('C:\\xampp\\htdocs...')
#9 {main}
CRITICAL - 2025-03-28 10:01:20 --> Invalid file: panel/clientes/nuevo.php
#0 C:\xampp\htdocs\blockbuester\vendor\codeigniter4\framework\system\View\View.php(198): CodeIgniter\Exceptions\FrameworkException::forInvalidFile('panel/clientes/...')
#1 C:\xampp\htdocs\blockbuester\vendor\codeigniter4\framework\system\Common.php(1089): CodeIgniter\View\View->render('panel/clientes/...', Array, true)
#2 C:\xampp\htdocs\blockbuester\app\Controllers\Panel\Clientes.php(45): view('panel/clientes/...', Array)
#3 C:\xampp\htdocs\blockbuester\app\Controllers\Panel\Clientes.php(68): App\Controllers\Panel\Clientes->create_view('panel/clientes/...', Array)
#4 C:\xampp\htdocs\blockbuester\vendor\codeigniter4\framework\system\CodeIgniter.php(832): App\Controllers\Panel\Clientes->nuevo()
#5 C:\xampp\htdocs\blockbuester\vendor\codeigniter4\framework\system\CodeIgniter.php(419): CodeIgniter\CodeIgniter->runController(Object(App\Controllers\Panel\Clientes))
#6 C:\xampp\htdocs\blockbuester\vendor\codeigniter4\framework\system\CodeIgniter.php(326): CodeIgniter\CodeIgniter->handleRequest(NULL, Object(Config\Cache), false)
#7 C:\xampp\htdocs\blockbuester\public\index.php(37): CodeIgniter\CodeIgniter->run()
#8 C:\xampp\htdocs\blockbuester\vendor\codeigniter4\framework\system\Commands\Server\rewrite.php(43): require_once('C:\\xampp\\htdocs...')
#9 {main}
CRITICAL - 2025-03-28 10:01:21 --> Invalid file: panel/clientes/nuevo.php
#0 C:\xampp\htdocs\blockbuester\vendor\codeigniter4\framework\system\View\View.php(198): CodeIgniter\Exceptions\FrameworkException::forInvalidFile('panel/clientes/...')
#1 C:\xampp\htdocs\blockbuester\vendor\codeigniter4\framework\system\Common.php(1089): CodeIgniter\View\View->render('panel/clientes/...', Array, true)
#2 C:\xampp\htdocs\blockbuester\app\Controllers\Panel\Clientes.php(45): view('panel/clientes/...', Array)
#3 C:\xampp\htdocs\blockbuester\app\Controllers\Panel\Clientes.php(68): App\Controllers\Panel\Clientes->create_view('panel/clientes/...', Array)
#4 C:\xampp\htdocs\blockbuester\vendor\codeigniter4\framework\system\CodeIgniter.php(832): App\Controllers\Panel\Clientes->nuevo()
#5 C:\xampp\htdocs\blockbuester\vendor\codeigniter4\framework\system\CodeIgniter.php(419): CodeIgniter\CodeIgniter->runController(Object(App\Controllers\Panel\Clientes))
#6 C:\xampp\htdocs\blockbuester\vendor\codeigniter4\framework\system\CodeIgniter.php(326): CodeIgniter\CodeIgniter->handleRequest(NULL, Object(Config\Cache), false)
#7 C:\xampp\htdocs\blockbuester\public\index.php(37): CodeIgniter\CodeIgniter->run()
#8 C:\xampp\htdocs\blockbuester\vendor\codeigniter4\framework\system\Commands\Server\rewrite.php(43): require_once('C:\\xampp\\htdocs...')
#9 {main}
CRITICAL - 2025-03-28 10:01:22 --> Invalid file: panel/clientes/nuevo.php
#0 C:\xampp\htdocs\blockbuester\vendor\codeigniter4\framework\system\View\View.php(198): CodeIgniter\Exceptions\FrameworkException::forInvalidFile('panel/clientes/...')
#1 C:\xampp\htdocs\blockbuester\vendor\codeigniter4\framework\system\Common.php(1089): CodeIgniter\View\View->render('panel/clientes/...', Array, true)
#2 C:\xampp\htdocs\blockbuester\app\Controllers\Panel\Clientes.php(45): view('panel/clientes/...', Array)
#3 C:\xampp\htdocs\blockbuester\app\Controllers\Panel\Clientes.php(68): App\Controllers\Panel\Clientes->create_view('panel/clientes/...', Array)
#4 C:\xampp\htdocs\blockbuester\vendor\codeigniter4\framework\system\CodeIgniter.php(832): App\Controllers\Panel\Clientes->nuevo()
#5 C:\xampp\htdocs\blockbuester\vendor\codeigniter4\framework\system\CodeIgniter.php(419): CodeIgniter\CodeIgniter->runController(Object(App\Controllers\Panel\Clientes))
#6 C:\xampp\htdocs\blockbuester\vendor\codeigniter4\framework\system\CodeIgniter.php(326): CodeIgniter\CodeIgniter->handleRequest(NULL, Object(Config\Cache), false)
#7 C:\xampp\htdocs\blockbuester\public\index.php(37): CodeIgniter\CodeIgniter->run()
#8 C:\xampp\htdocs\blockbuester\vendor\codeigniter4\framework\system\Commands\Server\rewrite.php(43): require_once('C:\\xampp\\htdocs...')
#9 {main}
CRITICAL - 2025-03-28 10:01:22 --> Invalid file: panel/clientes/nuevo.php
#0 C:\xampp\htdocs\blockbuester\vendor\codeigniter4\framework\system\View\View.php(198): CodeIgniter\Exceptions\FrameworkException::forInvalidFile('panel/clientes/...')
#1 C:\xampp\htdocs\blockbuester\vendor\codeigniter4\framework\system\Common.php(1089): CodeIgniter\View\View->render('panel/clientes/...', Array, true)
#2 C:\xampp\htdocs\blockbuester\app\Controllers\Panel\Clientes.php(45): view('panel/clientes/...', Array)
#3 C:\xampp\htdocs\blockbuester\app\Controllers\Panel\Clientes.php(68): App\Controllers\Panel\Clientes->create_view('panel/clientes/...', Array)
#4 C:\xampp\htdocs\blockbuester\vendor\codeigniter4\framework\system\CodeIgniter.php(832): App\Controllers\Panel\Clientes->nuevo()
#5 C:\xampp\htdocs\blockbuester\vendor\codeigniter4\framework\system\CodeIgniter.php(419): CodeIgniter\CodeIgniter->runController(Object(App\Controllers\Panel\Clientes))
#6 C:\xampp\htdocs\blockbuester\vendor\codeigniter4\framework\system\CodeIgniter.php(326): CodeIgniter\CodeIgniter->handleRequest(NULL, Object(Config\Cache), false)
#7 C:\xampp\htdocs\blockbuester\public\index.php(37): CodeIgniter\CodeIgniter->run()
#8 C:\xampp\htdocs\blockbuester\vendor\codeigniter4\framework\system\Commands\Server\rewrite.php(43): require_once('C:\\xampp\\htdocs...')
#9 {main}
CRITICAL - 2025-03-28 10:02:56 --> Invalid file: panel/clientes/nuevo.php
#0 C:\xampp\htdocs\blockbuester\vendor\codeigniter4\framework\system\View\View.php(198): CodeIgniter\Exceptions\FrameworkException::forInvalidFile('panel/clientes/...')
#1 C:\xampp\htdocs\blockbuester\vendor\codeigniter4\framework\system\Common.php(1089): CodeIgniter\View\View->render('panel/clientes/...', Array, true)
#2 C:\xampp\htdocs\blockbuester\app\Controllers\Panel\Clientes.php(45): view('panel/clientes/...', Array)
#3 C:\xampp\htdocs\blockbuester\app\Controllers\Panel\Clientes.php(68): App\Controllers\Panel\Clientes->create_view('panel/clientes/...', Array)
#4 C:\xampp\htdocs\blockbuester\vendor\codeigniter4\framework\system\CodeIgniter.php(832): App\Controllers\Panel\Clientes->nuevo()
#5 C:\xampp\htdocs\blockbuester\vendor\codeigniter4\framework\system\CodeIgniter.php(419): CodeIgniter\CodeIgniter->runController(Object(App\Controllers\Panel\Clientes))
#6 C:\xampp\htdocs\blockbuester\vendor\codeigniter4\framework\system\CodeIgniter.php(326): CodeIgniter\CodeIgniter->handleRequest(NULL, Object(Config\Cache), false)
#7 C:\xampp\htdocs\blockbuester\public\index.php(37): CodeIgniter\CodeIgniter->run()
#8 C:\xampp\htdocs\blockbuester\vendor\codeigniter4\framework\system\Commands\Server\rewrite.php(43): require_once('C:\\xampp\\htdocs...')
#9 {main}
CRITICAL - 2025-03-28 10:02:56 --> Invalid file: panel/clientes/nuevo.php
#0 C:\xampp\htdocs\blockbuester\vendor\codeigniter4\framework\system\View\View.php(198): CodeIgniter\Exceptions\FrameworkException::forInvalidFile('panel/clientes/...')
#1 C:\xampp\htdocs\blockbuester\vendor\codeigniter4\framework\system\Common.php(1089): CodeIgniter\View\View->render('panel/clientes/...', Array, true)
#2 C:\xampp\htdocs\blockbuester\app\Controllers\Panel\Clientes.php(45): view('panel/clientes/...', Array)
#3 C:\xampp\htdocs\blockbuester\app\Controllers\Panel\Clientes.php(68): App\Controllers\Panel\Clientes->create_view('panel/clientes/...', Array)
#4 C:\xampp\htdocs\blockbuester\vendor\codeigniter4\framework\system\CodeIgniter.php(832): App\Controllers\Panel\Clientes->nuevo()
#5 C:\xampp\htdocs\blockbuester\vendor\codeigniter4\framework\system\CodeIgniter.php(419): CodeIgniter\CodeIgniter->runController(Object(App\Controllers\Panel\Clientes))
#6 C:\xampp\htdocs\blockbuester\vendor\codeigniter4\framework\system\CodeIgniter.php(326): CodeIgniter\CodeIgniter->handleRequest(NULL, Object(Config\Cache), false)
#7 C:\xampp\htdocs\blockbuester\public\index.php(37): CodeIgniter\CodeIgniter->run()
#8 C:\xampp\htdocs\blockbuester\vendor\codeigniter4\framework\system\Commands\Server\rewrite.php(43): require_once('C:\\xampp\\htdocs...')
#9 {main}
CRITICAL - 2025-03-28 10:02:57 --> Invalid file: panel/clientes/nuevo.php
#0 C:\xampp\htdocs\blockbuester\vendor\codeigniter4\framework\system\View\View.php(198): CodeIgniter\Exceptions\FrameworkException::forInvalidFile('panel/clientes/...')
#1 C:\xampp\htdocs\blockbuester\vendor\codeigniter4\framework\system\Common.php(1089): CodeIgniter\View\View->render('panel/clientes/...', Array, true)
#2 C:\xampp\htdocs\blockbuester\app\Controllers\Panel\Clientes.php(45): view('panel/clientes/...', Array)
#3 C:\xampp\htdocs\blockbuester\app\Controllers\Panel\Clientes.php(68): App\Controllers\Panel\Clientes->create_view('panel/clientes/...', Array)
#4 C:\xampp\htdocs\blockbuester\vendor\codeigniter4\framework\system\CodeIgniter.php(832): App\Controllers\Panel\Clientes->nuevo()
#5 C:\xampp\htdocs\blockbuester\vendor\codeigniter4\framework\system\CodeIgniter.php(419): CodeIgniter\CodeIgniter->runController(Object(App\Controllers\Panel\Clientes))
#6 C:\xampp\htdocs\blockbuester\vendor\codeigniter4\framework\system\CodeIgniter.php(326): CodeIgniter\CodeIgniter->handleRequest(NULL, Object(Config\Cache), false)
#7 C:\xampp\htdocs\blockbuester\public\index.php(37): CodeIgniter\CodeIgniter->run()
#8 C:\xampp\htdocs\blockbuester\vendor\codeigniter4\framework\system\Commands\Server\rewrite.php(43): require_once('C:\\xampp\\htdocs...')
#9 {main}
CRITICAL - 2025-03-28 10:04:27 --> Invalid file: panel/clientes/nuevo.php
#0 C:\xampp\htdocs\blockbuester\vendor\codeigniter4\framework\system\View\View.php(198): CodeIgniter\Exceptions\FrameworkException::forInvalidFile('panel/clientes/...')
#1 C:\xampp\htdocs\blockbuester\vendor\codeigniter4\framework\system\Common.php(1089): CodeIgniter\View\View->render('panel/clientes/...', Array, true)
#2 C:\xampp\htdocs\blockbuester\app\Controllers\Panel\Clientes.php(45): view('panel/clientes/...', Array)
#3 C:\xampp\htdocs\blockbuester\app\Controllers\Panel\Clientes.php(68): App\Controllers\Panel\Clientes->create_view('panel/clientes/...', Array)
#4 C:\xampp\htdocs\blockbuester\vendor\codeigniter4\framework\system\CodeIgniter.php(832): App\Controllers\Panel\Clientes->nuevo()
#5 C:\xampp\htdocs\blockbuester\vendor\codeigniter4\framework\system\CodeIgniter.php(419): CodeIgniter\CodeIgniter->runController(Object(App\Controllers\Panel\Clientes))
#6 C:\xampp\htdocs\blockbuester\vendor\codeigniter4\framework\system\CodeIgniter.php(326): CodeIgniter\CodeIgniter->handleRequest(NULL, Object(Config\Cache), false)
#7 C:\xampp\htdocs\blockbuester\public\index.php(37): CodeIgniter\CodeIgniter->run()
#8 C:\xampp\htdocs\blockbuester\vendor\codeigniter4\framework\system\Commands\Server\rewrite.php(43): require_once('C:\\xampp\\htdocs...')
#9 {main}
CRITICAL - 2025-03-28 10:52:41 --> Call to undefined method App\Models\Tabla_Pagos::getWithRelations
#0 C:\xampp\htdocs\blockbuester\app\Controllers\Panel\Pagos.php(44): CodeIgniter\Model->__call('getWithRelation...', Array)
#1 C:\xampp\htdocs\blockbuester\vendor\codeigniter4\framework\system\CodeIgniter.php(832): App\Controllers\Panel\Pagos->index()
#2 C:\xampp\htdocs\blockbuester\vendor\codeigniter4\framework\system\CodeIgniter.php(419): CodeIgniter\CodeIgniter->runController(Object(App\Controllers\Panel\Pagos))
#3 C:\xampp\htdocs\blockbuester\vendor\codeigniter4\framework\system\CodeIgniter.php(326): CodeIgniter\CodeIgniter->handleRequest(NULL, Object(Config\Cache), false)
#4 C:\xampp\htdocs\blockbuester\public\index.php(37): CodeIgniter\CodeIgniter->run()
#5 C:\xampp\htdocs\blockbuester\vendor\codeigniter4\framework\system\Commands\Server\rewrite.php(43): require_once('C:\\xampp\\htdocs...')
#6 {main}
CRITICAL - 2025-03-28 10:58:43 --> Undefined variable: breadcrumb_panel
#0 C:\xampp\htdocs\blockbuester\app\Views\plantillas\panel_base.php(218): CodeIgniter\Debug\Exceptions->errorHandler(8, 'Undefined varia...', 'C:\\xampp\\htdocs...', 218, Array)
#1 C:\xampp\htdocs\blockbuester\vendor\codeigniter4\framework\system\View\View.php(210): include('C:\\xampp\\htdocs...')
#2 C:\xampp\htdocs\blockbuester\vendor\codeigniter4\framework\system\View\View.php(213): CodeIgniter\View\View->CodeIgniter\View\{closure}()
#3 C:\xampp\htdocs\blockbuester\vendor\codeigniter4\framework\system\View\View.php(226): CodeIgniter\View\View->render('plantillas/pane...', Array, true)
#4 C:\xampp\htdocs\blockbuester\vendor\codeigniter4\framework\system\Common.php(1089): CodeIgniter\View\View->render('panel/pagos', Array, true)
#5 C:\xampp\htdocs\blockbuester\app\Controllers\Panel\Pagos.php(37): view('panel/pagos', Array)
#6 C:\xampp\htdocs\blockbuester\app\Controllers\Panel\Pagos.php(46): App\Controllers\Panel\Pagos->create_view('panel/pagos', Array)
#7 C:\xampp\htdocs\blockbuester\vendor\codeigniter4\framework\system\CodeIgniter.php(832): App\Controllers\Panel\Pagos->index()
#8 C:\xampp\htdocs\blockbuester\vendor\codeigniter4\framework\system\CodeIgniter.php(419): CodeIgniter\CodeIgniter->runController(Object(App\Controllers\Panel\Pagos))
#9 C:\xampp\htdocs\blockbuester\vendor\codeigniter4\framework\system\CodeIgniter.php(326): CodeIgniter\CodeIgniter->handleRequest(NULL, Object(Config\Cache), false)
#10 C:\xampp\htdocs\blockbuester\public\index.php(37): CodeIgniter\CodeIgniter->run()
#11 C:\xampp\htdocs\blockbuester\vendor\codeigniter4\framework\system\Commands\Server\rewrite.php(43): require_once('C:\\xampp\\htdocs...')
#12 {main}
CRITICAL - 2025-03-28 11:01:00 --> Undefined variable: breadcrumb_panel
#0 C:\xampp\htdocs\blockbuester\app\Views\plantillas\panel_base.php(218): CodeIgniter\Debug\Exceptions->errorHandler(8, 'Undefined varia...', 'C:\\xampp\\htdocs...', 218, Array)
#1 C:\xampp\htdocs\blockbuester\vendor\codeigniter4\framework\system\View\View.php(210): include('C:\\xampp\\htdocs...')
#2 C:\xampp\htdocs\blockbuester\vendor\codeigniter4\framework\system\View\View.php(213): CodeIgniter\View\View->CodeIgniter\View\{closure}()
#3 C:\xampp\htdocs\blockbuester\vendor\codeigniter4\framework\system\View\View.php(226): CodeIgniter\View\View->render('plantillas/pane...', Array, true)
#4 C:\xampp\htdocs\blockbuester\vendor\codeigniter4\framework\system\Common.php(1089): CodeIgniter\View\View->render('panel/pagos', Array, true)
#5 C:\xampp\htdocs\blockbuester\app\Controllers\Panel\Pagos.php(37): view('panel/pagos', Array)
#6 C:\xampp\htdocs\blockbuester\app\Controllers\Panel\Pagos.php(45): App\Controllers\Panel\Pagos->create_view('panel/pagos', Array)
#7 C:\xampp\htdocs\blockbuester\vendor\codeigniter4\framework\system\CodeIgniter.php(832): App\Controllers\Panel\Pagos->index()
#8 C:\xampp\htdocs\blockbuester\vendor\codeigniter4\framework\system\CodeIgniter.php(419): CodeIgniter\CodeIgniter->runController(Object(App\Controllers\Panel\Pagos))
#9 C:\xampp\htdocs\blockbuester\vendor\codeigniter4\framework\system\CodeIgniter.php(326): CodeIgniter\CodeIgniter->handleRequest(NULL, Object(Config\Cache), false)
#10 C:\xampp\htdocs\blockbuester\public\index.php(37): CodeIgniter\CodeIgniter->run()
#11 C:\xampp\htdocs\blockbuester\vendor\codeigniter4\framework\system\Commands\Server\rewrite.php(43): require_once('C:\\xampp\\htdocs...')
#12 {main}
CRITICAL - 2025-03-28 11:01:01 --> Undefined variable: breadcrumb_panel
#0 C:\xampp\htdocs\blockbuester\app\Views\plantillas\panel_base.php(218): CodeIgniter\Debug\Exceptions->errorHandler(8, 'Undefined varia...', 'C:\\xampp\\htdocs...', 218, Array)
#1 C:\xampp\htdocs\blockbuester\vendor\codeigniter4\framework\system\View\View.php(210): include('C:\\xampp\\htdocs...')
#2 C:\xampp\htdocs\blockbuester\vendor\codeigniter4\framework\system\View\View.php(213): CodeIgniter\View\View->CodeIgniter\View\{closure}()
#3 C:\xampp\htdocs\blockbuester\vendor\codeigniter4\framework\system\View\View.php(226): CodeIgniter\View\View->render('plantillas/pane...', Array, true)
#4 C:\xampp\htdocs\blockbuester\vendor\codeigniter4\framework\system\Common.php(1089): CodeIgniter\View\View->render('panel/pagos', Array, true)
#5 C:\xampp\htdocs\blockbuester\app\Controllers\Panel\Pagos.php(37): view('panel/pagos', Array)
#6 C:\xampp\htdocs\blockbuester\app\Controllers\Panel\Pagos.php(45): App\Controllers\Panel\Pagos->create_view('panel/pagos', Array)
#7 C:\xampp\htdocs\blockbuester\vendor\codeigniter4\framework\system\CodeIgniter.php(832): App\Controllers\Panel\Pagos->index()
#8 C:\xampp\htdocs\blockbuester\vendor\codeigniter4\framework\system\CodeIgniter.php(419): CodeIgniter\CodeIgniter->runController(Object(App\Controllers\Panel\Pagos))
#9 C:\xampp\htdocs\blockbuester\vendor\codeigniter4\framework\system\CodeIgniter.php(326): CodeIgniter\CodeIgniter->handleRequest(NULL, Object(Config\Cache), false)
#10 C:\xampp\htdocs\blockbuester\public\index.php(37): CodeIgniter\CodeIgniter->run()
#11 C:\xampp\htdocs\blockbuester\vendor\codeigniter4\framework\system\Commands\Server\rewrite.php(43): require_once('C:\\xampp\\htdocs...')
#12 {main}
CRITICAL - 2025-03-28 11:02:56 --> Undefined variable: breadcrumb_panel
#0 C:\xampp\htdocs\blockbuester\app\Views\plantillas\panel_base.php(218): CodeIgniter\Debug\Exceptions->errorHandler(8, 'Undefined varia...', 'C:\\xampp\\htdocs...', 218, Array)
#1 C:\xampp\htdocs\blockbuester\vendor\codeigniter4\framework\system\View\View.php(210): include('C:\\xampp\\htdocs...')
#2 C:\xampp\htdocs\blockbuester\vendor\codeigniter4\framework\system\View\View.php(213): CodeIgniter\View\View->CodeIgniter\View\{closure}()
#3 C:\xampp\htdocs\blockbuester\vendor\codeigniter4\framework\system\View\View.php(226): CodeIgniter\View\View->render('plantillas/pane...', Array, true)
#4 C:\xampp\htdocs\blockbuester\vendor\codeigniter4\framework\system\Common.php(1089): CodeIgniter\View\View->render('panel/pagos', Array, true)
#5 C:\xampp\htdocs\blockbuester\app\Controllers\Panel\Pagos.php(37): view('panel/pagos', Array)
#6 C:\xampp\htdocs\blockbuester\app\Controllers\Panel\Pagos.php(45): App\Controllers\Panel\Pagos->create_view('panel/pagos', Array)
#7 C:\xampp\htdocs\blockbuester\vendor\codeigniter4\framework\system\CodeIgniter.php(832): App\Controllers\Panel\Pagos->index()
#8 C:\xampp\htdocs\blockbuester\vendor\codeigniter4\framework\system\CodeIgniter.php(419): CodeIgniter\CodeIgniter->runController(Object(App\Controllers\Panel\Pagos))
#9 C:\xampp\htdocs\blockbuester\vendor\codeigniter4\framework\system\CodeIgniter.php(326): CodeIgniter\CodeIgniter->handleRequest(NULL, Object(Config\Cache), false)
#10 C:\xampp\htdocs\blockbuester\public\index.php(37): CodeIgniter\CodeIgniter->run()
#11 C:\xampp\htdocs\blockbuester\vendor\codeigniter4\framework\system\Commands\Server\rewrite.php(43): require_once('C:\\xampp\\htdocs...')
#12 {main}
CRITICAL - 2025-03-28 11:06:31 --> Trying to get property 'id_plan' of non-object
#0 C:\xampp\htdocs\blockbuester\app\Views\panel\pagos_nuevo.php(47): CodeIgniter\Debug\Exceptions->errorHandler(8, 'Trying to get p...', 'C:\\xampp\\htdocs...', 47, Array)
#1 C:\xampp\htdocs\blockbuester\vendor\codeigniter4\framework\system\View\View.php(210): include('C:\\xampp\\htdocs...')
#2 C:\xampp\htdocs\blockbuester\vendor\codeigniter4\framework\system\View\View.php(213): CodeIgniter\View\View->CodeIgniter\View\{closure}()
#3 C:\xampp\htdocs\blockbuester\vendor\codeigniter4\framework\system\Common.php(1089): CodeIgniter\View\View->render('panel/pagos_nue...', Array, true)
#4 C:\xampp\htdocs\blockbuester\app\Controllers\Panel\Pagos.php(46): view('panel/pagos_nue...', Array)
#5 C:\xampp\htdocs\blockbuester\app\Controllers\Panel\Pagos.php(62): App\Controllers\Panel\Pagos->create_view('panel/pagos_nue...', Array)
#6 C:\xampp\htdocs\blockbuester\vendor\codeigniter4\framework\system\CodeIgniter.php(832): App\Controllers\Panel\Pagos->nuevo()
#7 C:\xampp\htdocs\blockbuester\vendor\codeigniter4\framework\system\CodeIgniter.php(419): CodeIgniter\CodeIgniter->runController(Object(App\Controllers\Panel\Pagos))
#8 C:\xampp\htdocs\blockbuester\vendor\codeigniter4\framework\system\CodeIgniter.php(326): CodeIgniter\CodeIgniter->handleRequest(NULL, Object(Config\Cache), false)
#9 C:\xampp\htdocs\blockbuester\public\index.php(37): CodeIgniter\CodeIgniter->run()
#10 C:\xampp\htdocs\blockbuester\vendor\codeigniter4\framework\system\Commands\Server\rewrite.php(43): require_once('C:\\xampp\\htdocs...')
#11 {main}
CRITICAL - 2025-03-28 11:09:32 --> Trying to get property 'nombre_usuario' of non-object
#0 C:\xampp\htdocs\blockbuester\app\Views\panel\pagos.php(35): CodeIgniter\Debug\Exceptions->errorHandler(8, 'Trying to get p...', 'C:\\xampp\\htdocs...', 35, Array)
#1 C:\xampp\htdocs\blockbuester\vendor\codeigniter4\framework\system\View\View.php(210): include('C:\\xampp\\htdocs...')
#2 C:\xampp\htdocs\blockbuester\vendor\codeigniter4\framework\system\View\View.php(213): CodeIgniter\View\View->CodeIgniter\View\{closure}()
#3 C:\xampp\htdocs\blockbuester\vendor\codeigniter4\framework\system\Common.php(1089): CodeIgniter\View\View->render('panel/pagos', Array, true)
#4 C:\xampp\htdocs\blockbuester\app\Controllers\Panel\Pagos.php(46): view('panel/pagos', Array)
#5 C:\xampp\htdocs\blockbuester\app\Controllers\Panel\Pagos.php(54): App\Controllers\Panel\Pagos->create_view('panel/pagos', Array)
#6 C:\xampp\htdocs\blockbuester\vendor\codeigniter4\framework\system\CodeIgniter.php(832): App\Controllers\Panel\Pagos->index()
#7 C:\xampp\htdocs\blockbuester\vendor\codeigniter4\framework\system\CodeIgniter.php(419): CodeIgniter\CodeIgniter->runController(Object(App\Controllers\Panel\Pagos))
#8 C:\xampp\htdocs\blockbuester\vendor\codeigniter4\framework\system\CodeIgniter.php(326): CodeIgniter\CodeIgniter->handleRequest(NULL, Object(Config\Cache), false)
#9 C:\xampp\htdocs\blockbuester\public\index.php(37): CodeIgniter\CodeIgniter->run()
#10 C:\xampp\htdocs\blockbuester\vendor\codeigniter4\framework\system\Commands\Server\rewrite.php(43): require_once('C:\\xampp\\htdocs...')
#11 {main}
CRITICAL - 2025-03-28 11:29:43 --> Invalid file: panel/pagos_editar.php
#0 C:\xampp\htdocs\blockbuester\vendor\codeigniter4\framework\system\View\View.php(198): CodeIgniter\Exceptions\FrameworkException::forInvalidFile('panel/pagos_edi...')
#1 C:\xampp\htdocs\blockbuester\vendor\codeigniter4\framework\system\Common.php(1089): CodeIgniter\View\View->render('panel/pagos_edi...', Array, true)
#2 C:\xampp\htdocs\blockbuester\app\Controllers\Panel\Pagos.php(46): view('panel/pagos_edi...', Array)
#3 C:\xampp\htdocs\blockbuester\app\Controllers\Panel\Pagos.php(102): App\Controllers\Panel\Pagos->create_view('panel/pagos_edi...', Array)
#4 C:\xampp\htdocs\blockbuester\vendor\codeigniter4\framework\system\CodeIgniter.php(832): App\Controllers\Panel\Pagos->editar('2')
#5 C:\xampp\htdocs\blockbuester\vendor\codeigniter4\framework\system\CodeIgniter.php(419): CodeIgniter\CodeIgniter->runController(Object(App\Controllers\Panel\Pagos))
#6 C:\xampp\htdocs\blockbuester\vendor\codeigniter4\framework\system\CodeIgniter.php(326): CodeIgniter\CodeIgniter->handleRequest(NULL, Object(Config\Cache), false)
#7 C:\xampp\htdocs\blockbuester\public\index.php(37): CodeIgniter\CodeIgniter->run()
#8 C:\xampp\htdocs\blockbuester\vendor\codeigniter4\framework\system\Commands\Server\rewrite.php(43): require_once('C:\\xampp\\htdocs...')
#9 {main}
CRITICAL - 2025-03-28 11:30:01 --> Invalid file: panel/pagos_editar.php
#0 C:\xampp\htdocs\blockbuester\vendor\codeigniter4\framework\system\View\View.php(198): CodeIgniter\Exceptions\FrameworkException::forInvalidFile('panel/pagos_edi...')
#1 C:\xampp\htdocs\blockbuester\vendor\codeigniter4\framework\system\Common.php(1089): CodeIgniter\View\View->render('panel/pagos_edi...', Array, true)
#2 C:\xampp\htdocs\blockbuester\app\Controllers\Panel\Pagos.php(46): view('panel/pagos_edi...', Array)
#3 C:\xampp\htdocs\blockbuester\app\Controllers\Panel\Pagos.php(102): App\Controllers\Panel\Pagos->create_view('panel/pagos_edi...', Array)
#4 C:\xampp\htdocs\blockbuester\vendor\codeigniter4\framework\system\CodeIgniter.php(832): App\Controllers\Panel\Pagos->editar('2')
#5 C:\xampp\htdocs\blockbuester\vendor\codeigniter4\framework\system\CodeIgniter.php(419): CodeIgniter\CodeIgniter->runController(Object(App\Controllers\Panel\Pagos))
#6 C:\xampp\htdocs\blockbuester\vendor\codeigniter4\framework\system\CodeIgniter.php(326): CodeIgniter\CodeIgniter->handleRequest(NULL, Object(Config\Cache), false)
#7 C:\xampp\htdocs\blockbuester\public\index.php(37): CodeIgniter\CodeIgniter->run()
#8 C:\xampp\htdocs\blockbuester\vendor\codeigniter4\framework\system\Commands\Server\rewrite.php(43): require_once('C:\\xampp\\htdocs...')
#9 {main}
CRITICAL - 2025-03-28 11:32:00 --> Invalid file: panel/pagos_editar.php
#0 C:\xampp\htdocs\blockbuester\vendor\codeigniter4\framework\system\View\View.php(198): CodeIgniter\Exceptions\FrameworkException::forInvalidFile('panel/pagos_edi...')
#1 C:\xampp\htdocs\blockbuester\vendor\codeigniter4\framework\system\Common.php(1089): CodeIgniter\View\View->render('panel/pagos_edi...', Array, true)
#2 C:\xampp\htdocs\blockbuester\app\Controllers\Panel\Pagos.php(46): view('panel/pagos_edi...', Array)
#3 C:\xampp\htdocs\blockbuester\app\Controllers\Panel\Pagos.php(102): App\Controllers\Panel\Pagos->create_view('panel/pagos_edi...', Array)
#4 C:\xampp\htdocs\blockbuester\vendor\codeigniter4\framework\system\CodeIgniter.php(832): App\Controllers\Panel\Pagos->editar('2')
#5 C:\xampp\htdocs\blockbuester\vendor\codeigniter4\framework\system\CodeIgniter.php(419): CodeIgniter\CodeIgniter->runController(Object(App\Controllers\Panel\Pagos))
#6 C:\xampp\htdocs\blockbuester\vendor\codeigniter4\framework\system\CodeIgniter.php(326): CodeIgniter\CodeIgniter->handleRequest(NULL, Object(Config\Cache), false)
#7 C:\xampp\htdocs\blockbuester\public\index.php(37): CodeIgniter\CodeIgniter->run()
#8 C:\xampp\htdocs\blockbuester\vendor\codeigniter4\framework\system\Commands\Server\rewrite.php(43): require_once('C:\\xampp\\htdocs...')
#9 {main}
CRITICAL - 2025-03-28 11:32:54 --> Invalid file: panel/pagos_editar.php
#0 C:\xampp\htdocs\blockbuester\vendor\codeigniter4\framework\system\View\View.php(198): CodeIgniter\Exceptions\FrameworkException::forInvalidFile('panel/pagos_edi...')
#1 C:\xampp\htdocs\blockbuester\vendor\codeigniter4\framework\system\Common.php(1089): CodeIgniter\View\View->render('panel/pagos_edi...', Array, true)
#2 C:\xampp\htdocs\blockbuester\app\Controllers\Panel\Pagos.php(46): view('panel/pagos_edi...', Array)
#3 C:\xampp\htdocs\blockbuester\app\Controllers\Panel\Pagos.php(102): App\Controllers\Panel\Pagos->create_view('panel/pagos_edi...', Array)
#4 C:\xampp\htdocs\blockbuester\vendor\codeigniter4\framework\system\CodeIgniter.php(832): App\Controllers\Panel\Pagos->editar('2')
#5 C:\xampp\htdocs\blockbuester\vendor\codeigniter4\framework\system\CodeIgniter.php(419): CodeIgniter\CodeIgniter->runController(Object(App\Controllers\Panel\Pagos))
#6 C:\xampp\htdocs\blockbuester\vendor\codeigniter4\framework\system\CodeIgniter.php(326): CodeIgniter\CodeIgniter->handleRequest(NULL, Object(Config\Cache), false)
#7 C:\xampp\htdocs\blockbuester\public\index.php(37): CodeIgniter\CodeIgniter->run()
#8 C:\xampp\htdocs\blockbuester\vendor\codeigniter4\framework\system\Commands\Server\rewrite.php(43): require_once('C:\\xampp\\htdocs...')
#9 {main}
CRITICAL - 2025-03-28 11:34:45 --> Invalid file: panel/pagos_editar.php
#0 C:\xampp\htdocs\blockbuester\vendor\codeigniter4\framework\system\View\View.php(198): CodeIgniter\Exceptions\FrameworkException::forInvalidFile('panel/pagos_edi...')
#1 C:\xampp\htdocs\blockbuester\vendor\codeigniter4\framework\system\Common.php(1089): CodeIgniter\View\View->render('panel/pagos_edi...', Array, true)
#2 C:\xampp\htdocs\blockbuester\app\Controllers\Panel\Pagos.php(46): view('panel/pagos_edi...', Array)
#3 C:\xampp\htdocs\blockbuester\app\Controllers\Panel\Pagos.php(102): App\Controllers\Panel\Pagos->create_view('panel/pagos_edi...', Array)
#4 C:\xampp\htdocs\blockbuester\vendor\codeigniter4\framework\system\CodeIgniter.php(832): App\Controllers\Panel\Pagos->editar('2')
#5 C:\xampp\htdocs\blockbuester\vendor\codeigniter4\framework\system\CodeIgniter.php(419): CodeIgniter\CodeIgniter->runController(Object(App\Controllers\Panel\Pagos))
#6 C:\xampp\htdocs\blockbuester\vendor\codeigniter4\framework\system\CodeIgniter.php(326): CodeIgniter\CodeIgniter->handleRequest(NULL, Object(Config\Cache), false)
#7 C:\xampp\htdocs\blockbuester\public\index.php(37): CodeIgniter\CodeIgniter->run()
#8 C:\xampp\htdocs\blockbuester\vendor\codeigniter4\framework\system\Commands\Server\rewrite.php(43): require_once('C:\\xampp\\htdocs...')
#9 {main}
CRITICAL - 2025-03-28 11:34:46 --> Invalid file: panel/pagos_editar.php
#0 C:\xampp\htdocs\blockbuester\vendor\codeigniter4\framework\system\View\View.php(198): CodeIgniter\Exceptions\FrameworkException::forInvalidFile('panel/pagos_edi...')
#1 C:\xampp\htdocs\blockbuester\vendor\codeigniter4\framework\system\Common.php(1089): CodeIgniter\View\View->render('panel/pagos_edi...', Array, true)
#2 C:\xampp\htdocs\blockbuester\app\Controllers\Panel\Pagos.php(46): view('panel/pagos_edi...', Array)
#3 C:\xampp\htdocs\blockbuester\app\Controllers\Panel\Pagos.php(102): App\Controllers\Panel\Pagos->create_view('panel/pagos_edi...', Array)
#4 C:\xampp\htdocs\blockbuester\vendor\codeigniter4\framework\system\CodeIgniter.php(832): App\Controllers\Panel\Pagos->editar('2')
#5 C:\xampp\htdocs\blockbuester\vendor\codeigniter4\framework\system\CodeIgniter.php(419): CodeIgniter\CodeIgniter->runController(Object(App\Controllers\Panel\Pagos))
#6 C:\xampp\htdocs\blockbuester\vendor\codeigniter4\framework\system\CodeIgniter.php(326): CodeIgniter\CodeIgniter->handleRequest(NULL, Object(Config\Cache), false)
#7 C:\xampp\htdocs\blockbuester\public\index.php(37): CodeIgniter\CodeIgniter->run()
#8 C:\xampp\htdocs\blockbuester\vendor\codeigniter4\framework\system\Commands\Server\rewrite.php(43): require_once('C:\\xampp\\htdocs...')
#9 {main}
CRITICAL - 2025-03-28 11:35:09 --> Invalid file: panel/pagos_editar.php
#0 C:\xampp\htdocs\blockbuester\vendor\codeigniter4\framework\system\View\View.php(198): CodeIgniter\Exceptions\FrameworkException::forInvalidFile('panel/pagos_edi...')
#1 C:\xampp\htdocs\blockbuester\vendor\codeigniter4\framework\system\Common.php(1089): CodeIgniter\View\View->render('panel/pagos_edi...', Array, true)
#2 C:\xampp\htdocs\blockbuester\app\Controllers\Panel\Pagos.php(46): view('panel/pagos_edi...', Array)
#3 C:\xampp\htdocs\blockbuester\app\Controllers\Panel\Pagos.php(102): App\Controllers\Panel\Pagos->create_view('panel/pagos_edi...', Array)
#4 C:\xampp\htdocs\blockbuester\vendor\codeigniter4\framework\system\CodeIgniter.php(832): App\Controllers\Panel\Pagos->editar('2')
#5 C:\xampp\htdocs\blockbuester\vendor\codeigniter4\framework\system\CodeIgniter.php(419): CodeIgniter\CodeIgniter->runController(Object(App\Controllers\Panel\Pagos))
#6 C:\xampp\htdocs\blockbuester\vendor\codeigniter4\framework\system\CodeIgniter.php(326): CodeIgniter\CodeIgniter->handleRequest(NULL, Object(Config\Cache), false)
#7 C:\xampp\htdocs\blockbuester\public\index.php(37): CodeIgniter\CodeIgniter->run()
#8 C:\xampp\htdocs\blockbuester\vendor\codeigniter4\framework\system\Commands\Server\rewrite.php(43): require_once('C:\\xampp\\htdocs...')
#9 {main}
CRITICAL - 2025-03-28 11:36:55 --> Invalid file: panel/pagos_editar.php
#0 C:\xampp\htdocs\blockbuester\vendor\codeigniter4\framework\system\View\View.php(198): CodeIgniter\Exceptions\FrameworkException::forInvalidFile('panel/pagos_edi...')
#1 C:\xampp\htdocs\blockbuester\vendor\codeigniter4\framework\system\Common.php(1089): CodeIgniter\View\View->render('panel/pagos_edi...', Array, true)
#2 C:\xampp\htdocs\blockbuester\app\Controllers\Panel\Pagos.php(46): view('panel/pagos_edi...', Array)
#3 C:\xampp\htdocs\blockbuester\app\Controllers\Panel\Pagos.php(102): App\Controllers\Panel\Pagos->create_view('panel/pagos_edi...', Array)
#4 C:\xampp\htdocs\blockbuester\vendor\codeigniter4\framework\system\CodeIgniter.php(832): App\Controllers\Panel\Pagos->editar('2')
#5 C:\xampp\htdocs\blockbuester\vendor\codeigniter4\framework\system\CodeIgniter.php(419): CodeIgniter\CodeIgniter->runController(Object(App\Controllers\Panel\Pagos))
#6 C:\xampp\htdocs\blockbuester\vendor\codeigniter4\framework\system\CodeIgniter.php(326): CodeIgniter\CodeIgniter->handleRequest(NULL, Object(Config\Cache), false)
#7 C:\xampp\htdocs\blockbuester\public\index.php(37): CodeIgniter\CodeIgniter->run()
#8 C:\xampp\htdocs\blockbuester\vendor\codeigniter4\framework\system\Commands\Server\rewrite.php(43): require_once('C:\\xampp\\htdocs...')
#9 {main}
CRITICAL - 2025-03-28 11:37:02 --> Invalid file: panel/pagos_editar.php
#0 C:\xampp\htdocs\blockbuester\vendor\codeigniter4\framework\system\View\View.php(198): CodeIgniter\Exceptions\FrameworkException::forInvalidFile('panel/pagos_edi...')
#1 C:\xampp\htdocs\blockbuester\vendor\codeigniter4\framework\system\Common.php(1089): CodeIgniter\View\View->render('panel/pagos_edi...', Array, true)
#2 C:\xampp\htdocs\blockbuester\app\Controllers\Panel\Pagos.php(46): view('panel/pagos_edi...', Array)
#3 C:\xampp\htdocs\blockbuester\app\Controllers\Panel\Pagos.php(102): App\Controllers\Panel\Pagos->create_view('panel/pagos_edi...', Array)
#4 C:\xampp\htdocs\blockbuester\vendor\codeigniter4\framework\system\CodeIgniter.php(832): App\Controllers\Panel\Pagos->editar('2')
#5 C:\xampp\htdocs\blockbuester\vendor\codeigniter4\framework\system\CodeIgniter.php(419): CodeIgniter\CodeIgniter->runController(Object(App\Controllers\Panel\Pagos))
#6 C:\xampp\htdocs\blockbuester\vendor\codeigniter4\framework\system\CodeIgniter.php(326): CodeIgniter\CodeIgniter->handleRequest(NULL, Object(Config\Cache), false)
#7 C:\xampp\htdocs\blockbuester\public\index.php(37): CodeIgniter\CodeIgniter->run()
#8 C:\xampp\htdocs\blockbuester\vendor\codeigniter4\framework\system\Commands\Server\rewrite.php(43): require_once('C:\\xampp\\htdocs...')
#9 {main}
CRITICAL - 2025-03-28 11:37:26 --> Invalid file: panel/pagos_editar.php
#0 C:\xampp\htdocs\blockbuester\vendor\codeigniter4\framework\system\View\View.php(198): CodeIgniter\Exceptions\FrameworkException::forInvalidFile('panel/pagos_edi...')
#1 C:\xampp\htdocs\blockbuester\vendor\codeigniter4\framework\system\Common.php(1089): CodeIgniter\View\View->render('panel/pagos_edi...', Array, true)
#2 C:\xampp\htdocs\blockbuester\app\Controllers\Panel\Pagos.php(46): view('panel/pagos_edi...', Array)
#3 C:\xampp\htdocs\blockbuester\app\Controllers\Panel\Pagos.php(102): App\Controllers\Panel\Pagos->create_view('panel/pagos_edi...', Array)
#4 C:\xampp\htdocs\blockbuester\vendor\codeigniter4\framework\system\CodeIgniter.php(832): App\Controllers\Panel\Pagos->editar('2')
#5 C:\xampp\htdocs\blockbuester\vendor\codeigniter4\framework\system\CodeIgniter.php(419): CodeIgniter\CodeIgniter->runController(Object(App\Controllers\Panel\Pagos))
#6 C:\xampp\htdocs\blockbuester\vendor\codeigniter4\framework\system\CodeIgniter.php(326): CodeIgniter\CodeIgniter->handleRequest(NULL, Object(Config\Cache), false)
#7 C:\xampp\htdocs\blockbuester\public\index.php(37): CodeIgniter\CodeIgniter->run()
#8 C:\xampp\htdocs\blockbuester\vendor\codeigniter4\framework\system\Commands\Server\rewrite.php(43): require_once('C:\\xampp\\htdocs...')
#9 {main}
CRITICAL - 2025-03-28 11:46:26 --> Invalid file: panel/pagos_editar.php
#0 C:\xampp\htdocs\blockbuester\vendor\codeigniter4\framework\system\View\View.php(198): CodeIgniter\Exceptions\FrameworkException::forInvalidFile('panel/pagos_edi...')
#1 C:\xampp\htdocs\blockbuester\vendor\codeigniter4\framework\system\Common.php(1089): CodeIgniter\View\View->render('panel/pagos_edi...', Array, true)
#2 C:\xampp\htdocs\blockbuester\app\Controllers\Panel\Pagos.php(46): view('panel/pagos_edi...', Array)
#3 C:\xampp\htdocs\blockbuester\app\Controllers\Panel\Pagos.php(102): App\Controllers\Panel\Pagos->create_view('panel/pagos_edi...', Array)
#4 C:\xampp\htdocs\blockbuester\vendor\codeigniter4\framework\system\CodeIgniter.php(832): App\Controllers\Panel\Pagos->editar('2')
#5 C:\xampp\htdocs\blockbuester\vendor\codeigniter4\framework\system\CodeIgniter.php(419): CodeIgniter\CodeIgniter->runController(Object(App\Controllers\Panel\Pagos))
#6 C:\xampp\htdocs\blockbuester\vendor\codeigniter4\framework\system\CodeIgniter.php(326): CodeIgniter\CodeIgniter->handleRequest(NULL, Object(Config\Cache), false)
#7 C:\xampp\htdocs\blockbuester\public\index.php(37): CodeIgniter\CodeIgniter->run()
#8 C:\xampp\htdocs\blockbuester\vendor\codeigniter4\framework\system\Commands\Server\rewrite.php(43): require_once('C:\\xampp\\htdocs...')
#9 {main}
CRITICAL - 2025-03-28 11:47:17 --> Invalid file: panel/pagos_editar.php
#0 C:\xampp\htdocs\blockbuester\vendor\codeigniter4\framework\system\View\View.php(198): CodeIgniter\Exceptions\FrameworkException::forInvalidFile('panel/pagos_edi...')
#1 C:\xampp\htdocs\blockbuester\vendor\codeigniter4\framework\system\Common.php(1089): CodeIgniter\View\View->render('panel/pagos_edi...', Array, true)
#2 C:\xampp\htdocs\blockbuester\app\Controllers\Panel\Pagos.php(46): view('panel/pagos_edi...', Array)
#3 C:\xampp\htdocs\blockbuester\app\Controllers\Panel\Pagos.php(102): App\Controllers\Panel\Pagos->create_view('panel/pagos_edi...', Array)
#4 C:\xampp\htdocs\blockbuester\vendor\codeigniter4\framework\system\CodeIgniter.php(832): App\Controllers\Panel\Pagos->editar('2')
#5 C:\xampp\htdocs\blockbuester\vendor\codeigniter4\framework\system\CodeIgniter.php(419): CodeIgniter\CodeIgniter->runController(Object(App\Controllers\Panel\Pagos))
#6 C:\xampp\htdocs\blockbuester\vendor\codeigniter4\framework\system\CodeIgniter.php(326): CodeIgniter\CodeIgniter->handleRequest(NULL, Object(Config\Cache), false)
#7 C:\xampp\htdocs\blockbuester\public\index.php(37): CodeIgniter\CodeIgniter->run()
#8 C:\xampp\htdocs\blockbuester\vendor\codeigniter4\framework\system\Commands\Server\rewrite.php(43): require_once('C:\\xampp\\htdocs...')
#9 {main}
CRITICAL - 2025-03-28 12:02:19 --> Invalid file: panel/pagos_editar.php
#0 C:\xampp\htdocs\blockbuester\vendor\codeigniter4\framework\system\View\View.php(198): CodeIgniter\Exceptions\FrameworkException::forInvalidFile('panel/pagos_edi...')
#1 C:\xampp\htdocs\blockbuester\vendor\codeigniter4\framework\system\Common.php(1089): CodeIgniter\View\View->render('panel/pagos_edi...', Array, true)
#2 C:\xampp\htdocs\blockbuester\app\Controllers\Panel\Pagos.php(46): view('panel/pagos_edi...', Array)
#3 C:\xampp\htdocs\blockbuester\app\Controllers\Panel\Pagos.php(102): App\Controllers\Panel\Pagos->create_view('panel/pagos_edi...', Array)
#4 C:\xampp\htdocs\blockbuester\vendor\codeigniter4\framework\system\CodeIgniter.php(832): App\Controllers\Panel\Pagos->editar('2')
#5 C:\xampp\htdocs\blockbuester\vendor\codeigniter4\framework\system\CodeIgniter.php(419): CodeIgniter\CodeIgniter->runController(Object(App\Controllers\Panel\Pagos))
#6 C:\xampp\htdocs\blockbuester\vendor\codeigniter4\framework\system\CodeIgniter.php(326): CodeIgniter\CodeIgniter->handleRequest(NULL, Object(Config\Cache), false)
#7 C:\xampp\htdocs\blockbuester\public\index.php(37): CodeIgniter\CodeIgniter->run()
#8 C:\xampp\htdocs\blockbuester\vendor\codeigniter4\framework\system\Commands\Server\rewrite.php(43): require_once('C:\\xampp\\htdocs...')
#9 {main}
CRITICAL - 2025-03-28 12:02:24 --> Invalid file: panel/pagos_editar.php
#0 C:\xampp\htdocs\blockbuester\vendor\codeigniter4\framework\system\View\View.php(198): CodeIgniter\Exceptions\FrameworkException::forInvalidFile('panel/pagos_edi...')
#1 C:\xampp\htdocs\blockbuester\vendor\codeigniter4\framework\system\Common.php(1089): CodeIgniter\View\View->render('panel/pagos_edi...', Array, true)
#2 C:\xampp\htdocs\blockbuester\app\Controllers\Panel\Pagos.php(46): view('panel/pagos_edi...', Array)
#3 C:\xampp\htdocs\blockbuester\app\Controllers\Panel\Pagos.php(102): App\Controllers\Panel\Pagos->create_view('panel/pagos_edi...', Array)
#4 C:\xampp\htdocs\blockbuester\vendor\codeigniter4\framework\system\CodeIgniter.php(832): App\Controllers\Panel\Pagos->editar('2')
#5 C:\xampp\htdocs\blockbuester\vendor\codeigniter4\framework\system\CodeIgniter.php(419): CodeIgniter\CodeIgniter->runController(Object(App\Controllers\Panel\Pagos))
#6 C:\xampp\htdocs\blockbuester\vendor\codeigniter4\framework\system\CodeIgniter.php(326): CodeIgniter\CodeIgniter->handleRequest(NULL, Object(Config\Cache), false)
#7 C:\xampp\htdocs\blockbuester\public\index.php(37): CodeIgniter\CodeIgniter->run()
#8 C:\xampp\htdocs\blockbuester\vendor\codeigniter4\framework\system\Commands\Server\rewrite.php(43): require_once('C:\\xampp\\htdocs...')
#9 {main}
CRITICAL - 2025-03-28 12:06:54 --> Invalid file: panel/pagos_editar.php
#0 C:\xampp\htdocs\blockbuester\vendor\codeigniter4\framework\system\View\View.php(198): CodeIgniter\Exceptions\FrameworkException::forInvalidFile('panel/pagos_edi...')
#1 C:\xampp\htdocs\blockbuester\vendor\codeigniter4\framework\system\Common.php(1089): CodeIgniter\View\View->render('panel/pagos_edi...', Array, true)
#2 C:\xampp\htdocs\blockbuester\app\Controllers\Panel\Pagos.php(46): view('panel/pagos_edi...', Array)
#3 C:\xampp\htdocs\blockbuester\app\Controllers\Panel\Pagos.php(102): App\Controllers\Panel\Pagos->create_view('panel/pagos_edi...', Array)
#4 C:\xampp\htdocs\blockbuester\vendor\codeigniter4\framework\system\CodeIgniter.php(832): App\Controllers\Panel\Pagos->editar('2')
#5 C:\xampp\htdocs\blockbuester\vendor\codeigniter4\framework\system\CodeIgniter.php(419): CodeIgniter\CodeIgniter->runController(Object(App\Controllers\Panel\Pagos))
#6 C:\xampp\htdocs\blockbuester\vendor\codeigniter4\framework\system\CodeIgniter.php(326): CodeIgniter\CodeIgniter->handleRequest(NULL, Object(Config\Cache), false)
#7 C:\xampp\htdocs\blockbuester\public\index.php(37): CodeIgniter\CodeIgniter->run()
#8 C:\xampp\htdocs\blockbuester\vendor\codeigniter4\framework\system\Commands\Server\rewrite.php(43): require_once('C:\\xampp\\htdocs...')
#9 {main}
CRITICAL - 2025-03-28 12:06:57 --> Invalid file: panel/pagos_editar.php
#0 C:\xampp\htdocs\blockbuester\vendor\codeigniter4\framework\system\View\View.php(198): CodeIgniter\Exceptions\FrameworkException::forInvalidFile('panel/pagos_edi...')
#1 C:\xampp\htdocs\blockbuester\vendor\codeigniter4\framework\system\Common.php(1089): CodeIgniter\View\View->render('panel/pagos_edi...', Array, true)
#2 C:\xampp\htdocs\blockbuester\app\Controllers\Panel\Pagos.php(46): view('panel/pagos_edi...', Array)
#3 C:\xampp\htdocs\blockbuester\app\Controllers\Panel\Pagos.php(102): App\Controllers\Panel\Pagos->create_view('panel/pagos_edi...', Array)
#4 C:\xampp\htdocs\blockbuester\vendor\codeigniter4\framework\system\CodeIgniter.php(832): App\Controllers\Panel\Pagos->editar('2')
#5 C:\xampp\htdocs\blockbuester\vendor\codeigniter4\framework\system\CodeIgniter.php(419): CodeIgniter\CodeIgniter->runController(Object(App\Controllers\Panel\Pagos))
#6 C:\xampp\htdocs\blockbuester\vendor\codeigniter4\framework\system\CodeIgniter.php(326): CodeIgniter\CodeIgniter->handleRequest(NULL, Object(Config\Cache), false)
#7 C:\xampp\htdocs\blockbuester\public\index.php(37): CodeIgniter\CodeIgniter->run()
#8 C:\xampp\htdocs\blockbuester\vendor\codeigniter4\framework\system\Commands\Server\rewrite.php(43): require_once('C:\\xampp\\htdocs...')
#9 {main}
CRITICAL - 2025-03-28 12:17:21 --> Undefined variable: breadcrumb_panel
#0 C:\xampp\htdocs\blockbuester\app\Views\plantillas\panel_base.php(218): CodeIgniter\Debug\Exceptions->errorHandler(8, 'Undefined varia...', 'C:\\xampp\\htdocs...', 218, Array)
#1 C:\xampp\htdocs\blockbuester\vendor\codeigniter4\framework\system\View\View.php(210): include('C:\\xampp\\htdocs...')
#2 C:\xampp\htdocs\blockbuester\vendor\codeigniter4\framework\system\View\View.php(213): CodeIgniter\View\View->CodeIgniter\View\{closure}()
#3 C:\xampp\htdocs\blockbuester\vendor\codeigniter4\framework\system\View\View.php(226): CodeIgniter\View\View->render('plantillas/pane...', Array, true)
#4 C:\xampp\htdocs\blockbuester\vendor\codeigniter4\framework\system\Common.php(1089): CodeIgniter\View\View->render('panel/alquilere...', Array, true)
#5 C:\xampp\htdocs\blockbuester\app\Controllers\Panel\Alquileres.php(36): view('panel/alquilere...', Array)
#6 C:\xampp\htdocs\blockbuester\app\Controllers\Panel\Alquileres.php(50): App\Controllers\Panel\Alquileres->create_view('panel/alquilere...', Array)
#7 C:\xampp\htdocs\blockbuester\vendor\codeigniter4\framework\system\CodeIgniter.php(832): App\Controllers\Panel\Alquileres->index()
#8 C:\xampp\htdocs\blockbuester\vendor\codeigniter4\framework\system\CodeIgniter.php(419): CodeIgniter\CodeIgniter->runController(Object(App\Controllers\Panel\Alquileres))
#9 C:\xampp\htdocs\blockbuester\vendor\codeigniter4\framework\system\CodeIgniter.php(326): CodeIgniter\CodeIgniter->handleRequest(NULL, Object(Config\Cache), false)
#10 C:\xampp\htdocs\blockbuester\public\index.php(37): CodeIgniter\CodeIgniter->run()
#11 C:\xampp\htdocs\blockbuester\vendor\codeigniter4\framework\system\Commands\Server\rewrite.php(43): require_once('C:\\xampp\\htdocs...')
#12 {main}
CRITICAL - 2025-03-28 12:20:29 --> Trying to get property 'id_streaming' of non-object
#0 C:\xampp\htdocs\blockbuester\app\Views\panel\alquileres_nuevo.php(31): CodeIgniter\Debug\Exceptions->errorHandler(8, 'Trying to get p...', 'C:\\xampp\\htdocs...', 31, Array)
#1 C:\xampp\htdocs\blockbuester\vendor\codeigniter4\framework\system\View\View.php(210): include('C:\\xampp\\htdocs...')
#2 C:\xampp\htdocs\blockbuester\vendor\codeigniter4\framework\system\View\View.php(213): CodeIgniter\View\View->CodeIgniter\View\{closure}()
#3 C:\xampp\htdocs\blockbuester\vendor\codeigniter4\framework\system\Common.php(1089): CodeIgniter\View\View->render('panel/alquilere...', Array, true)
#4 C:\xampp\htdocs\blockbuester\app\Controllers\Panel\Alquileres.php(44): view('panel/alquilere...', Array)
#5 C:\xampp\htdocs\blockbuester\app\Controllers\Panel\Alquileres.php(66): App\Controllers\Panel\Alquileres->create_view('panel/alquilere...', Array)
#6 C:\xampp\htdocs\blockbuester\vendor\codeigniter4\framework\system\CodeIgniter.php(832): App\Controllers\Panel\Alquileres->nuevo()
#7 C:\xampp\htdocs\blockbuester\vendor\codeigniter4\framework\system\CodeIgniter.php(419): CodeIgniter\CodeIgniter->runController(Object(App\Controllers\Panel\Alquileres))
#8 C:\xampp\htdocs\blockbuester\vendor\codeigniter4\framework\system\CodeIgniter.php(326): CodeIgniter\CodeIgniter->handleRequest(NULL, Object(Config\Cache), false)
#9 C:\xampp\htdocs\blockbuester\public\index.php(37): CodeIgniter\CodeIgniter->run()
#10 C:\xampp\htdocs\blockbuester\vendor\codeigniter4\framework\system\Commands\Server\rewrite.php(43): require_once('C:\\xampp\\htdocs...')
#11 {main}
CRITICAL - 2025-03-28 12:21:24 --> Trying to get property 'nombre_usuario' of non-object
#0 C:\xampp\htdocs\blockbuester\app\Views\panel\alquileres.php(34): CodeIgniter\Debug\Exceptions->errorHandler(8, 'Trying to get p...', 'C:\\xampp\\htdocs...', 34, Array)
#1 C:\xampp\htdocs\blockbuester\vendor\codeigniter4\framework\system\View\View.php(210): include('C:\\xampp\\htdocs...')
#2 C:\xampp\htdocs\blockbuester\vendor\codeigniter4\framework\system\View\View.php(213): CodeIgniter\View\View->CodeIgniter\View\{closure}()
#3 C:\xampp\htdocs\blockbuester\vendor\codeigniter4\framework\system\Common.php(1089): CodeIgniter\View\View->render('panel/alquilere...', Array, true)
#4 C:\xampp\htdocs\blockbuester\app\Controllers\Panel\Alquileres.php(44): view('panel/alquilere...', Array)
#5 C:\xampp\htdocs\blockbuester\app\Controllers\Panel\Alquileres.php(58): App\Controllers\Panel\Alquileres->create_view('panel/alquilere...', Array)
#6 C:\xampp\htdocs\blockbuester\vendor\codeigniter4\framework\system\CodeIgniter.php(832): App\Controllers\Panel\Alquileres->index()
#7 C:\xampp\htdocs\blockbuester\vendor\codeigniter4\framework\system\CodeIgniter.php(419): CodeIgniter\CodeIgniter->runController(Object(App\Controllers\Panel\Alquileres))
#8 C:\xampp\htdocs\blockbuester\vendor\codeigniter4\framework\system\CodeIgniter.php(326): CodeIgniter\CodeIgniter->handleRequest(NULL, Object(Config\Cache), false)
#9 C:\xampp\htdocs\blockbuester\public\index.php(37): CodeIgniter\CodeIgniter->run()
#10 C:\xampp\htdocs\blockbuester\vendor\codeigniter4\framework\system\Commands\Server\rewrite.php(43): require_once('C:\\xampp\\htdocs...')
#11 {main}
CRITICAL - 2025-03-28 12:22:57 --> Trying to get property 'nombre_usuario' of non-object
#0 C:\xampp\htdocs\blockbuester\app\Views\panel\alquileres.php(34): CodeIgniter\Debug\Exceptions->errorHandler(8, 'Trying to get p...', 'C:\\xampp\\htdocs...', 34, Array)
#1 C:\xampp\htdocs\blockbuester\vendor\codeigniter4\framework\system\View\View.php(210): include('C:\\xampp\\htdocs...')
#2 C:\xampp\htdocs\blockbuester\vendor\codeigniter4\framework\system\View\View.php(213): CodeIgniter\View\View->CodeIgniter\View\{closure}()
#3 C:\xampp\htdocs\blockbuester\vendor\codeigniter4\framework\system\Common.php(1089): CodeIgniter\View\View->render('panel/alquilere...', Array, true)
#4 C:\xampp\htdocs\blockbuester\app\Controllers\Panel\Alquileres.php(44): view('panel/alquilere...', Array)
#5 C:\xampp\htdocs\blockbuester\app\Controllers\Panel\Alquileres.php(58): App\Controllers\Panel\Alquileres->create_view('panel/alquilere...', Array)
#6 C:\xampp\htdocs\blockbuester\vendor\codeigniter4\framework\system\CodeIgniter.php(832): App\Controllers\Panel\Alquileres->index()
#7 C:\xampp\htdocs\blockbuester\vendor\codeigniter4\framework\system\CodeIgniter.php(419): CodeIgniter\CodeIgniter->runController(Object(App\Controllers\Panel\Alquileres))
#8 C:\xampp\htdocs\blockbuester\vendor\codeigniter4\framework\system\CodeIgniter.php(326): CodeIgniter\CodeIgniter->handleRequest(NULL, Object(Config\Cache), false)
#9 C:\xampp\htdocs\blockbuester\public\index.php(37): CodeIgniter\CodeIgniter->run()
#10 C:\xampp\htdocs\blockbuester\vendor\codeigniter4\framework\system\Commands\Server\rewrite.php(43): require_once('C:\\xampp\\htdocs...')
#11 {main}
CRITICAL - 2025-03-28 12:25:41 --> Trying to get property 'nombre_usuario' of non-object
#0 C:\xampp\htdocs\blockbuester\app\Views\panel\alquileres.php(34): CodeIgniter\Debug\Exceptions->errorHandler(8, 'Trying to get p...', 'C:\\xampp\\htdocs...', 34, Array)
#1 C:\xampp\htdocs\blockbuester\vendor\codeigniter4\framework\system\View\View.php(210): include('C:\\xampp\\htdocs...')
#2 C:\xampp\htdocs\blockbuester\vendor\codeigniter4\framework\system\View\View.php(213): CodeIgniter\View\View->CodeIgniter\View\{closure}()
#3 C:\xampp\htdocs\blockbuester\vendor\codeigniter4\framework\system\Common.php(1089): CodeIgniter\View\View->render('panel/alquilere...', Array, true)
#4 C:\xampp\htdocs\blockbuester\app\Controllers\Panel\Alquileres.php(44): view('panel/alquilere...', Array)
#5 C:\xampp\htdocs\blockbuester\app\Controllers\Panel\Alquileres.php(60): App\Controllers\Panel\Alquileres->create_view('panel/alquilere...', Array)
#6 C:\xampp\htdocs\blockbuester\vendor\codeigniter4\framework\system\CodeIgniter.php(832): App\Controllers\Panel\Alquileres->index()
#7 C:\xampp\htdocs\blockbuester\vendor\codeigniter4\framework\system\CodeIgniter.php(419): CodeIgniter\CodeIgniter->runController(Object(App\Controllers\Panel\Alquileres))
#8 C:\xampp\htdocs\blockbuester\vendor\codeigniter4\framework\system\CodeIgniter.php(326): CodeIgniter\CodeIgniter->handleRequest(NULL, Object(Config\Cache), false)
#9 C:\xampp\htdocs\blockbuester\public\index.php(37): CodeIgniter\CodeIgniter->run()
#10 C:\xampp\htdocs\blockbuester\vendor\codeigniter4\framework\system\Commands\Server\rewrite.php(43): require_once('C:\\xampp\\htdocs...')
#11 {main}
CRITICAL - 2025-03-28 12:28:42 --> Trying to get property 'nombre_usuario' of non-object
#0 C:\xampp\htdocs\blockbuester\app\Views\panel\alquileres.php(34): CodeIgniter\Debug\Exceptions->errorHandler(8, 'Trying to get p...', 'C:\\xampp\\htdocs...', 34, Array)
#1 C:\xampp\htdocs\blockbuester\vendor\codeigniter4\framework\system\View\View.php(210): include('C:\\xampp\\htdocs...')
#2 C:\xampp\htdocs\blockbuester\vendor\codeigniter4\framework\system\View\View.php(213): CodeIgniter\View\View->CodeIgniter\View\{closure}()
#3 C:\xampp\htdocs\blockbuester\vendor\codeigniter4\framework\system\Common.php(1089): CodeIgniter\View\View->render('panel/alquilere...', Array, true)
#4 C:\xampp\htdocs\blockbuester\app\Controllers\Panel\Alquileres.php(44): view('panel/alquilere...', Array)
#5 C:\xampp\htdocs\blockbuester\app\Controllers\Panel\Alquileres.php(60): App\Controllers\Panel\Alquileres->create_view('panel/alquilere...', Array)
#6 C:\xampp\htdocs\blockbuester\vendor\codeigniter4\framework\system\CodeIgniter.php(832): App\Controllers\Panel\Alquileres->index()
#7 C:\xampp\htdocs\blockbuester\vendor\codeigniter4\framework\system\CodeIgniter.php(419): CodeIgniter\CodeIgniter->runController(Object(App\Controllers\Panel\Alquileres))
#8 C:\xampp\htdocs\blockbuester\vendor\codeigniter4\framework\system\CodeIgniter.php(326): CodeIgniter\CodeIgniter->handleRequest(NULL, Object(Config\Cache), false)
#9 C:\xampp\htdocs\blockbuester\public\index.php(37): CodeIgniter\CodeIgniter->run()
#10 C:\xampp\htdocs\blockbuester\vendor\codeigniter4\framework\system\Commands\Server\rewrite.php(43): require_once('C:\\xampp\\htdocs...')
#11 {main}
CRITICAL - 2025-03-28 12:28:48 --> Trying to get property 'nombre_usuario' of non-object
#0 C:\xampp\htdocs\blockbuester\app\Views\panel\alquileres.php(34): CodeIgniter\Debug\Exceptions->errorHandler(8, 'Trying to get p...', 'C:\\xampp\\htdocs...', 34, Array)
#1 C:\xampp\htdocs\blockbuester\vendor\codeigniter4\framework\system\View\View.php(210): include('C:\\xampp\\htdocs...')
#2 C:\xampp\htdocs\blockbuester\vendor\codeigniter4\framework\system\View\View.php(213): CodeIgniter\View\View->CodeIgniter\View\{closure}()
#3 C:\xampp\htdocs\blockbuester\vendor\codeigniter4\framework\system\Common.php(1089): CodeIgniter\View\View->render('panel/alquilere...', Array, true)
#4 C:\xampp\htdocs\blockbuester\app\Controllers\Panel\Alquileres.php(44): view('panel/alquilere...', Array)
#5 C:\xampp\htdocs\blockbuester\app\Controllers\Panel\Alquileres.php(60): App\Controllers\Panel\Alquileres->create_view('panel/alquilere...', Array)
#6 C:\xampp\htdocs\blockbuester\vendor\codeigniter4\framework\system\CodeIgniter.php(832): App\Controllers\Panel\Alquileres->index()
#7 C:\xampp\htdocs\blockbuester\vendor\codeigniter4\framework\system\CodeIgniter.php(419): CodeIgniter\CodeIgniter->runController(Object(App\Controllers\Panel\Alquileres))
#8 C:\xampp\htdocs\blockbuester\vendor\codeigniter4\framework\system\CodeIgniter.php(326): CodeIgniter\CodeIgniter->handleRequest(NULL, Object(Config\Cache), false)
#9 C:\xampp\htdocs\blockbuester\public\index.php(37): CodeIgniter\CodeIgniter->run()
#10 C:\xampp\htdocs\blockbuester\vendor\codeigniter4\framework\system\Commands\Server\rewrite.php(43): require_once('C:\\xampp\\htdocs...')
#11 {main}
CRITICAL - 2025-03-28 12:38:19 --> Invalid file: panel/alquileres_editar.php
#0 C:\xampp\htdocs\blockbuester\vendor\codeigniter4\framework\system\View\View.php(198): CodeIgniter\Exceptions\FrameworkException::forInvalidFile('panel/alquilere...')
#1 C:\xampp\htdocs\blockbuester\vendor\codeigniter4\framework\system\Common.php(1089): CodeIgniter\View\View->render('panel/alquilere...', Array, true)
#2 C:\xampp\htdocs\blockbuester\app\Controllers\Panel\Alquileres.php(49): view('panel/alquilere...', Array)
#3 C:\xampp\htdocs\blockbuester\app\Controllers\Panel\Alquileres.php(113): App\Controllers\Panel\Alquileres->create_view('panel/alquilere...', Array)
#4 C:\xampp\htdocs\blockbuester\vendor\codeigniter4\framework\system\CodeIgniter.php(832): App\Controllers\Panel\Alquileres->editar('3')
#5 C:\xampp\htdocs\blockbuester\vendor\codeigniter4\framework\system\CodeIgniter.php(419): CodeIgniter\CodeIgniter->runController(Object(App\Controllers\Panel\Alquileres))
#6 C:\xampp\htdocs\blockbuester\vendor\codeigniter4\framework\system\CodeIgniter.php(326): CodeIgniter\CodeIgniter->handleRequest(NULL, Object(Config\Cache), false)
#7 C:\xampp\htdocs\blockbuester\public\index.php(37): CodeIgniter\CodeIgniter->run()
#8 C:\xampp\htdocs\blockbuester\vendor\codeigniter4\framework\system\Commands\Server\rewrite.php(43): require_once('C:\\xampp\\htdocs...')
#9 {main}
CRITICAL - 2025-03-28 12:40:18 --> Trying to get property 'id_alquiler' of non-object
#0 C:\xampp\htdocs\blockbuester\app\Views\panel\alquileres_editar.php(13): CodeIgniter\Debug\Exceptions->errorHandler(8, 'Trying to get p...', 'C:\\xampp\\htdocs...', 13, Array)
#1 C:\xampp\htdocs\blockbuester\vendor\codeigniter4\framework\system\View\View.php(210): include('C:\\xampp\\htdocs...')
#2 C:\xampp\htdocs\blockbuester\vendor\codeigniter4\framework\system\View\View.php(213): CodeIgniter\View\View->CodeIgniter\View\{closure}()
#3 C:\xampp\htdocs\blockbuester\vendor\codeigniter4\framework\system\Common.php(1089): CodeIgniter\View\View->render('panel/alquilere...', Array, true)
#4 C:\xampp\htdocs\blockbuester\app\Controllers\Panel\Alquileres.php(49): view('panel/alquilere...', Array)
#5 C:\xampp\htdocs\blockbuester\app\Controllers\Panel\Alquileres.php(113): App\Controllers\Panel\Alquileres->create_view('panel/alquilere...', Array)
#6 C:\xampp\htdocs\blockbuester\vendor\codeigniter4\framework\system\CodeIgniter.php(832): App\Controllers\Panel\Alquileres->editar('3')
#7 C:\xampp\htdocs\blockbuester\vendor\codeigniter4\framework\system\CodeIgniter.php(419): CodeIgniter\CodeIgniter->runController(Object(App\Controllers\Panel\Alquileres))
#8 C:\xampp\htdocs\blockbuester\vendor\codeigniter4\framework\system\CodeIgniter.php(326): CodeIgniter\CodeIgniter->handleRequest(NULL, Object(Config\Cache), false)
#9 C:\xampp\htdocs\blockbuester\public\index.php(37): CodeIgniter\CodeIgniter->run()
#10 C:\xampp\htdocs\blockbuester\vendor\codeigniter4\framework\system\Commands\Server\rewrite.php(43): require_once('C:\\xampp\\htdocs...')
#11 {main}
CRITICAL - 2025-03-28 12:40:19 --> Trying to get property 'id_alquiler' of non-object
#0 C:\xampp\htdocs\blockbuester\app\Views\panel\alquileres_editar.php(13): CodeIgniter\Debug\Exceptions->errorHandler(8, 'Trying to get p...', 'C:\\xampp\\htdocs...', 13, Array)
#1 C:\xampp\htdocs\blockbuester\vendor\codeigniter4\framework\system\View\View.php(210): include('C:\\xampp\\htdocs...')
#2 C:\xampp\htdocs\blockbuester\vendor\codeigniter4\framework\system\View\View.php(213): CodeIgniter\View\View->CodeIgniter\View\{closure}()
#3 C:\xampp\htdocs\blockbuester\vendor\codeigniter4\framework\system\Common.php(1089): CodeIgniter\View\View->render('panel/alquilere...', Array, true)
#4 C:\xampp\htdocs\blockbuester\app\Controllers\Panel\Alquileres.php(49): view('panel/alquilere...', Array)
#5 C:\xampp\htdocs\blockbuester\app\Controllers\Panel\Alquileres.php(113): App\Controllers\Panel\Alquileres->create_view('panel/alquilere...', Array)
#6 C:\xampp\htdocs\blockbuester\vendor\codeigniter4\framework\system\CodeIgniter.php(832): App\Controllers\Panel\Alquileres->editar('3')
#7 C:\xampp\htdocs\blockbuester\vendor\codeigniter4\framework\system\CodeIgniter.php(419): CodeIgniter\CodeIgniter->runController(Object(App\Controllers\Panel\Alquileres))
#8 C:\xampp\htdocs\blockbuester\vendor\codeigniter4\framework\system\CodeIgniter.php(326): CodeIgniter\CodeIgniter->handleRequest(NULL, Object(Config\Cache), false)
#9 C:\xampp\htdocs\blockbuester\public\index.php(37): CodeIgniter\CodeIgniter->run()
#10 C:\xampp\htdocs\blockbuester\vendor\codeigniter4\framework\system\Commands\Server\rewrite.php(43): require_once('C:\\xampp\\htdocs...')
#11 {main}
CRITICAL - 2025-03-28 12:40:52 --> Undefined variable: streaming
#0 C:\xampp\htdocs\blockbuester\app\Views\panel\alquileres_editar.php(31): CodeIgniter\Debug\Exceptions->errorHandler(8, 'Undefined varia...', 'C:\\xampp\\htdocs...', 31, Array)
#1 C:\xampp\htdocs\blockbuester\vendor\codeigniter4\framework\system\View\View.php(210): include('C:\\xampp\\htdocs...')
#2 C:\xampp\htdocs\blockbuester\vendor\codeigniter4\framework\system\View\View.php(213): CodeIgniter\View\View->CodeIgniter\View\{closure}()
#3 C:\xampp\htdocs\blockbuester\vendor\codeigniter4\framework\system\Common.php(1089): CodeIgniter\View\View->render('panel/alquilere...', Array, true)
#4 C:\xampp\htdocs\blockbuester\app\Controllers\Panel\Alquileres.php(49): view('panel/alquilere...', Array)
#5 C:\xampp\htdocs\blockbuester\app\Controllers\Panel\Alquileres.php(113): App\Controllers\Panel\Alquileres->create_view('panel/alquilere...', Array)
#6 C:\xampp\htdocs\blockbuester\vendor\codeigniter4\framework\system\CodeIgniter.php(832): App\Controllers\Panel\Alquileres->editar('3')
#7 C:\xampp\htdocs\blockbuester\vendor\codeigniter4\framework\system\CodeIgniter.php(419): CodeIgniter\CodeIgniter->runController(Object(App\Controllers\Panel\Alquileres))
#8 C:\xampp\htdocs\blockbuester\vendor\codeigniter4\framework\system\CodeIgniter.php(326): CodeIgniter\CodeIgniter->handleRequest(NULL, Object(Config\Cache), false)
#9 C:\xampp\htdocs\blockbuester\public\index.php(37): CodeIgniter\CodeIgniter->run()
#10 C:\xampp\htdocs\blockbuester\vendor\codeigniter4\framework\system\Commands\Server\rewrite.php(43): require_once('C:\\xampp\\htdocs...')
#11 {main}
CRITICAL - 2025-03-28 12:45:55 --> Undefined variable: streamings
#0 C:\xampp\htdocs\blockbuester\app\Views\panel\alquileres_editar.php(31): CodeIgniter\Debug\Exceptions->errorHandler(8, 'Undefined varia...', 'C:\\xampp\\htdocs...', 31, Array)
#1 C:\xampp\htdocs\blockbuester\vendor\codeigniter4\framework\system\View\View.php(210): include('C:\\xampp\\htdocs...')
#2 C:\xampp\htdocs\blockbuester\vendor\codeigniter4\framework\system\View\View.php(213): CodeIgniter\View\View->CodeIgniter\View\{closure}()
#3 C:\xampp\htdocs\blockbuester\vendor\codeigniter4\framework\system\Common.php(1089): CodeIgniter\View\View->render('panel/alquilere...', Array, true)
#4 C:\xampp\htdocs\blockbuester\app\Controllers\Panel\Alquileres.php(49): view('panel/alquilere...', Array)
#5 C:\xampp\htdocs\blockbuester\app\Controllers\Panel\Alquileres.php(114): App\Controllers\Panel\Alquileres->create_view('panel/alquilere...', Array)
#6 C:\xampp\htdocs\blockbuester\vendor\codeigniter4\framework\system\CodeIgniter.php(832): App\Controllers\Panel\Alquileres->editar('3')
#7 C:\xampp\htdocs\blockbuester\vendor\codeigniter4\framework\system\CodeIgniter.php(419): CodeIgniter\CodeIgniter->runController(Object(App\Controllers\Panel\Alquileres))
#8 C:\xampp\htdocs\blockbuester\vendor\codeigniter4\framework\system\CodeIgniter.php(326): CodeIgniter\CodeIgniter->handleRequest(NULL, Object(Config\Cache), false)
#9 C:\xampp\htdocs\blockbuester\public\index.php(37): CodeIgniter\CodeIgniter->run()
#10 C:\xampp\htdocs\blockbuester\vendor\codeigniter4\framework\system\Commands\Server\rewrite.php(43): require_once('C:\\xampp\\htdocs...')
#11 {main}
CRITICAL - 2025-03-28 12:45:56 --> Undefined variable: streamings
#0 C:\xampp\htdocs\blockbuester\app\Views\panel\alquileres_editar.php(31): CodeIgniter\Debug\Exceptions->errorHandler(8, 'Undefined varia...', 'C:\\xampp\\htdocs...', 31, Array)
#1 C:\xampp\htdocs\blockbuester\vendor\codeigniter4\framework\system\View\View.php(210): include('C:\\xampp\\htdocs...')
#2 C:\xampp\htdocs\blockbuester\vendor\codeigniter4\framework\system\View\View.php(213): CodeIgniter\View\View->CodeIgniter\View\{closure}()
#3 C:\xampp\htdocs\blockbuester\vendor\codeigniter4\framework\system\Common.php(1089): CodeIgniter\View\View->render('panel/alquilere...', Array, true)
#4 C:\xampp\htdocs\blockbuester\app\Controllers\Panel\Alquileres.php(49): view('panel/alquilere...', Array)
#5 C:\xampp\htdocs\blockbuester\app\Controllers\Panel\Alquileres.php(114): App\Controllers\Panel\Alquileres->create_view('panel/alquilere...', Array)
#6 C:\xampp\htdocs\blockbuester\vendor\codeigniter4\framework\system\CodeIgniter.php(832): App\Controllers\Panel\Alquileres->editar('3')
#7 C:\xampp\htdocs\blockbuester\vendor\codeigniter4\framework\system\CodeIgniter.php(419): CodeIgniter\CodeIgniter->runController(Object(App\Controllers\Panel\Alquileres))
#8 C:\xampp\htdocs\blockbuester\vendor\codeigniter4\framework\system\CodeIgniter.php(326): CodeIgniter\CodeIgniter->handleRequest(NULL, Object(Config\Cache), false)
#9 C:\xampp\htdocs\blockbuester\public\index.php(37): CodeIgniter\CodeIgniter->run()
#10 C:\xampp\htdocs\blockbuester\vendor\codeigniter4\framework\system\Commands\Server\rewrite.php(43): require_once('C:\\xampp\\htdocs...')
#11 {main}
CRITICAL - 2025-03-28 12:48:08 --> Cannot use object of type stdClass as array
#0 C:\xampp\htdocs\blockbuester\vendor\codeigniter4\framework\system\View\View.php(210): include()
#1 C:\xampp\htdocs\blockbuester\vendor\codeigniter4\framework\system\View\View.php(213): CodeIgniter\View\View->CodeIgniter\View\{closure}()
#2 C:\xampp\htdocs\blockbuester\vendor\codeigniter4\framework\system\Common.php(1089): CodeIgniter\View\View->render('panel/alquilere...', Array, true)
#3 C:\xampp\htdocs\blockbuester\app\Controllers\Panel\Alquileres.php(49): view('panel/alquilere...', Array)
#4 C:\xampp\htdocs\blockbuester\app\Controllers\Panel\Alquileres.php(65): App\Controllers\Panel\Alquileres->create_view('panel/alquilere...', Array)
#5 C:\xampp\htdocs\blockbuester\vendor\codeigniter4\framework\system\CodeIgniter.php(832): App\Controllers\Panel\Alquileres->index()
#6 C:\xampp\htdocs\blockbuester\vendor\codeigniter4\framework\system\CodeIgniter.php(419): CodeIgniter\CodeIgniter->runController(Object(App\Controllers\Panel\Alquileres))
#7 C:\xampp\htdocs\blockbuester\vendor\codeigniter4\framework\system\CodeIgniter.php(326): CodeIgniter\CodeIgniter->handleRequest(NULL, Object(Config\Cache), false)
#8 C:\xampp\htdocs\blockbuester\public\index.php(37): CodeIgniter\CodeIgniter->run()
#9 C:\xampp\htdocs\blockbuester\vendor\codeigniter4\framework\system\Commands\Server\rewrite.php(43): require_once('C:\\xampp\\htdocs...')
#10 {main}
CRITICAL - 2025-03-28 12:48:14 --> Cannot use object of type stdClass as array
#0 C:\xampp\htdocs\blockbuester\vendor\codeigniter4\framework\system\View\View.php(210): include()
#1 C:\xampp\htdocs\blockbuester\vendor\codeigniter4\framework\system\View\View.php(213): CodeIgniter\View\View->CodeIgniter\View\{closure}()
#2 C:\xampp\htdocs\blockbuester\vendor\codeigniter4\framework\system\Common.php(1089): CodeIgniter\View\View->render('panel/alquilere...', Array, true)
#3 C:\xampp\htdocs\blockbuester\app\Controllers\Panel\Alquileres.php(49): view('panel/alquilere...', Array)
#4 C:\xampp\htdocs\blockbuester\app\Controllers\Panel\Alquileres.php(65): App\Controllers\Panel\Alquileres->create_view('panel/alquilere...', Array)
#5 C:\xampp\htdocs\blockbuester\vendor\codeigniter4\framework\system\CodeIgniter.php(832): App\Controllers\Panel\Alquileres->index()
#6 C:\xampp\htdocs\blockbuester\vendor\codeigniter4\framework\system\CodeIgniter.php(419): CodeIgniter\CodeIgniter->runController(Object(App\Controllers\Panel\Alquileres))
#7 C:\xampp\htdocs\blockbuester\vendor\codeigniter4\framework\system\CodeIgniter.php(326): CodeIgniter\CodeIgniter->handleRequest(NULL, Object(Config\Cache), false)
#8 C:\xampp\htdocs\blockbuester\public\index.php(37): CodeIgniter\CodeIgniter->run()
#9 C:\xampp\htdocs\blockbuester\vendor\codeigniter4\framework\system\Commands\Server\rewrite.php(43): require_once('C:\\xampp\\htdocs...')
#10 {main}
CRITICAL - 2025-03-28 12:51:01 --> Cannot use object of type stdClass as array
#0 C:\xampp\htdocs\blockbuester\vendor\codeigniter4\framework\system\View\View.php(210): include()
#1 C:\xampp\htdocs\blockbuester\vendor\codeigniter4\framework\system\View\View.php(213): CodeIgniter\View\View->CodeIgniter\View\{closure}()
#2 C:\xampp\htdocs\blockbuester\vendor\codeigniter4\framework\system\Common.php(1089): CodeIgniter\View\View->render('panel/alquilere...', Array, true)
#3 C:\xampp\htdocs\blockbuester\app\Controllers\Panel\Alquileres.php(49): view('panel/alquilere...', Array)
#4 C:\xampp\htdocs\blockbuester\app\Controllers\Panel\Alquileres.php(65): App\Controllers\Panel\Alquileres->create_view('panel/alquilere...', Array)
#5 C:\xampp\htdocs\blockbuester\vendor\codeigniter4\framework\system\CodeIgniter.php(832): App\Controllers\Panel\Alquileres->index()
#6 C:\xampp\htdocs\blockbuester\vendor\codeigniter4\framework\system\CodeIgniter.php(419): CodeIgniter\CodeIgniter->runController(Object(App\Controllers\Panel\Alquileres))
#7 C:\xampp\htdocs\blockbuester\vendor\codeigniter4\framework\system\CodeIgniter.php(326): CodeIgniter\CodeIgniter->handleRequest(NULL, Object(Config\Cache), false)
#8 C:\xampp\htdocs\blockbuester\public\index.php(37): CodeIgniter\CodeIgniter->run()
#9 C:\xampp\htdocs\blockbuester\vendor\codeigniter4\framework\system\Commands\Server\rewrite.php(43): require_once('C:\\xampp\\htdocs...')
#10 {main}
