ERROR - 2025-03-27 21:53:52 --> Cannot add or update a child row: a foreign key constraint fails (`blockbuster`.`usuarios`, CONSTRAINT `usuarios_ibfk_1` FOREIGN KEY (`id_rol`) REFERENCES `roles` (`id_rol`) ON DELETE CASCADE ON UPDATE CASCADE)
CRITICAL - 2025-03-27 21:53:52 --> Cannot add or update a child row: a foreign key constraint fails (`blockbuster`.`usuarios`, CONSTRAINT `usuarios_ibfk_1` FOREIGN KEY (`id_rol`) REFERENCES `roles` (`id_rol`) ON DELETE CASCADE ON UPDATE CASCADE)
#0 C:\xampp\htdocs\blockbuester\vendor\codeigniter4\framework\system\Database\MySQLi\Connection.php(292): mysqli->query('INSERT INTO `us...', 0)
#1 C:\xampp\htdocs\blockbuester\vendor\codeigniter4\framework\system\Database\BaseConnection.php(670): CodeIgniter\Database\MySQLi\Connection->execute('INSERT INTO `us...')
#2 C:\xampp\htdocs\blockbuester\vendor\codeigniter4\framework\system\Database\BaseConnection.php(598): CodeIgniter\Database\BaseConnection->simpleQuery('INSERT INTO `us...')
#3 C:\xampp\htdocs\blockbuester\vendor\codeigniter4\framework\system\Database\BaseBuilder.php(1771): CodeIgniter\Database\BaseConnection->query('INSERT INTO `us...', Array, false)
#4 C:\xampp\htdocs\blockbuester\vendor\codeigniter4\framework\system\Model.php(239): CodeIgniter\Database\BaseBuilder->insert()
#5 C:\xampp\htdocs\blockbuester\vendor\codeigniter4\framework\system\BaseModel.php(738): CodeIgniter\Model->doInsert(Array)
#6 C:\xampp\htdocs\blockbuester\vendor\codeigniter4\framework\system\Model.php(625): CodeIgniter\BaseModel->insert(Array, true)
#7 C:\xampp\htdocs\blockbuester\app\Models\Tabla_usuario.php(29): CodeIgniter\Model->insert(Array)
#8 C:\xampp\htdocs\blockbuester\app\Controllers\Panel\Usuario_nuevo.php(97): App\Models\Tabla_usuario->create_data(Array)
#9 C:\xampp\htdocs\blockbuester\vendor\codeigniter4\framework\system\CodeIgniter.php(832): App\Controllers\Panel\Usuario_nuevo->registrar()
#10 C:\xampp\htdocs\blockbuester\vendor\codeigniter4\framework\system\CodeIgniter.php(419): CodeIgniter\CodeIgniter->runController(Object(App\Controllers\Panel\Usuario_nuevo))
#11 C:\xampp\htdocs\blockbuester\vendor\codeigniter4\framework\system\CodeIgniter.php(326): CodeIgniter\CodeIgniter->handleRequest(NULL, Object(Config\Cache), false)
#12 C:\xampp\htdocs\blockbuester\public\index.php(37): CodeIgniter\CodeIgniter->run()
#13 C:\xampp\htdocs\blockbuester\vendor\codeigniter4\framework\system\Commands\Server\rewrite.php(43): require_once('C:\\xampp\\htdocs...')
#14 {main}
ERROR - 2025-03-27 22:13:09 --> Cannot add or update a child row: a foreign key constraint fails (`blockbuster`.`usuarios`, CONSTRAINT `usuarios_ibfk_1` FOREIGN KEY (`id_rol`) REFERENCES `roles` (`id_rol`) ON DELETE CASCADE ON UPDATE CASCADE)
CRITICAL - 2025-03-27 22:13:09 --> Cannot add or update a child row: a foreign key constraint fails (`blockbuster`.`usuarios`, CONSTRAINT `usuarios_ibfk_1` FOREIGN KEY (`id_rol`) REFERENCES `roles` (`id_rol`) ON DELETE CASCADE ON UPDATE CASCADE)
#0 C:\xampp\htdocs\blockbuester\vendor\codeigniter4\framework\system\Database\MySQLi\Connection.php(292): mysqli->query('INSERT INTO `us...', 0)
#1 C:\xampp\htdocs\blockbuester\vendor\codeigniter4\framework\system\Database\BaseConnection.php(670): CodeIgniter\Database\MySQLi\Connection->execute('INSERT INTO `us...')
#2 C:\xampp\htdocs\blockbuester\vendor\codeigniter4\framework\system\Database\BaseConnection.php(598): CodeIgniter\Database\BaseConnection->simpleQuery('INSERT INTO `us...')
#3 C:\xampp\htdocs\blockbuester\vendor\codeigniter4\framework\system\Database\BaseBuilder.php(1771): CodeIgniter\Database\BaseConnection->query('INSERT INTO `us...', Array, false)
#4 C:\xampp\htdocs\blockbuester\vendor\codeigniter4\framework\system\Model.php(239): CodeIgniter\Database\BaseBuilder->insert()
#5 C:\xampp\htdocs\blockbuester\vendor\codeigniter4\framework\system\BaseModel.php(738): CodeIgniter\Model->doInsert(Array)
#6 C:\xampp\htdocs\blockbuester\vendor\codeigniter4\framework\system\Model.php(625): CodeIgniter\BaseModel->insert(Array, true)
#7 C:\xampp\htdocs\blockbuester\app\Models\Tabla_usuario.php(29): CodeIgniter\Model->insert(Array)
#8 C:\xampp\htdocs\blockbuester\app\Controllers\Panel\Usuario_nuevo.php(108): App\Models\Tabla_usuario->create_data(Array)
#9 C:\xampp\htdocs\blockbuester\vendor\codeigniter4\framework\system\CodeIgniter.php(832): App\Controllers\Panel\Usuario_nuevo->registrar()
#10 C:\xampp\htdocs\blockbuester\vendor\codeigniter4\framework\system\CodeIgniter.php(419): CodeIgniter\CodeIgniter->runController(Object(App\Controllers\Panel\Usuario_nuevo))
#11 C:\xampp\htdocs\blockbuester\vendor\codeigniter4\framework\system\CodeIgniter.php(326): CodeIgniter\CodeIgniter->handleRequest(NULL, Object(Config\Cache), false)
#12 C:\xampp\htdocs\blockbuester\public\index.php(37): CodeIgniter\CodeIgniter->run()
#13 C:\xampp\htdocs\blockbuester\vendor\codeigniter4\framework\system\Commands\Server\rewrite.php(43): require_once('C:\\xampp\\htdocs...')
#14 {main}
ERROR - 2025-03-27 22:30:19 --> Cannot add or update a child row: a foreign key constraint fails (`blockbuster`.`usuarios`, CONSTRAINT `usuarios_ibfk_1` FOREIGN KEY (`id_rol`) REFERENCES `roles` (`id_rol`) ON DELETE CASCADE ON UPDATE CASCADE)
CRITICAL - 2025-03-27 22:30:19 --> Cannot add or update a child row: a foreign key constraint fails (`blockbuster`.`usuarios`, CONSTRAINT `usuarios_ibfk_1` FOREIGN KEY (`id_rol`) REFERENCES `roles` (`id_rol`) ON DELETE CASCADE ON UPDATE CASCADE)
#0 C:\xampp\htdocs\blockbuester\vendor\codeigniter4\framework\system\Database\MySQLi\Connection.php(292): mysqli->query('INSERT INTO `us...', 0)
#1 C:\xampp\htdocs\blockbuester\vendor\codeigniter4\framework\system\Database\BaseConnection.php(670): CodeIgniter\Database\MySQLi\Connection->execute('INSERT INTO `us...')
#2 C:\xampp\htdocs\blockbuester\vendor\codeigniter4\framework\system\Database\BaseConnection.php(598): CodeIgniter\Database\BaseConnection->simpleQuery('INSERT INTO `us...')
#3 C:\xampp\htdocs\blockbuester\vendor\codeigniter4\framework\system\Database\BaseBuilder.php(1771): CodeIgniter\Database\BaseConnection->query('INSERT INTO `us...', Array, false)
#4 C:\xampp\htdocs\blockbuester\vendor\codeigniter4\framework\system\Model.php(239): CodeIgniter\Database\BaseBuilder->insert()
#5 C:\xampp\htdocs\blockbuester\vendor\codeigniter4\framework\system\BaseModel.php(738): CodeIgniter\Model->doInsert(Array)
#6 C:\xampp\htdocs\blockbuester\vendor\codeigniter4\framework\system\Model.php(625): CodeIgniter\BaseModel->insert(Array, true)
#7 C:\xampp\htdocs\blockbuester\app\Models\Tabla_usuario.php(29): CodeIgniter\Model->insert(Array)
#8 C:\xampp\htdocs\blockbuester\app\Controllers\Panel\Usuario_nuevo.php(108): App\Models\Tabla_usuario->create_data(Array)
#9 C:\xampp\htdocs\blockbuester\vendor\codeigniter4\framework\system\CodeIgniter.php(832): App\Controllers\Panel\Usuario_nuevo->registrar()
#10 C:\xampp\htdocs\blockbuester\vendor\codeigniter4\framework\system\CodeIgniter.php(419): CodeIgniter\CodeIgniter->runController(Object(App\Controllers\Panel\Usuario_nuevo))
#11 C:\xampp\htdocs\blockbuester\vendor\codeigniter4\framework\system\CodeIgniter.php(326): CodeIgniter\CodeIgniter->handleRequest(NULL, Object(Config\Cache), false)
#12 C:\xampp\htdocs\blockbuester\public\index.php(37): CodeIgniter\CodeIgniter->run()
#13 C:\xampp\htdocs\blockbuester\vendor\codeigniter4\framework\system\Commands\Server\rewrite.php(43): require_once('C:\\xampp\\htdocs...')
#14 {main}
