ERROR - 2025-03-22 02:28:40 --> Error connecting to the database: Access denied for user '****'@'localhost' to database 'blockbuster'
CRITICAL - 2025-03-22 02:28:40 --> Unable to connect to the database.
Main connection [MySQLi]: Access denied for user '****'@'localhost' to database 'blockbuster'
#0 C:\xampp\htdocs\prueba\vendor\codeigniter4\framework\system\Database\BaseConnection.php(577): CodeIgniter\Database\BaseConnection->initialize()
#1 C:\xampp\htdocs\prueba\vendor\codeigniter4\framework\system\Database\BaseBuilder.php(1455): CodeIgniter\Database\BaseConnection->query('SELECT `u`.`id_...', Array, false)
#2 C:\xampp\htdocs\prueba\vendor\codeigniter4\framework\system\Model.php(210): CodeIgniter\Database\BaseBuilder->get()
#3 C:\xampp\htdocs\prueba\vendor\codeigniter4\framework\system\BaseModel.php(622): CodeIgniter\Model->doFirst()
#4 C:\xampp\htdocs\prueba\app\Models\Tabla_usuario.php(101): CodeIgniter\BaseModel->first()
#5 C:\xampp\htdocs\prueba\app\Controllers\Usuario\InicioSesion.php(38): App\Models\Tabla_usuario->verificar_usuario('fanni@blockbust...', 'a665a45920422f9...')
#6 C:\xampp\htdocs\prueba\vendor\codeigniter4\framework\system\CodeIgniter.php(832): App\Controllers\Usuario\InicioSesion->iniciar_sesion()
#7 C:\xampp\htdocs\prueba\vendor\codeigniter4\framework\system\CodeIgniter.php(419): CodeIgniter\CodeIgniter->runController(Object(App\Controllers\Usuario\InicioSesion))
#8 C:\xampp\htdocs\prueba\vendor\codeigniter4\framework\system\CodeIgniter.php(326): CodeIgniter\CodeIgniter->handleRequest(NULL, Object(Config\Cache), false)
#9 C:\xampp\htdocs\prueba\public\index.php(37): CodeIgniter\CodeIgniter->run()
#10 C:\xampp\htdocs\prueba\vendor\codeigniter4\framework\system\Commands\Server\rewrite.php(43): require_once('C:\\xampp\\htdocs...')
#11 {main}
ERROR - 2025-03-22 02:35:34 --> Error connecting to the database: Access denied for user '****'@'localhost' to database 'blockbuster'
CRITICAL - 2025-03-22 02:35:34 --> Unable to connect to the database.
Main connection [MySQLi]: Access denied for user '****'@'localhost' to database 'blockbuster'
#0 C:\xampp\htdocs\prueba\vendor\codeigniter4\framework\system\Database\BaseConnection.php(577): CodeIgniter\Database\BaseConnection->initialize()
#1 C:\xampp\htdocs\prueba\vendor\codeigniter4\framework\system\Database\BaseBuilder.php(1455): CodeIgniter\Database\BaseConnection->query('SELECT `u`.`id_...', Array, false)
#2 C:\xampp\htdocs\prueba\vendor\codeigniter4\framework\system\Model.php(210): CodeIgniter\Database\BaseBuilder->get()
#3 C:\xampp\htdocs\prueba\vendor\codeigniter4\framework\system\BaseModel.php(622): CodeIgniter\Model->doFirst()
#4 C:\xampp\htdocs\prueba\app\Models\Tabla_usuario.php(101): CodeIgniter\BaseModel->first()
#5 C:\xampp\htdocs\prueba\app\Controllers\Usuario\InicioSesion.php(38): App\Models\Tabla_usuario->verificar_usuario('fanni@blockbust...', 'a665a45920422f9...')
#6 C:\xampp\htdocs\prueba\vendor\codeigniter4\framework\system\CodeIgniter.php(832): App\Controllers\Usuario\InicioSesion->iniciar_sesion()
#7 C:\xampp\htdocs\prueba\vendor\codeigniter4\framework\system\CodeIgniter.php(419): CodeIgniter\CodeIgniter->runController(Object(App\Controllers\Usuario\InicioSesion))
#8 C:\xampp\htdocs\prueba\vendor\codeigniter4\framework\system\CodeIgniter.php(326): CodeIgniter\CodeIgniter->handleRequest(NULL, Object(Config\Cache), false)
#9 C:\xampp\htdocs\prueba\public\index.php(37): CodeIgniter\CodeIgniter->run()
#10 C:\xampp\htdocs\prueba\vendor\codeigniter4\framework\system\Commands\Server\rewrite.php(43): require_once('C:\\xampp\\htdocs...')
#11 {main}
ERROR - 2025-03-22 02:35:45 --> Error connecting to the database: Access denied for user '****'@'localhost' to database 'blockbuster'
CRITICAL - 2025-03-22 02:35:45 --> Unable to connect to the database.
Main connection [MySQLi]: Access denied for user '****'@'localhost' to database 'blockbuster'
#0 C:\xampp\htdocs\prueba\vendor\codeigniter4\framework\system\Database\BaseConnection.php(577): CodeIgniter\Database\BaseConnection->initialize()
#1 C:\xampp\htdocs\prueba\vendor\codeigniter4\framework\system\Database\BaseBuilder.php(1455): CodeIgniter\Database\BaseConnection->query('SELECT `u`.`id_...', Array, false)
#2 C:\xampp\htdocs\prueba\vendor\codeigniter4\framework\system\Model.php(210): CodeIgniter\Database\BaseBuilder->get()
#3 C:\xampp\htdocs\prueba\vendor\codeigniter4\framework\system\BaseModel.php(622): CodeIgniter\Model->doFirst()
#4 C:\xampp\htdocs\prueba\app\Models\Tabla_usuario.php(101): CodeIgniter\BaseModel->first()
#5 C:\xampp\htdocs\prueba\app\Controllers\Usuario\InicioSesion.php(38): App\Models\Tabla_usuario->verificar_usuario('fanni@blockbust...', 'a665a45920422f9...')
#6 C:\xampp\htdocs\prueba\vendor\codeigniter4\framework\system\CodeIgniter.php(832): App\Controllers\Usuario\InicioSesion->iniciar_sesion()
#7 C:\xampp\htdocs\prueba\vendor\codeigniter4\framework\system\CodeIgniter.php(419): CodeIgniter\CodeIgniter->runController(Object(App\Controllers\Usuario\InicioSesion))
#8 C:\xampp\htdocs\prueba\vendor\codeigniter4\framework\system\CodeIgniter.php(326): CodeIgniter\CodeIgniter->handleRequest(NULL, Object(Config\Cache), false)
#9 C:\xampp\htdocs\prueba\public\index.php(37): CodeIgniter\CodeIgniter->run()
#10 C:\xampp\htdocs\prueba\vendor\codeigniter4\framework\system\Commands\Server\rewrite.php(43): require_once('C:\\xampp\\htdocs...')
#11 {main}
CRITICAL - 2025-03-22 04:07:39 --> Cannot redeclare configurar_menu_panel() (previously declared in C:\xampp\htdocs\prueba\app\Helpers\menu_lateral_panel_helper.php:16)
#0 [internal function]: CodeIgniter\Debug\Exceptions->shutdownHandler()
#1 {main}
CRITICAL - 2025-03-22 04:07:57 --> Cannot redeclare configurar_menu_panel() (previously declared in C:\xampp\htdocs\prueba\app\Helpers\menu_lateral_panel_helper.php:16)
#0 [internal function]: CodeIgniter\Debug\Exceptions->shutdownHandler()
#1 {main}
CRITICAL - 2025-03-22 04:07:57 --> Cannot redeclare configurar_menu_panel() (previously declared in C:\xampp\htdocs\prueba\app\Helpers\menu_lateral_panel_helper.php:16)
#0 [internal function]: CodeIgniter\Debug\Exceptions->shutdownHandler()
#1 {main}
CRITICAL - 2025-03-22 04:07:58 --> Cannot redeclare configurar_menu_panel() (previously declared in C:\xampp\htdocs\prueba\app\Helpers\menu_lateral_panel_helper.php:16)
#0 [internal function]: CodeIgniter\Debug\Exceptions->shutdownHandler()
#1 {main}
CRITICAL - 2025-03-22 04:07:58 --> Cannot redeclare configurar_menu_panel() (previously declared in C:\xampp\htdocs\prueba\app\Helpers\menu_lateral_panel_helper.php:16)
#0 [internal function]: CodeIgniter\Debug\Exceptions->shutdownHandler()
#1 {main}
CRITICAL - 2025-03-22 04:07:58 --> Cannot redeclare configurar_menu_panel() (previously declared in C:\xampp\htdocs\prueba\app\Helpers\menu_lateral_panel_helper.php:16)
#0 [internal function]: CodeIgniter\Debug\Exceptions->shutdownHandler()
#1 {main}
CRITICAL - 2025-03-22 04:07:59 --> Cannot redeclare configurar_menu_panel() (previously declared in C:\xampp\htdocs\prueba\app\Helpers\menu_lateral_panel_helper.php:16)
#0 [internal function]: CodeIgniter\Debug\Exceptions->shutdownHandler()
#1 {main}
CRITICAL - 2025-03-22 04:14:57 --> Cannot redeclare configurar_menu_panel() (previously declared in C:\xampp\htdocs\prueba\app\Helpers\menu_lateral_panel_helper.php:16)
#0 [internal function]: CodeIgniter\Debug\Exceptions->shutdownHandler()
#1 {main}
CRITICAL - 2025-03-22 04:49:52 --> Router.invalidParameterType
#0 C:\xampp\htdocs\prueba\vendor\codeigniter4\framework\system\Router\RouteCollection.php(1092): CodeIgniter\Router\Exceptions\RouterException::forInvalidParameterType()
#1 C:\xampp\htdocs\prueba\vendor\codeigniter4\framework\system\Router\RouteCollection.php(971): CodeIgniter\Router\RouteCollection->fillRouteParams('estatus_usuario...', Array)
#2 C:\xampp\htdocs\prueba\vendor\codeigniter4\framework\system\Common.php(882): CodeIgniter\Router\RouteCollection->reverseRoute('estatus_usuario', '3', -1)
#3 C:\xampp\htdocs\prueba\app\Views\panel\usuarios.php(145): route_to('estatus_usuario', '3', -1)
#4 C:\xampp\htdocs\prueba\vendor\codeigniter4\framework\system\View\View.php(210): include('C:\\xampp\\htdocs...')
#5 C:\xampp\htdocs\prueba\vendor\codeigniter4\framework\system\View\View.php(213): CodeIgniter\View\View->CodeIgniter\View\{closure}()
#6 C:\xampp\htdocs\prueba\vendor\codeigniter4\framework\system\Common.php(1089): CodeIgniter\View\View->render('panel/usuarios', Array, true)
#7 C:\xampp\htdocs\prueba\app\Controllers\Panel\Usuarios.php(65): view('panel/usuarios', Array)
#8 C:\xampp\htdocs\prueba\app\Controllers\Panel\Usuarios.php(72): App\Controllers\Panel\Usuarios->create_view('panel/usuarios', Array)
#9 C:\xampp\htdocs\prueba\vendor\codeigniter4\framework\system\CodeIgniter.php(832): App\Controllers\Panel\Usuarios->index()
#10 C:\xampp\htdocs\prueba\vendor\codeigniter4\framework\system\CodeIgniter.php(419): CodeIgniter\CodeIgniter->runController(Object(App\Controllers\Panel\Usuarios))
#11 C:\xampp\htdocs\prueba\vendor\codeigniter4\framework\system\CodeIgniter.php(326): CodeIgniter\CodeIgniter->handleRequest(NULL, Object(Config\Cache), false)
#12 C:\xampp\htdocs\prueba\public\index.php(37): CodeIgniter\CodeIgniter->run()
#13 C:\xampp\htdocs\prueba\vendor\codeigniter4\framework\system\Commands\Server\rewrite.php(43): require_once('C:\\xampp\\htdocs...')
#14 {main}
CRITICAL - 2025-03-22 07:37:13 --> Router.invalidParameterType
#0 C:\xampp\htdocs\prueba\vendor\codeigniter4\framework\system\Router\RouteCollection.php(1092): CodeIgniter\Router\Exceptions\RouterException::forInvalidParameterType()
#1 C:\xampp\htdocs\prueba\vendor\codeigniter4\framework\system\Router\RouteCollection.php(971): CodeIgniter\Router\RouteCollection->fillRouteParams('generos/estatus...', Array)
#2 C:\xampp\htdocs\prueba\vendor\codeigniter4\framework\system\Common.php(882): CodeIgniter\Router\RouteCollection->reverseRoute('estatus_genero', '1', -1)
#3 C:\xampp\htdocs\prueba\app\Views\panel\generos.php(88): route_to('estatus_genero', '1', -1)
#4 C:\xampp\htdocs\prueba\vendor\codeigniter4\framework\system\View\View.php(210): include('C:\\xampp\\htdocs...')
#5 C:\xampp\htdocs\prueba\vendor\codeigniter4\framework\system\View\View.php(213): CodeIgniter\View\View->CodeIgniter\View\{closure}()
#6 C:\xampp\htdocs\prueba\vendor\codeigniter4\framework\system\Common.php(1089): CodeIgniter\View\View->render('panel/generos', Array, true)
#7 C:\xampp\htdocs\prueba\app\Controllers\Panel\Generos.php(63): view('panel/generos', Array)
#8 C:\xampp\htdocs\prueba\app\Controllers\Panel\Generos.php(69): App\Controllers\Panel\Generos->create_view('panel/generos', Array)
#9 C:\xampp\htdocs\prueba\vendor\codeigniter4\framework\system\CodeIgniter.php(832): App\Controllers\Panel\Generos->index()
#10 C:\xampp\htdocs\prueba\vendor\codeigniter4\framework\system\CodeIgniter.php(419): CodeIgniter\CodeIgniter->runController(Object(App\Controllers\Panel\Generos))
#11 C:\xampp\htdocs\prueba\vendor\codeigniter4\framework\system\CodeIgniter.php(326): CodeIgniter\CodeIgniter->handleRequest(NULL, Object(Config\Cache), false)
#12 C:\xampp\htdocs\prueba\public\index.php(37): CodeIgniter\CodeIgniter->run()
#13 C:\xampp\htdocs\prueba\vendor\codeigniter4\framework\system\Commands\Server\rewrite.php(43): require_once('C:\\xampp\\htdocs...')
#14 {main}
CRITICAL - 2025-03-22 07:40:31 --> Router.invalidParameterType
#0 C:\xampp\htdocs\prueba\vendor\codeigniter4\framework\system\Router\RouteCollection.php(1092): CodeIgniter\Router\Exceptions\RouterException::forInvalidParameterType()
#1 C:\xampp\htdocs\prueba\vendor\codeigniter4\framework\system\Router\RouteCollection.php(971): CodeIgniter\Router\RouteCollection->fillRouteParams('generos/estatus...', Array)
#2 C:\xampp\htdocs\prueba\vendor\codeigniter4\framework\system\Common.php(882): CodeIgniter\Router\RouteCollection->reverseRoute('estatus_genero', '1', -1)
#3 C:\xampp\htdocs\prueba\app\Views\panel\generos.php(89): route_to('estatus_genero', '1', -1)
#4 C:\xampp\htdocs\prueba\vendor\codeigniter4\framework\system\View\View.php(210): include('C:\\xampp\\htdocs...')
#5 C:\xampp\htdocs\prueba\vendor\codeigniter4\framework\system\View\View.php(213): CodeIgniter\View\View->CodeIgniter\View\{closure}()
#6 C:\xampp\htdocs\prueba\vendor\codeigniter4\framework\system\Common.php(1089): CodeIgniter\View\View->render('panel/generos', Array, true)
#7 C:\xampp\htdocs\prueba\app\Controllers\Panel\Generos.php(63): view('panel/generos', Array)
#8 C:\xampp\htdocs\prueba\app\Controllers\Panel\Generos.php(69): App\Controllers\Panel\Generos->create_view('panel/generos', Array)
#9 C:\xampp\htdocs\prueba\vendor\codeigniter4\framework\system\CodeIgniter.php(832): App\Controllers\Panel\Generos->index()
#10 C:\xampp\htdocs\prueba\vendor\codeigniter4\framework\system\CodeIgniter.php(419): CodeIgniter\CodeIgniter->runController(Object(App\Controllers\Panel\Generos))
#11 C:\xampp\htdocs\prueba\vendor\codeigniter4\framework\system\CodeIgniter.php(326): CodeIgniter\CodeIgniter->handleRequest(NULL, Object(Config\Cache), false)
#12 C:\xampp\htdocs\prueba\public\index.php(37): CodeIgniter\CodeIgniter->run()
#13 C:\xampp\htdocs\prueba\vendor\codeigniter4\framework\system\Commands\Server\rewrite.php(43): require_once('C:\\xampp\\htdocs...')
#14 {main}
CRITICAL - 2025-03-22 07:40:31 --> Router.invalidParameterType
#0 C:\xampp\htdocs\prueba\vendor\codeigniter4\framework\system\Router\RouteCollection.php(1092): CodeIgniter\Router\Exceptions\RouterException::forInvalidParameterType()
#1 C:\xampp\htdocs\prueba\vendor\codeigniter4\framework\system\Router\RouteCollection.php(971): CodeIgniter\Router\RouteCollection->fillRouteParams('generos/estatus...', Array)
#2 C:\xampp\htdocs\prueba\vendor\codeigniter4\framework\system\Common.php(882): CodeIgniter\Router\RouteCollection->reverseRoute('estatus_genero', '1', -1)
#3 C:\xampp\htdocs\prueba\app\Views\panel\generos.php(89): route_to('estatus_genero', '1', -1)
#4 C:\xampp\htdocs\prueba\vendor\codeigniter4\framework\system\View\View.php(210): include('C:\\xampp\\htdocs...')
#5 C:\xampp\htdocs\prueba\vendor\codeigniter4\framework\system\View\View.php(213): CodeIgniter\View\View->CodeIgniter\View\{closure}()
#6 C:\xampp\htdocs\prueba\vendor\codeigniter4\framework\system\Common.php(1089): CodeIgniter\View\View->render('panel/generos', Array, true)
#7 C:\xampp\htdocs\prueba\app\Controllers\Panel\Generos.php(63): view('panel/generos', Array)
#8 C:\xampp\htdocs\prueba\app\Controllers\Panel\Generos.php(69): App\Controllers\Panel\Generos->create_view('panel/generos', Array)
#9 C:\xampp\htdocs\prueba\vendor\codeigniter4\framework\system\CodeIgniter.php(832): App\Controllers\Panel\Generos->index()
#10 C:\xampp\htdocs\prueba\vendor\codeigniter4\framework\system\CodeIgniter.php(419): CodeIgniter\CodeIgniter->runController(Object(App\Controllers\Panel\Generos))
#11 C:\xampp\htdocs\prueba\vendor\codeigniter4\framework\system\CodeIgniter.php(326): CodeIgniter\CodeIgniter->handleRequest(NULL, Object(Config\Cache), false)
#12 C:\xampp\htdocs\prueba\public\index.php(37): CodeIgniter\CodeIgniter->run()
#13 C:\xampp\htdocs\prueba\vendor\codeigniter4\framework\system\Commands\Server\rewrite.php(43): require_once('C:\\xampp\\htdocs...')
#14 {main}
CRITICAL - 2025-03-22 07:40:36 --> Router.invalidParameterType
#0 C:\xampp\htdocs\prueba\vendor\codeigniter4\framework\system\Router\RouteCollection.php(1092): CodeIgniter\Router\Exceptions\RouterException::forInvalidParameterType()
#1 C:\xampp\htdocs\prueba\vendor\codeigniter4\framework\system\Router\RouteCollection.php(971): CodeIgniter\Router\RouteCollection->fillRouteParams('generos/estatus...', Array)
#2 C:\xampp\htdocs\prueba\vendor\codeigniter4\framework\system\Common.php(882): CodeIgniter\Router\RouteCollection->reverseRoute('estatus_genero', '1', -1)
#3 C:\xampp\htdocs\prueba\app\Views\panel\generos.php(89): route_to('estatus_genero', '1', -1)
#4 C:\xampp\htdocs\prueba\vendor\codeigniter4\framework\system\View\View.php(210): include('C:\\xampp\\htdocs...')
#5 C:\xampp\htdocs\prueba\vendor\codeigniter4\framework\system\View\View.php(213): CodeIgniter\View\View->CodeIgniter\View\{closure}()
#6 C:\xampp\htdocs\prueba\vendor\codeigniter4\framework\system\Common.php(1089): CodeIgniter\View\View->render('panel/generos', Array, true)
#7 C:\xampp\htdocs\prueba\app\Controllers\Panel\Generos.php(63): view('panel/generos', Array)
#8 C:\xampp\htdocs\prueba\app\Controllers\Panel\Generos.php(69): App\Controllers\Panel\Generos->create_view('panel/generos', Array)
#9 C:\xampp\htdocs\prueba\vendor\codeigniter4\framework\system\CodeIgniter.php(832): App\Controllers\Panel\Generos->index()
#10 C:\xampp\htdocs\prueba\vendor\codeigniter4\framework\system\CodeIgniter.php(419): CodeIgniter\CodeIgniter->runController(Object(App\Controllers\Panel\Generos))
#11 C:\xampp\htdocs\prueba\vendor\codeigniter4\framework\system\CodeIgniter.php(326): CodeIgniter\CodeIgniter->handleRequest(NULL, Object(Config\Cache), false)
#12 C:\xampp\htdocs\prueba\public\index.php(37): CodeIgniter\CodeIgniter->run()
#13 C:\xampp\htdocs\prueba\vendor\codeigniter4\framework\system\Commands\Server\rewrite.php(43): require_once('C:\\xampp\\htdocs...')
#14 {main}
CRITICAL - 2025-03-22 07:46:33 --> Router.invalidParameterType
#0 C:\xampp\htdocs\prueba\vendor\codeigniter4\framework\system\Router\RouteCollection.php(1092): CodeIgniter\Router\Exceptions\RouterException::forInvalidParameterType()
#1 C:\xampp\htdocs\prueba\vendor\codeigniter4\framework\system\Router\RouteCollection.php(971): CodeIgniter\Router\RouteCollection->fillRouteParams('generos/estatus...', Array)
#2 C:\xampp\htdocs\prueba\vendor\codeigniter4\framework\system\Common.php(882): CodeIgniter\Router\RouteCollection->reverseRoute('estatus_genero', '1', -1)
#3 C:\xampp\htdocs\prueba\app\Views\panel\generos.php(89): route_to('estatus_genero', '1', -1)
#4 C:\xampp\htdocs\prueba\vendor\codeigniter4\framework\system\View\View.php(210): include('C:\\xampp\\htdocs...')
#5 C:\xampp\htdocs\prueba\vendor\codeigniter4\framework\system\View\View.php(213): CodeIgniter\View\View->CodeIgniter\View\{closure}()
#6 C:\xampp\htdocs\prueba\vendor\codeigniter4\framework\system\Common.php(1089): CodeIgniter\View\View->render('panel/generos', Array, true)
#7 C:\xampp\htdocs\prueba\app\Controllers\Panel\Generos.php(63): view('panel/generos', Array)
#8 C:\xampp\htdocs\prueba\app\Controllers\Panel\Generos.php(69): App\Controllers\Panel\Generos->create_view('panel/generos', Array)
#9 C:\xampp\htdocs\prueba\vendor\codeigniter4\framework\system\CodeIgniter.php(832): App\Controllers\Panel\Generos->index()
#10 C:\xampp\htdocs\prueba\vendor\codeigniter4\framework\system\CodeIgniter.php(419): CodeIgniter\CodeIgniter->runController(Object(App\Controllers\Panel\Generos))
#11 C:\xampp\htdocs\prueba\vendor\codeigniter4\framework\system\CodeIgniter.php(326): CodeIgniter\CodeIgniter->handleRequest(NULL, Object(Config\Cache), false)
#12 C:\xampp\htdocs\prueba\public\index.php(37): CodeIgniter\CodeIgniter->run()
#13 C:\xampp\htdocs\prueba\vendor\codeigniter4\framework\system\Commands\Server\rewrite.php(43): require_once('C:\\xampp\\htdocs...')
#14 {main}
CRITICAL - 2025-03-22 07:46:34 --> Router.invalidParameterType
#0 C:\xampp\htdocs\prueba\vendor\codeigniter4\framework\system\Router\RouteCollection.php(1092): CodeIgniter\Router\Exceptions\RouterException::forInvalidParameterType()
#1 C:\xampp\htdocs\prueba\vendor\codeigniter4\framework\system\Router\RouteCollection.php(971): CodeIgniter\Router\RouteCollection->fillRouteParams('generos/estatus...', Array)
#2 C:\xampp\htdocs\prueba\vendor\codeigniter4\framework\system\Common.php(882): CodeIgniter\Router\RouteCollection->reverseRoute('estatus_genero', '1', -1)
#3 C:\xampp\htdocs\prueba\app\Views\panel\generos.php(89): route_to('estatus_genero', '1', -1)
#4 C:\xampp\htdocs\prueba\vendor\codeigniter4\framework\system\View\View.php(210): include('C:\\xampp\\htdocs...')
#5 C:\xampp\htdocs\prueba\vendor\codeigniter4\framework\system\View\View.php(213): CodeIgniter\View\View->CodeIgniter\View\{closure}()
#6 C:\xampp\htdocs\prueba\vendor\codeigniter4\framework\system\Common.php(1089): CodeIgniter\View\View->render('panel/generos', Array, true)
#7 C:\xampp\htdocs\prueba\app\Controllers\Panel\Generos.php(63): view('panel/generos', Array)
#8 C:\xampp\htdocs\prueba\app\Controllers\Panel\Generos.php(69): App\Controllers\Panel\Generos->create_view('panel/generos', Array)
#9 C:\xampp\htdocs\prueba\vendor\codeigniter4\framework\system\CodeIgniter.php(832): App\Controllers\Panel\Generos->index()
#10 C:\xampp\htdocs\prueba\vendor\codeigniter4\framework\system\CodeIgniter.php(419): CodeIgniter\CodeIgniter->runController(Object(App\Controllers\Panel\Generos))
#11 C:\xampp\htdocs\prueba\vendor\codeigniter4\framework\system\CodeIgniter.php(326): CodeIgniter\CodeIgniter->handleRequest(NULL, Object(Config\Cache), false)
#12 C:\xampp\htdocs\prueba\public\index.php(37): CodeIgniter\CodeIgniter->run()
#13 C:\xampp\htdocs\prueba\vendor\codeigniter4\framework\system\Commands\Server\rewrite.php(43): require_once('C:\\xampp\\htdocs...')
#14 {main}
CRITICAL - 2025-03-22 07:48:12 --> Router.invalidParameterType
#0 C:\xampp\htdocs\prueba\vendor\codeigniter4\framework\system\Router\RouteCollection.php(1092): CodeIgniter\Router\Exceptions\RouterException::forInvalidParameterType()
#1 C:\xampp\htdocs\prueba\vendor\codeigniter4\framework\system\Router\RouteCollection.php(971): CodeIgniter\Router\RouteCollection->fillRouteParams('generos/estatus...', Array)
#2 C:\xampp\htdocs\prueba\vendor\codeigniter4\framework\system\Common.php(882): CodeIgniter\Router\RouteCollection->reverseRoute('estatus_genero', '1', -1)
#3 C:\xampp\htdocs\prueba\app\Views\panel\generos.php(89): route_to('estatus_genero', '1', -1)
#4 C:\xampp\htdocs\prueba\vendor\codeigniter4\framework\system\View\View.php(210): include('C:\\xampp\\htdocs...')
#5 C:\xampp\htdocs\prueba\vendor\codeigniter4\framework\system\View\View.php(213): CodeIgniter\View\View->CodeIgniter\View\{closure}()
#6 C:\xampp\htdocs\prueba\vendor\codeigniter4\framework\system\Common.php(1089): CodeIgniter\View\View->render('panel/generos', Array, true)
#7 C:\xampp\htdocs\prueba\app\Controllers\Panel\Generos.php(63): view('panel/generos', Array)
#8 C:\xampp\htdocs\prueba\app\Controllers\Panel\Generos.php(69): App\Controllers\Panel\Generos->create_view('panel/generos', Array)
#9 C:\xampp\htdocs\prueba\vendor\codeigniter4\framework\system\CodeIgniter.php(832): App\Controllers\Panel\Generos->index()
#10 C:\xampp\htdocs\prueba\vendor\codeigniter4\framework\system\CodeIgniter.php(419): CodeIgniter\CodeIgniter->runController(Object(App\Controllers\Panel\Generos))
#11 C:\xampp\htdocs\prueba\vendor\codeigniter4\framework\system\CodeIgniter.php(326): CodeIgniter\CodeIgniter->handleRequest(NULL, Object(Config\Cache), false)
#12 C:\xampp\htdocs\prueba\public\index.php(37): CodeIgniter\CodeIgniter->run()
#13 C:\xampp\htdocs\prueba\vendor\codeigniter4\framework\system\Commands\Server\rewrite.php(43): require_once('C:\\xampp\\htdocs...')
#14 {main}
CRITICAL - 2025-03-22 07:48:14 --> Router.invalidParameterType
#0 C:\xampp\htdocs\prueba\vendor\codeigniter4\framework\system\Router\RouteCollection.php(1092): CodeIgniter\Router\Exceptions\RouterException::forInvalidParameterType()
#1 C:\xampp\htdocs\prueba\vendor\codeigniter4\framework\system\Router\RouteCollection.php(971): CodeIgniter\Router\RouteCollection->fillRouteParams('generos/estatus...', Array)
#2 C:\xampp\htdocs\prueba\vendor\codeigniter4\framework\system\Common.php(882): CodeIgniter\Router\RouteCollection->reverseRoute('estatus_genero', '1', -1)
#3 C:\xampp\htdocs\prueba\app\Views\panel\generos.php(89): route_to('estatus_genero', '1', -1)
#4 C:\xampp\htdocs\prueba\vendor\codeigniter4\framework\system\View\View.php(210): include('C:\\xampp\\htdocs...')
#5 C:\xampp\htdocs\prueba\vendor\codeigniter4\framework\system\View\View.php(213): CodeIgniter\View\View->CodeIgniter\View\{closure}()
#6 C:\xampp\htdocs\prueba\vendor\codeigniter4\framework\system\Common.php(1089): CodeIgniter\View\View->render('panel/generos', Array, true)
#7 C:\xampp\htdocs\prueba\app\Controllers\Panel\Generos.php(63): view('panel/generos', Array)
#8 C:\xampp\htdocs\prueba\app\Controllers\Panel\Generos.php(69): App\Controllers\Panel\Generos->create_view('panel/generos', Array)
#9 C:\xampp\htdocs\prueba\vendor\codeigniter4\framework\system\CodeIgniter.php(832): App\Controllers\Panel\Generos->index()
#10 C:\xampp\htdocs\prueba\vendor\codeigniter4\framework\system\CodeIgniter.php(419): CodeIgniter\CodeIgniter->runController(Object(App\Controllers\Panel\Generos))
#11 C:\xampp\htdocs\prueba\vendor\codeigniter4\framework\system\CodeIgniter.php(326): CodeIgniter\CodeIgniter->handleRequest(NULL, Object(Config\Cache), false)
#12 C:\xampp\htdocs\prueba\public\index.php(37): CodeIgniter\CodeIgniter->run()
#13 C:\xampp\htdocs\prueba\vendor\codeigniter4\framework\system\Commands\Server\rewrite.php(43): require_once('C:\\xampp\\htdocs...')
#14 {main}
CRITICAL - 2025-03-22 07:48:14 --> Router.invalidParameterType
#0 C:\xampp\htdocs\prueba\vendor\codeigniter4\framework\system\Router\RouteCollection.php(1092): CodeIgniter\Router\Exceptions\RouterException::forInvalidParameterType()
#1 C:\xampp\htdocs\prueba\vendor\codeigniter4\framework\system\Router\RouteCollection.php(971): CodeIgniter\Router\RouteCollection->fillRouteParams('generos/estatus...', Array)
#2 C:\xampp\htdocs\prueba\vendor\codeigniter4\framework\system\Common.php(882): CodeIgniter\Router\RouteCollection->reverseRoute('estatus_genero', '1', -1)
#3 C:\xampp\htdocs\prueba\app\Views\panel\generos.php(89): route_to('estatus_genero', '1', -1)
#4 C:\xampp\htdocs\prueba\vendor\codeigniter4\framework\system\View\View.php(210): include('C:\\xampp\\htdocs...')
#5 C:\xampp\htdocs\prueba\vendor\codeigniter4\framework\system\View\View.php(213): CodeIgniter\View\View->CodeIgniter\View\{closure}()
#6 C:\xampp\htdocs\prueba\vendor\codeigniter4\framework\system\Common.php(1089): CodeIgniter\View\View->render('panel/generos', Array, true)
#7 C:\xampp\htdocs\prueba\app\Controllers\Panel\Generos.php(63): view('panel/generos', Array)
#8 C:\xampp\htdocs\prueba\app\Controllers\Panel\Generos.php(69): App\Controllers\Panel\Generos->create_view('panel/generos', Array)
#9 C:\xampp\htdocs\prueba\vendor\codeigniter4\framework\system\CodeIgniter.php(832): App\Controllers\Panel\Generos->index()
#10 C:\xampp\htdocs\prueba\vendor\codeigniter4\framework\system\CodeIgniter.php(419): CodeIgniter\CodeIgniter->runController(Object(App\Controllers\Panel\Generos))
#11 C:\xampp\htdocs\prueba\vendor\codeigniter4\framework\system\CodeIgniter.php(326): CodeIgniter\CodeIgniter->handleRequest(NULL, Object(Config\Cache), false)
#12 C:\xampp\htdocs\prueba\public\index.php(37): CodeIgniter\CodeIgniter->run()
#13 C:\xampp\htdocs\prueba\vendor\codeigniter4\framework\system\Commands\Server\rewrite.php(43): require_once('C:\\xampp\\htdocs...')
#14 {main}
CRITICAL - 2025-03-22 07:48:15 --> Router.invalidParameterType
#0 C:\xampp\htdocs\prueba\vendor\codeigniter4\framework\system\Router\RouteCollection.php(1092): CodeIgniter\Router\Exceptions\RouterException::forInvalidParameterType()
#1 C:\xampp\htdocs\prueba\vendor\codeigniter4\framework\system\Router\RouteCollection.php(971): CodeIgniter\Router\RouteCollection->fillRouteParams('generos/estatus...', Array)
#2 C:\xampp\htdocs\prueba\vendor\codeigniter4\framework\system\Common.php(882): CodeIgniter\Router\RouteCollection->reverseRoute('estatus_genero', '1', -1)
#3 C:\xampp\htdocs\prueba\app\Views\panel\generos.php(89): route_to('estatus_genero', '1', -1)
#4 C:\xampp\htdocs\prueba\vendor\codeigniter4\framework\system\View\View.php(210): include('C:\\xampp\\htdocs...')
#5 C:\xampp\htdocs\prueba\vendor\codeigniter4\framework\system\View\View.php(213): CodeIgniter\View\View->CodeIgniter\View\{closure}()
#6 C:\xampp\htdocs\prueba\vendor\codeigniter4\framework\system\Common.php(1089): CodeIgniter\View\View->render('panel/generos', Array, true)
#7 C:\xampp\htdocs\prueba\app\Controllers\Panel\Generos.php(63): view('panel/generos', Array)
#8 C:\xampp\htdocs\prueba\app\Controllers\Panel\Generos.php(69): App\Controllers\Panel\Generos->create_view('panel/generos', Array)
#9 C:\xampp\htdocs\prueba\vendor\codeigniter4\framework\system\CodeIgniter.php(832): App\Controllers\Panel\Generos->index()
#10 C:\xampp\htdocs\prueba\vendor\codeigniter4\framework\system\CodeIgniter.php(419): CodeIgniter\CodeIgniter->runController(Object(App\Controllers\Panel\Generos))
#11 C:\xampp\htdocs\prueba\vendor\codeigniter4\framework\system\CodeIgniter.php(326): CodeIgniter\CodeIgniter->handleRequest(NULL, Object(Config\Cache), false)
#12 C:\xampp\htdocs\prueba\public\index.php(37): CodeIgniter\CodeIgniter->run()
#13 C:\xampp\htdocs\prueba\vendor\codeigniter4\framework\system\Commands\Server\rewrite.php(43): require_once('C:\\xampp\\htdocs...')
#14 {main}
CRITICAL - 2025-03-22 07:48:15 --> Router.invalidParameterType
#0 C:\xampp\htdocs\prueba\vendor\codeigniter4\framework\system\Router\RouteCollection.php(1092): CodeIgniter\Router\Exceptions\RouterException::forInvalidParameterType()
#1 C:\xampp\htdocs\prueba\vendor\codeigniter4\framework\system\Router\RouteCollection.php(971): CodeIgniter\Router\RouteCollection->fillRouteParams('generos/estatus...', Array)
#2 C:\xampp\htdocs\prueba\vendor\codeigniter4\framework\system\Common.php(882): CodeIgniter\Router\RouteCollection->reverseRoute('estatus_genero', '1', -1)
#3 C:\xampp\htdocs\prueba\app\Views\panel\generos.php(89): route_to('estatus_genero', '1', -1)
#4 C:\xampp\htdocs\prueba\vendor\codeigniter4\framework\system\View\View.php(210): include('C:\\xampp\\htdocs...')
#5 C:\xampp\htdocs\prueba\vendor\codeigniter4\framework\system\View\View.php(213): CodeIgniter\View\View->CodeIgniter\View\{closure}()
#6 C:\xampp\htdocs\prueba\vendor\codeigniter4\framework\system\Common.php(1089): CodeIgniter\View\View->render('panel/generos', Array, true)
#7 C:\xampp\htdocs\prueba\app\Controllers\Panel\Generos.php(63): view('panel/generos', Array)
#8 C:\xampp\htdocs\prueba\app\Controllers\Panel\Generos.php(69): App\Controllers\Panel\Generos->create_view('panel/generos', Array)
#9 C:\xampp\htdocs\prueba\vendor\codeigniter4\framework\system\CodeIgniter.php(832): App\Controllers\Panel\Generos->index()
#10 C:\xampp\htdocs\prueba\vendor\codeigniter4\framework\system\CodeIgniter.php(419): CodeIgniter\CodeIgniter->runController(Object(App\Controllers\Panel\Generos))
#11 C:\xampp\htdocs\prueba\vendor\codeigniter4\framework\system\CodeIgniter.php(326): CodeIgniter\CodeIgniter->handleRequest(NULL, Object(Config\Cache), false)
#12 C:\xampp\htdocs\prueba\public\index.php(37): CodeIgniter\CodeIgniter->run()
#13 C:\xampp\htdocs\prueba\vendor\codeigniter4\framework\system\Commands\Server\rewrite.php(43): require_once('C:\\xampp\\htdocs...')
#14 {main}
CRITICAL - 2025-03-22 07:48:15 --> Router.invalidParameterType
#0 C:\xampp\htdocs\prueba\vendor\codeigniter4\framework\system\Router\RouteCollection.php(1092): CodeIgniter\Router\Exceptions\RouterException::forInvalidParameterType()
#1 C:\xampp\htdocs\prueba\vendor\codeigniter4\framework\system\Router\RouteCollection.php(971): CodeIgniter\Router\RouteCollection->fillRouteParams('generos/estatus...', Array)
#2 C:\xampp\htdocs\prueba\vendor\codeigniter4\framework\system\Common.php(882): CodeIgniter\Router\RouteCollection->reverseRoute('estatus_genero', '1', -1)
#3 C:\xampp\htdocs\prueba\app\Views\panel\generos.php(89): route_to('estatus_genero', '1', -1)
#4 C:\xampp\htdocs\prueba\vendor\codeigniter4\framework\system\View\View.php(210): include('C:\\xampp\\htdocs...')
#5 C:\xampp\htdocs\prueba\vendor\codeigniter4\framework\system\View\View.php(213): CodeIgniter\View\View->CodeIgniter\View\{closure}()
#6 C:\xampp\htdocs\prueba\vendor\codeigniter4\framework\system\Common.php(1089): CodeIgniter\View\View->render('panel/generos', Array, true)
#7 C:\xampp\htdocs\prueba\app\Controllers\Panel\Generos.php(63): view('panel/generos', Array)
#8 C:\xampp\htdocs\prueba\app\Controllers\Panel\Generos.php(69): App\Controllers\Panel\Generos->create_view('panel/generos', Array)
#9 C:\xampp\htdocs\prueba\vendor\codeigniter4\framework\system\CodeIgniter.php(832): App\Controllers\Panel\Generos->index()
#10 C:\xampp\htdocs\prueba\vendor\codeigniter4\framework\system\CodeIgniter.php(419): CodeIgniter\CodeIgniter->runController(Object(App\Controllers\Panel\Generos))
#11 C:\xampp\htdocs\prueba\vendor\codeigniter4\framework\system\CodeIgniter.php(326): CodeIgniter\CodeIgniter->handleRequest(NULL, Object(Config\Cache), false)
#12 C:\xampp\htdocs\prueba\public\index.php(37): CodeIgniter\CodeIgniter->run()
#13 C:\xampp\htdocs\prueba\vendor\codeigniter4\framework\system\Commands\Server\rewrite.php(43): require_once('C:\\xampp\\htdocs...')
#14 {main}
CRITICAL - 2025-03-22 07:48:15 --> Router.invalidParameterType
#0 C:\xampp\htdocs\prueba\vendor\codeigniter4\framework\system\Router\RouteCollection.php(1092): CodeIgniter\Router\Exceptions\RouterException::forInvalidParameterType()
#1 C:\xampp\htdocs\prueba\vendor\codeigniter4\framework\system\Router\RouteCollection.php(971): CodeIgniter\Router\RouteCollection->fillRouteParams('generos/estatus...', Array)
#2 C:\xampp\htdocs\prueba\vendor\codeigniter4\framework\system\Common.php(882): CodeIgniter\Router\RouteCollection->reverseRoute('estatus_genero', '1', -1)
#3 C:\xampp\htdocs\prueba\app\Views\panel\generos.php(89): route_to('estatus_genero', '1', -1)
#4 C:\xampp\htdocs\prueba\vendor\codeigniter4\framework\system\View\View.php(210): include('C:\\xampp\\htdocs...')
#5 C:\xampp\htdocs\prueba\vendor\codeigniter4\framework\system\View\View.php(213): CodeIgniter\View\View->CodeIgniter\View\{closure}()
#6 C:\xampp\htdocs\prueba\vendor\codeigniter4\framework\system\Common.php(1089): CodeIgniter\View\View->render('panel/generos', Array, true)
#7 C:\xampp\htdocs\prueba\app\Controllers\Panel\Generos.php(63): view('panel/generos', Array)
#8 C:\xampp\htdocs\prueba\app\Controllers\Panel\Generos.php(69): App\Controllers\Panel\Generos->create_view('panel/generos', Array)
#9 C:\xampp\htdocs\prueba\vendor\codeigniter4\framework\system\CodeIgniter.php(832): App\Controllers\Panel\Generos->index()
#10 C:\xampp\htdocs\prueba\vendor\codeigniter4\framework\system\CodeIgniter.php(419): CodeIgniter\CodeIgniter->runController(Object(App\Controllers\Panel\Generos))
#11 C:\xampp\htdocs\prueba\vendor\codeigniter4\framework\system\CodeIgniter.php(326): CodeIgniter\CodeIgniter->handleRequest(NULL, Object(Config\Cache), false)
#12 C:\xampp\htdocs\prueba\public\index.php(37): CodeIgniter\CodeIgniter->run()
#13 C:\xampp\htdocs\prueba\vendor\codeigniter4\framework\system\Commands\Server\rewrite.php(43): require_once('C:\\xampp\\htdocs...')
#14 {main}
CRITICAL - 2025-03-22 07:48:16 --> Router.invalidParameterType
#0 C:\xampp\htdocs\prueba\vendor\codeigniter4\framework\system\Router\RouteCollection.php(1092): CodeIgniter\Router\Exceptions\RouterException::forInvalidParameterType()
#1 C:\xampp\htdocs\prueba\vendor\codeigniter4\framework\system\Router\RouteCollection.php(971): CodeIgniter\Router\RouteCollection->fillRouteParams('generos/estatus...', Array)
#2 C:\xampp\htdocs\prueba\vendor\codeigniter4\framework\system\Common.php(882): CodeIgniter\Router\RouteCollection->reverseRoute('estatus_genero', '1', -1)
#3 C:\xampp\htdocs\prueba\app\Views\panel\generos.php(89): route_to('estatus_genero', '1', -1)
#4 C:\xampp\htdocs\prueba\vendor\codeigniter4\framework\system\View\View.php(210): include('C:\\xampp\\htdocs...')
#5 C:\xampp\htdocs\prueba\vendor\codeigniter4\framework\system\View\View.php(213): CodeIgniter\View\View->CodeIgniter\View\{closure}()
#6 C:\xampp\htdocs\prueba\vendor\codeigniter4\framework\system\Common.php(1089): CodeIgniter\View\View->render('panel/generos', Array, true)
#7 C:\xampp\htdocs\prueba\app\Controllers\Panel\Generos.php(63): view('panel/generos', Array)
#8 C:\xampp\htdocs\prueba\app\Controllers\Panel\Generos.php(69): App\Controllers\Panel\Generos->create_view('panel/generos', Array)
#9 C:\xampp\htdocs\prueba\vendor\codeigniter4\framework\system\CodeIgniter.php(832): App\Controllers\Panel\Generos->index()
#10 C:\xampp\htdocs\prueba\vendor\codeigniter4\framework\system\CodeIgniter.php(419): CodeIgniter\CodeIgniter->runController(Object(App\Controllers\Panel\Generos))
#11 C:\xampp\htdocs\prueba\vendor\codeigniter4\framework\system\CodeIgniter.php(326): CodeIgniter\CodeIgniter->handleRequest(NULL, Object(Config\Cache), false)
#12 C:\xampp\htdocs\prueba\public\index.php(37): CodeIgniter\CodeIgniter->run()
#13 C:\xampp\htdocs\prueba\vendor\codeigniter4\framework\system\Commands\Server\rewrite.php(43): require_once('C:\\xampp\\htdocs...')
#14 {main}
CRITICAL - 2025-03-22 12:34:33 --> Trying to get property 'nombre_streaming' of non-object
#0 C:\xampp\htdocs\prueba\app\Views\panel\streaming.php(29): CodeIgniter\Debug\Exceptions->errorHandler(8, 'Trying to get p...', 'C:\\xampp\\htdocs...', 29, Array)
#1 C:\xampp\htdocs\prueba\vendor\codeigniter4\framework\system\View\View.php(210): include('C:\\xampp\\htdocs...')
#2 C:\xampp\htdocs\prueba\vendor\codeigniter4\framework\system\View\View.php(213): CodeIgniter\View\View->CodeIgniter\View\{closure}()
#3 C:\xampp\htdocs\prueba\vendor\codeigniter4\framework\system\Common.php(1089): CodeIgniter\View\View->render('panel/streaming', Array, true)
#4 C:\xampp\htdocs\prueba\app\Controllers\Panel\Streaming.php(58): view('panel/streaming', Array)
#5 C:\xampp\htdocs\prueba\app\Controllers\Panel\Streaming.php(64): App\Controllers\Panel\Streaming->create_view('panel/streaming', Array)
#6 C:\xampp\htdocs\prueba\vendor\codeigniter4\framework\system\CodeIgniter.php(832): App\Controllers\Panel\Streaming->index()
#7 C:\xampp\htdocs\prueba\vendor\codeigniter4\framework\system\CodeIgniter.php(419): CodeIgniter\CodeIgniter->runController(Object(App\Controllers\Panel\Streaming))
#8 C:\xampp\htdocs\prueba\vendor\codeigniter4\framework\system\CodeIgniter.php(326): CodeIgniter\CodeIgniter->handleRequest(NULL, Object(Config\Cache), false)
#9 C:\xampp\htdocs\prueba\public\index.php(37): CodeIgniter\CodeIgniter->run()
#10 C:\xampp\htdocs\prueba\vendor\codeigniter4\framework\system\Commands\Server\rewrite.php(43): require_once('C:\\xampp\\htdocs...')
#11 {main}
CRITICAL - 2025-03-22 12:36:59 --> Router.invalidParameterType
#0 C:\xampp\htdocs\prueba\vendor\codeigniter4\framework\system\Router\RouteCollection.php(1092): CodeIgniter\Router\Exceptions\RouterException::forInvalidParameterType()
#1 C:\xampp\htdocs\prueba\vendor\codeigniter4\framework\system\Router\RouteCollection.php(971): CodeIgniter\Router\RouteCollection->fillRouteParams('streaming/estat...', Array)
#2 C:\xampp\htdocs\prueba\vendor\codeigniter4\framework\system\Common.php(882): CodeIgniter\Router\RouteCollection->reverseRoute('estatus_streami...', '1', -1)
#3 C:\xampp\htdocs\prueba\app\Views\panel\streaming.php(46): route_to('estatus_streami...', '1', -1)
#4 C:\xampp\htdocs\prueba\vendor\codeigniter4\framework\system\View\View.php(210): include('C:\\xampp\\htdocs...')
#5 C:\xampp\htdocs\prueba\vendor\codeigniter4\framework\system\View\View.php(213): CodeIgniter\View\View->CodeIgniter\View\{closure}()
#6 C:\xampp\htdocs\prueba\vendor\codeigniter4\framework\system\Common.php(1089): CodeIgniter\View\View->render('panel/streaming', Array, true)
#7 C:\xampp\htdocs\prueba\app\Controllers\Panel\Streaming.php(58): view('panel/streaming', Array)
#8 C:\xampp\htdocs\prueba\app\Controllers\Panel\Streaming.php(64): App\Controllers\Panel\Streaming->create_view('panel/streaming', Array)
#9 C:\xampp\htdocs\prueba\vendor\codeigniter4\framework\system\CodeIgniter.php(832): App\Controllers\Panel\Streaming->index()
#10 C:\xampp\htdocs\prueba\vendor\codeigniter4\framework\system\CodeIgniter.php(419): CodeIgniter\CodeIgniter->runController(Object(App\Controllers\Panel\Streaming))
#11 C:\xampp\htdocs\prueba\vendor\codeigniter4\framework\system\CodeIgniter.php(326): CodeIgniter\CodeIgniter->handleRequest(NULL, Object(Config\Cache), false)
#12 C:\xampp\htdocs\prueba\public\index.php(37): CodeIgniter\CodeIgniter->run()
#13 C:\xampp\htdocs\prueba\vendor\codeigniter4\framework\system\Commands\Server\rewrite.php(43): require_once('C:\\xampp\\htdocs...')
#14 {main}
CRITICAL - 2025-03-22 12:37:03 --> Router.invalidParameterType
#0 C:\xampp\htdocs\prueba\vendor\codeigniter4\framework\system\Router\RouteCollection.php(1092): CodeIgniter\Router\Exceptions\RouterException::forInvalidParameterType()
#1 C:\xampp\htdocs\prueba\vendor\codeigniter4\framework\system\Router\RouteCollection.php(971): CodeIgniter\Router\RouteCollection->fillRouteParams('streaming/estat...', Array)
#2 C:\xampp\htdocs\prueba\vendor\codeigniter4\framework\system\Common.php(882): CodeIgniter\Router\RouteCollection->reverseRoute('estatus_streami...', '1', -1)
#3 C:\xampp\htdocs\prueba\app\Views\panel\streaming.php(46): route_to('estatus_streami...', '1', -1)
#4 C:\xampp\htdocs\prueba\vendor\codeigniter4\framework\system\View\View.php(210): include('C:\\xampp\\htdocs...')
#5 C:\xampp\htdocs\prueba\vendor\codeigniter4\framework\system\View\View.php(213): CodeIgniter\View\View->CodeIgniter\View\{closure}()
#6 C:\xampp\htdocs\prueba\vendor\codeigniter4\framework\system\Common.php(1089): CodeIgniter\View\View->render('panel/streaming', Array, true)
#7 C:\xampp\htdocs\prueba\app\Controllers\Panel\Streaming.php(58): view('panel/streaming', Array)
#8 C:\xampp\htdocs\prueba\app\Controllers\Panel\Streaming.php(64): App\Controllers\Panel\Streaming->create_view('panel/streaming', Array)
#9 C:\xampp\htdocs\prueba\vendor\codeigniter4\framework\system\CodeIgniter.php(832): App\Controllers\Panel\Streaming->index()
#10 C:\xampp\htdocs\prueba\vendor\codeigniter4\framework\system\CodeIgniter.php(419): CodeIgniter\CodeIgniter->runController(Object(App\Controllers\Panel\Streaming))
#11 C:\xampp\htdocs\prueba\vendor\codeigniter4\framework\system\CodeIgniter.php(326): CodeIgniter\CodeIgniter->handleRequest(NULL, Object(Config\Cache), false)
#12 C:\xampp\htdocs\prueba\public\index.php(37): CodeIgniter\CodeIgniter->run()
#13 C:\xampp\htdocs\prueba\vendor\codeigniter4\framework\system\Commands\Server\rewrite.php(43): require_once('C:\\xampp\\htdocs...')
#14 {main}
CRITICAL - 2025-03-22 12:37:52 --> Router.invalidParameterType
#0 C:\xampp\htdocs\prueba\vendor\codeigniter4\framework\system\Router\RouteCollection.php(1092): CodeIgniter\Router\Exceptions\RouterException::forInvalidParameterType()
#1 C:\xampp\htdocs\prueba\vendor\codeigniter4\framework\system\Router\RouteCollection.php(971): CodeIgniter\Router\RouteCollection->fillRouteParams('streaming/estat...', Array)
#2 C:\xampp\htdocs\prueba\vendor\codeigniter4\framework\system\Common.php(882): CodeIgniter\Router\RouteCollection->reverseRoute('estatus_streami...', '1', -1)
#3 C:\xampp\htdocs\prueba\app\Views\panel\streaming.php(46): route_to('estatus_streami...', '1', -1)
#4 C:\xampp\htdocs\prueba\vendor\codeigniter4\framework\system\View\View.php(210): include('C:\\xampp\\htdocs...')
#5 C:\xampp\htdocs\prueba\vendor\codeigniter4\framework\system\View\View.php(213): CodeIgniter\View\View->CodeIgniter\View\{closure}()
#6 C:\xampp\htdocs\prueba\vendor\codeigniter4\framework\system\Common.php(1089): CodeIgniter\View\View->render('panel/streaming', Array, true)
#7 C:\xampp\htdocs\prueba\app\Controllers\Panel\Streaming.php(58): view('panel/streaming', Array)
#8 C:\xampp\htdocs\prueba\app\Controllers\Panel\Streaming.php(64): App\Controllers\Panel\Streaming->create_view('panel/streaming', Array)
#9 C:\xampp\htdocs\prueba\vendor\codeigniter4\framework\system\CodeIgniter.php(832): App\Controllers\Panel\Streaming->index()
#10 C:\xampp\htdocs\prueba\vendor\codeigniter4\framework\system\CodeIgniter.php(419): CodeIgniter\CodeIgniter->runController(Object(App\Controllers\Panel\Streaming))
#11 C:\xampp\htdocs\prueba\vendor\codeigniter4\framework\system\CodeIgniter.php(326): CodeIgniter\CodeIgniter->handleRequest(NULL, Object(Config\Cache), false)
#12 C:\xampp\htdocs\prueba\public\index.php(37): CodeIgniter\CodeIgniter->run()
#13 C:\xampp\htdocs\prueba\vendor\codeigniter4\framework\system\Commands\Server\rewrite.php(43): require_once('C:\\xampp\\htdocs...')
#14 {main}
CRITICAL - 2025-03-22 12:38:48 --> Router.invalidParameterType
#0 C:\xampp\htdocs\prueba\vendor\codeigniter4\framework\system\Router\RouteCollection.php(1092): CodeIgniter\Router\Exceptions\RouterException::forInvalidParameterType()
#1 C:\xampp\htdocs\prueba\vendor\codeigniter4\framework\system\Router\RouteCollection.php(971): CodeIgniter\Router\RouteCollection->fillRouteParams('streaming/estat...', Array)
#2 C:\xampp\htdocs\prueba\vendor\codeigniter4\framework\system\Common.php(882): CodeIgniter\Router\RouteCollection->reverseRoute('estatus_streami...', '1', -1)
#3 C:\xampp\htdocs\prueba\app\Views\panel\streaming.php(46): route_to('estatus_streami...', '1', -1)
#4 C:\xampp\htdocs\prueba\vendor\codeigniter4\framework\system\View\View.php(210): include('C:\\xampp\\htdocs...')
#5 C:\xampp\htdocs\prueba\vendor\codeigniter4\framework\system\View\View.php(213): CodeIgniter\View\View->CodeIgniter\View\{closure}()
#6 C:\xampp\htdocs\prueba\vendor\codeigniter4\framework\system\Common.php(1089): CodeIgniter\View\View->render('panel/streaming', Array, true)
#7 C:\xampp\htdocs\prueba\app\Controllers\Panel\Streaming.php(58): view('panel/streaming', Array)
#8 C:\xampp\htdocs\prueba\app\Controllers\Panel\Streaming.php(64): App\Controllers\Panel\Streaming->create_view('panel/streaming', Array)
#9 C:\xampp\htdocs\prueba\vendor\codeigniter4\framework\system\CodeIgniter.php(832): App\Controllers\Panel\Streaming->index()
#10 C:\xampp\htdocs\prueba\vendor\codeigniter4\framework\system\CodeIgniter.php(419): CodeIgniter\CodeIgniter->runController(Object(App\Controllers\Panel\Streaming))
#11 C:\xampp\htdocs\prueba\vendor\codeigniter4\framework\system\CodeIgniter.php(326): CodeIgniter\CodeIgniter->handleRequest(NULL, Object(Config\Cache), false)
#12 C:\xampp\htdocs\prueba\public\index.php(37): CodeIgniter\CodeIgniter->run()
#13 C:\xampp\htdocs\prueba\vendor\codeigniter4\framework\system\Commands\Server\rewrite.php(43): require_once('C:\\xampp\\htdocs...')
#14 {main}
CRITICAL - 2025-03-22 12:38:48 --> Router.invalidParameterType
#0 C:\xampp\htdocs\prueba\vendor\codeigniter4\framework\system\Router\RouteCollection.php(1092): CodeIgniter\Router\Exceptions\RouterException::forInvalidParameterType()
#1 C:\xampp\htdocs\prueba\vendor\codeigniter4\framework\system\Router\RouteCollection.php(971): CodeIgniter\Router\RouteCollection->fillRouteParams('streaming/estat...', Array)
#2 C:\xampp\htdocs\prueba\vendor\codeigniter4\framework\system\Common.php(882): CodeIgniter\Router\RouteCollection->reverseRoute('estatus_streami...', '1', -1)
#3 C:\xampp\htdocs\prueba\app\Views\panel\streaming.php(46): route_to('estatus_streami...', '1', -1)
#4 C:\xampp\htdocs\prueba\vendor\codeigniter4\framework\system\View\View.php(210): include('C:\\xampp\\htdocs...')
#5 C:\xampp\htdocs\prueba\vendor\codeigniter4\framework\system\View\View.php(213): CodeIgniter\View\View->CodeIgniter\View\{closure}()
#6 C:\xampp\htdocs\prueba\vendor\codeigniter4\framework\system\Common.php(1089): CodeIgniter\View\View->render('panel/streaming', Array, true)
#7 C:\xampp\htdocs\prueba\app\Controllers\Panel\Streaming.php(58): view('panel/streaming', Array)
#8 C:\xampp\htdocs\prueba\app\Controllers\Panel\Streaming.php(64): App\Controllers\Panel\Streaming->create_view('panel/streaming', Array)
#9 C:\xampp\htdocs\prueba\vendor\codeigniter4\framework\system\CodeIgniter.php(832): App\Controllers\Panel\Streaming->index()
#10 C:\xampp\htdocs\prueba\vendor\codeigniter4\framework\system\CodeIgniter.php(419): CodeIgniter\CodeIgniter->runController(Object(App\Controllers\Panel\Streaming))
#11 C:\xampp\htdocs\prueba\vendor\codeigniter4\framework\system\CodeIgniter.php(326): CodeIgniter\CodeIgniter->handleRequest(NULL, Object(Config\Cache), false)
#12 C:\xampp\htdocs\prueba\public\index.php(37): CodeIgniter\CodeIgniter->run()
#13 C:\xampp\htdocs\prueba\vendor\codeigniter4\framework\system\Commands\Server\rewrite.php(43): require_once('C:\\xampp\\htdocs...')
#14 {main}
CRITICAL - 2025-03-22 17:38:02 --> Cannot declare class App\Controllers\Streaming, because the name is already in use
#0 [internal function]: CodeIgniter\Debug\Exceptions->shutdownHandler()
#1 {main}
CRITICAL - 2025-03-22 17:46:05 --> Invalid file: streaming_nuevo.php
#0 C:\xampp\htdocs\prueba\vendor\codeigniter4\framework\system\View\View.php(198): CodeIgniter\Exceptions\FrameworkException::forInvalidFile('streaming_nuevo...')
#1 C:\xampp\htdocs\prueba\vendor\codeigniter4\framework\system\Common.php(1089): CodeIgniter\View\View->render('streaming_nuevo', Array, true)
#2 C:\xampp\htdocs\prueba\app\Controllers\Panel\Streaming.php(77): view('streaming_nuevo', Array)
#3 C:\xampp\htdocs\prueba\vendor\codeigniter4\framework\system\CodeIgniter.php(832): App\Controllers\Panel\Streaming->nuevo()
#4 C:\xampp\htdocs\prueba\vendor\codeigniter4\framework\system\CodeIgniter.php(419): CodeIgniter\CodeIgniter->runController(Object(App\Controllers\Panel\Streaming))
#5 C:\xampp\htdocs\prueba\vendor\codeigniter4\framework\system\CodeIgniter.php(326): CodeIgniter\CodeIgniter->handleRequest(NULL, Object(Config\Cache), false)
#6 C:\xampp\htdocs\prueba\public\index.php(37): CodeIgniter\CodeIgniter->run()
#7 C:\xampp\htdocs\prueba\vendor\codeigniter4\framework\system\Commands\Server\rewrite.php(43): require_once('C:\\xampp\\htdocs...')
#8 {main}
CRITICAL - 2025-03-22 17:46:35 --> Invalid file: streaming_nuevo.php
#0 C:\xampp\htdocs\prueba\vendor\codeigniter4\framework\system\View\View.php(198): CodeIgniter\Exceptions\FrameworkException::forInvalidFile('streaming_nuevo...')
#1 C:\xampp\htdocs\prueba\vendor\codeigniter4\framework\system\Common.php(1089): CodeIgniter\View\View->render('streaming_nuevo', Array, true)
#2 C:\xampp\htdocs\prueba\app\Controllers\Panel\Streaming.php(77): view('streaming_nuevo', Array)
#3 C:\xampp\htdocs\prueba\vendor\codeigniter4\framework\system\CodeIgniter.php(832): App\Controllers\Panel\Streaming->nuevo()
#4 C:\xampp\htdocs\prueba\vendor\codeigniter4\framework\system\CodeIgniter.php(419): CodeIgniter\CodeIgniter->runController(Object(App\Controllers\Panel\Streaming))
#5 C:\xampp\htdocs\prueba\vendor\codeigniter4\framework\system\CodeIgniter.php(326): CodeIgniter\CodeIgniter->handleRequest(NULL, Object(Config\Cache), false)
#6 C:\xampp\htdocs\prueba\public\index.php(37): CodeIgniter\CodeIgniter->run()
#7 C:\xampp\htdocs\prueba\vendor\codeigniter4\framework\system\Commands\Server\rewrite.php(43): require_once('C:\\xampp\\htdocs...')
#8 {main}
CRITICAL - 2025-03-22 17:46:36 --> Invalid file: streaming_nuevo.php
#0 C:\xampp\htdocs\prueba\vendor\codeigniter4\framework\system\View\View.php(198): CodeIgniter\Exceptions\FrameworkException::forInvalidFile('streaming_nuevo...')
#1 C:\xampp\htdocs\prueba\vendor\codeigniter4\framework\system\Common.php(1089): CodeIgniter\View\View->render('streaming_nuevo', Array, true)
#2 C:\xampp\htdocs\prueba\app\Controllers\Panel\Streaming.php(77): view('streaming_nuevo', Array)
#3 C:\xampp\htdocs\prueba\vendor\codeigniter4\framework\system\CodeIgniter.php(832): App\Controllers\Panel\Streaming->nuevo()
#4 C:\xampp\htdocs\prueba\vendor\codeigniter4\framework\system\CodeIgniter.php(419): CodeIgniter\CodeIgniter->runController(Object(App\Controllers\Panel\Streaming))
#5 C:\xampp\htdocs\prueba\vendor\codeigniter4\framework\system\CodeIgniter.php(326): CodeIgniter\CodeIgniter->handleRequest(NULL, Object(Config\Cache), false)
#6 C:\xampp\htdocs\prueba\public\index.php(37): CodeIgniter\CodeIgniter->run()
#7 C:\xampp\htdocs\prueba\vendor\codeigniter4\framework\system\Commands\Server\rewrite.php(43): require_once('C:\\xampp\\htdocs...')
#8 {main}
CRITICAL - 2025-03-22 17:49:35 --> Invalid file: streaming_nuevo.php
#0 C:\xampp\htdocs\prueba\vendor\codeigniter4\framework\system\View\View.php(198): CodeIgniter\Exceptions\FrameworkException::forInvalidFile('streaming_nuevo...')
#1 C:\xampp\htdocs\prueba\vendor\codeigniter4\framework\system\Common.php(1089): CodeIgniter\View\View->render('streaming_nuevo', Array, true)
#2 C:\xampp\htdocs\prueba\app\Controllers\Panel\Streaming.php(77): view('streaming_nuevo', Array)
#3 C:\xampp\htdocs\prueba\vendor\codeigniter4\framework\system\CodeIgniter.php(832): App\Controllers\Panel\Streaming->nuevo()
#4 C:\xampp\htdocs\prueba\vendor\codeigniter4\framework\system\CodeIgniter.php(419): CodeIgniter\CodeIgniter->runController(Object(App\Controllers\Panel\Streaming))
#5 C:\xampp\htdocs\prueba\vendor\codeigniter4\framework\system\CodeIgniter.php(326): CodeIgniter\CodeIgniter->handleRequest(NULL, Object(Config\Cache), false)
#6 C:\xampp\htdocs\prueba\public\index.php(37): CodeIgniter\CodeIgniter->run()
#7 C:\xampp\htdocs\prueba\vendor\codeigniter4\framework\system\Commands\Server\rewrite.php(43): require_once('C:\\xampp\\htdocs...')
#8 {main}
CRITICAL - 2025-03-22 17:51:01 --> Invalid file: panel/streaming/nuevo.php
#0 C:\xampp\htdocs\prueba\vendor\codeigniter4\framework\system\View\View.php(198): CodeIgniter\Exceptions\FrameworkException::forInvalidFile('panel/streaming...')
#1 C:\xampp\htdocs\prueba\vendor\codeigniter4\framework\system\Common.php(1089): CodeIgniter\View\View->render('panel/streaming...', Array, true)
#2 C:\xampp\htdocs\prueba\app\Controllers\Panel\Streaming.php(77): view('panel/streaming...', Array)
#3 C:\xampp\htdocs\prueba\vendor\codeigniter4\framework\system\CodeIgniter.php(832): App\Controllers\Panel\Streaming->nuevo()
#4 C:\xampp\htdocs\prueba\vendor\codeigniter4\framework\system\CodeIgniter.php(419): CodeIgniter\CodeIgniter->runController(Object(App\Controllers\Panel\Streaming))
#5 C:\xampp\htdocs\prueba\vendor\codeigniter4\framework\system\CodeIgniter.php(326): CodeIgniter\CodeIgniter->handleRequest(NULL, Object(Config\Cache), false)
#6 C:\xampp\htdocs\prueba\public\index.php(37): CodeIgniter\CodeIgniter->run()
#7 C:\xampp\htdocs\prueba\vendor\codeigniter4\framework\system\Commands\Server\rewrite.php(43): require_once('C:\\xampp\\htdocs...')
#8 {main}
CRITICAL - 2025-03-22 17:51:02 --> Invalid file: panel/streaming/nuevo.php
#0 C:\xampp\htdocs\prueba\vendor\codeigniter4\framework\system\View\View.php(198): CodeIgniter\Exceptions\FrameworkException::forInvalidFile('panel/streaming...')
#1 C:\xampp\htdocs\prueba\vendor\codeigniter4\framework\system\Common.php(1089): CodeIgniter\View\View->render('panel/streaming...', Array, true)
#2 C:\xampp\htdocs\prueba\app\Controllers\Panel\Streaming.php(77): view('panel/streaming...', Array)
#3 C:\xampp\htdocs\prueba\vendor\codeigniter4\framework\system\CodeIgniter.php(832): App\Controllers\Panel\Streaming->nuevo()
#4 C:\xampp\htdocs\prueba\vendor\codeigniter4\framework\system\CodeIgniter.php(419): CodeIgniter\CodeIgniter->runController(Object(App\Controllers\Panel\Streaming))
#5 C:\xampp\htdocs\prueba\vendor\codeigniter4\framework\system\CodeIgniter.php(326): CodeIgniter\CodeIgniter->handleRequest(NULL, Object(Config\Cache), false)
#6 C:\xampp\htdocs\prueba\public\index.php(37): CodeIgniter\CodeIgniter->run()
#7 C:\xampp\htdocs\prueba\vendor\codeigniter4\framework\system\Commands\Server\rewrite.php(43): require_once('C:\\xampp\\htdocs...')
#8 {main}
CRITICAL - 2025-03-22 17:51:03 --> Invalid file: panel/streaming/nuevo.php
#0 C:\xampp\htdocs\prueba\vendor\codeigniter4\framework\system\View\View.php(198): CodeIgniter\Exceptions\FrameworkException::forInvalidFile('panel/streaming...')
#1 C:\xampp\htdocs\prueba\vendor\codeigniter4\framework\system\Common.php(1089): CodeIgniter\View\View->render('panel/streaming...', Array, true)
#2 C:\xampp\htdocs\prueba\app\Controllers\Panel\Streaming.php(77): view('panel/streaming...', Array)
#3 C:\xampp\htdocs\prueba\vendor\codeigniter4\framework\system\CodeIgniter.php(832): App\Controllers\Panel\Streaming->nuevo()
#4 C:\xampp\htdocs\prueba\vendor\codeigniter4\framework\system\CodeIgniter.php(419): CodeIgniter\CodeIgniter->runController(Object(App\Controllers\Panel\Streaming))
#5 C:\xampp\htdocs\prueba\vendor\codeigniter4\framework\system\CodeIgniter.php(326): CodeIgniter\CodeIgniter->handleRequest(NULL, Object(Config\Cache), false)
#6 C:\xampp\htdocs\prueba\public\index.php(37): CodeIgniter\CodeIgniter->run()
#7 C:\xampp\htdocs\prueba\vendor\codeigniter4\framework\system\Commands\Server\rewrite.php(43): require_once('C:\\xampp\\htdocs...')
#8 {main}
CRITICAL - 2025-03-22 17:51:03 --> Invalid file: panel/streaming/nuevo.php
#0 C:\xampp\htdocs\prueba\vendor\codeigniter4\framework\system\View\View.php(198): CodeIgniter\Exceptions\FrameworkException::forInvalidFile('panel/streaming...')
#1 C:\xampp\htdocs\prueba\vendor\codeigniter4\framework\system\Common.php(1089): CodeIgniter\View\View->render('panel/streaming...', Array, true)
#2 C:\xampp\htdocs\prueba\app\Controllers\Panel\Streaming.php(77): view('panel/streaming...', Array)
#3 C:\xampp\htdocs\prueba\vendor\codeigniter4\framework\system\CodeIgniter.php(832): App\Controllers\Panel\Streaming->nuevo()
#4 C:\xampp\htdocs\prueba\vendor\codeigniter4\framework\system\CodeIgniter.php(419): CodeIgniter\CodeIgniter->runController(Object(App\Controllers\Panel\Streaming))
#5 C:\xampp\htdocs\prueba\vendor\codeigniter4\framework\system\CodeIgniter.php(326): CodeIgniter\CodeIgniter->handleRequest(NULL, Object(Config\Cache), false)
#6 C:\xampp\htdocs\prueba\public\index.php(37): CodeIgniter\CodeIgniter->run()
#7 C:\xampp\htdocs\prueba\vendor\codeigniter4\framework\system\Commands\Server\rewrite.php(43): require_once('C:\\xampp\\htdocs...')
#8 {main}
CRITICAL - 2025-03-22 17:54:37 --> Invalid file: panel/streaming_editar.php
#0 C:\xampp\htdocs\prueba\vendor\codeigniter4\framework\system\View\View.php(198): CodeIgniter\Exceptions\FrameworkException::forInvalidFile('panel/streaming...')
#1 C:\xampp\htdocs\prueba\vendor\codeigniter4\framework\system\Common.php(1089): CodeIgniter\View\View->render('panel/streaming...', Array, true)
#2 C:\xampp\htdocs\prueba\app\Controllers\Panel\Streaming.php(131): view('panel/streaming...', Array)
#3 C:\xampp\htdocs\prueba\vendor\codeigniter4\framework\system\CodeIgniter.php(832): App\Controllers\Panel\Streaming->editar('1')
#4 C:\xampp\htdocs\prueba\vendor\codeigniter4\framework\system\CodeIgniter.php(419): CodeIgniter\CodeIgniter->runController(Object(App\Controllers\Panel\Streaming))
#5 C:\xampp\htdocs\prueba\vendor\codeigniter4\framework\system\CodeIgniter.php(326): CodeIgniter\CodeIgniter->handleRequest(NULL, Object(Config\Cache), false)
#6 C:\xampp\htdocs\prueba\public\index.php(37): CodeIgniter\CodeIgniter->run()
#7 C:\xampp\htdocs\prueba\vendor\codeigniter4\framework\system\Commands\Server\rewrite.php(43): require_once('C:\\xampp\\htdocs...')
#8 {main}
CRITICAL - 2025-03-22 18:01:38 --> Undefined variable: imagen_usuario
#0 C:\xampp\htdocs\prueba\app\Views\plantillas\panel_base.php(185): CodeIgniter\Debug\Exceptions->errorHandler(8, 'Undefined varia...', 'C:\\xampp\\htdocs...', 185, Array)
#1 C:\xampp\htdocs\prueba\vendor\codeigniter4\framework\system\View\View.php(210): include('C:\\xampp\\htdocs...')
#2 C:\xampp\htdocs\prueba\vendor\codeigniter4\framework\system\View\View.php(213): CodeIgniter\View\View->CodeIgniter\View\{closure}()
#3 C:\xampp\htdocs\prueba\vendor\codeigniter4\framework\system\View\View.php(226): CodeIgniter\View\View->render('plantillas/pane...', Array, true)
#4 C:\xampp\htdocs\prueba\vendor\codeigniter4\framework\system\Common.php(1089): CodeIgniter\View\View->render('panel/streaming...', Array, true)
#5 C:\xampp\htdocs\prueba\app\Controllers\Panel\Streaming.php(77): view('panel/streaming...', Array)
#6 C:\xampp\htdocs\prueba\vendor\codeigniter4\framework\system\CodeIgniter.php(832): App\Controllers\Panel\Streaming->nuevo()
#7 C:\xampp\htdocs\prueba\vendor\codeigniter4\framework\system\CodeIgniter.php(419): CodeIgniter\CodeIgniter->runController(Object(App\Controllers\Panel\Streaming))
#8 C:\xampp\htdocs\prueba\vendor\codeigniter4\framework\system\CodeIgniter.php(326): CodeIgniter\CodeIgniter->handleRequest(NULL, Object(Config\Cache), false)
#9 C:\xampp\htdocs\prueba\public\index.php(37): CodeIgniter\CodeIgniter->run()
#10 C:\xampp\htdocs\prueba\vendor\codeigniter4\framework\system\Commands\Server\rewrite.php(43): require_once('C:\\xampp\\htdocs...')
#11 {main}
CRITICAL - 2025-03-22 18:04:06 --> Undefined variable: imagen_usuario
#0 C:\xampp\htdocs\prueba\app\Views\plantillas\panel_base.php(185): CodeIgniter\Debug\Exceptions->errorHandler(8, 'Undefined varia...', 'C:\\xampp\\htdocs...', 185, Array)
#1 C:\xampp\htdocs\prueba\vendor\codeigniter4\framework\system\View\View.php(210): include('C:\\xampp\\htdocs...')
#2 C:\xampp\htdocs\prueba\vendor\codeigniter4\framework\system\View\View.php(213): CodeIgniter\View\View->CodeIgniter\View\{closure}()
#3 C:\xampp\htdocs\prueba\vendor\codeigniter4\framework\system\View\View.php(226): CodeIgniter\View\View->render('plantillas/pane...', Array, true)
#4 C:\xampp\htdocs\prueba\vendor\codeigniter4\framework\system\Common.php(1089): CodeIgniter\View\View->render('panel/streaming...', Array, true)
#5 C:\xampp\htdocs\prueba\app\Controllers\Panel\Streaming.php(78): view('panel/streaming...', Array)
#6 C:\xampp\htdocs\prueba\vendor\codeigniter4\framework\system\CodeIgniter.php(832): App\Controllers\Panel\Streaming->nuevo()
#7 C:\xampp\htdocs\prueba\vendor\codeigniter4\framework\system\CodeIgniter.php(419): CodeIgniter\CodeIgniter->runController(Object(App\Controllers\Panel\Streaming))
#8 C:\xampp\htdocs\prueba\vendor\codeigniter4\framework\system\CodeIgniter.php(326): CodeIgniter\CodeIgniter->handleRequest(NULL, Object(Config\Cache), false)
#9 C:\xampp\htdocs\prueba\public\index.php(37): CodeIgniter\CodeIgniter->run()
#10 C:\xampp\htdocs\prueba\vendor\codeigniter4\framework\system\Commands\Server\rewrite.php(43): require_once('C:\\xampp\\htdocs...')
#11 {main}
CRITICAL - 2025-03-22 18:04:07 --> Undefined variable: imagen_usuario
#0 C:\xampp\htdocs\prueba\app\Views\plantillas\panel_base.php(185): CodeIgniter\Debug\Exceptions->errorHandler(8, 'Undefined varia...', 'C:\\xampp\\htdocs...', 185, Array)
#1 C:\xampp\htdocs\prueba\vendor\codeigniter4\framework\system\View\View.php(210): include('C:\\xampp\\htdocs...')
#2 C:\xampp\htdocs\prueba\vendor\codeigniter4\framework\system\View\View.php(213): CodeIgniter\View\View->CodeIgniter\View\{closure}()
#3 C:\xampp\htdocs\prueba\vendor\codeigniter4\framework\system\View\View.php(226): CodeIgniter\View\View->render('plantillas/pane...', Array, true)
#4 C:\xampp\htdocs\prueba\vendor\codeigniter4\framework\system\Common.php(1089): CodeIgniter\View\View->render('panel/streaming...', Array, true)
#5 C:\xampp\htdocs\prueba\app\Controllers\Panel\Streaming.php(78): view('panel/streaming...', Array)
#6 C:\xampp\htdocs\prueba\vendor\codeigniter4\framework\system\CodeIgniter.php(832): App\Controllers\Panel\Streaming->nuevo()
#7 C:\xampp\htdocs\prueba\vendor\codeigniter4\framework\system\CodeIgniter.php(419): CodeIgniter\CodeIgniter->runController(Object(App\Controllers\Panel\Streaming))
#8 C:\xampp\htdocs\prueba\vendor\codeigniter4\framework\system\CodeIgniter.php(326): CodeIgniter\CodeIgniter->handleRequest(NULL, Object(Config\Cache), false)
#9 C:\xampp\htdocs\prueba\public\index.php(37): CodeIgniter\CodeIgniter->run()
#10 C:\xampp\htdocs\prueba\vendor\codeigniter4\framework\system\Commands\Server\rewrite.php(43): require_once('C:\\xampp\\htdocs...')
#11 {main}
CRITICAL - 2025-03-22 18:06:18 --> Undefined variable: imagen_usuario
#0 C:\xampp\htdocs\prueba\app\Views\plantillas\panel_base.php(185): CodeIgniter\Debug\Exceptions->errorHandler(8, 'Undefined varia...', 'C:\\xampp\\htdocs...', 185, Array)
#1 C:\xampp\htdocs\prueba\vendor\codeigniter4\framework\system\View\View.php(210): include('C:\\xampp\\htdocs...')
#2 C:\xampp\htdocs\prueba\vendor\codeigniter4\framework\system\View\View.php(213): CodeIgniter\View\View->CodeIgniter\View\{closure}()
#3 C:\xampp\htdocs\prueba\vendor\codeigniter4\framework\system\View\View.php(226): CodeIgniter\View\View->render('plantillas/pane...', Array, true)
#4 C:\xampp\htdocs\prueba\vendor\codeigniter4\framework\system\Common.php(1089): CodeIgniter\View\View->render('panel/streaming...', Array, true)
#5 C:\xampp\htdocs\prueba\app\Controllers\Panel\Streaming.php(78): view('panel/streaming...', Array)
#6 C:\xampp\htdocs\prueba\vendor\codeigniter4\framework\system\CodeIgniter.php(832): App\Controllers\Panel\Streaming->nuevo()
#7 C:\xampp\htdocs\prueba\vendor\codeigniter4\framework\system\CodeIgniter.php(419): CodeIgniter\CodeIgniter->runController(Object(App\Controllers\Panel\Streaming))
#8 C:\xampp\htdocs\prueba\vendor\codeigniter4\framework\system\CodeIgniter.php(326): CodeIgniter\CodeIgniter->handleRequest(NULL, Object(Config\Cache), false)
#9 C:\xampp\htdocs\prueba\public\index.php(37): CodeIgniter\CodeIgniter->run()
#10 C:\xampp\htdocs\prueba\vendor\codeigniter4\framework\system\Commands\Server\rewrite.php(43): require_once('C:\\xampp\\htdocs...')
#11 {main}
CRITICAL - 2025-03-22 18:07:24 --> Undefined variable: imagen_usuario
#0 C:\xampp\htdocs\prueba\app\Views\plantillas\panel_base.php(185): CodeIgniter\Debug\Exceptions->errorHandler(8, 'Undefined varia...', 'C:\\xampp\\htdocs...', 185, Array)
#1 C:\xampp\htdocs\prueba\vendor\codeigniter4\framework\system\View\View.php(210): include('C:\\xampp\\htdocs...')
#2 C:\xampp\htdocs\prueba\vendor\codeigniter4\framework\system\View\View.php(213): CodeIgniter\View\View->CodeIgniter\View\{closure}()
#3 C:\xampp\htdocs\prueba\vendor\codeigniter4\framework\system\View\View.php(226): CodeIgniter\View\View->render('plantillas/pane...', Array, true)
#4 C:\xampp\htdocs\prueba\vendor\codeigniter4\framework\system\Common.php(1089): CodeIgniter\View\View->render('panel/streaming...', Array, true)
#5 C:\xampp\htdocs\prueba\app\Controllers\Panel\Streaming.php(78): view('panel/streaming...', Array)
#6 C:\xampp\htdocs\prueba\vendor\codeigniter4\framework\system\CodeIgniter.php(832): App\Controllers\Panel\Streaming->nuevo()
#7 C:\xampp\htdocs\prueba\vendor\codeigniter4\framework\system\CodeIgniter.php(419): CodeIgniter\CodeIgniter->runController(Object(App\Controllers\Panel\Streaming))
#8 C:\xampp\htdocs\prueba\vendor\codeigniter4\framework\system\CodeIgniter.php(326): CodeIgniter\CodeIgniter->handleRequest(NULL, Object(Config\Cache), false)
#9 C:\xampp\htdocs\prueba\public\index.php(37): CodeIgniter\CodeIgniter->run()
#10 C:\xampp\htdocs\prueba\vendor\codeigniter4\framework\system\Commands\Server\rewrite.php(43): require_once('C:\\xampp\\htdocs...')
#11 {main}
CRITICAL - 2025-03-22 18:07:25 --> Undefined variable: imagen_usuario
#0 C:\xampp\htdocs\prueba\app\Views\plantillas\panel_base.php(185): CodeIgniter\Debug\Exceptions->errorHandler(8, 'Undefined varia...', 'C:\\xampp\\htdocs...', 185, Array)
#1 C:\xampp\htdocs\prueba\vendor\codeigniter4\framework\system\View\View.php(210): include('C:\\xampp\\htdocs...')
#2 C:\xampp\htdocs\prueba\vendor\codeigniter4\framework\system\View\View.php(213): CodeIgniter\View\View->CodeIgniter\View\{closure}()
#3 C:\xampp\htdocs\prueba\vendor\codeigniter4\framework\system\View\View.php(226): CodeIgniter\View\View->render('plantillas/pane...', Array, true)
#4 C:\xampp\htdocs\prueba\vendor\codeigniter4\framework\system\Common.php(1089): CodeIgniter\View\View->render('panel/streaming...', Array, true)
#5 C:\xampp\htdocs\prueba\app\Controllers\Panel\Streaming.php(78): view('panel/streaming...', Array)
#6 C:\xampp\htdocs\prueba\vendor\codeigniter4\framework\system\CodeIgniter.php(832): App\Controllers\Panel\Streaming->nuevo()
#7 C:\xampp\htdocs\prueba\vendor\codeigniter4\framework\system\CodeIgniter.php(419): CodeIgniter\CodeIgniter->runController(Object(App\Controllers\Panel\Streaming))
#8 C:\xampp\htdocs\prueba\vendor\codeigniter4\framework\system\CodeIgniter.php(326): CodeIgniter\CodeIgniter->handleRequest(NULL, Object(Config\Cache), false)
#9 C:\xampp\htdocs\prueba\public\index.php(37): CodeIgniter\CodeIgniter->run()
#10 C:\xampp\htdocs\prueba\vendor\codeigniter4\framework\system\Commands\Server\rewrite.php(43): require_once('C:\\xampp\\htdocs...')
#11 {main}
CRITICAL - 2025-03-22 18:07:25 --> Undefined variable: imagen_usuario
#0 C:\xampp\htdocs\prueba\app\Views\plantillas\panel_base.php(185): CodeIgniter\Debug\Exceptions->errorHandler(8, 'Undefined varia...', 'C:\\xampp\\htdocs...', 185, Array)
#1 C:\xampp\htdocs\prueba\vendor\codeigniter4\framework\system\View\View.php(210): include('C:\\xampp\\htdocs...')
#2 C:\xampp\htdocs\prueba\vendor\codeigniter4\framework\system\View\View.php(213): CodeIgniter\View\View->CodeIgniter\View\{closure}()
#3 C:\xampp\htdocs\prueba\vendor\codeigniter4\framework\system\View\View.php(226): CodeIgniter\View\View->render('plantillas/pane...', Array, true)
#4 C:\xampp\htdocs\prueba\vendor\codeigniter4\framework\system\Common.php(1089): CodeIgniter\View\View->render('panel/streaming...', Array, true)
#5 C:\xampp\htdocs\prueba\app\Controllers\Panel\Streaming.php(78): view('panel/streaming...', Array)
#6 C:\xampp\htdocs\prueba\vendor\codeigniter4\framework\system\CodeIgniter.php(832): App\Controllers\Panel\Streaming->nuevo()
#7 C:\xampp\htdocs\prueba\vendor\codeigniter4\framework\system\CodeIgniter.php(419): CodeIgniter\CodeIgniter->runController(Object(App\Controllers\Panel\Streaming))
#8 C:\xampp\htdocs\prueba\vendor\codeigniter4\framework\system\CodeIgniter.php(326): CodeIgniter\CodeIgniter->handleRequest(NULL, Object(Config\Cache), false)
#9 C:\xampp\htdocs\prueba\public\index.php(37): CodeIgniter\CodeIgniter->run()
#10 C:\xampp\htdocs\prueba\vendor\codeigniter4\framework\system\Commands\Server\rewrite.php(43): require_once('C:\\xampp\\htdocs...')
#11 {main}
CRITICAL - 2025-03-22 18:09:30 --> Undefined variable: imagen_usuario
#0 C:\xampp\htdocs\prueba\app\Views\plantillas\panel_base.php(185): CodeIgniter\Debug\Exceptions->errorHandler(8, 'Undefined varia...', 'C:\\xampp\\htdocs...', 185, Array)
#1 C:\xampp\htdocs\prueba\vendor\codeigniter4\framework\system\View\View.php(210): include('C:\\xampp\\htdocs...')
#2 C:\xampp\htdocs\prueba\vendor\codeigniter4\framework\system\View\View.php(213): CodeIgniter\View\View->CodeIgniter\View\{closure}()
#3 C:\xampp\htdocs\prueba\vendor\codeigniter4\framework\system\View\View.php(226): CodeIgniter\View\View->render('plantillas/pane...', Array, true)
#4 C:\xampp\htdocs\prueba\vendor\codeigniter4\framework\system\Common.php(1089): CodeIgniter\View\View->render('panel/streaming...', Array, true)
#5 C:\xampp\htdocs\prueba\app\Controllers\Panel\Streaming.php(78): view('panel/streaming...', Array)
#6 C:\xampp\htdocs\prueba\vendor\codeigniter4\framework\system\CodeIgniter.php(832): App\Controllers\Panel\Streaming->nuevo()
#7 C:\xampp\htdocs\prueba\vendor\codeigniter4\framework\system\CodeIgniter.php(419): CodeIgniter\CodeIgniter->runController(Object(App\Controllers\Panel\Streaming))
#8 C:\xampp\htdocs\prueba\vendor\codeigniter4\framework\system\CodeIgniter.php(326): CodeIgniter\CodeIgniter->handleRequest(NULL, Object(Config\Cache), false)
#9 C:\xampp\htdocs\prueba\public\index.php(37): CodeIgniter\CodeIgniter->run()
#10 C:\xampp\htdocs\prueba\vendor\codeigniter4\framework\system\Commands\Server\rewrite.php(43): require_once('C:\\xampp\\htdocs...')
#11 {main}
CRITICAL - 2025-03-22 18:21:05 --> Invalid file: panel/streaming_editar.php
#0 C:\xampp\htdocs\prueba\vendor\codeigniter4\framework\system\View\View.php(198): CodeIgniter\Exceptions\FrameworkException::forInvalidFile('panel/streaming...')
#1 C:\xampp\htdocs\prueba\vendor\codeigniter4\framework\system\Common.php(1089): CodeIgniter\View\View->render('panel/streaming...', Array, true)
#2 C:\xampp\htdocs\prueba\app\Controllers\Panel\Streaming.php(133): view('panel/streaming...', Array)
#3 C:\xampp\htdocs\prueba\vendor\codeigniter4\framework\system\CodeIgniter.php(832): App\Controllers\Panel\Streaming->editar('4')
#4 C:\xampp\htdocs\prueba\vendor\codeigniter4\framework\system\CodeIgniter.php(419): CodeIgniter\CodeIgniter->runController(Object(App\Controllers\Panel\Streaming))
#5 C:\xampp\htdocs\prueba\vendor\codeigniter4\framework\system\CodeIgniter.php(326): CodeIgniter\CodeIgniter->handleRequest(NULL, Object(Config\Cache), false)
#6 C:\xampp\htdocs\prueba\public\index.php(37): CodeIgniter\CodeIgniter->run()
#7 C:\xampp\htdocs\prueba\vendor\codeigniter4\framework\system\Commands\Server\rewrite.php(43): require_once('C:\\xampp\\htdocs...')
#8 {main}
CRITICAL - 2025-03-22 18:21:34 --> Invalid file: streaming_editar.php
#0 C:\xampp\htdocs\prueba\vendor\codeigniter4\framework\system\View\View.php(198): CodeIgniter\Exceptions\FrameworkException::forInvalidFile('streaming_edita...')
#1 C:\xampp\htdocs\prueba\vendor\codeigniter4\framework\system\Common.php(1089): CodeIgniter\View\View->render('streaming_edita...', Array, true)
#2 C:\xampp\htdocs\prueba\app\Controllers\Panel\Streaming.php(133): view('streaming_edita...', Array)
#3 C:\xampp\htdocs\prueba\vendor\codeigniter4\framework\system\CodeIgniter.php(832): App\Controllers\Panel\Streaming->editar('4')
#4 C:\xampp\htdocs\prueba\vendor\codeigniter4\framework\system\CodeIgniter.php(419): CodeIgniter\CodeIgniter->runController(Object(App\Controllers\Panel\Streaming))
#5 C:\xampp\htdocs\prueba\vendor\codeigniter4\framework\system\CodeIgniter.php(326): CodeIgniter\CodeIgniter->handleRequest(NULL, Object(Config\Cache), false)
#6 C:\xampp\htdocs\prueba\public\index.php(37): CodeIgniter\CodeIgniter->run()
#7 C:\xampp\htdocs\prueba\vendor\codeigniter4\framework\system\Commands\Server\rewrite.php(43): require_once('C:\\xampp\\htdocs...')
#8 {main}
CRITICAL - 2025-03-22 18:21:35 --> Invalid file: streaming_editar.php
#0 C:\xampp\htdocs\prueba\vendor\codeigniter4\framework\system\View\View.php(198): CodeIgniter\Exceptions\FrameworkException::forInvalidFile('streaming_edita...')
#1 C:\xampp\htdocs\prueba\vendor\codeigniter4\framework\system\Common.php(1089): CodeIgniter\View\View->render('streaming_edita...', Array, true)
#2 C:\xampp\htdocs\prueba\app\Controllers\Panel\Streaming.php(133): view('streaming_edita...', Array)
#3 C:\xampp\htdocs\prueba\vendor\codeigniter4\framework\system\CodeIgniter.php(832): App\Controllers\Panel\Streaming->editar('4')
#4 C:\xampp\htdocs\prueba\vendor\codeigniter4\framework\system\CodeIgniter.php(419): CodeIgniter\CodeIgniter->runController(Object(App\Controllers\Panel\Streaming))
#5 C:\xampp\htdocs\prueba\vendor\codeigniter4\framework\system\CodeIgniter.php(326): CodeIgniter\CodeIgniter->handleRequest(NULL, Object(Config\Cache), false)
#6 C:\xampp\htdocs\prueba\public\index.php(37): CodeIgniter\CodeIgniter->run()
#7 C:\xampp\htdocs\prueba\vendor\codeigniter4\framework\system\Commands\Server\rewrite.php(43): require_once('C:\\xampp\\htdocs...')
#8 {main}
CRITICAL - 2025-03-22 18:21:36 --> Invalid file: streaming_editar.php
#0 C:\xampp\htdocs\prueba\vendor\codeigniter4\framework\system\View\View.php(198): CodeIgniter\Exceptions\FrameworkException::forInvalidFile('streaming_edita...')
#1 C:\xampp\htdocs\prueba\vendor\codeigniter4\framework\system\Common.php(1089): CodeIgniter\View\View->render('streaming_edita...', Array, true)
#2 C:\xampp\htdocs\prueba\app\Controllers\Panel\Streaming.php(133): view('streaming_edita...', Array)
#3 C:\xampp\htdocs\prueba\vendor\codeigniter4\framework\system\CodeIgniter.php(832): App\Controllers\Panel\Streaming->editar('4')
#4 C:\xampp\htdocs\prueba\vendor\codeigniter4\framework\system\CodeIgniter.php(419): CodeIgniter\CodeIgniter->runController(Object(App\Controllers\Panel\Streaming))
#5 C:\xampp\htdocs\prueba\vendor\codeigniter4\framework\system\CodeIgniter.php(326): CodeIgniter\CodeIgniter->handleRequest(NULL, Object(Config\Cache), false)
#6 C:\xampp\htdocs\prueba\public\index.php(37): CodeIgniter\CodeIgniter->run()
#7 C:\xampp\htdocs\prueba\vendor\codeigniter4\framework\system\Commands\Server\rewrite.php(43): require_once('C:\\xampp\\htdocs...')
#8 {main}
CRITICAL - 2025-03-22 18:21:36 --> Invalid file: streaming_editar.php
#0 C:\xampp\htdocs\prueba\vendor\codeigniter4\framework\system\View\View.php(198): CodeIgniter\Exceptions\FrameworkException::forInvalidFile('streaming_edita...')
#1 C:\xampp\htdocs\prueba\vendor\codeigniter4\framework\system\Common.php(1089): CodeIgniter\View\View->render('streaming_edita...', Array, true)
#2 C:\xampp\htdocs\prueba\app\Controllers\Panel\Streaming.php(133): view('streaming_edita...', Array)
#3 C:\xampp\htdocs\prueba\vendor\codeigniter4\framework\system\CodeIgniter.php(832): App\Controllers\Panel\Streaming->editar('4')
#4 C:\xampp\htdocs\prueba\vendor\codeigniter4\framework\system\CodeIgniter.php(419): CodeIgniter\CodeIgniter->runController(Object(App\Controllers\Panel\Streaming))
#5 C:\xampp\htdocs\prueba\vendor\codeigniter4\framework\system\CodeIgniter.php(326): CodeIgniter\CodeIgniter->handleRequest(NULL, Object(Config\Cache), false)
#6 C:\xampp\htdocs\prueba\public\index.php(37): CodeIgniter\CodeIgniter->run()
#7 C:\xampp\htdocs\prueba\vendor\codeigniter4\framework\system\Commands\Server\rewrite.php(43): require_once('C:\\xampp\\htdocs...')
#8 {main}
CRITICAL - 2025-03-22 18:21:37 --> Invalid file: streaming_editar.php
#0 C:\xampp\htdocs\prueba\vendor\codeigniter4\framework\system\View\View.php(198): CodeIgniter\Exceptions\FrameworkException::forInvalidFile('streaming_edita...')
#1 C:\xampp\htdocs\prueba\vendor\codeigniter4\framework\system\Common.php(1089): CodeIgniter\View\View->render('streaming_edita...', Array, true)
#2 C:\xampp\htdocs\prueba\app\Controllers\Panel\Streaming.php(133): view('streaming_edita...', Array)
#3 C:\xampp\htdocs\prueba\vendor\codeigniter4\framework\system\CodeIgniter.php(832): App\Controllers\Panel\Streaming->editar('4')
#4 C:\xampp\htdocs\prueba\vendor\codeigniter4\framework\system\CodeIgniter.php(419): CodeIgniter\CodeIgniter->runController(Object(App\Controllers\Panel\Streaming))
#5 C:\xampp\htdocs\prueba\vendor\codeigniter4\framework\system\CodeIgniter.php(326): CodeIgniter\CodeIgniter->handleRequest(NULL, Object(Config\Cache), false)
#6 C:\xampp\htdocs\prueba\public\index.php(37): CodeIgniter\CodeIgniter->run()
#7 C:\xampp\htdocs\prueba\vendor\codeigniter4\framework\system\Commands\Server\rewrite.php(43): require_once('C:\\xampp\\htdocs...')
#8 {main}
CRITICAL - 2025-03-22 18:21:37 --> Invalid file: streaming_editar.php
#0 C:\xampp\htdocs\prueba\vendor\codeigniter4\framework\system\View\View.php(198): CodeIgniter\Exceptions\FrameworkException::forInvalidFile('streaming_edita...')
#1 C:\xampp\htdocs\prueba\vendor\codeigniter4\framework\system\Common.php(1089): CodeIgniter\View\View->render('streaming_edita...', Array, true)
#2 C:\xampp\htdocs\prueba\app\Controllers\Panel\Streaming.php(133): view('streaming_edita...', Array)
#3 C:\xampp\htdocs\prueba\vendor\codeigniter4\framework\system\CodeIgniter.php(832): App\Controllers\Panel\Streaming->editar('4')
#4 C:\xampp\htdocs\prueba\vendor\codeigniter4\framework\system\CodeIgniter.php(419): CodeIgniter\CodeIgniter->runController(Object(App\Controllers\Panel\Streaming))
#5 C:\xampp\htdocs\prueba\vendor\codeigniter4\framework\system\CodeIgniter.php(326): CodeIgniter\CodeIgniter->handleRequest(NULL, Object(Config\Cache), false)
#6 C:\xampp\htdocs\prueba\public\index.php(37): CodeIgniter\CodeIgniter->run()
#7 C:\xampp\htdocs\prueba\vendor\codeigniter4\framework\system\Commands\Server\rewrite.php(43): require_once('C:\\xampp\\htdocs...')
#8 {main}
CRITICAL - 2025-03-22 18:23:07 --> Invalid file: streaming_editar.php
#0 C:\xampp\htdocs\prueba\vendor\codeigniter4\framework\system\View\View.php(198): CodeIgniter\Exceptions\FrameworkException::forInvalidFile('streaming_edita...')
#1 C:\xampp\htdocs\prueba\vendor\codeigniter4\framework\system\Common.php(1089): CodeIgniter\View\View->render('streaming_edita...', Array, true)
#2 C:\xampp\htdocs\prueba\app\Controllers\Panel\Streaming.php(133): view('streaming_edita...', Array)
#3 C:\xampp\htdocs\prueba\vendor\codeigniter4\framework\system\CodeIgniter.php(832): App\Controllers\Panel\Streaming->editar('4')
#4 C:\xampp\htdocs\prueba\vendor\codeigniter4\framework\system\CodeIgniter.php(419): CodeIgniter\CodeIgniter->runController(Object(App\Controllers\Panel\Streaming))
#5 C:\xampp\htdocs\prueba\vendor\codeigniter4\framework\system\CodeIgniter.php(326): CodeIgniter\CodeIgniter->handleRequest(NULL, Object(Config\Cache), false)
#6 C:\xampp\htdocs\prueba\public\index.php(37): CodeIgniter\CodeIgniter->run()
#7 C:\xampp\htdocs\prueba\vendor\codeigniter4\framework\system\Commands\Server\rewrite.php(43): require_once('C:\\xampp\\htdocs...')
#8 {main}
CRITICAL - 2025-03-22 18:23:08 --> Invalid file: streaming_editar.php
#0 C:\xampp\htdocs\prueba\vendor\codeigniter4\framework\system\View\View.php(198): CodeIgniter\Exceptions\FrameworkException::forInvalidFile('streaming_edita...')
#1 C:\xampp\htdocs\prueba\vendor\codeigniter4\framework\system\Common.php(1089): CodeIgniter\View\View->render('streaming_edita...', Array, true)
#2 C:\xampp\htdocs\prueba\app\Controllers\Panel\Streaming.php(133): view('streaming_edita...', Array)
#3 C:\xampp\htdocs\prueba\vendor\codeigniter4\framework\system\CodeIgniter.php(832): App\Controllers\Panel\Streaming->editar('4')
#4 C:\xampp\htdocs\prueba\vendor\codeigniter4\framework\system\CodeIgniter.php(419): CodeIgniter\CodeIgniter->runController(Object(App\Controllers\Panel\Streaming))
#5 C:\xampp\htdocs\prueba\vendor\codeigniter4\framework\system\CodeIgniter.php(326): CodeIgniter\CodeIgniter->handleRequest(NULL, Object(Config\Cache), false)
#6 C:\xampp\htdocs\prueba\public\index.php(37): CodeIgniter\CodeIgniter->run()
#7 C:\xampp\htdocs\prueba\vendor\codeigniter4\framework\system\Commands\Server\rewrite.php(43): require_once('C:\\xampp\\htdocs...')
#8 {main}
CRITICAL - 2025-03-22 18:23:09 --> Invalid file: streaming_editar.php
#0 C:\xampp\htdocs\prueba\vendor\codeigniter4\framework\system\View\View.php(198): CodeIgniter\Exceptions\FrameworkException::forInvalidFile('streaming_edita...')
#1 C:\xampp\htdocs\prueba\vendor\codeigniter4\framework\system\Common.php(1089): CodeIgniter\View\View->render('streaming_edita...', Array, true)
#2 C:\xampp\htdocs\prueba\app\Controllers\Panel\Streaming.php(133): view('streaming_edita...', Array)
#3 C:\xampp\htdocs\prueba\vendor\codeigniter4\framework\system\CodeIgniter.php(832): App\Controllers\Panel\Streaming->editar('4')
#4 C:\xampp\htdocs\prueba\vendor\codeigniter4\framework\system\CodeIgniter.php(419): CodeIgniter\CodeIgniter->runController(Object(App\Controllers\Panel\Streaming))
#5 C:\xampp\htdocs\prueba\vendor\codeigniter4\framework\system\CodeIgniter.php(326): CodeIgniter\CodeIgniter->handleRequest(NULL, Object(Config\Cache), false)
#6 C:\xampp\htdocs\prueba\public\index.php(37): CodeIgniter\CodeIgniter->run()
#7 C:\xampp\htdocs\prueba\vendor\codeigniter4\framework\system\Commands\Server\rewrite.php(43): require_once('C:\\xampp\\htdocs...')
#8 {main}
CRITICAL - 2025-03-22 18:23:09 --> Invalid file: streaming_editar.php
#0 C:\xampp\htdocs\prueba\vendor\codeigniter4\framework\system\View\View.php(198): CodeIgniter\Exceptions\FrameworkException::forInvalidFile('streaming_edita...')
#1 C:\xampp\htdocs\prueba\vendor\codeigniter4\framework\system\Common.php(1089): CodeIgniter\View\View->render('streaming_edita...', Array, true)
#2 C:\xampp\htdocs\prueba\app\Controllers\Panel\Streaming.php(133): view('streaming_edita...', Array)
#3 C:\xampp\htdocs\prueba\vendor\codeigniter4\framework\system\CodeIgniter.php(832): App\Controllers\Panel\Streaming->editar('4')
#4 C:\xampp\htdocs\prueba\vendor\codeigniter4\framework\system\CodeIgniter.php(419): CodeIgniter\CodeIgniter->runController(Object(App\Controllers\Panel\Streaming))
#5 C:\xampp\htdocs\prueba\vendor\codeigniter4\framework\system\CodeIgniter.php(326): CodeIgniter\CodeIgniter->handleRequest(NULL, Object(Config\Cache), false)
#6 C:\xampp\htdocs\prueba\public\index.php(37): CodeIgniter\CodeIgniter->run()
#7 C:\xampp\htdocs\prueba\vendor\codeigniter4\framework\system\Commands\Server\rewrite.php(43): require_once('C:\\xampp\\htdocs...')
#8 {main}
CRITICAL - 2025-03-22 18:23:10 --> Invalid file: streaming_editar.php
#0 C:\xampp\htdocs\prueba\vendor\codeigniter4\framework\system\View\View.php(198): CodeIgniter\Exceptions\FrameworkException::forInvalidFile('streaming_edita...')
#1 C:\xampp\htdocs\prueba\vendor\codeigniter4\framework\system\Common.php(1089): CodeIgniter\View\View->render('streaming_edita...', Array, true)
#2 C:\xampp\htdocs\prueba\app\Controllers\Panel\Streaming.php(133): view('streaming_edita...', Array)
#3 C:\xampp\htdocs\prueba\vendor\codeigniter4\framework\system\CodeIgniter.php(832): App\Controllers\Panel\Streaming->editar('4')
#4 C:\xampp\htdocs\prueba\vendor\codeigniter4\framework\system\CodeIgniter.php(419): CodeIgniter\CodeIgniter->runController(Object(App\Controllers\Panel\Streaming))
#5 C:\xampp\htdocs\prueba\vendor\codeigniter4\framework\system\CodeIgniter.php(326): CodeIgniter\CodeIgniter->handleRequest(NULL, Object(Config\Cache), false)
#6 C:\xampp\htdocs\prueba\public\index.php(37): CodeIgniter\CodeIgniter->run()
#7 C:\xampp\htdocs\prueba\vendor\codeigniter4\framework\system\Commands\Server\rewrite.php(43): require_once('C:\\xampp\\htdocs...')
#8 {main}
CRITICAL - 2025-03-22 18:23:10 --> Invalid file: streaming_editar.php
#0 C:\xampp\htdocs\prueba\vendor\codeigniter4\framework\system\View\View.php(198): CodeIgniter\Exceptions\FrameworkException::forInvalidFile('streaming_edita...')
#1 C:\xampp\htdocs\prueba\vendor\codeigniter4\framework\system\Common.php(1089): CodeIgniter\View\View->render('streaming_edita...', Array, true)
#2 C:\xampp\htdocs\prueba\app\Controllers\Panel\Streaming.php(133): view('streaming_edita...', Array)
#3 C:\xampp\htdocs\prueba\vendor\codeigniter4\framework\system\CodeIgniter.php(832): App\Controllers\Panel\Streaming->editar('4')
#4 C:\xampp\htdocs\prueba\vendor\codeigniter4\framework\system\CodeIgniter.php(419): CodeIgniter\CodeIgniter->runController(Object(App\Controllers\Panel\Streaming))
#5 C:\xampp\htdocs\prueba\vendor\codeigniter4\framework\system\CodeIgniter.php(326): CodeIgniter\CodeIgniter->handleRequest(NULL, Object(Config\Cache), false)
#6 C:\xampp\htdocs\prueba\public\index.php(37): CodeIgniter\CodeIgniter->run()
#7 C:\xampp\htdocs\prueba\vendor\codeigniter4\framework\system\Commands\Server\rewrite.php(43): require_once('C:\\xampp\\htdocs...')
#8 {main}
CRITICAL - 2025-03-22 18:25:23 --> Undefined variable: imagen_usuario
#0 C:\xampp\htdocs\prueba\app\Views\plantillas\panel_base.php(185): CodeIgniter\Debug\Exceptions->errorHandler(8, 'Undefined varia...', 'C:\\xampp\\htdocs...', 185, Array)
#1 C:\xampp\htdocs\prueba\vendor\codeigniter4\framework\system\View\View.php(210): include('C:\\xampp\\htdocs...')
#2 C:\xampp\htdocs\prueba\vendor\codeigniter4\framework\system\View\View.php(213): CodeIgniter\View\View->CodeIgniter\View\{closure}()
#3 C:\xampp\htdocs\prueba\vendor\codeigniter4\framework\system\View\View.php(226): CodeIgniter\View\View->render('plantillas/pane...', Array, true)
#4 C:\xampp\htdocs\prueba\vendor\codeigniter4\framework\system\Common.php(1089): CodeIgniter\View\View->render('panel/streaming...', Array, true)
#5 C:\xampp\htdocs\prueba\app\Controllers\Panel\Streaming.php(58): view('panel/streaming...', Array)
#6 C:\xampp\htdocs\prueba\app\Controllers\Panel\Streaming.php(133): App\Controllers\Panel\Streaming->create_view('panel/streaming...', Array)
#7 C:\xampp\htdocs\prueba\vendor\codeigniter4\framework\system\CodeIgniter.php(832): App\Controllers\Panel\Streaming->editar('4')
#8 C:\xampp\htdocs\prueba\vendor\codeigniter4\framework\system\CodeIgniter.php(419): CodeIgniter\CodeIgniter->runController(Object(App\Controllers\Panel\Streaming))
#9 C:\xampp\htdocs\prueba\vendor\codeigniter4\framework\system\CodeIgniter.php(326): CodeIgniter\CodeIgniter->handleRequest(NULL, Object(Config\Cache), false)
#10 C:\xampp\htdocs\prueba\public\index.php(37): CodeIgniter\CodeIgniter->run()
#11 C:\xampp\htdocs\prueba\vendor\codeigniter4\framework\system\Commands\Server\rewrite.php(43): require_once('C:\\xampp\\htdocs...')
#12 {main}
CRITICAL - 2025-03-22 18:25:24 --> Undefined variable: imagen_usuario
#0 C:\xampp\htdocs\prueba\app\Views\plantillas\panel_base.php(185): CodeIgniter\Debug\Exceptions->errorHandler(8, 'Undefined varia...', 'C:\\xampp\\htdocs...', 185, Array)
#1 C:\xampp\htdocs\prueba\vendor\codeigniter4\framework\system\View\View.php(210): include('C:\\xampp\\htdocs...')
#2 C:\xampp\htdocs\prueba\vendor\codeigniter4\framework\system\View\View.php(213): CodeIgniter\View\View->CodeIgniter\View\{closure}()
#3 C:\xampp\htdocs\prueba\vendor\codeigniter4\framework\system\View\View.php(226): CodeIgniter\View\View->render('plantillas/pane...', Array, true)
#4 C:\xampp\htdocs\prueba\vendor\codeigniter4\framework\system\Common.php(1089): CodeIgniter\View\View->render('panel/streaming...', Array, true)
#5 C:\xampp\htdocs\prueba\app\Controllers\Panel\Streaming.php(58): view('panel/streaming...', Array)
#6 C:\xampp\htdocs\prueba\app\Controllers\Panel\Streaming.php(133): App\Controllers\Panel\Streaming->create_view('panel/streaming...', Array)
#7 C:\xampp\htdocs\prueba\vendor\codeigniter4\framework\system\CodeIgniter.php(832): App\Controllers\Panel\Streaming->editar('4')
#8 C:\xampp\htdocs\prueba\vendor\codeigniter4\framework\system\CodeIgniter.php(419): CodeIgniter\CodeIgniter->runController(Object(App\Controllers\Panel\Streaming))
#9 C:\xampp\htdocs\prueba\vendor\codeigniter4\framework\system\CodeIgniter.php(326): CodeIgniter\CodeIgniter->handleRequest(NULL, Object(Config\Cache), false)
#10 C:\xampp\htdocs\prueba\public\index.php(37): CodeIgniter\CodeIgniter->run()
#11 C:\xampp\htdocs\prueba\vendor\codeigniter4\framework\system\Commands\Server\rewrite.php(43): require_once('C:\\xampp\\htdocs...')
#12 {main}
