CRITICAL - 2025-02-24 16:37:15 --> Undefined variable: breadcrumb_panel
#0 C:\xampp_7\htdocs\prueba\app\Views\plantillas\panel_base.php(246): CodeIgniter\Debug\Exceptions->errorHandler(8, 'Undefined varia...', 'C:\\xampp_7\\htdo...', 246, Array)
#1 C:\xampp_7\htdocs\prueba\vendor\codeigniter4\framework\system\View\View.php(210): include('C:\\xampp_7\\htdo...')
#2 C:\xampp_7\htdocs\prueba\vendor\codeigniter4\framework\system\View\View.php(213): CodeIgniter\View\View->CodeIgniter\View\{closure}()
#3 C:\xampp_7\htdocs\prueba\vendor\codeigniter4\framework\system\View\View.php(226): CodeIgniter\View\View->render('plantillas/pane...', Array, true)
#4 C:\xampp_7\htdocs\prueba\vendor\codeigniter4\framework\system\Common.php(1089): CodeIgniter\View\View->render('panel/dashboard', Array, true)
#5 C:\xampp_7\htdocs\prueba\app\Controllers\Panel\Dashboard.php(24): view('panel/dashboard', Array)
#6 C:\xampp_7\htdocs\prueba\app\Controllers\Panel\Dashboard.php(30): App\Controllers\Panel\Dashboard->create_view('panel/dashboard', Array)
#7 C:\xampp_7\htdocs\prueba\vendor\codeigniter4\framework\system\CodeIgniter.php(832): App\Controllers\Panel\Dashboard->index()
#8 C:\xampp_7\htdocs\prueba\vendor\codeigniter4\framework\system\CodeIgniter.php(419): CodeIgniter\CodeIgniter->runController(Object(App\Controllers\Panel\Dashboard))
#9 C:\xampp_7\htdocs\prueba\vendor\codeigniter4\framework\system\CodeIgniter.php(326): CodeIgniter\CodeIgniter->handleRequest(NULL, Object(Config\Cache), false)
#10 C:\xampp_7\htdocs\prueba\public\index.php(37): CodeIgniter\CodeIgniter->run()
#11 C:\xampp_7\htdocs\prueba\vendor\codeigniter4\framework\system\Commands\Server\rewrite.php(43): require_once('C:\\xampp_7\\htdo...')
#12 {main}
CRITICAL - 2025-02-24 16:37:50 --> Undefined variable: breadcrumb_panel
#0 C:\xampp_7\htdocs\prueba\app\Views\plantillas\panel_base.php(246): CodeIgniter\Debug\Exceptions->errorHandler(8, 'Undefined varia...', 'C:\\xampp_7\\htdo...', 246, Array)
#1 C:\xampp_7\htdocs\prueba\vendor\codeigniter4\framework\system\View\View.php(210): include('C:\\xampp_7\\htdo...')
#2 C:\xampp_7\htdocs\prueba\vendor\codeigniter4\framework\system\View\View.php(213): CodeIgniter\View\View->CodeIgniter\View\{closure}()
#3 C:\xampp_7\htdocs\prueba\vendor\codeigniter4\framework\system\View\View.php(226): CodeIgniter\View\View->render('plantillas/pane...', Array, true)
#4 C:\xampp_7\htdocs\prueba\vendor\codeigniter4\framework\system\Common.php(1089): CodeIgniter\View\View->render('panel/dashboard', Array, true)
#5 C:\xampp_7\htdocs\prueba\app\Controllers\Panel\Dashboard.php(24): view('panel/dashboard', Array)
#6 C:\xampp_7\htdocs\prueba\app\Controllers\Panel\Dashboard.php(30): App\Controllers\Panel\Dashboard->create_view('panel/dashboard', Array)
#7 C:\xampp_7\htdocs\prueba\vendor\codeigniter4\framework\system\CodeIgniter.php(832): App\Controllers\Panel\Dashboard->index()
#8 C:\xampp_7\htdocs\prueba\vendor\codeigniter4\framework\system\CodeIgniter.php(419): CodeIgniter\CodeIgniter->runController(Object(App\Controllers\Panel\Dashboard))
#9 C:\xampp_7\htdocs\prueba\vendor\codeigniter4\framework\system\CodeIgniter.php(326): CodeIgniter\CodeIgniter->handleRequest(NULL, Object(Config\Cache), false)
#10 C:\xampp_7\htdocs\prueba\public\index.php(37): CodeIgniter\CodeIgniter->run()
#11 C:\xampp_7\htdocs\prueba\vendor\codeigniter4\framework\system\Commands\Server\rewrite.php(43): require_once('C:\\xampp_7\\htdo...')
#12 {main}
CRITICAL - 2025-02-24 16:37:52 --> Undefined variable: breadcrumb_panel
#0 C:\xampp_7\htdocs\prueba\app\Views\plantillas\panel_base.php(246): CodeIgniter\Debug\Exceptions->errorHandler(8, 'Undefined varia...', 'C:\\xampp_7\\htdo...', 246, Array)
#1 C:\xampp_7\htdocs\prueba\vendor\codeigniter4\framework\system\View\View.php(210): include('C:\\xampp_7\\htdo...')
#2 C:\xampp_7\htdocs\prueba\vendor\codeigniter4\framework\system\View\View.php(213): CodeIgniter\View\View->CodeIgniter\View\{closure}()
#3 C:\xampp_7\htdocs\prueba\vendor\codeigniter4\framework\system\View\View.php(226): CodeIgniter\View\View->render('plantillas/pane...', Array, true)
#4 C:\xampp_7\htdocs\prueba\vendor\codeigniter4\framework\system\Common.php(1089): CodeIgniter\View\View->render('panel/dashboard', Array, true)
#5 C:\xampp_7\htdocs\prueba\app\Controllers\Panel\Dashboard.php(24): view('panel/dashboard', Array)
#6 C:\xampp_7\htdocs\prueba\app\Controllers\Panel\Dashboard.php(30): App\Controllers\Panel\Dashboard->create_view('panel/dashboard', Array)
#7 C:\xampp_7\htdocs\prueba\vendor\codeigniter4\framework\system\CodeIgniter.php(832): App\Controllers\Panel\Dashboard->index()
#8 C:\xampp_7\htdocs\prueba\vendor\codeigniter4\framework\system\CodeIgniter.php(419): CodeIgniter\CodeIgniter->runController(Object(App\Controllers\Panel\Dashboard))
#9 C:\xampp_7\htdocs\prueba\vendor\codeigniter4\framework\system\CodeIgniter.php(326): CodeIgniter\CodeIgniter->handleRequest(NULL, Object(Config\Cache), false)
#10 C:\xampp_7\htdocs\prueba\public\index.php(37): CodeIgniter\CodeIgniter->run()
#11 C:\xampp_7\htdocs\prueba\vendor\codeigniter4\framework\system\Commands\Server\rewrite.php(43): require_once('C:\\xampp_7\\htdo...')
#12 {main}
CRITICAL - 2025-02-24 17:48:50 --> Undefined variable: menu_lateral
#0 C:\xampp_7\htdocs\prueba\app\Views\plantillas\panel_base.php(199): CodeIgniter\Debug\Exceptions->errorHandler(8, 'Undefined varia...', 'C:\\xampp_7\\htdo...', 199, Array)
#1 C:\xampp_7\htdocs\prueba\vendor\codeigniter4\framework\system\View\View.php(210): include('C:\\xampp_7\\htdo...')
#2 C:\xampp_7\htdocs\prueba\vendor\codeigniter4\framework\system\View\View.php(213): CodeIgniter\View\View->CodeIgniter\View\{closure}()
#3 C:\xampp_7\htdocs\prueba\vendor\codeigniter4\framework\system\View\View.php(226): CodeIgniter\View\View->render('plantillas/pane...', Array, true)
#4 C:\xampp_7\htdocs\prueba\vendor\codeigniter4\framework\system\Common.php(1089): CodeIgniter\View\View->render('panel/dashboard', Array, true)
#5 C:\xampp_7\htdocs\prueba\app\Controllers\Panel\Dashboard.php(35): view('panel/dashboard', Array)
#6 C:\xampp_7\htdocs\prueba\app\Controllers\Panel\Dashboard.php(41): App\Controllers\Panel\Dashboard->create_view('panel/dashboard', Array)
#7 C:\xampp_7\htdocs\prueba\vendor\codeigniter4\framework\system\CodeIgniter.php(832): App\Controllers\Panel\Dashboard->index()
#8 C:\xampp_7\htdocs\prueba\vendor\codeigniter4\framework\system\CodeIgniter.php(419): CodeIgniter\CodeIgniter->runController(Object(App\Controllers\Panel\Dashboard))
#9 C:\xampp_7\htdocs\prueba\vendor\codeigniter4\framework\system\CodeIgniter.php(326): CodeIgniter\CodeIgniter->handleRequest(NULL, Object(Config\Cache), false)
#10 C:\xampp_7\htdocs\prueba\public\index.php(37): CodeIgniter\CodeIgniter->run()
#11 C:\xampp_7\htdocs\prueba\vendor\codeigniter4\framework\system\Commands\Server\rewrite.php(43): require_once('C:\\xampp_7\\htdo...')
#12 {main}
CRITICAL - 2025-02-24 17:49:28 --> Undefined variable: menu_lateral
#0 C:\xampp_7\htdocs\prueba\app\Views\plantillas\panel_base.php(199): CodeIgniter\Debug\Exceptions->errorHandler(8, 'Undefined varia...', 'C:\\xampp_7\\htdo...', 199, Array)
#1 C:\xampp_7\htdocs\prueba\vendor\codeigniter4\framework\system\View\View.php(210): include('C:\\xampp_7\\htdo...')
#2 C:\xampp_7\htdocs\prueba\vendor\codeigniter4\framework\system\View\View.php(213): CodeIgniter\View\View->CodeIgniter\View\{closure}()
#3 C:\xampp_7\htdocs\prueba\vendor\codeigniter4\framework\system\View\View.php(226): CodeIgniter\View\View->render('plantillas/pane...', Array, true)
#4 C:\xampp_7\htdocs\prueba\vendor\codeigniter4\framework\system\Common.php(1089): CodeIgniter\View\View->render('panel/dashboard', Array, true)
#5 C:\xampp_7\htdocs\prueba\app\Controllers\Panel\Dashboard.php(35): view('panel/dashboard', Array)
#6 C:\xampp_7\htdocs\prueba\app\Controllers\Panel\Dashboard.php(41): App\Controllers\Panel\Dashboard->create_view('panel/dashboard', Array)
#7 C:\xampp_7\htdocs\prueba\vendor\codeigniter4\framework\system\CodeIgniter.php(832): App\Controllers\Panel\Dashboard->index()
#8 C:\xampp_7\htdocs\prueba\vendor\codeigniter4\framework\system\CodeIgniter.php(419): CodeIgniter\CodeIgniter->runController(Object(App\Controllers\Panel\Dashboard))
#9 C:\xampp_7\htdocs\prueba\vendor\codeigniter4\framework\system\CodeIgniter.php(326): CodeIgniter\CodeIgniter->handleRequest(NULL, Object(Config\Cache), false)
#10 C:\xampp_7\htdocs\prueba\public\index.php(37): CodeIgniter\CodeIgniter->run()
#11 C:\xampp_7\htdocs\prueba\vendor\codeigniter4\framework\system\Commands\Server\rewrite.php(43): require_once('C:\\xampp_7\\htdo...')
#12 {main}
CRITICAL - 2025-02-24 17:49:29 --> Undefined variable: menu_lateral
#0 C:\xampp_7\htdocs\prueba\app\Views\plantillas\panel_base.php(199): CodeIgniter\Debug\Exceptions->errorHandler(8, 'Undefined varia...', 'C:\\xampp_7\\htdo...', 199, Array)
#1 C:\xampp_7\htdocs\prueba\vendor\codeigniter4\framework\system\View\View.php(210): include('C:\\xampp_7\\htdo...')
#2 C:\xampp_7\htdocs\prueba\vendor\codeigniter4\framework\system\View\View.php(213): CodeIgniter\View\View->CodeIgniter\View\{closure}()
#3 C:\xampp_7\htdocs\prueba\vendor\codeigniter4\framework\system\View\View.php(226): CodeIgniter\View\View->render('plantillas/pane...', Array, true)
#4 C:\xampp_7\htdocs\prueba\vendor\codeigniter4\framework\system\Common.php(1089): CodeIgniter\View\View->render('panel/dashboard', Array, true)
#5 C:\xampp_7\htdocs\prueba\app\Controllers\Panel\Dashboard.php(35): view('panel/dashboard', Array)
#6 C:\xampp_7\htdocs\prueba\app\Controllers\Panel\Dashboard.php(41): App\Controllers\Panel\Dashboard->create_view('panel/dashboard', Array)
#7 C:\xampp_7\htdocs\prueba\vendor\codeigniter4\framework\system\CodeIgniter.php(832): App\Controllers\Panel\Dashboard->index()
#8 C:\xampp_7\htdocs\prueba\vendor\codeigniter4\framework\system\CodeIgniter.php(419): CodeIgniter\CodeIgniter->runController(Object(App\Controllers\Panel\Dashboard))
#9 C:\xampp_7\htdocs\prueba\vendor\codeigniter4\framework\system\CodeIgniter.php(326): CodeIgniter\CodeIgniter->handleRequest(NULL, Object(Config\Cache), false)
#10 C:\xampp_7\htdocs\prueba\public\index.php(37): CodeIgniter\CodeIgniter->run()
#11 C:\xampp_7\htdocs\prueba\vendor\codeigniter4\framework\system\Commands\Server\rewrite.php(43): require_once('C:\\xampp_7\\htdo...')
#12 {main}
CRITICAL - 2025-02-24 19:29:45 --> Trying to access array offset on value of type bool
#0 C:\xampp_7\htdocs\prueba\app\Helpers\menu_lateral_panel_helper.php(95): CodeIgniter\Debug\Exceptions->errorHandler(8, 'Trying to acces...', 'C:\\xampp_7\\htdo...', 95, Array)
#1 C:\xampp_7\htdocs\prueba\app\Controllers\Panel\Dashboard.php(34): crear_menu_panel()
#2 C:\xampp_7\htdocs\prueba\app\Controllers\Panel\Dashboard.php(41): App\Controllers\Panel\Dashboard->create_view('panel/dashboard', Array)
#3 C:\xampp_7\htdocs\prueba\vendor\codeigniter4\framework\system\CodeIgniter.php(832): App\Controllers\Panel\Dashboard->index()
#4 C:\xampp_7\htdocs\prueba\vendor\codeigniter4\framework\system\CodeIgniter.php(419): CodeIgniter\CodeIgniter->runController(Object(App\Controllers\Panel\Dashboard))
#5 C:\xampp_7\htdocs\prueba\vendor\codeigniter4\framework\system\CodeIgniter.php(326): CodeIgniter\CodeIgniter->handleRequest(NULL, Object(Config\Cache), false)
#6 C:\xampp_7\htdocs\prueba\public\index.php(37): CodeIgniter\CodeIgniter->run()
#7 C:\xampp_7\htdocs\prueba\vendor\codeigniter4\framework\system\Commands\Server\rewrite.php(43): require_once('C:\\xampp_7\\htdo...')
#8 {main}
