ERROR - 2025-03-30 12:11:27 --> Cannot add or update a child row: a foreign key constraint fails (`blockbuster`.`usuarios`, CONSTRAINT `usuarios_ibfk_1` FOREIGN KEY (`id_rol`) REFERENCES `roles` (`id_rol`) ON DELETE CASCADE ON UPDATE CASCADE)
CRITICAL - 2025-03-30 12:11:27 --> Cannot add or update a child row: a foreign key constraint fails (`blockbuster`.`usuarios`, CONSTRAINT `usuarios_ibfk_1` FOREIGN KEY (`id_rol`) REFERENCES `roles` (`id_rol`) ON DELETE CASCADE ON UPDATE CASCADE)
#0 C:\xampp\htdocs\blockbuster-\vendor\codeigniter4\framework\system\Database\MySQLi\Connection.php(292): mysqli->query('INSERT INTO `us...', 0)
#1 C:\xampp\htdocs\blockbuster-\vendor\codeigniter4\framework\system\Database\BaseConnection.php(670): CodeIgniter\Database\MySQLi\Connection->execute('INSERT INTO `us...')
#2 C:\xampp\htdocs\blockbuster-\vendor\codeigniter4\framework\system\Database\BaseConnection.php(598): CodeIgniter\Database\BaseConnection->simpleQuery('INSERT INTO `us...')
#3 C:\xampp\htdocs\blockbuster-\vendor\codeigniter4\framework\system\Database\BaseBuilder.php(1771): CodeIgniter\Database\BaseConnection->query('INSERT INTO `us...', Array, false)
#4 C:\xampp\htdocs\blockbuster-\vendor\codeigniter4\framework\system\Model.php(239): CodeIgniter\Database\BaseBuilder->insert()
#5 C:\xampp\htdocs\blockbuster-\vendor\codeigniter4\framework\system\BaseModel.php(738): CodeIgniter\Model->doInsert(Array)
#6 C:\xampp\htdocs\blockbuster-\vendor\codeigniter4\framework\system\Model.php(625): CodeIgniter\BaseModel->insert(Array, true)
#7 C:\xampp\htdocs\blockbuster-\app\Models\Tabla_usuario.php(29): CodeIgniter\Model->insert(Array)
#8 C:\xampp\htdocs\blockbuster-\app\Controllers\Panel\Usuario_nuevo.php(108): App\Models\Tabla_usuario->create_data(Array)
#9 C:\xampp\htdocs\blockbuster-\vendor\codeigniter4\framework\system\CodeIgniter.php(832): App\Controllers\Panel\Usuario_nuevo->registrar()
#10 C:\xampp\htdocs\blockbuster-\vendor\codeigniter4\framework\system\CodeIgniter.php(419): CodeIgniter\CodeIgniter->runController(Object(App\Controllers\Panel\Usuario_nuevo))
#11 C:\xampp\htdocs\blockbuster-\vendor\codeigniter4\framework\system\CodeIgniter.php(326): CodeIgniter\CodeIgniter->handleRequest(NULL, Object(Config\Cache), false)
#12 C:\xampp\htdocs\blockbuster-\public\index.php(37): CodeIgniter\CodeIgniter->run()
#13 C:\xampp\htdocs\blockbuster-\vendor\codeigniter4\framework\system\Commands\Server\rewrite.php(43): require_once('C:\\xampp\\htdocs...')
#14 {main}
CRITICAL - 2025-03-30 12:12:53 --> Undefined variable: roles
#0 C:\xampp\htdocs\blockbuster-\app\Views\panel\usuario_nuevo.php(63): CodeIgniter\Debug\Exceptions->errorHandler(8, 'Undefined varia...', 'C:\\xampp\\htdocs...', 63, Array)
#1 C:\xampp\htdocs\blockbuster-\vendor\codeigniter4\framework\system\View\View.php(210): include('C:\\xampp\\htdocs...')
#2 C:\xampp\htdocs\blockbuster-\vendor\codeigniter4\framework\system\View\View.php(213): CodeIgniter\View\View->CodeIgniter\View\{closure}()
#3 C:\xampp\htdocs\blockbuster-\vendor\codeigniter4\framework\system\Common.php(1089): CodeIgniter\View\View->render('panel/usuario_n...', Array, true)
#4 C:\xampp\htdocs\blockbuster-\app\Controllers\Panel\Usuario_nuevo.php(60): view('panel/usuario_n...', Array)
#5 C:\xampp\htdocs\blockbuster-\app\Controllers\Panel\Usuario_nuevo.php(67): App\Controllers\Panel\Usuario_nuevo->create_view('panel/usuario_n...', Array)
#6 C:\xampp\htdocs\blockbuster-\vendor\codeigniter4\framework\system\CodeIgniter.php(832): App\Controllers\Panel\Usuario_nuevo->index()
#7 C:\xampp\htdocs\blockbuster-\vendor\codeigniter4\framework\system\CodeIgniter.php(419): CodeIgniter\CodeIgniter->runController(Object(App\Controllers\Panel\Usuario_nuevo))
#8 C:\xampp\htdocs\blockbuster-\vendor\codeigniter4\framework\system\CodeIgniter.php(326): CodeIgniter\CodeIgniter->handleRequest(NULL, Object(Config\Cache), false)
#9 C:\xampp\htdocs\blockbuster-\public\index.php(37): CodeIgniter\CodeIgniter->run()
#10 C:\xampp\htdocs\blockbuster-\vendor\codeigniter4\framework\system\Commands\Server\rewrite.php(43): require_once('C:\\xampp\\htdocs...')
#11 {main}
CRITICAL - 2025-03-30 12:15:03 --> Trying to get property 'id_rol' of non-object
#0 C:\xampp\htdocs\blockbuster-\app\Views\panel\usuario_nuevo.php(64): CodeIgniter\Debug\Exceptions->errorHandler(8, 'Trying to get p...', 'C:\\xampp\\htdocs...', 64, Array)
#1 C:\xampp\htdocs\blockbuster-\vendor\codeigniter4\framework\system\View\View.php(210): include('C:\\xampp\\htdocs...')
#2 C:\xampp\htdocs\blockbuster-\vendor\codeigniter4\framework\system\View\View.php(213): CodeIgniter\View\View->CodeIgniter\View\{closure}()
#3 C:\xampp\htdocs\blockbuster-\vendor\codeigniter4\framework\system\Common.php(1089): CodeIgniter\View\View->render('panel/usuario_n...', Array, true)
#4 C:\xampp\htdocs\blockbuster-\app\Controllers\Panel\Usuario_nuevo.php(56): view('panel/usuario_n...', Array)
#5 C:\xampp\htdocs\blockbuster-\app\Controllers\Panel\Usuario_nuevo.php(63): App\Controllers\Panel\Usuario_nuevo->create_view('panel/usuario_n...', Array)
#6 C:\xampp\htdocs\blockbuster-\vendor\codeigniter4\framework\system\CodeIgniter.php(832): App\Controllers\Panel\Usuario_nuevo->index()
#7 C:\xampp\htdocs\blockbuster-\vendor\codeigniter4\framework\system\CodeIgniter.php(419): CodeIgniter\CodeIgniter->runController(Object(App\Controllers\Panel\Usuario_nuevo))
#8 C:\xampp\htdocs\blockbuster-\vendor\codeigniter4\framework\system\CodeIgniter.php(326): CodeIgniter\CodeIgniter->handleRequest(NULL, Object(Config\Cache), false)
#9 C:\xampp\htdocs\blockbuster-\public\index.php(37): CodeIgniter\CodeIgniter->run()
#10 C:\xampp\htdocs\blockbuster-\vendor\codeigniter4\framework\system\Commands\Server\rewrite.php(43): require_once('C:\\xampp\\htdocs...')
#11 {main}
CRITICAL - 2025-03-30 12:15:04 --> Trying to get property 'id_rol' of non-object
#0 C:\xampp\htdocs\blockbuster-\app\Views\panel\usuario_nuevo.php(64): CodeIgniter\Debug\Exceptions->errorHandler(8, 'Trying to get p...', 'C:\\xampp\\htdocs...', 64, Array)
#1 C:\xampp\htdocs\blockbuster-\vendor\codeigniter4\framework\system\View\View.php(210): include('C:\\xampp\\htdocs...')
#2 C:\xampp\htdocs\blockbuster-\vendor\codeigniter4\framework\system\View\View.php(213): CodeIgniter\View\View->CodeIgniter\View\{closure}()
#3 C:\xampp\htdocs\blockbuster-\vendor\codeigniter4\framework\system\Common.php(1089): CodeIgniter\View\View->render('panel/usuario_n...', Array, true)
#4 C:\xampp\htdocs\blockbuster-\app\Controllers\Panel\Usuario_nuevo.php(56): view('panel/usuario_n...', Array)
#5 C:\xampp\htdocs\blockbuster-\app\Controllers\Panel\Usuario_nuevo.php(63): App\Controllers\Panel\Usuario_nuevo->create_view('panel/usuario_n...', Array)
#6 C:\xampp\htdocs\blockbuster-\vendor\codeigniter4\framework\system\CodeIgniter.php(832): App\Controllers\Panel\Usuario_nuevo->index()
#7 C:\xampp\htdocs\blockbuster-\vendor\codeigniter4\framework\system\CodeIgniter.php(419): CodeIgniter\CodeIgniter->runController(Object(App\Controllers\Panel\Usuario_nuevo))
#8 C:\xampp\htdocs\blockbuster-\vendor\codeigniter4\framework\system\CodeIgniter.php(326): CodeIgniter\CodeIgniter->handleRequest(NULL, Object(Config\Cache), false)
#9 C:\xampp\htdocs\blockbuster-\public\index.php(37): CodeIgniter\CodeIgniter->run()
#10 C:\xampp\htdocs\blockbuster-\vendor\codeigniter4\framework\system\Commands\Server\rewrite.php(43): require_once('C:\\xampp\\htdocs...')
#11 {main}
CRITICAL - 2025-03-30 14:45:44 --> Use of undefined constant RECURSOS_PORTAL_IMAGES - assumed 'RECURSOS_PORTAL_IMAGES' (this will throw an Error in a future version of PHP)
#0 C:\xampp\htdocs\blockbuster\app\Views\portal\portal.php(16): CodeIgniter\Debug\Exceptions->errorHandler(2, 'Use of undefine...', 'C:\\xampp\\htdocs...', 16, Array)
#1 C:\xampp\htdocs\blockbuster\vendor\codeigniter4\framework\system\View\View.php(210): include('C:\\xampp\\htdocs...')
#2 C:\xampp\htdocs\blockbuster\vendor\codeigniter4\framework\system\View\View.php(213): CodeIgniter\View\View->CodeIgniter\View\{closure}()
#3 C:\xampp\htdocs\blockbuster\vendor\codeigniter4\framework\system\Common.php(1089): CodeIgniter\View\View->render('portal/portal', Array, true)
#4 C:\xampp\htdocs\blockbuster\app\Controllers\Portal\Portal.php(27): view('portal/portal', Array)
#5 C:\xampp\htdocs\blockbuster\app\Controllers\Portal\Portal.php(34): App\Controllers\Portal\Portal->make_view('portal/portal', Array)
#6 C:\xampp\htdocs\blockbuster\vendor\codeigniter4\framework\system\CodeIgniter.php(832): App\Controllers\Portal\Portal->index()
#7 C:\xampp\htdocs\blockbuster\vendor\codeigniter4\framework\system\CodeIgniter.php(419): CodeIgniter\CodeIgniter->runController(Object(App\Controllers\Portal\Portal))
#8 C:\xampp\htdocs\blockbuster\vendor\codeigniter4\framework\system\CodeIgniter.php(326): CodeIgniter\CodeIgniter->handleRequest(NULL, Object(Config\Cache), false)
#9 C:\xampp\htdocs\blockbuster\public\index.php(37): CodeIgniter\CodeIgniter->run()
#10 C:\xampp\htdocs\blockbuster\vendor\codeigniter4\framework\system\Commands\Server\rewrite.php(43): require_once('C:\\xampp\\htdocs...')
#11 {main}
CRITICAL - 2025-03-30 14:47:48 --> Invalid file: plantillas/portal_base.php
#0 C:\xampp\htdocs\blockbuster\vendor\codeigniter4\framework\system\View\View.php(198): CodeIgniter\Exceptions\FrameworkException::forInvalidFile('plantillas/port...')
#1 C:\xampp\htdocs\blockbuster\vendor\codeigniter4\framework\system\View\View.php(226): CodeIgniter\View\View->render('plantillas/port...', Array, true)
#2 C:\xampp\htdocs\blockbuster\vendor\codeigniter4\framework\system\Common.php(1089): CodeIgniter\View\View->render('portal/portal', Array, true)
#3 C:\xampp\htdocs\blockbuster\app\Controllers\Portal\Portal.php(27): view('portal/portal', Array)
#4 C:\xampp\htdocs\blockbuster\app\Controllers\Portal\Portal.php(34): App\Controllers\Portal\Portal->make_view('portal/portal', Array)
#5 C:\xampp\htdocs\blockbuster\vendor\codeigniter4\framework\system\CodeIgniter.php(832): App\Controllers\Portal\Portal->index()
#6 C:\xampp\htdocs\blockbuster\vendor\codeigniter4\framework\system\CodeIgniter.php(419): CodeIgniter\CodeIgniter->runController(Object(App\Controllers\Portal\Portal))
#7 C:\xampp\htdocs\blockbuster\vendor\codeigniter4\framework\system\CodeIgniter.php(326): CodeIgniter\CodeIgniter->handleRequest(NULL, Object(Config\Cache), false)
#8 C:\xampp\htdocs\blockbuster\public\index.php(37): CodeIgniter\CodeIgniter->run()
#9 C:\xampp\htdocs\blockbuster\vendor\codeigniter4\framework\system\Commands\Server\rewrite.php(43): require_once('C:\\xampp\\htdocs...')
#10 {main}
CRITICAL - 2025-03-30 15:11:57 --> Undefined property: stdClass::$sipopsis_streaming
#0 C:\xampp\htdocs\blockbuster\app\Views\portal\streaming.php(40): CodeIgniter\Debug\Exceptions->errorHandler(8, 'Undefined prope...', 'C:\\xampp\\htdocs...', 40, Array)
#1 C:\xampp\htdocs\blockbuster\vendor\codeigniter4\framework\system\View\View.php(210): include('C:\\xampp\\htdocs...')
#2 C:\xampp\htdocs\blockbuster\vendor\codeigniter4\framework\system\View\View.php(213): CodeIgniter\View\View->CodeIgniter\View\{closure}()
#3 C:\xampp\htdocs\blockbuster\vendor\codeigniter4\framework\system\Common.php(1089): CodeIgniter\View\View->render('portal/streamin...', Array, true)
#4 C:\xampp\htdocs\blockbuster\app\Controllers\Portal\Streaming.php(76): view('portal/streamin...', Array)
#5 C:\xampp\htdocs\blockbuster\app\Controllers\Portal\Streaming.php(70): App\Controllers\Portal\Streaming->make_view('portal/streamin...', Array)
#6 C:\xampp\htdocs\blockbuster\vendor\codeigniter4\framework\system\CodeIgniter.php(832): App\Controllers\Portal\Streaming->verStreaming('6')
#7 C:\xampp\htdocs\blockbuster\vendor\codeigniter4\framework\system\CodeIgniter.php(419): CodeIgniter\CodeIgniter->runController(Object(App\Controllers\Portal\Streaming))
#8 C:\xampp\htdocs\blockbuster\vendor\codeigniter4\framework\system\CodeIgniter.php(326): CodeIgniter\CodeIgniter->handleRequest(NULL, Object(Config\Cache), false)
#9 C:\xampp\htdocs\blockbuster\public\index.php(37): CodeIgniter\CodeIgniter->run()
#10 C:\xampp\htdocs\blockbuster\vendor\codeigniter4\framework\system\Commands\Server\rewrite.php(43): require_once('C:\\xampp\\htdocs...')
#11 {main}
CRITICAL - 2025-03-30 15:12:11 --> Undefined offset: 0
#0 C:\xampp\htdocs\blockbuster\vendor\codeigniter4\framework\system\Router\RouteCollection.php(1091): CodeIgniter\Debug\Exceptions->errorHandler(8, 'Undefined offse...', 'C:\\xampp\\htdocs...', 1091, Array)
#1 C:\xampp\htdocs\blockbuster\vendor\codeigniter4\framework\system\Router\RouteCollection.php(971): CodeIgniter\Router\RouteCollection->fillRouteParams('streaming/([0-9...', Array)
#2 C:\xampp\htdocs\blockbuster\vendor\codeigniter4\framework\system\Common.php(882): CodeIgniter\Router\RouteCollection->reverseRoute('streaming')
#3 C:\xampp\htdocs\blockbuster\app\Helpers\menu_lateral_panel_helper.php(57): route_to('streaming')
#4 C:\xampp\htdocs\blockbuster\app\Helpers\menu_lateral_panel_helper.php(131): configurar_menu_panel('tarea_dashboard', '745')
#5 C:\xampp\htdocs\blockbuster\app\Controllers\Panel\Dashboard.php(59): crear_menu_panel('tarea_dashboard', '745')
#6 C:\xampp\htdocs\blockbuster\app\Controllers\Panel\Dashboard.php(67): App\Controllers\Panel\Dashboard->create_view('panel/dashboard', Array)
#7 C:\xampp\htdocs\blockbuster\vendor\codeigniter4\framework\system\CodeIgniter.php(832): App\Controllers\Panel\Dashboard->index()
#8 C:\xampp\htdocs\blockbuster\vendor\codeigniter4\framework\system\CodeIgniter.php(419): CodeIgniter\CodeIgniter->runController(Object(App\Controllers\Panel\Dashboard))
#9 C:\xampp\htdocs\blockbuster\vendor\codeigniter4\framework\system\CodeIgniter.php(326): CodeIgniter\CodeIgniter->handleRequest(NULL, Object(Config\Cache), false)
#10 C:\xampp\htdocs\blockbuster\public\index.php(37): CodeIgniter\CodeIgniter->run()
#11 C:\xampp\htdocs\blockbuster\vendor\codeigniter4\framework\system\Commands\Server\rewrite.php(43): require_once('C:\\xampp\\htdocs...')
#12 {main}
CRITICAL - 2025-03-30 15:12:50 --> Undefined offset: 0
#0 C:\xampp\htdocs\blockbuster\vendor\codeigniter4\framework\system\Router\RouteCollection.php(1091): CodeIgniter\Debug\Exceptions->errorHandler(8, 'Undefined offse...', 'C:\\xampp\\htdocs...', 1091, Array)
#1 C:\xampp\htdocs\blockbuster\vendor\codeigniter4\framework\system\Router\RouteCollection.php(971): CodeIgniter\Router\RouteCollection->fillRouteParams('streaming/([0-9...', Array)
#2 C:\xampp\htdocs\blockbuster\vendor\codeigniter4\framework\system\Common.php(882): CodeIgniter\Router\RouteCollection->reverseRoute('streaming')
#3 C:\xampp\htdocs\blockbuster\app\Helpers\menu_lateral_panel_helper.php(57): route_to('streaming')
#4 C:\xampp\htdocs\blockbuster\app\Helpers\menu_lateral_panel_helper.php(131): configurar_menu_panel('tarea_dashboard', '745')
#5 C:\xampp\htdocs\blockbuster\app\Controllers\Panel\Dashboard.php(59): crear_menu_panel('tarea_dashboard', '745')
#6 C:\xampp\htdocs\blockbuster\app\Controllers\Panel\Dashboard.php(67): App\Controllers\Panel\Dashboard->create_view('panel/dashboard', Array)
#7 C:\xampp\htdocs\blockbuster\vendor\codeigniter4\framework\system\CodeIgniter.php(832): App\Controllers\Panel\Dashboard->index()
#8 C:\xampp\htdocs\blockbuster\vendor\codeigniter4\framework\system\CodeIgniter.php(419): CodeIgniter\CodeIgniter->runController(Object(App\Controllers\Panel\Dashboard))
#9 C:\xampp\htdocs\blockbuster\vendor\codeigniter4\framework\system\CodeIgniter.php(326): CodeIgniter\CodeIgniter->handleRequest(NULL, Object(Config\Cache), false)
#10 C:\xampp\htdocs\blockbuster\public\index.php(37): CodeIgniter\CodeIgniter->run()
#11 C:\xampp\htdocs\blockbuster\vendor\codeigniter4\framework\system\Commands\Server\rewrite.php(43): require_once('C:\\xampp\\htdocs...')
#12 {main}
CRITICAL - 2025-03-30 15:41:45 --> Undefined property: stdClass::$sinopsis_streaming
#0 C:\xampp\htdocs\blockbuster\app\Views\portal\stream.php(40): CodeIgniter\Debug\Exceptions->errorHandler(8, 'Undefined prope...', 'C:\\xampp\\htdocs...', 40, Array)
#1 C:\xampp\htdocs\blockbuster\vendor\codeigniter4\framework\system\View\View.php(210): include('C:\\xampp\\htdocs...')
#2 C:\xampp\htdocs\blockbuster\vendor\codeigniter4\framework\system\View\View.php(213): CodeIgniter\View\View->CodeIgniter\View\{closure}()
#3 C:\xampp\htdocs\blockbuster\vendor\codeigniter4\framework\system\Common.php(1089): CodeIgniter\View\View->render('portal/stream', Array, true)
#4 C:\xampp\htdocs\blockbuster\app\Controllers\Portal\Stream.php(67): view('portal/stream', Array)
#5 C:\xampp\htdocs\blockbuster\app\Controllers\Portal\Stream.php(61): App\Controllers\Portal\Stream->make_view('portal/stream', Array)
#6 C:\xampp\htdocs\blockbuster\vendor\codeigniter4\framework\system\CodeIgniter.php(832): App\Controllers\Portal\Stream->verStreaming('6')
#7 C:\xampp\htdocs\blockbuster\vendor\codeigniter4\framework\system\CodeIgniter.php(419): CodeIgniter\CodeIgniter->runController(Object(App\Controllers\Portal\Stream))
#8 C:\xampp\htdocs\blockbuster\vendor\codeigniter4\framework\system\CodeIgniter.php(326): CodeIgniter\CodeIgniter->handleRequest(NULL, Object(Config\Cache), false)
#9 C:\xampp\htdocs\blockbuster\public\index.php(37): CodeIgniter\CodeIgniter->run()
#10 C:\xampp\htdocs\blockbuster\vendor\codeigniter4\framework\system\Commands\Server\rewrite.php(43): require_once('C:\\xampp\\htdocs...')
#11 {main}
CRITICAL - 2025-03-30 15:52:03 --> Undefined property: stdClass::$sipopsis_streaming
#0 C:\xampp\htdocs\blockbuster\app\Views\portal\streaming_detalle.php(40): CodeIgniter\Debug\Exceptions->errorHandler(8, 'Undefined prope...', 'C:\\xampp\\htdocs...', 40, Array)
#1 C:\xampp\htdocs\blockbuster\vendor\codeigniter4\framework\system\View\View.php(210): include('C:\\xampp\\htdocs...')
#2 C:\xampp\htdocs\blockbuster\vendor\codeigniter4\framework\system\View\View.php(213): CodeIgniter\View\View->CodeIgniter\View\{closure}()
#3 C:\xampp\htdocs\blockbuster\vendor\codeigniter4\framework\system\Common.php(1089): CodeIgniter\View\View->render('portal/streamin...', Array, true)
#4 C:\xampp\htdocs\blockbuster\app\Controllers\Portal\Genero.php(105): view('portal/streamin...', Array)
#5 C:\xampp\htdocs\blockbuster\app\Controllers\Portal\Genero.php(99): App\Controllers\Portal\Genero->make_view('portal/streamin...', Array)
#6 C:\xampp\htdocs\blockbuster\vendor\codeigniter4\framework\system\CodeIgniter.php(832): App\Controllers\Portal\Genero->verStreaming('6')
#7 C:\xampp\htdocs\blockbuster\vendor\codeigniter4\framework\system\CodeIgniter.php(419): CodeIgniter\CodeIgniter->runController(Object(App\Controllers\Portal\Genero))
#8 C:\xampp\htdocs\blockbuster\vendor\codeigniter4\framework\system\CodeIgniter.php(326): CodeIgniter\CodeIgniter->handleRequest(NULL, Object(Config\Cache), false)
#9 C:\xampp\htdocs\blockbuster\public\index.php(37): CodeIgniter\CodeIgniter->run()
#10 C:\xampp\htdocs\blockbuster\vendor\codeigniter4\framework\system\Commands\Server\rewrite.php(43): require_once('C:\\xampp\\htdocs...')
#11 {main}
CRITICAL - 2025-03-30 15:55:44 --> Undefined property: stdClass::$sipopsis_streaming
#0 C:\xampp\htdocs\blockbuster\app\Views\portal\streaming_detalle.php(40): CodeIgniter\Debug\Exceptions->errorHandler(8, 'Undefined prope...', 'C:\\xampp\\htdocs...', 40, Array)
#1 C:\xampp\htdocs\blockbuster\vendor\codeigniter4\framework\system\View\View.php(210): include('C:\\xampp\\htdocs...')
#2 C:\xampp\htdocs\blockbuster\vendor\codeigniter4\framework\system\View\View.php(213): CodeIgniter\View\View->CodeIgniter\View\{closure}()
#3 C:\xampp\htdocs\blockbuster\vendor\codeigniter4\framework\system\Common.php(1089): CodeIgniter\View\View->render('portal/streamin...', Array, true)
#4 C:\xampp\htdocs\blockbuster\app\Controllers\Portal\Genero.php(105): view('portal/streamin...', Array)
#5 C:\xampp\htdocs\blockbuster\app\Controllers\Portal\Genero.php(99): App\Controllers\Portal\Genero->make_view('portal/streamin...', Array)
#6 C:\xampp\htdocs\blockbuster\vendor\codeigniter4\framework\system\CodeIgniter.php(832): App\Controllers\Portal\Genero->verStreaming('6')
#7 C:\xampp\htdocs\blockbuster\vendor\codeigniter4\framework\system\CodeIgniter.php(419): CodeIgniter\CodeIgniter->runController(Object(App\Controllers\Portal\Genero))
#8 C:\xampp\htdocs\blockbuster\vendor\codeigniter4\framework\system\CodeIgniter.php(326): CodeIgniter\CodeIgniter->handleRequest(NULL, Object(Config\Cache), false)
#9 C:\xampp\htdocs\blockbuster\public\index.php(37): CodeIgniter\CodeIgniter->run()
#10 C:\xampp\htdocs\blockbuster\vendor\codeigniter4\framework\system\Commands\Server\rewrite.php(43): require_once('C:\\xampp\\htdocs...')
#11 {main}
CRITICAL - 2025-03-30 15:56:43 --> Undefined property: stdClass::$sinopsis_streaming
#0 C:\xampp\htdocs\blockbuster\app\Views\portal\streaming_detalle.php(40): CodeIgniter\Debug\Exceptions->errorHandler(8, 'Undefined prope...', 'C:\\xampp\\htdocs...', 40, Array)
#1 C:\xampp\htdocs\blockbuster\vendor\codeigniter4\framework\system\View\View.php(210): include('C:\\xampp\\htdocs...')
#2 C:\xampp\htdocs\blockbuster\vendor\codeigniter4\framework\system\View\View.php(213): CodeIgniter\View\View->CodeIgniter\View\{closure}()
#3 C:\xampp\htdocs\blockbuster\vendor\codeigniter4\framework\system\Common.php(1089): CodeIgniter\View\View->render('portal/streamin...', Array, true)
#4 C:\xampp\htdocs\blockbuster\app\Controllers\Portal\Genero.php(105): view('portal/streamin...', Array)
#5 C:\xampp\htdocs\blockbuster\app\Controllers\Portal\Genero.php(99): App\Controllers\Portal\Genero->make_view('portal/streamin...', Array)
#6 C:\xampp\htdocs\blockbuster\vendor\codeigniter4\framework\system\CodeIgniter.php(832): App\Controllers\Portal\Genero->verStreaming('6')
#7 C:\xampp\htdocs\blockbuster\vendor\codeigniter4\framework\system\CodeIgniter.php(419): CodeIgniter\CodeIgniter->runController(Object(App\Controllers\Portal\Genero))
#8 C:\xampp\htdocs\blockbuster\vendor\codeigniter4\framework\system\CodeIgniter.php(326): CodeIgniter\CodeIgniter->handleRequest(NULL, Object(Config\Cache), false)
#9 C:\xampp\htdocs\blockbuster\public\index.php(37): CodeIgniter\CodeIgniter->run()
#10 C:\xampp\htdocs\blockbuster\vendor\codeigniter4\framework\system\Commands\Server\rewrite.php(43): require_once('C:\\xampp\\htdocs...')
#11 {main}
CRITICAL - 2025-03-30 15:56:44 --> Undefined property: stdClass::$sinopsis_streaming
#0 C:\xampp\htdocs\blockbuster\app\Views\portal\streaming_detalle.php(40): CodeIgniter\Debug\Exceptions->errorHandler(8, 'Undefined prope...', 'C:\\xampp\\htdocs...', 40, Array)
#1 C:\xampp\htdocs\blockbuster\vendor\codeigniter4\framework\system\View\View.php(210): include('C:\\xampp\\htdocs...')
#2 C:\xampp\htdocs\blockbuster\vendor\codeigniter4\framework\system\View\View.php(213): CodeIgniter\View\View->CodeIgniter\View\{closure}()
#3 C:\xampp\htdocs\blockbuster\vendor\codeigniter4\framework\system\Common.php(1089): CodeIgniter\View\View->render('portal/streamin...', Array, true)
#4 C:\xampp\htdocs\blockbuster\app\Controllers\Portal\Genero.php(105): view('portal/streamin...', Array)
#5 C:\xampp\htdocs\blockbuster\app\Controllers\Portal\Genero.php(99): App\Controllers\Portal\Genero->make_view('portal/streamin...', Array)
#6 C:\xampp\htdocs\blockbuster\vendor\codeigniter4\framework\system\CodeIgniter.php(832): App\Controllers\Portal\Genero->verStreaming('6')
#7 C:\xampp\htdocs\blockbuster\vendor\codeigniter4\framework\system\CodeIgniter.php(419): CodeIgniter\CodeIgniter->runController(Object(App\Controllers\Portal\Genero))
#8 C:\xampp\htdocs\blockbuster\vendor\codeigniter4\framework\system\CodeIgniter.php(326): CodeIgniter\CodeIgniter->handleRequest(NULL, Object(Config\Cache), false)
#9 C:\xampp\htdocs\blockbuster\public\index.php(37): CodeIgniter\CodeIgniter->run()
#10 C:\xampp\htdocs\blockbuster\vendor\codeigniter4\framework\system\Commands\Server\rewrite.php(43): require_once('C:\\xampp\\htdocs...')
#11 {main}
CRITICAL - 2025-03-30 15:56:47 --> Undefined property: stdClass::$sinopsis_streaming
#0 C:\xampp\htdocs\blockbuster\app\Views\portal\streaming_detalle.php(40): CodeIgniter\Debug\Exceptions->errorHandler(8, 'Undefined prope...', 'C:\\xampp\\htdocs...', 40, Array)
#1 C:\xampp\htdocs\blockbuster\vendor\codeigniter4\framework\system\View\View.php(210): include('C:\\xampp\\htdocs...')
#2 C:\xampp\htdocs\blockbuster\vendor\codeigniter4\framework\system\View\View.php(213): CodeIgniter\View\View->CodeIgniter\View\{closure}()
#3 C:\xampp\htdocs\blockbuster\vendor\codeigniter4\framework\system\Common.php(1089): CodeIgniter\View\View->render('portal/streamin...', Array, true)
#4 C:\xampp\htdocs\blockbuster\app\Controllers\Portal\Genero.php(105): view('portal/streamin...', Array)
#5 C:\xampp\htdocs\blockbuster\app\Controllers\Portal\Genero.php(99): App\Controllers\Portal\Genero->make_view('portal/streamin...', Array)
#6 C:\xampp\htdocs\blockbuster\vendor\codeigniter4\framework\system\CodeIgniter.php(832): App\Controllers\Portal\Genero->verStreaming('6')
#7 C:\xampp\htdocs\blockbuster\vendor\codeigniter4\framework\system\CodeIgniter.php(419): CodeIgniter\CodeIgniter->runController(Object(App\Controllers\Portal\Genero))
#8 C:\xampp\htdocs\blockbuster\vendor\codeigniter4\framework\system\CodeIgniter.php(326): CodeIgniter\CodeIgniter->handleRequest(NULL, Object(Config\Cache), false)
#9 C:\xampp\htdocs\blockbuster\public\index.php(37): CodeIgniter\CodeIgniter->run()
#10 C:\xampp\htdocs\blockbuster\vendor\codeigniter4\framework\system\Commands\Server\rewrite.php(43): require_once('C:\\xampp\\htdocs...')
#11 {main}
CRITICAL - 2025-03-30 15:57:09 --> Undefined property: stdClass::$sinopsis_streaming
#0 C:\xampp\htdocs\blockbuster\app\Views\portal\streaming_detalle.php(40): CodeIgniter\Debug\Exceptions->errorHandler(8, 'Undefined prope...', 'C:\\xampp\\htdocs...', 40, Array)
#1 C:\xampp\htdocs\blockbuster\vendor\codeigniter4\framework\system\View\View.php(210): include('C:\\xampp\\htdocs...')
#2 C:\xampp\htdocs\blockbuster\vendor\codeigniter4\framework\system\View\View.php(213): CodeIgniter\View\View->CodeIgniter\View\{closure}()
#3 C:\xampp\htdocs\blockbuster\vendor\codeigniter4\framework\system\Common.php(1089): CodeIgniter\View\View->render('portal/streamin...', Array, true)
#4 C:\xampp\htdocs\blockbuster\app\Controllers\Portal\Genero.php(105): view('portal/streamin...', Array)
#5 C:\xampp\htdocs\blockbuster\app\Controllers\Portal\Genero.php(99): App\Controllers\Portal\Genero->make_view('portal/streamin...', Array)
#6 C:\xampp\htdocs\blockbuster\vendor\codeigniter4\framework\system\CodeIgniter.php(832): App\Controllers\Portal\Genero->verStreaming('6')
#7 C:\xampp\htdocs\blockbuster\vendor\codeigniter4\framework\system\CodeIgniter.php(419): CodeIgniter\CodeIgniter->runController(Object(App\Controllers\Portal\Genero))
#8 C:\xampp\htdocs\blockbuster\vendor\codeigniter4\framework\system\CodeIgniter.php(326): CodeIgniter\CodeIgniter->handleRequest(NULL, Object(Config\Cache), false)
#9 C:\xampp\htdocs\blockbuster\public\index.php(37): CodeIgniter\CodeIgniter->run()
#10 C:\xampp\htdocs\blockbuster\vendor\codeigniter4\framework\system\Commands\Server\rewrite.php(43): require_once('C:\\xampp\\htdocs...')
#11 {main}
CRITICAL - 2025-03-30 16:05:49 --> Use of undefined constant RECURSOS_STREAM_IMG - assumed 'RECURSOS_STREAM_IMG' (this will throw an Error in a future version of PHP)
#0 C:\xampp\htdocs\blockbuster\app\Views\portal\streaming_detalle.php(20): CodeIgniter\Debug\Exceptions->errorHandler(2, 'Use of undefine...', 'C:\\xampp\\htdocs...', 20, Array)
#1 C:\xampp\htdocs\blockbuster\vendor\codeigniter4\framework\system\View\View.php(210): include('C:\\xampp\\htdocs...')
#2 C:\xampp\htdocs\blockbuster\vendor\codeigniter4\framework\system\View\View.php(213): CodeIgniter\View\View->CodeIgniter\View\{closure}()
#3 C:\xampp\htdocs\blockbuster\vendor\codeigniter4\framework\system\Common.php(1089): CodeIgniter\View\View->render('portal/streamin...', Array, true)
#4 C:\xampp\htdocs\blockbuster\app\Controllers\Portal\Genero.php(105): view('portal/streamin...', Array)
#5 C:\xampp\htdocs\blockbuster\app\Controllers\Portal\Genero.php(99): App\Controllers\Portal\Genero->make_view('portal/streamin...', Array)
#6 C:\xampp\htdocs\blockbuster\vendor\codeigniter4\framework\system\CodeIgniter.php(832): App\Controllers\Portal\Genero->verStreaming('6')
#7 C:\xampp\htdocs\blockbuster\vendor\codeigniter4\framework\system\CodeIgniter.php(419): CodeIgniter\CodeIgniter->runController(Object(App\Controllers\Portal\Genero))
#8 C:\xampp\htdocs\blockbuster\vendor\codeigniter4\framework\system\CodeIgniter.php(326): CodeIgniter\CodeIgniter->handleRequest(NULL, Object(Config\Cache), false)
#9 C:\xampp\htdocs\blockbuster\public\index.php(37): CodeIgniter\CodeIgniter->run()
#10 C:\xampp\htdocs\blockbuster\vendor\codeigniter4\framework\system\Commands\Server\rewrite.php(43): require_once('C:\\xampp\\htdocs...')
#11 {main}
CRITICAL - 2025-03-30 16:12:46 --> Call to undefined function show_message()
#0 C:\xampp\htdocs\blockbuster\vendor\codeigniter4\framework\system\View\View.php(210): include()
#1 C:\xampp\htdocs\blockbuster\vendor\codeigniter4\framework\system\View\View.php(213): CodeIgniter\View\View->CodeIgniter\View\{closure}()
#2 C:\xampp\htdocs\blockbuster\vendor\codeigniter4\framework\system\View\View.php(226): CodeIgniter\View\View->render('plantillas/port...', Array, true)
#3 C:\xampp\htdocs\blockbuster\vendor\codeigniter4\framework\system\Common.php(1089): CodeIgniter\View\View->render('portal/portal', Array, true)
#4 C:\xampp\htdocs\blockbuster\app\Controllers\Portal\Portal.php(27): view('portal/portal', Array)
#5 C:\xampp\htdocs\blockbuster\app\Controllers\Portal\Portal.php(34): App\Controllers\Portal\Portal->make_view('portal/portal', Array)
#6 C:\xampp\htdocs\blockbuster\vendor\codeigniter4\framework\system\CodeIgniter.php(832): App\Controllers\Portal\Portal->index()
#7 C:\xampp\htdocs\blockbuster\vendor\codeigniter4\framework\system\CodeIgniter.php(419): CodeIgniter\CodeIgniter->runController(Object(App\Controllers\Portal\Portal))
#8 C:\xampp\htdocs\blockbuster\vendor\codeigniter4\framework\system\CodeIgniter.php(326): CodeIgniter\CodeIgniter->handleRequest(NULL, Object(Config\Cache), false)
#9 C:\xampp\htdocs\blockbuster\public\index.php(37): CodeIgniter\CodeIgniter->run()
#10 C:\xampp\htdocs\blockbuster\vendor\codeigniter4\framework\system\Commands\Server\rewrite.php(43): require_once('C:\\xampp\\htdocs...')
#11 {main}
CRITICAL - 2025-03-30 16:12:47 --> Call to undefined function show_message()
#0 C:\xampp\htdocs\blockbuster\vendor\codeigniter4\framework\system\View\View.php(210): include()
#1 C:\xampp\htdocs\blockbuster\vendor\codeigniter4\framework\system\View\View.php(213): CodeIgniter\View\View->CodeIgniter\View\{closure}()
#2 C:\xampp\htdocs\blockbuster\vendor\codeigniter4\framework\system\View\View.php(226): CodeIgniter\View\View->render('plantillas/port...', Array, true)
#3 C:\xampp\htdocs\blockbuster\vendor\codeigniter4\framework\system\Common.php(1089): CodeIgniter\View\View->render('portal/portal', Array, true)
#4 C:\xampp\htdocs\blockbuster\app\Controllers\Portal\Portal.php(27): view('portal/portal', Array)
#5 C:\xampp\htdocs\blockbuster\app\Controllers\Portal\Portal.php(34): App\Controllers\Portal\Portal->make_view('portal/portal', Array)
#6 C:\xampp\htdocs\blockbuster\vendor\codeigniter4\framework\system\CodeIgniter.php(832): App\Controllers\Portal\Portal->index()
#7 C:\xampp\htdocs\blockbuster\vendor\codeigniter4\framework\system\CodeIgniter.php(419): CodeIgniter\CodeIgniter->runController(Object(App\Controllers\Portal\Portal))
#8 C:\xampp\htdocs\blockbuster\vendor\codeigniter4\framework\system\CodeIgniter.php(326): CodeIgniter\CodeIgniter->handleRequest(NULL, Object(Config\Cache), false)
#9 C:\xampp\htdocs\blockbuster\public\index.php(37): CodeIgniter\CodeIgniter->run()
#10 C:\xampp\htdocs\blockbuster\vendor\codeigniter4\framework\system\Commands\Server\rewrite.php(43): require_once('C:\\xampp\\htdocs...')
#11 {main}
CRITICAL - 2025-03-30 16:12:48 --> Call to undefined function show_message()
#0 C:\xampp\htdocs\blockbuster\vendor\codeigniter4\framework\system\View\View.php(210): include()
#1 C:\xampp\htdocs\blockbuster\vendor\codeigniter4\framework\system\View\View.php(213): CodeIgniter\View\View->CodeIgniter\View\{closure}()
#2 C:\xampp\htdocs\blockbuster\vendor\codeigniter4\framework\system\View\View.php(226): CodeIgniter\View\View->render('plantillas/port...', Array, true)
#3 C:\xampp\htdocs\blockbuster\vendor\codeigniter4\framework\system\Common.php(1089): CodeIgniter\View\View->render('portal/portal', Array, true)
#4 C:\xampp\htdocs\blockbuster\app\Controllers\Portal\Portal.php(27): view('portal/portal', Array)
#5 C:\xampp\htdocs\blockbuster\app\Controllers\Portal\Portal.php(34): App\Controllers\Portal\Portal->make_view('portal/portal', Array)
#6 C:\xampp\htdocs\blockbuster\vendor\codeigniter4\framework\system\CodeIgniter.php(832): App\Controllers\Portal\Portal->index()
#7 C:\xampp\htdocs\blockbuster\vendor\codeigniter4\framework\system\CodeIgniter.php(419): CodeIgniter\CodeIgniter->runController(Object(App\Controllers\Portal\Portal))
#8 C:\xampp\htdocs\blockbuster\vendor\codeigniter4\framework\system\CodeIgniter.php(326): CodeIgniter\CodeIgniter->handleRequest(NULL, Object(Config\Cache), false)
#9 C:\xampp\htdocs\blockbuster\public\index.php(37): CodeIgniter\CodeIgniter->run()
#10 C:\xampp\htdocs\blockbuster\vendor\codeigniter4\framework\system\Commands\Server\rewrite.php(43): require_once('C:\\xampp\\htdocs...')
#11 {main}
CRITICAL - 2025-03-30 16:12:48 --> Call to undefined function show_message()
#0 C:\xampp\htdocs\blockbuster\vendor\codeigniter4\framework\system\View\View.php(210): include()
#1 C:\xampp\htdocs\blockbuster\vendor\codeigniter4\framework\system\View\View.php(213): CodeIgniter\View\View->CodeIgniter\View\{closure}()
#2 C:\xampp\htdocs\blockbuster\vendor\codeigniter4\framework\system\View\View.php(226): CodeIgniter\View\View->render('plantillas/port...', Array, true)
#3 C:\xampp\htdocs\blockbuster\vendor\codeigniter4\framework\system\Common.php(1089): CodeIgniter\View\View->render('portal/portal', Array, true)
#4 C:\xampp\htdocs\blockbuster\app\Controllers\Portal\Portal.php(27): view('portal/portal', Array)
#5 C:\xampp\htdocs\blockbuster\app\Controllers\Portal\Portal.php(34): App\Controllers\Portal\Portal->make_view('portal/portal', Array)
#6 C:\xampp\htdocs\blockbuster\vendor\codeigniter4\framework\system\CodeIgniter.php(832): App\Controllers\Portal\Portal->index()
#7 C:\xampp\htdocs\blockbuster\vendor\codeigniter4\framework\system\CodeIgniter.php(419): CodeIgniter\CodeIgniter->runController(Object(App\Controllers\Portal\Portal))
#8 C:\xampp\htdocs\blockbuster\vendor\codeigniter4\framework\system\CodeIgniter.php(326): CodeIgniter\CodeIgniter->handleRequest(NULL, Object(Config\Cache), false)
#9 C:\xampp\htdocs\blockbuster\public\index.php(37): CodeIgniter\CodeIgniter->run()
#10 C:\xampp\htdocs\blockbuster\vendor\codeigniter4\framework\system\Commands\Server\rewrite.php(43): require_once('C:\\xampp\\htdocs...')
#11 {main}
CRITICAL - 2025-03-30 16:12:48 --> Call to undefined function show_message()
#0 C:\xampp\htdocs\blockbuster\vendor\codeigniter4\framework\system\View\View.php(210): include()
#1 C:\xampp\htdocs\blockbuster\vendor\codeigniter4\framework\system\View\View.php(213): CodeIgniter\View\View->CodeIgniter\View\{closure}()
#2 C:\xampp\htdocs\blockbuster\vendor\codeigniter4\framework\system\View\View.php(226): CodeIgniter\View\View->render('plantillas/port...', Array, true)
#3 C:\xampp\htdocs\blockbuster\vendor\codeigniter4\framework\system\Common.php(1089): CodeIgniter\View\View->render('portal/portal', Array, true)
#4 C:\xampp\htdocs\blockbuster\app\Controllers\Portal\Portal.php(27): view('portal/portal', Array)
#5 C:\xampp\htdocs\blockbuster\app\Controllers\Portal\Portal.php(34): App\Controllers\Portal\Portal->make_view('portal/portal', Array)
#6 C:\xampp\htdocs\blockbuster\vendor\codeigniter4\framework\system\CodeIgniter.php(832): App\Controllers\Portal\Portal->index()
#7 C:\xampp\htdocs\blockbuster\vendor\codeigniter4\framework\system\CodeIgniter.php(419): CodeIgniter\CodeIgniter->runController(Object(App\Controllers\Portal\Portal))
#8 C:\xampp\htdocs\blockbuster\vendor\codeigniter4\framework\system\CodeIgniter.php(326): CodeIgniter\CodeIgniter->handleRequest(NULL, Object(Config\Cache), false)
#9 C:\xampp\htdocs\blockbuster\public\index.php(37): CodeIgniter\CodeIgniter->run()
#10 C:\xampp\htdocs\blockbuster\vendor\codeigniter4\framework\system\Commands\Server\rewrite.php(43): require_once('C:\\xampp\\htdocs...')
#11 {main}
CRITICAL - 2025-03-30 16:12:49 --> Call to undefined function show_message()
#0 C:\xampp\htdocs\blockbuster\vendor\codeigniter4\framework\system\View\View.php(210): include()
#1 C:\xampp\htdocs\blockbuster\vendor\codeigniter4\framework\system\View\View.php(213): CodeIgniter\View\View->CodeIgniter\View\{closure}()
#2 C:\xampp\htdocs\blockbuster\vendor\codeigniter4\framework\system\View\View.php(226): CodeIgniter\View\View->render('plantillas/port...', Array, true)
#3 C:\xampp\htdocs\blockbuster\vendor\codeigniter4\framework\system\Common.php(1089): CodeIgniter\View\View->render('portal/portal', Array, true)
#4 C:\xampp\htdocs\blockbuster\app\Controllers\Portal\Portal.php(27): view('portal/portal', Array)
#5 C:\xampp\htdocs\blockbuster\app\Controllers\Portal\Portal.php(34): App\Controllers\Portal\Portal->make_view('portal/portal', Array)
#6 C:\xampp\htdocs\blockbuster\vendor\codeigniter4\framework\system\CodeIgniter.php(832): App\Controllers\Portal\Portal->index()
#7 C:\xampp\htdocs\blockbuster\vendor\codeigniter4\framework\system\CodeIgniter.php(419): CodeIgniter\CodeIgniter->runController(Object(App\Controllers\Portal\Portal))
#8 C:\xampp\htdocs\blockbuster\vendor\codeigniter4\framework\system\CodeIgniter.php(326): CodeIgniter\CodeIgniter->handleRequest(NULL, Object(Config\Cache), false)
#9 C:\xampp\htdocs\blockbuster\public\index.php(37): CodeIgniter\CodeIgniter->run()
#10 C:\xampp\htdocs\blockbuster\vendor\codeigniter4\framework\system\Commands\Server\rewrite.php(43): require_once('C:\\xampp\\htdocs...')
#11 {main}
CRITICAL - 2025-03-30 16:17:57 --> Call to undefined function show_message()
#0 C:\xampp\htdocs\blockbuster\vendor\codeigniter4\framework\system\View\View.php(210): include()
#1 C:\xampp\htdocs\blockbuster\vendor\codeigniter4\framework\system\View\View.php(213): CodeIgniter\View\View->CodeIgniter\View\{closure}()
#2 C:\xampp\htdocs\blockbuster\vendor\codeigniter4\framework\system\View\View.php(226): CodeIgniter\View\View->render('plantillas/port...', Array, true)
#3 C:\xampp\htdocs\blockbuster\vendor\codeigniter4\framework\system\Common.php(1089): CodeIgniter\View\View->render('portal/portal', Array, true)
#4 C:\xampp\htdocs\blockbuster\app\Controllers\Portal\Portal.php(27): view('portal/portal', Array)
#5 C:\xampp\htdocs\blockbuster\app\Controllers\Portal\Portal.php(34): App\Controllers\Portal\Portal->make_view('portal/portal', Array)
#6 C:\xampp\htdocs\blockbuster\vendor\codeigniter4\framework\system\CodeIgniter.php(832): App\Controllers\Portal\Portal->index()
#7 C:\xampp\htdocs\blockbuster\vendor\codeigniter4\framework\system\CodeIgniter.php(419): CodeIgniter\CodeIgniter->runController(Object(App\Controllers\Portal\Portal))
#8 C:\xampp\htdocs\blockbuster\vendor\codeigniter4\framework\system\CodeIgniter.php(326): CodeIgniter\CodeIgniter->handleRequest(NULL, Object(Config\Cache), false)
#9 C:\xampp\htdocs\blockbuster\public\index.php(37): CodeIgniter\CodeIgniter->run()
#10 C:\xampp\htdocs\blockbuster\vendor\codeigniter4\framework\system\Commands\Server\rewrite.php(43): require_once('C:\\xampp\\htdocs...')
#11 {main}
CRITICAL - 2025-03-30 16:18:03 --> Call to undefined function show_message()
#0 C:\xampp\htdocs\blockbuster\vendor\codeigniter4\framework\system\View\View.php(210): include()
#1 C:\xampp\htdocs\blockbuster\vendor\codeigniter4\framework\system\View\View.php(213): CodeIgniter\View\View->CodeIgniter\View\{closure}()
#2 C:\xampp\htdocs\blockbuster\vendor\codeigniter4\framework\system\View\View.php(226): CodeIgniter\View\View->render('plantillas/port...', Array, true)
#3 C:\xampp\htdocs\blockbuster\vendor\codeigniter4\framework\system\Common.php(1089): CodeIgniter\View\View->render('portal/portal', Array, true)
#4 C:\xampp\htdocs\blockbuster\app\Controllers\Portal\Portal.php(27): view('portal/portal', Array)
#5 C:\xampp\htdocs\blockbuster\app\Controllers\Portal\Portal.php(34): App\Controllers\Portal\Portal->make_view('portal/portal', Array)
#6 C:\xampp\htdocs\blockbuster\vendor\codeigniter4\framework\system\CodeIgniter.php(832): App\Controllers\Portal\Portal->index()
#7 C:\xampp\htdocs\blockbuster\vendor\codeigniter4\framework\system\CodeIgniter.php(419): CodeIgniter\CodeIgniter->runController(Object(App\Controllers\Portal\Portal))
#8 C:\xampp\htdocs\blockbuster\vendor\codeigniter4\framework\system\CodeIgniter.php(326): CodeIgniter\CodeIgniter->handleRequest(NULL, Object(Config\Cache), false)
#9 C:\xampp\htdocs\blockbuster\public\index.php(37): CodeIgniter\CodeIgniter->run()
#10 C:\xampp\htdocs\blockbuster\vendor\codeigniter4\framework\system\Commands\Server\rewrite.php(43): require_once('C:\\xampp\\htdocs...')
#11 {main}
CRITICAL - 2025-03-30 18:39:44 --> View themes, no current section.
#0 C:\xampp\htdocs\blockbuster\app\Views\usuario\inicio.php(102): CodeIgniter\View\View->endSection()
#1 C:\xampp\htdocs\blockbuster\vendor\codeigniter4\framework\system\View\View.php(210): include('C:\\xampp\\htdocs...')
#2 C:\xampp\htdocs\blockbuster\vendor\codeigniter4\framework\system\View\View.php(213): CodeIgniter\View\View->CodeIgniter\View\{closure}()
#3 C:\xampp\htdocs\blockbuster\vendor\codeigniter4\framework\system\Common.php(1089): CodeIgniter\View\View->render('usuario/inicio', Array, true)
#4 C:\xampp\htdocs\blockbuster\app\Controllers\Usuario\InicioSesion.php(22): view('usuario/inicio', Array)
#5 C:\xampp\htdocs\blockbuster\app\Controllers\Usuario\InicioSesion.php(28): App\Controllers\Usuario\InicioSesion->create_view('usuario/inicio', Array)
#6 C:\xampp\htdocs\blockbuster\vendor\codeigniter4\framework\system\CodeIgniter.php(832): App\Controllers\Usuario\InicioSesion->index()
#7 C:\xampp\htdocs\blockbuster\vendor\codeigniter4\framework\system\CodeIgniter.php(419): CodeIgniter\CodeIgniter->runController(Object(App\Controllers\Usuario\InicioSesion))
#8 C:\xampp\htdocs\blockbuster\vendor\codeigniter4\framework\system\CodeIgniter.php(326): CodeIgniter\CodeIgniter->handleRequest(NULL, Object(Config\Cache), false)
#9 C:\xampp\htdocs\blockbuster\public\index.php(37): CodeIgniter\CodeIgniter->run()
#10 C:\xampp\htdocs\blockbuster\vendor\codeigniter4\framework\system\Commands\Server\rewrite.php(43): require_once('C:\\xampp\\htdocs...')
#11 {main}
CRITICAL - 2025-03-30 18:40:26 --> View themes, no current section.
#0 C:\xampp\htdocs\blockbuster\app\Views\usuario\inicio.php(102): CodeIgniter\View\View->endSection()
#1 C:\xampp\htdocs\blockbuster\vendor\codeigniter4\framework\system\View\View.php(210): include('C:\\xampp\\htdocs...')
#2 C:\xampp\htdocs\blockbuster\vendor\codeigniter4\framework\system\View\View.php(213): CodeIgniter\View\View->CodeIgniter\View\{closure}()
#3 C:\xampp\htdocs\blockbuster\vendor\codeigniter4\framework\system\Common.php(1089): CodeIgniter\View\View->render('usuario/inicio', Array, true)
#4 C:\xampp\htdocs\blockbuster\app\Controllers\Usuario\InicioSesion.php(22): view('usuario/inicio', Array)
#5 C:\xampp\htdocs\blockbuster\app\Controllers\Usuario\InicioSesion.php(28): App\Controllers\Usuario\InicioSesion->create_view('usuario/inicio', Array)
#6 C:\xampp\htdocs\blockbuster\vendor\codeigniter4\framework\system\CodeIgniter.php(832): App\Controllers\Usuario\InicioSesion->index()
#7 C:\xampp\htdocs\blockbuster\vendor\codeigniter4\framework\system\CodeIgniter.php(419): CodeIgniter\CodeIgniter->runController(Object(App\Controllers\Usuario\InicioSesion))
#8 C:\xampp\htdocs\blockbuster\vendor\codeigniter4\framework\system\CodeIgniter.php(326): CodeIgniter\CodeIgniter->handleRequest(NULL, Object(Config\Cache), false)
#9 C:\xampp\htdocs\blockbuster\public\index.php(37): CodeIgniter\CodeIgniter->run()
#10 C:\xampp\htdocs\blockbuster\vendor\codeigniter4\framework\system\Commands\Server\rewrite.php(43): require_once('C:\\xampp\\htdocs...')
#11 {main}
CRITICAL - 2025-03-30 18:40:27 --> View themes, no current section.
#0 C:\xampp\htdocs\blockbuster\app\Views\usuario\inicio.php(102): CodeIgniter\View\View->endSection()
#1 C:\xampp\htdocs\blockbuster\vendor\codeigniter4\framework\system\View\View.php(210): include('C:\\xampp\\htdocs...')
#2 C:\xampp\htdocs\blockbuster\vendor\codeigniter4\framework\system\View\View.php(213): CodeIgniter\View\View->CodeIgniter\View\{closure}()
#3 C:\xampp\htdocs\blockbuster\vendor\codeigniter4\framework\system\Common.php(1089): CodeIgniter\View\View->render('usuario/inicio', Array, true)
#4 C:\xampp\htdocs\blockbuster\app\Controllers\Usuario\InicioSesion.php(22): view('usuario/inicio', Array)
#5 C:\xampp\htdocs\blockbuster\app\Controllers\Usuario\InicioSesion.php(28): App\Controllers\Usuario\InicioSesion->create_view('usuario/inicio', Array)
#6 C:\xampp\htdocs\blockbuster\vendor\codeigniter4\framework\system\CodeIgniter.php(832): App\Controllers\Usuario\InicioSesion->index()
#7 C:\xampp\htdocs\blockbuster\vendor\codeigniter4\framework\system\CodeIgniter.php(419): CodeIgniter\CodeIgniter->runController(Object(App\Controllers\Usuario\InicioSesion))
#8 C:\xampp\htdocs\blockbuster\vendor\codeigniter4\framework\system\CodeIgniter.php(326): CodeIgniter\CodeIgniter->handleRequest(NULL, Object(Config\Cache), false)
#9 C:\xampp\htdocs\blockbuster\public\index.php(37): CodeIgniter\CodeIgniter->run()
#10 C:\xampp\htdocs\blockbuster\vendor\codeigniter4\framework\system\Commands\Server\rewrite.php(43): require_once('C:\\xampp\\htdocs...')
#11 {main}
CRITICAL - 2025-03-30 18:40:30 --> Call to undefined function show_message()
#0 C:\xampp\htdocs\blockbuster\vendor\codeigniter4\framework\system\View\View.php(210): include()
#1 C:\xampp\htdocs\blockbuster\vendor\codeigniter4\framework\system\View\View.php(213): CodeIgniter\View\View->CodeIgniter\View\{closure}()
#2 C:\xampp\htdocs\blockbuster\vendor\codeigniter4\framework\system\View\View.php(226): CodeIgniter\View\View->render('plantillas/port...', Array, true)
#3 C:\xampp\htdocs\blockbuster\vendor\codeigniter4\framework\system\Common.php(1089): CodeIgniter\View\View->render('portal/streamin...', Array, true)
#4 C:\xampp\htdocs\blockbuster\app\Controllers\Portal\Genero.php(105): view('portal/streamin...', Array)
#5 C:\xampp\htdocs\blockbuster\app\Controllers\Portal\Genero.php(99): App\Controllers\Portal\Genero->make_view('portal/streamin...', Array)
#6 C:\xampp\htdocs\blockbuster\vendor\codeigniter4\framework\system\CodeIgniter.php(832): App\Controllers\Portal\Genero->verStreaming('6')
#7 C:\xampp\htdocs\blockbuster\vendor\codeigniter4\framework\system\CodeIgniter.php(419): CodeIgniter\CodeIgniter->runController(Object(App\Controllers\Portal\Genero))
#8 C:\xampp\htdocs\blockbuster\vendor\codeigniter4\framework\system\CodeIgniter.php(326): CodeIgniter\CodeIgniter->handleRequest(NULL, Object(Config\Cache), false)
#9 C:\xampp\htdocs\blockbuster\public\index.php(37): CodeIgniter\CodeIgniter->run()
#10 C:\xampp\htdocs\blockbuster\vendor\codeigniter4\framework\system\Commands\Server\rewrite.php(43): require_once('C:\\xampp\\htdocs...')
#11 {main}
CRITICAL - 2025-03-30 18:40:31 --> Call to undefined function show_message()
#0 C:\xampp\htdocs\blockbuster\vendor\codeigniter4\framework\system\View\View.php(210): include()
#1 C:\xampp\htdocs\blockbuster\vendor\codeigniter4\framework\system\View\View.php(213): CodeIgniter\View\View->CodeIgniter\View\{closure}()
#2 C:\xampp\htdocs\blockbuster\vendor\codeigniter4\framework\system\View\View.php(226): CodeIgniter\View\View->render('plantillas/port...', Array, true)
#3 C:\xampp\htdocs\blockbuster\vendor\codeigniter4\framework\system\Common.php(1089): CodeIgniter\View\View->render('portal/genero_d...', Array, true)
#4 C:\xampp\htdocs\blockbuster\app\Controllers\Portal\Genero.php(105): view('portal/genero_d...', Array)
#5 C:\xampp\htdocs\blockbuster\app\Controllers\Portal\Genero.php(72): App\Controllers\Portal\Genero->make_view('portal/genero_d...', Array)
#6 C:\xampp\htdocs\blockbuster\vendor\codeigniter4\framework\system\CodeIgniter.php(832): App\Controllers\Portal\Genero->ver('1')
#7 C:\xampp\htdocs\blockbuster\vendor\codeigniter4\framework\system\CodeIgniter.php(419): CodeIgniter\CodeIgniter->runController(Object(App\Controllers\Portal\Genero))
#8 C:\xampp\htdocs\blockbuster\vendor\codeigniter4\framework\system\CodeIgniter.php(326): CodeIgniter\CodeIgniter->handleRequest(NULL, Object(Config\Cache), false)
#9 C:\xampp\htdocs\blockbuster\public\index.php(37): CodeIgniter\CodeIgniter->run()
#10 C:\xampp\htdocs\blockbuster\vendor\codeigniter4\framework\system\Commands\Server\rewrite.php(43): require_once('C:\\xampp\\htdocs...')
#11 {main}
CRITICAL - 2025-03-30 18:40:31 --> Call to undefined function show_message()
#0 C:\xampp\htdocs\blockbuster\vendor\codeigniter4\framework\system\View\View.php(210): include()
#1 C:\xampp\htdocs\blockbuster\vendor\codeigniter4\framework\system\View\View.php(213): CodeIgniter\View\View->CodeIgniter\View\{closure}()
#2 C:\xampp\htdocs\blockbuster\vendor\codeigniter4\framework\system\View\View.php(226): CodeIgniter\View\View->render('plantillas/port...', Array, true)
#3 C:\xampp\htdocs\blockbuster\vendor\codeigniter4\framework\system\Common.php(1089): CodeIgniter\View\View->render('portal/genero', Array, true)
#4 C:\xampp\htdocs\blockbuster\app\Controllers\Portal\Genero.php(105): view('portal/genero', Array)
#5 C:\xampp\htdocs\blockbuster\app\Controllers\Portal\Genero.php(66): App\Controllers\Portal\Genero->make_view('portal/genero', Array)
#6 C:\xampp\htdocs\blockbuster\vendor\codeigniter4\framework\system\CodeIgniter.php(832): App\Controllers\Portal\Genero->index()
#7 C:\xampp\htdocs\blockbuster\vendor\codeigniter4\framework\system\CodeIgniter.php(419): CodeIgniter\CodeIgniter->runController(Object(App\Controllers\Portal\Genero))
#8 C:\xampp\htdocs\blockbuster\vendor\codeigniter4\framework\system\CodeIgniter.php(326): CodeIgniter\CodeIgniter->handleRequest(NULL, Object(Config\Cache), false)
#9 C:\xampp\htdocs\blockbuster\public\index.php(37): CodeIgniter\CodeIgniter->run()
#10 C:\xampp\htdocs\blockbuster\vendor\codeigniter4\framework\system\Commands\Server\rewrite.php(43): require_once('C:\\xampp\\htdocs...')
#11 {main}
CRITICAL - 2025-03-30 18:40:31 --> Call to undefined function show_message()
#0 C:\xampp\htdocs\blockbuster\vendor\codeigniter4\framework\system\View\View.php(210): include()
#1 C:\xampp\htdocs\blockbuster\vendor\codeigniter4\framework\system\View\View.php(213): CodeIgniter\View\View->CodeIgniter\View\{closure}()
#2 C:\xampp\htdocs\blockbuster\vendor\codeigniter4\framework\system\View\View.php(226): CodeIgniter\View\View->render('plantillas/port...', Array, true)
#3 C:\xampp\htdocs\blockbuster\vendor\codeigniter4\framework\system\Common.php(1089): CodeIgniter\View\View->render('portal/portal', Array, true)
#4 C:\xampp\htdocs\blockbuster\app\Controllers\Portal\Portal.php(27): view('portal/portal', Array)
#5 C:\xampp\htdocs\blockbuster\app\Controllers\Portal\Portal.php(34): App\Controllers\Portal\Portal->make_view('portal/portal', Array)
#6 C:\xampp\htdocs\blockbuster\vendor\codeigniter4\framework\system\CodeIgniter.php(832): App\Controllers\Portal\Portal->index()
#7 C:\xampp\htdocs\blockbuster\vendor\codeigniter4\framework\system\CodeIgniter.php(419): CodeIgniter\CodeIgniter->runController(Object(App\Controllers\Portal\Portal))
#8 C:\xampp\htdocs\blockbuster\vendor\codeigniter4\framework\system\CodeIgniter.php(326): CodeIgniter\CodeIgniter->handleRequest(NULL, Object(Config\Cache), false)
#9 C:\xampp\htdocs\blockbuster\public\index.php(37): CodeIgniter\CodeIgniter->run()
#10 C:\xampp\htdocs\blockbuster\vendor\codeigniter4\framework\system\Commands\Server\rewrite.php(43): require_once('C:\\xampp\\htdocs...')
#11 {main}
CRITICAL - 2025-03-30 18:40:38 --> Call to undefined function show_message()
#0 C:\xampp\htdocs\blockbuster\vendor\codeigniter4\framework\system\View\View.php(210): include()
#1 C:\xampp\htdocs\blockbuster\vendor\codeigniter4\framework\system\View\View.php(213): CodeIgniter\View\View->CodeIgniter\View\{closure}()
#2 C:\xampp\htdocs\blockbuster\vendor\codeigniter4\framework\system\View\View.php(226): CodeIgniter\View\View->render('plantillas/port...', Array, true)
#3 C:\xampp\htdocs\blockbuster\vendor\codeigniter4\framework\system\Common.php(1089): CodeIgniter\View\View->render('portal/portal', Array, true)
#4 C:\xampp\htdocs\blockbuster\app\Controllers\Portal\Portal.php(27): view('portal/portal', Array)
#5 C:\xampp\htdocs\blockbuster\app\Controllers\Portal\Portal.php(34): App\Controllers\Portal\Portal->make_view('portal/portal', Array)
#6 C:\xampp\htdocs\blockbuster\vendor\codeigniter4\framework\system\CodeIgniter.php(832): App\Controllers\Portal\Portal->index()
#7 C:\xampp\htdocs\blockbuster\vendor\codeigniter4\framework\system\CodeIgniter.php(419): CodeIgniter\CodeIgniter->runController(Object(App\Controllers\Portal\Portal))
#8 C:\xampp\htdocs\blockbuster\vendor\codeigniter4\framework\system\CodeIgniter.php(326): CodeIgniter\CodeIgniter->handleRequest(NULL, Object(Config\Cache), false)
#9 C:\xampp\htdocs\blockbuster\public\index.php(37): CodeIgniter\CodeIgniter->run()
#10 C:\xampp\htdocs\blockbuster\vendor\codeigniter4\framework\system\Commands\Server\rewrite.php(43): require_once('C:\\xampp\\htdocs...')
#11 {main}
CRITICAL - 2025-03-30 18:40:48 --> Call to undefined function show_message()
#0 C:\xampp\htdocs\blockbuster\vendor\codeigniter4\framework\system\View\View.php(210): include()
#1 C:\xampp\htdocs\blockbuster\vendor\codeigniter4\framework\system\View\View.php(213): CodeIgniter\View\View->CodeIgniter\View\{closure}()
#2 C:\xampp\htdocs\blockbuster\vendor\codeigniter4\framework\system\View\View.php(226): CodeIgniter\View\View->render('plantillas/port...', Array, true)
#3 C:\xampp\htdocs\blockbuster\vendor\codeigniter4\framework\system\Common.php(1089): CodeIgniter\View\View->render('portal/portal', Array, true)
#4 C:\xampp\htdocs\blockbuster\app\Controllers\Portal\Portal.php(27): view('portal/portal', Array)
#5 C:\xampp\htdocs\blockbuster\app\Controllers\Portal\Portal.php(34): App\Controllers\Portal\Portal->make_view('portal/portal', Array)
#6 C:\xampp\htdocs\blockbuster\vendor\codeigniter4\framework\system\CodeIgniter.php(832): App\Controllers\Portal\Portal->index()
#7 C:\xampp\htdocs\blockbuster\vendor\codeigniter4\framework\system\CodeIgniter.php(419): CodeIgniter\CodeIgniter->runController(Object(App\Controllers\Portal\Portal))
#8 C:\xampp\htdocs\blockbuster\vendor\codeigniter4\framework\system\CodeIgniter.php(326): CodeIgniter\CodeIgniter->handleRequest(NULL, Object(Config\Cache), false)
#9 C:\xampp\htdocs\blockbuster\public\index.php(37): CodeIgniter\CodeIgniter->run()
#10 C:\xampp\htdocs\blockbuster\vendor\codeigniter4\framework\system\Commands\Server\rewrite.php(43): require_once('C:\\xampp\\htdocs...')
#11 {main}
CRITICAL - 2025-03-30 18:40:49 --> Call to undefined function show_message()
#0 C:\xampp\htdocs\blockbuster\vendor\codeigniter4\framework\system\View\View.php(210): include()
#1 C:\xampp\htdocs\blockbuster\vendor\codeigniter4\framework\system\View\View.php(213): CodeIgniter\View\View->CodeIgniter\View\{closure}()
#2 C:\xampp\htdocs\blockbuster\vendor\codeigniter4\framework\system\View\View.php(226): CodeIgniter\View\View->render('plantillas/port...', Array, true)
#3 C:\xampp\htdocs\blockbuster\vendor\codeigniter4\framework\system\Common.php(1089): CodeIgniter\View\View->render('portal/portal', Array, true)
#4 C:\xampp\htdocs\blockbuster\app\Controllers\Portal\Portal.php(27): view('portal/portal', Array)
#5 C:\xampp\htdocs\blockbuster\app\Controllers\Portal\Portal.php(34): App\Controllers\Portal\Portal->make_view('portal/portal', Array)
#6 C:\xampp\htdocs\blockbuster\vendor\codeigniter4\framework\system\CodeIgniter.php(832): App\Controllers\Portal\Portal->index()
#7 C:\xampp\htdocs\blockbuster\vendor\codeigniter4\framework\system\CodeIgniter.php(419): CodeIgniter\CodeIgniter->runController(Object(App\Controllers\Portal\Portal))
#8 C:\xampp\htdocs\blockbuster\vendor\codeigniter4\framework\system\CodeIgniter.php(326): CodeIgniter\CodeIgniter->handleRequest(NULL, Object(Config\Cache), false)
#9 C:\xampp\htdocs\blockbuster\public\index.php(37): CodeIgniter\CodeIgniter->run()
#10 C:\xampp\htdocs\blockbuster\vendor\codeigniter4\framework\system\Commands\Server\rewrite.php(43): require_once('C:\\xampp\\htdocs...')
#11 {main}
CRITICAL - 2025-03-30 18:40:52 --> Call to undefined function show_message()
#0 C:\xampp\htdocs\blockbuster\vendor\codeigniter4\framework\system\View\View.php(210): include()
#1 C:\xampp\htdocs\blockbuster\vendor\codeigniter4\framework\system\View\View.php(213): CodeIgniter\View\View->CodeIgniter\View\{closure}()
#2 C:\xampp\htdocs\blockbuster\vendor\codeigniter4\framework\system\View\View.php(226): CodeIgniter\View\View->render('plantillas/port...', Array, true)
#3 C:\xampp\htdocs\blockbuster\vendor\codeigniter4\framework\system\Common.php(1089): CodeIgniter\View\View->render('portal/portal', Array, true)
#4 C:\xampp\htdocs\blockbuster\app\Controllers\Portal\Portal.php(27): view('portal/portal', Array)
#5 C:\xampp\htdocs\blockbuster\app\Controllers\Portal\Portal.php(34): App\Controllers\Portal\Portal->make_view('portal/portal', Array)
#6 C:\xampp\htdocs\blockbuster\vendor\codeigniter4\framework\system\CodeIgniter.php(832): App\Controllers\Portal\Portal->index()
#7 C:\xampp\htdocs\blockbuster\vendor\codeigniter4\framework\system\CodeIgniter.php(419): CodeIgniter\CodeIgniter->runController(Object(App\Controllers\Portal\Portal))
#8 C:\xampp\htdocs\blockbuster\vendor\codeigniter4\framework\system\CodeIgniter.php(326): CodeIgniter\CodeIgniter->handleRequest(NULL, Object(Config\Cache), false)
#9 C:\xampp\htdocs\blockbuster\public\index.php(37): CodeIgniter\CodeIgniter->run()
#10 C:\xampp\htdocs\blockbuster\vendor\codeigniter4\framework\system\Commands\Server\rewrite.php(43): require_once('C:\\xampp\\htdocs...')
#11 {main}
CRITICAL - 2025-03-30 18:40:52 --> Call to undefined function show_message()
#0 C:\xampp\htdocs\blockbuster\vendor\codeigniter4\framework\system\View\View.php(210): include()
#1 C:\xampp\htdocs\blockbuster\vendor\codeigniter4\framework\system\View\View.php(213): CodeIgniter\View\View->CodeIgniter\View\{closure}()
#2 C:\xampp\htdocs\blockbuster\vendor\codeigniter4\framework\system\View\View.php(226): CodeIgniter\View\View->render('plantillas/port...', Array, true)
#3 C:\xampp\htdocs\blockbuster\vendor\codeigniter4\framework\system\Common.php(1089): CodeIgniter\View\View->render('portal/portal', Array, true)
#4 C:\xampp\htdocs\blockbuster\app\Controllers\Portal\Portal.php(27): view('portal/portal', Array)
#5 C:\xampp\htdocs\blockbuster\app\Controllers\Portal\Portal.php(34): App\Controllers\Portal\Portal->make_view('portal/portal', Array)
#6 C:\xampp\htdocs\blockbuster\vendor\codeigniter4\framework\system\CodeIgniter.php(832): App\Controllers\Portal\Portal->index()
#7 C:\xampp\htdocs\blockbuster\vendor\codeigniter4\framework\system\CodeIgniter.php(419): CodeIgniter\CodeIgniter->runController(Object(App\Controllers\Portal\Portal))
#8 C:\xampp\htdocs\blockbuster\vendor\codeigniter4\framework\system\CodeIgniter.php(326): CodeIgniter\CodeIgniter->handleRequest(NULL, Object(Config\Cache), false)
#9 C:\xampp\htdocs\blockbuster\public\index.php(37): CodeIgniter\CodeIgniter->run()
#10 C:\xampp\htdocs\blockbuster\vendor\codeigniter4\framework\system\Commands\Server\rewrite.php(43): require_once('C:\\xampp\\htdocs...')
#11 {main}
CRITICAL - 2025-03-30 18:40:52 --> Call to undefined function show_message()
#0 C:\xampp\htdocs\blockbuster\vendor\codeigniter4\framework\system\View\View.php(210): include()
#1 C:\xampp\htdocs\blockbuster\vendor\codeigniter4\framework\system\View\View.php(213): CodeIgniter\View\View->CodeIgniter\View\{closure}()
#2 C:\xampp\htdocs\blockbuster\vendor\codeigniter4\framework\system\View\View.php(226): CodeIgniter\View\View->render('plantillas/port...', Array, true)
#3 C:\xampp\htdocs\blockbuster\vendor\codeigniter4\framework\system\Common.php(1089): CodeIgniter\View\View->render('portal/portal', Array, true)
#4 C:\xampp\htdocs\blockbuster\app\Controllers\Portal\Portal.php(27): view('portal/portal', Array)
#5 C:\xampp\htdocs\blockbuster\app\Controllers\Portal\Portal.php(34): App\Controllers\Portal\Portal->make_view('portal/portal', Array)
#6 C:\xampp\htdocs\blockbuster\vendor\codeigniter4\framework\system\CodeIgniter.php(832): App\Controllers\Portal\Portal->index()
#7 C:\xampp\htdocs\blockbuster\vendor\codeigniter4\framework\system\CodeIgniter.php(419): CodeIgniter\CodeIgniter->runController(Object(App\Controllers\Portal\Portal))
#8 C:\xampp\htdocs\blockbuster\vendor\codeigniter4\framework\system\CodeIgniter.php(326): CodeIgniter\CodeIgniter->handleRequest(NULL, Object(Config\Cache), false)
#9 C:\xampp\htdocs\blockbuster\public\index.php(37): CodeIgniter\CodeIgniter->run()
#10 C:\xampp\htdocs\blockbuster\vendor\codeigniter4\framework\system\Commands\Server\rewrite.php(43): require_once('C:\\xampp\\htdocs...')
#11 {main}
CRITICAL - 2025-03-30 18:40:53 --> Call to undefined function show_message()
#0 C:\xampp\htdocs\blockbuster\vendor\codeigniter4\framework\system\View\View.php(210): include()
#1 C:\xampp\htdocs\blockbuster\vendor\codeigniter4\framework\system\View\View.php(213): CodeIgniter\View\View->CodeIgniter\View\{closure}()
#2 C:\xampp\htdocs\blockbuster\vendor\codeigniter4\framework\system\View\View.php(226): CodeIgniter\View\View->render('plantillas/port...', Array, true)
#3 C:\xampp\htdocs\blockbuster\vendor\codeigniter4\framework\system\Common.php(1089): CodeIgniter\View\View->render('portal/portal', Array, true)
#4 C:\xampp\htdocs\blockbuster\app\Controllers\Portal\Portal.php(27): view('portal/portal', Array)
#5 C:\xampp\htdocs\blockbuster\app\Controllers\Portal\Portal.php(34): App\Controllers\Portal\Portal->make_view('portal/portal', Array)
#6 C:\xampp\htdocs\blockbuster\vendor\codeigniter4\framework\system\CodeIgniter.php(832): App\Controllers\Portal\Portal->index()
#7 C:\xampp\htdocs\blockbuster\vendor\codeigniter4\framework\system\CodeIgniter.php(419): CodeIgniter\CodeIgniter->runController(Object(App\Controllers\Portal\Portal))
#8 C:\xampp\htdocs\blockbuster\vendor\codeigniter4\framework\system\CodeIgniter.php(326): CodeIgniter\CodeIgniter->handleRequest(NULL, Object(Config\Cache), false)
#9 C:\xampp\htdocs\blockbuster\public\index.php(37): CodeIgniter\CodeIgniter->run()
#10 C:\xampp\htdocs\blockbuster\vendor\codeigniter4\framework\system\Commands\Server\rewrite.php(43): require_once('C:\\xampp\\htdocs...')
#11 {main}
CRITICAL - 2025-03-30 18:40:53 --> Call to undefined function show_message()
#0 C:\xampp\htdocs\blockbuster\vendor\codeigniter4\framework\system\View\View.php(210): include()
#1 C:\xampp\htdocs\blockbuster\vendor\codeigniter4\framework\system\View\View.php(213): CodeIgniter\View\View->CodeIgniter\View\{closure}()
#2 C:\xampp\htdocs\blockbuster\vendor\codeigniter4\framework\system\View\View.php(226): CodeIgniter\View\View->render('plantillas/port...', Array, true)
#3 C:\xampp\htdocs\blockbuster\vendor\codeigniter4\framework\system\Common.php(1089): CodeIgniter\View\View->render('portal/portal', Array, true)
#4 C:\xampp\htdocs\blockbuster\app\Controllers\Portal\Portal.php(27): view('portal/portal', Array)
#5 C:\xampp\htdocs\blockbuster\app\Controllers\Portal\Portal.php(34): App\Controllers\Portal\Portal->make_view('portal/portal', Array)
#6 C:\xampp\htdocs\blockbuster\vendor\codeigniter4\framework\system\CodeIgniter.php(832): App\Controllers\Portal\Portal->index()
#7 C:\xampp\htdocs\blockbuster\vendor\codeigniter4\framework\system\CodeIgniter.php(419): CodeIgniter\CodeIgniter->runController(Object(App\Controllers\Portal\Portal))
#8 C:\xampp\htdocs\blockbuster\vendor\codeigniter4\framework\system\CodeIgniter.php(326): CodeIgniter\CodeIgniter->handleRequest(NULL, Object(Config\Cache), false)
#9 C:\xampp\htdocs\blockbuster\public\index.php(37): CodeIgniter\CodeIgniter->run()
#10 C:\xampp\htdocs\blockbuster\vendor\codeigniter4\framework\system\Commands\Server\rewrite.php(43): require_once('C:\\xampp\\htdocs...')
#11 {main}
CRITICAL - 2025-03-30 18:45:19 --> View themes, no current section.
#0 C:\xampp\htdocs\blockbuster\app\Views\usuario\inicio.php(201): CodeIgniter\View\View->endSection()
#1 C:\xampp\htdocs\blockbuster\vendor\codeigniter4\framework\system\View\View.php(210): include('C:\\xampp\\htdocs...')
#2 C:\xampp\htdocs\blockbuster\vendor\codeigniter4\framework\system\View\View.php(213): CodeIgniter\View\View->CodeIgniter\View\{closure}()
#3 C:\xampp\htdocs\blockbuster\vendor\codeigniter4\framework\system\Common.php(1089): CodeIgniter\View\View->render('usuario/inicio', Array, true)
#4 C:\xampp\htdocs\blockbuster\app\Controllers\Usuario\InicioSesion.php(22): view('usuario/inicio', Array)
#5 C:\xampp\htdocs\blockbuster\app\Controllers\Usuario\InicioSesion.php(28): App\Controllers\Usuario\InicioSesion->create_view('usuario/inicio', Array)
#6 C:\xampp\htdocs\blockbuster\vendor\codeigniter4\framework\system\CodeIgniter.php(832): App\Controllers\Usuario\InicioSesion->index()
#7 C:\xampp\htdocs\blockbuster\vendor\codeigniter4\framework\system\CodeIgniter.php(419): CodeIgniter\CodeIgniter->runController(Object(App\Controllers\Usuario\InicioSesion))
#8 C:\xampp\htdocs\blockbuster\vendor\codeigniter4\framework\system\CodeIgniter.php(326): CodeIgniter\CodeIgniter->handleRequest(NULL, Object(Config\Cache), false)
#9 C:\xampp\htdocs\blockbuster\public\index.php(37): CodeIgniter\CodeIgniter->run()
#10 C:\xampp\htdocs\blockbuster\vendor\codeigniter4\framework\system\Commands\Server\rewrite.php(43): require_once('C:\\xampp\\htdocs...')
#11 {main}
CRITICAL - 2025-03-30 18:45:20 --> View themes, no current section.
#0 C:\xampp\htdocs\blockbuster\app\Views\usuario\inicio.php(201): CodeIgniter\View\View->endSection()
#1 C:\xampp\htdocs\blockbuster\vendor\codeigniter4\framework\system\View\View.php(210): include('C:\\xampp\\htdocs...')
#2 C:\xampp\htdocs\blockbuster\vendor\codeigniter4\framework\system\View\View.php(213): CodeIgniter\View\View->CodeIgniter\View\{closure}()
#3 C:\xampp\htdocs\blockbuster\vendor\codeigniter4\framework\system\Common.php(1089): CodeIgniter\View\View->render('usuario/inicio', Array, true)
#4 C:\xampp\htdocs\blockbuster\app\Controllers\Usuario\InicioSesion.php(22): view('usuario/inicio', Array)
#5 C:\xampp\htdocs\blockbuster\app\Controllers\Usuario\InicioSesion.php(28): App\Controllers\Usuario\InicioSesion->create_view('usuario/inicio', Array)
#6 C:\xampp\htdocs\blockbuster\vendor\codeigniter4\framework\system\CodeIgniter.php(832): App\Controllers\Usuario\InicioSesion->index()
#7 C:\xampp\htdocs\blockbuster\vendor\codeigniter4\framework\system\CodeIgniter.php(419): CodeIgniter\CodeIgniter->runController(Object(App\Controllers\Usuario\InicioSesion))
#8 C:\xampp\htdocs\blockbuster\vendor\codeigniter4\framework\system\CodeIgniter.php(326): CodeIgniter\CodeIgniter->handleRequest(NULL, Object(Config\Cache), false)
#9 C:\xampp\htdocs\blockbuster\public\index.php(37): CodeIgniter\CodeIgniter->run()
#10 C:\xampp\htdocs\blockbuster\vendor\codeigniter4\framework\system\Commands\Server\rewrite.php(43): require_once('C:\\xampp\\htdocs...')
#11 {main}
CRITICAL - 2025-03-30 18:45:21 --> View themes, no current section.
#0 C:\xampp\htdocs\blockbuster\app\Views\usuario\inicio.php(201): CodeIgniter\View\View->endSection()
#1 C:\xampp\htdocs\blockbuster\vendor\codeigniter4\framework\system\View\View.php(210): include('C:\\xampp\\htdocs...')
#2 C:\xampp\htdocs\blockbuster\vendor\codeigniter4\framework\system\View\View.php(213): CodeIgniter\View\View->CodeIgniter\View\{closure}()
#3 C:\xampp\htdocs\blockbuster\vendor\codeigniter4\framework\system\Common.php(1089): CodeIgniter\View\View->render('usuario/inicio', Array, true)
#4 C:\xampp\htdocs\blockbuster\app\Controllers\Usuario\InicioSesion.php(22): view('usuario/inicio', Array)
#5 C:\xampp\htdocs\blockbuster\app\Controllers\Usuario\InicioSesion.php(28): App\Controllers\Usuario\InicioSesion->create_view('usuario/inicio', Array)
#6 C:\xampp\htdocs\blockbuster\vendor\codeigniter4\framework\system\CodeIgniter.php(832): App\Controllers\Usuario\InicioSesion->index()
#7 C:\xampp\htdocs\blockbuster\vendor\codeigniter4\framework\system\CodeIgniter.php(419): CodeIgniter\CodeIgniter->runController(Object(App\Controllers\Usuario\InicioSesion))
#8 C:\xampp\htdocs\blockbuster\vendor\codeigniter4\framework\system\CodeIgniter.php(326): CodeIgniter\CodeIgniter->handleRequest(NULL, Object(Config\Cache), false)
#9 C:\xampp\htdocs\blockbuster\public\index.php(37): CodeIgniter\CodeIgniter->run()
#10 C:\xampp\htdocs\blockbuster\vendor\codeigniter4\framework\system\Commands\Server\rewrite.php(43): require_once('C:\\xampp\\htdocs...')
#11 {main}
CRITICAL - 2025-03-30 18:45:21 --> View themes, no current section.
#0 C:\xampp\htdocs\blockbuster\app\Views\usuario\inicio.php(201): CodeIgniter\View\View->endSection()
#1 C:\xampp\htdocs\blockbuster\vendor\codeigniter4\framework\system\View\View.php(210): include('C:\\xampp\\htdocs...')
#2 C:\xampp\htdocs\blockbuster\vendor\codeigniter4\framework\system\View\View.php(213): CodeIgniter\View\View->CodeIgniter\View\{closure}()
#3 C:\xampp\htdocs\blockbuster\vendor\codeigniter4\framework\system\Common.php(1089): CodeIgniter\View\View->render('usuario/inicio', Array, true)
#4 C:\xampp\htdocs\blockbuster\app\Controllers\Usuario\InicioSesion.php(22): view('usuario/inicio', Array)
#5 C:\xampp\htdocs\blockbuster\app\Controllers\Usuario\InicioSesion.php(28): App\Controllers\Usuario\InicioSesion->create_view('usuario/inicio', Array)
#6 C:\xampp\htdocs\blockbuster\vendor\codeigniter4\framework\system\CodeIgniter.php(832): App\Controllers\Usuario\InicioSesion->index()
#7 C:\xampp\htdocs\blockbuster\vendor\codeigniter4\framework\system\CodeIgniter.php(419): CodeIgniter\CodeIgniter->runController(Object(App\Controllers\Usuario\InicioSesion))
#8 C:\xampp\htdocs\blockbuster\vendor\codeigniter4\framework\system\CodeIgniter.php(326): CodeIgniter\CodeIgniter->handleRequest(NULL, Object(Config\Cache), false)
#9 C:\xampp\htdocs\blockbuster\public\index.php(37): CodeIgniter\CodeIgniter->run()
#10 C:\xampp\htdocs\blockbuster\vendor\codeigniter4\framework\system\Commands\Server\rewrite.php(43): require_once('C:\\xampp\\htdocs...')
#11 {main}
CRITICAL - 2025-03-30 18:45:21 --> View themes, no current section.
#0 C:\xampp\htdocs\blockbuster\app\Views\usuario\inicio.php(201): CodeIgniter\View\View->endSection()
#1 C:\xampp\htdocs\blockbuster\vendor\codeigniter4\framework\system\View\View.php(210): include('C:\\xampp\\htdocs...')
#2 C:\xampp\htdocs\blockbuster\vendor\codeigniter4\framework\system\View\View.php(213): CodeIgniter\View\View->CodeIgniter\View\{closure}()
#3 C:\xampp\htdocs\blockbuster\vendor\codeigniter4\framework\system\Common.php(1089): CodeIgniter\View\View->render('usuario/inicio', Array, true)
#4 C:\xampp\htdocs\blockbuster\app\Controllers\Usuario\InicioSesion.php(22): view('usuario/inicio', Array)
#5 C:\xampp\htdocs\blockbuster\app\Controllers\Usuario\InicioSesion.php(28): App\Controllers\Usuario\InicioSesion->create_view('usuario/inicio', Array)
#6 C:\xampp\htdocs\blockbuster\vendor\codeigniter4\framework\system\CodeIgniter.php(832): App\Controllers\Usuario\InicioSesion->index()
#7 C:\xampp\htdocs\blockbuster\vendor\codeigniter4\framework\system\CodeIgniter.php(419): CodeIgniter\CodeIgniter->runController(Object(App\Controllers\Usuario\InicioSesion))
#8 C:\xampp\htdocs\blockbuster\vendor\codeigniter4\framework\system\CodeIgniter.php(326): CodeIgniter\CodeIgniter->handleRequest(NULL, Object(Config\Cache), false)
#9 C:\xampp\htdocs\blockbuster\public\index.php(37): CodeIgniter\CodeIgniter->run()
#10 C:\xampp\htdocs\blockbuster\vendor\codeigniter4\framework\system\Commands\Server\rewrite.php(43): require_once('C:\\xampp\\htdocs...')
#11 {main}
CRITICAL - 2025-03-30 18:45:21 --> View themes, no current section.
#0 C:\xampp\htdocs\blockbuster\app\Views\usuario\inicio.php(201): CodeIgniter\View\View->endSection()
#1 C:\xampp\htdocs\blockbuster\vendor\codeigniter4\framework\system\View\View.php(210): include('C:\\xampp\\htdocs...')
#2 C:\xampp\htdocs\blockbuster\vendor\codeigniter4\framework\system\View\View.php(213): CodeIgniter\View\View->CodeIgniter\View\{closure}()
#3 C:\xampp\htdocs\blockbuster\vendor\codeigniter4\framework\system\Common.php(1089): CodeIgniter\View\View->render('usuario/inicio', Array, true)
#4 C:\xampp\htdocs\blockbuster\app\Controllers\Usuario\InicioSesion.php(22): view('usuario/inicio', Array)
#5 C:\xampp\htdocs\blockbuster\app\Controllers\Usuario\InicioSesion.php(28): App\Controllers\Usuario\InicioSesion->create_view('usuario/inicio', Array)
#6 C:\xampp\htdocs\blockbuster\vendor\codeigniter4\framework\system\CodeIgniter.php(832): App\Controllers\Usuario\InicioSesion->index()
#7 C:\xampp\htdocs\blockbuster\vendor\codeigniter4\framework\system\CodeIgniter.php(419): CodeIgniter\CodeIgniter->runController(Object(App\Controllers\Usuario\InicioSesion))
#8 C:\xampp\htdocs\blockbuster\vendor\codeigniter4\framework\system\CodeIgniter.php(326): CodeIgniter\CodeIgniter->handleRequest(NULL, Object(Config\Cache), false)
#9 C:\xampp\htdocs\blockbuster\public\index.php(37): CodeIgniter\CodeIgniter->run()
#10 C:\xampp\htdocs\blockbuster\vendor\codeigniter4\framework\system\Commands\Server\rewrite.php(43): require_once('C:\\xampp\\htdocs...')
#11 {main}
CRITICAL - 2025-03-30 18:45:59 --> View themes, no current section.
#0 C:\xampp\htdocs\blockbuster\app\Views\usuario\inicio.php(205): CodeIgniter\View\View->endSection()
#1 C:\xampp\htdocs\blockbuster\vendor\codeigniter4\framework\system\View\View.php(210): include('C:\\xampp\\htdocs...')
#2 C:\xampp\htdocs\blockbuster\vendor\codeigniter4\framework\system\View\View.php(213): CodeIgniter\View\View->CodeIgniter\View\{closure}()
#3 C:\xampp\htdocs\blockbuster\vendor\codeigniter4\framework\system\Common.php(1089): CodeIgniter\View\View->render('usuario/inicio', Array, true)
#4 C:\xampp\htdocs\blockbuster\app\Controllers\Usuario\InicioSesion.php(22): view('usuario/inicio', Array)
#5 C:\xampp\htdocs\blockbuster\app\Controllers\Usuario\InicioSesion.php(28): App\Controllers\Usuario\InicioSesion->create_view('usuario/inicio', Array)
#6 C:\xampp\htdocs\blockbuster\vendor\codeigniter4\framework\system\CodeIgniter.php(832): App\Controllers\Usuario\InicioSesion->index()
#7 C:\xampp\htdocs\blockbuster\vendor\codeigniter4\framework\system\CodeIgniter.php(419): CodeIgniter\CodeIgniter->runController(Object(App\Controllers\Usuario\InicioSesion))
#8 C:\xampp\htdocs\blockbuster\vendor\codeigniter4\framework\system\CodeIgniter.php(326): CodeIgniter\CodeIgniter->handleRequest(NULL, Object(Config\Cache), false)
#9 C:\xampp\htdocs\blockbuster\public\index.php(37): CodeIgniter\CodeIgniter->run()
#10 C:\xampp\htdocs\blockbuster\vendor\codeigniter4\framework\system\Commands\Server\rewrite.php(43): require_once('C:\\xampp\\htdocs...')
#11 {main}
CRITICAL - 2025-03-30 18:45:59 --> View themes, no current section.
#0 C:\xampp\htdocs\blockbuster\app\Views\usuario\inicio.php(205): CodeIgniter\View\View->endSection()
#1 C:\xampp\htdocs\blockbuster\vendor\codeigniter4\framework\system\View\View.php(210): include('C:\\xampp\\htdocs...')
#2 C:\xampp\htdocs\blockbuster\vendor\codeigniter4\framework\system\View\View.php(213): CodeIgniter\View\View->CodeIgniter\View\{closure}()
#3 C:\xampp\htdocs\blockbuster\vendor\codeigniter4\framework\system\Common.php(1089): CodeIgniter\View\View->render('usuario/inicio', Array, true)
#4 C:\xampp\htdocs\blockbuster\app\Controllers\Usuario\InicioSesion.php(22): view('usuario/inicio', Array)
#5 C:\xampp\htdocs\blockbuster\app\Controllers\Usuario\InicioSesion.php(28): App\Controllers\Usuario\InicioSesion->create_view('usuario/inicio', Array)
#6 C:\xampp\htdocs\blockbuster\vendor\codeigniter4\framework\system\CodeIgniter.php(832): App\Controllers\Usuario\InicioSesion->index()
#7 C:\xampp\htdocs\blockbuster\vendor\codeigniter4\framework\system\CodeIgniter.php(419): CodeIgniter\CodeIgniter->runController(Object(App\Controllers\Usuario\InicioSesion))
#8 C:\xampp\htdocs\blockbuster\vendor\codeigniter4\framework\system\CodeIgniter.php(326): CodeIgniter\CodeIgniter->handleRequest(NULL, Object(Config\Cache), false)
#9 C:\xampp\htdocs\blockbuster\public\index.php(37): CodeIgniter\CodeIgniter->run()
#10 C:\xampp\htdocs\blockbuster\vendor\codeigniter4\framework\system\Commands\Server\rewrite.php(43): require_once('C:\\xampp\\htdocs...')
#11 {main}
CRITICAL - 2025-03-30 18:45:59 --> View themes, no current section.
#0 C:\xampp\htdocs\blockbuster\app\Views\usuario\inicio.php(205): CodeIgniter\View\View->endSection()
#1 C:\xampp\htdocs\blockbuster\vendor\codeigniter4\framework\system\View\View.php(210): include('C:\\xampp\\htdocs...')
#2 C:\xampp\htdocs\blockbuster\vendor\codeigniter4\framework\system\View\View.php(213): CodeIgniter\View\View->CodeIgniter\View\{closure}()
#3 C:\xampp\htdocs\blockbuster\vendor\codeigniter4\framework\system\Common.php(1089): CodeIgniter\View\View->render('usuario/inicio', Array, true)
#4 C:\xampp\htdocs\blockbuster\app\Controllers\Usuario\InicioSesion.php(22): view('usuario/inicio', Array)
#5 C:\xampp\htdocs\blockbuster\app\Controllers\Usuario\InicioSesion.php(28): App\Controllers\Usuario\InicioSesion->create_view('usuario/inicio', Array)
#6 C:\xampp\htdocs\blockbuster\vendor\codeigniter4\framework\system\CodeIgniter.php(832): App\Controllers\Usuario\InicioSesion->index()
#7 C:\xampp\htdocs\blockbuster\vendor\codeigniter4\framework\system\CodeIgniter.php(419): CodeIgniter\CodeIgniter->runController(Object(App\Controllers\Usuario\InicioSesion))
#8 C:\xampp\htdocs\blockbuster\vendor\codeigniter4\framework\system\CodeIgniter.php(326): CodeIgniter\CodeIgniter->handleRequest(NULL, Object(Config\Cache), false)
#9 C:\xampp\htdocs\blockbuster\public\index.php(37): CodeIgniter\CodeIgniter->run()
#10 C:\xampp\htdocs\blockbuster\vendor\codeigniter4\framework\system\Commands\Server\rewrite.php(43): require_once('C:\\xampp\\htdocs...')
#11 {main}
CRITICAL - 2025-03-30 18:46:00 --> View themes, no current section.
#0 C:\xampp\htdocs\blockbuster\app\Views\usuario\inicio.php(205): CodeIgniter\View\View->endSection()
#1 C:\xampp\htdocs\blockbuster\vendor\codeigniter4\framework\system\View\View.php(210): include('C:\\xampp\\htdocs...')
#2 C:\xampp\htdocs\blockbuster\vendor\codeigniter4\framework\system\View\View.php(213): CodeIgniter\View\View->CodeIgniter\View\{closure}()
#3 C:\xampp\htdocs\blockbuster\vendor\codeigniter4\framework\system\Common.php(1089): CodeIgniter\View\View->render('usuario/inicio', Array, true)
#4 C:\xampp\htdocs\blockbuster\app\Controllers\Usuario\InicioSesion.php(22): view('usuario/inicio', Array)
#5 C:\xampp\htdocs\blockbuster\app\Controllers\Usuario\InicioSesion.php(28): App\Controllers\Usuario\InicioSesion->create_view('usuario/inicio', Array)
#6 C:\xampp\htdocs\blockbuster\vendor\codeigniter4\framework\system\CodeIgniter.php(832): App\Controllers\Usuario\InicioSesion->index()
#7 C:\xampp\htdocs\blockbuster\vendor\codeigniter4\framework\system\CodeIgniter.php(419): CodeIgniter\CodeIgniter->runController(Object(App\Controllers\Usuario\InicioSesion))
#8 C:\xampp\htdocs\blockbuster\vendor\codeigniter4\framework\system\CodeIgniter.php(326): CodeIgniter\CodeIgniter->handleRequest(NULL, Object(Config\Cache), false)
#9 C:\xampp\htdocs\blockbuster\public\index.php(37): CodeIgniter\CodeIgniter->run()
#10 C:\xampp\htdocs\blockbuster\vendor\codeigniter4\framework\system\Commands\Server\rewrite.php(43): require_once('C:\\xampp\\htdocs...')
#11 {main}
CRITICAL - 2025-03-30 18:46:00 --> View themes, no current section.
#0 C:\xampp\htdocs\blockbuster\app\Views\usuario\inicio.php(205): CodeIgniter\View\View->endSection()
#1 C:\xampp\htdocs\blockbuster\vendor\codeigniter4\framework\system\View\View.php(210): include('C:\\xampp\\htdocs...')
#2 C:\xampp\htdocs\blockbuster\vendor\codeigniter4\framework\system\View\View.php(213): CodeIgniter\View\View->CodeIgniter\View\{closure}()
#3 C:\xampp\htdocs\blockbuster\vendor\codeigniter4\framework\system\Common.php(1089): CodeIgniter\View\View->render('usuario/inicio', Array, true)
#4 C:\xampp\htdocs\blockbuster\app\Controllers\Usuario\InicioSesion.php(22): view('usuario/inicio', Array)
#5 C:\xampp\htdocs\blockbuster\app\Controllers\Usuario\InicioSesion.php(28): App\Controllers\Usuario\InicioSesion->create_view('usuario/inicio', Array)
#6 C:\xampp\htdocs\blockbuster\vendor\codeigniter4\framework\system\CodeIgniter.php(832): App\Controllers\Usuario\InicioSesion->index()
#7 C:\xampp\htdocs\blockbuster\vendor\codeigniter4\framework\system\CodeIgniter.php(419): CodeIgniter\CodeIgniter->runController(Object(App\Controllers\Usuario\InicioSesion))
#8 C:\xampp\htdocs\blockbuster\vendor\codeigniter4\framework\system\CodeIgniter.php(326): CodeIgniter\CodeIgniter->handleRequest(NULL, Object(Config\Cache), false)
#9 C:\xampp\htdocs\blockbuster\public\index.php(37): CodeIgniter\CodeIgniter->run()
#10 C:\xampp\htdocs\blockbuster\vendor\codeigniter4\framework\system\Commands\Server\rewrite.php(43): require_once('C:\\xampp\\htdocs...')
#11 {main}
