CRITICAL - 2025-03-29 18:32:26 --> Cannot use object of type stdClass as array
#0 C:\xampp\htdocs\blockbuester\vendor\codeigniter4\framework\system\View\View.php(210): include()
#1 C:\xampp\htdocs\blockbuester\vendor\codeigniter4\framework\system\View\View.php(213): CodeIgniter\View\View->CodeIgniter\View\{closure}()
#2 C:\xampp\htdocs\blockbuester\vendor\codeigniter4\framework\system\Common.php(1089): CodeIgniter\View\View->render('panel/planes', Array, true)
#3 C:\xampp\htdocs\blockbuester\app\Controllers\Panel\Planes.php(30): view('panel/planes', Array)
#4 C:\xampp\htdocs\blockbuester\app\Controllers\Panel\Planes.php(58): App\Controllers\Panel\Planes->create_view('panel/planes', Array)
#5 C:\xampp\htdocs\blockbuester\vendor\codeigniter4\framework\system\CodeIgniter.php(832): App\Controllers\Panel\Planes->index()
#6 C:\xampp\htdocs\blockbuester\vendor\codeigniter4\framework\system\CodeIgniter.php(419): CodeIgniter\CodeIgniter->runController(Object(App\Controllers\Panel\Planes))
#7 C:\xampp\htdocs\blockbuester\vendor\codeigniter4\framework\system\CodeIgniter.php(326): CodeIgniter\CodeIgniter->handleRequest(NULL, Object(Config\Cache), false)
#8 C:\xampp\htdocs\blockbuester\public\index.php(37): CodeIgniter\CodeIgniter->run()
#9 C:\xampp\htdocs\blockbuester\vendor\codeigniter4\framework\system\Commands\Server\rewrite.php(43): require_once('C:\\xampp\\htdocs...')
#10 {main}
CRITICAL - 2025-03-29 18:33:28 --> Cannot use object of type stdClass as array
#0 C:\xampp\htdocs\blockbuester\vendor\codeigniter4\framework\system\View\View.php(210): include()
#1 C:\xampp\htdocs\blockbuester\vendor\codeigniter4\framework\system\View\View.php(213): CodeIgniter\View\View->CodeIgniter\View\{closure}()
#2 C:\xampp\htdocs\blockbuester\vendor\codeigniter4\framework\system\Common.php(1089): CodeIgniter\View\View->render('panel/planes', Array, true)
#3 C:\xampp\htdocs\blockbuester\app\Controllers\Panel\Planes.php(30): view('panel/planes', Array)
#4 C:\xampp\htdocs\blockbuester\app\Controllers\Panel\Planes.php(58): App\Controllers\Panel\Planes->create_view('panel/planes', Array)
#5 C:\xampp\htdocs\blockbuester\vendor\codeigniter4\framework\system\CodeIgniter.php(832): App\Controllers\Panel\Planes->index()
#6 C:\xampp\htdocs\blockbuester\vendor\codeigniter4\framework\system\CodeIgniter.php(419): CodeIgniter\CodeIgniter->runController(Object(App\Controllers\Panel\Planes))
#7 C:\xampp\htdocs\blockbuester\vendor\codeigniter4\framework\system\CodeIgniter.php(326): CodeIgniter\CodeIgniter->handleRequest(NULL, Object(Config\Cache), false)
#8 C:\xampp\htdocs\blockbuester\public\index.php(37): CodeIgniter\CodeIgniter->run()
#9 C:\xampp\htdocs\blockbuester\vendor\codeigniter4\framework\system\Commands\Server\rewrite.php(43): require_once('C:\\xampp\\htdocs...')
#10 {main}
CRITICAL - 2025-03-29 18:38:51 --> Cannot use object of type stdClass as array
#0 C:\xampp\htdocs\blockbuester\vendor\codeigniter4\framework\system\View\View.php(210): include()
#1 C:\xampp\htdocs\blockbuester\vendor\codeigniter4\framework\system\View\View.php(213): CodeIgniter\View\View->CodeIgniter\View\{closure}()
#2 C:\xampp\htdocs\blockbuester\vendor\codeigniter4\framework\system\Common.php(1089): CodeIgniter\View\View->render('panel/planes_ed...', Array, true)
#3 C:\xampp\htdocs\blockbuester\app\Controllers\Panel\Planes.php(30): view('panel/planes_ed...', Array)
#4 C:\xampp\htdocs\blockbuester\app\Controllers\Panel\Planes.php(117): App\Controllers\Panel\Planes->create_view('panel/planes_ed...', Array)
#5 C:\xampp\htdocs\blockbuester\vendor\codeigniter4\framework\system\CodeIgniter.php(832): App\Controllers\Panel\Planes->editar('6')
#6 C:\xampp\htdocs\blockbuester\vendor\codeigniter4\framework\system\CodeIgniter.php(419): CodeIgniter\CodeIgniter->runController(Object(App\Controllers\Panel\Planes))
#7 C:\xampp\htdocs\blockbuester\vendor\codeigniter4\framework\system\CodeIgniter.php(326): CodeIgniter\CodeIgniter->handleRequest(NULL, Object(Config\Cache), false)
#8 C:\xampp\htdocs\blockbuester\public\index.php(37): CodeIgniter\CodeIgniter->run()
#9 C:\xampp\htdocs\blockbuester\vendor\codeigniter4\framework\system\Commands\Server\rewrite.php(43): require_once('C:\\xampp\\htdocs...')
#10 {main}
CRITICAL - 2025-03-29 20:50:53 --> Undefined variable: imagen_usuario
#0 C:\xampp\htdocs\blockbuester\app\Views\plantillas\panel_base.php(185): CodeIgniter\Debug\Exceptions->errorHandler(8, 'Undefined varia...', 'C:\\xampp\\htdocs...', 185, Array)
#1 C:\xampp\htdocs\blockbuester\vendor\codeigniter4\framework\system\View\View.php(210): include('C:\\xampp\\htdocs...')
#2 C:\xampp\htdocs\blockbuester\vendor\codeigniter4\framework\system\View\View.php(213): CodeIgniter\View\View->CodeIgniter\View\{closure}()
#3 C:\xampp\htdocs\blockbuester\vendor\codeigniter4\framework\system\View\View.php(226): CodeIgniter\View\View->render('plantillas/pane...', Array, true)
#4 C:\xampp\htdocs\blockbuester\vendor\codeigniter4\framework\system\Common.php(1089): CodeIgniter\View\View->render('panel/pagos', Array, true)
#5 C:\xampp\htdocs\blockbuester\app\Controllers\Panel\Pagos.php(46): view('panel/pagos', Array)
#6 C:\xampp\htdocs\blockbuester\app\Controllers\Panel\Pagos.php(54): App\Controllers\Panel\Pagos->create_view('panel/pagos', Array)
#7 C:\xampp\htdocs\blockbuester\vendor\codeigniter4\framework\system\CodeIgniter.php(832): App\Controllers\Panel\Pagos->index()
#8 C:\xampp\htdocs\blockbuester\vendor\codeigniter4\framework\system\CodeIgniter.php(419): CodeIgniter\CodeIgniter->runController(Object(App\Controllers\Panel\Pagos))
#9 C:\xampp\htdocs\blockbuester\vendor\codeigniter4\framework\system\CodeIgniter.php(326): CodeIgniter\CodeIgniter->handleRequest(NULL, Object(Config\Cache), false)
#10 C:\xampp\htdocs\blockbuester\public\index.php(37): CodeIgniter\CodeIgniter->run()
#11 C:\xampp\htdocs\blockbuester\vendor\codeigniter4\framework\system\Commands\Server\rewrite.php(43): require_once('C:\\xampp\\htdocs...')
#12 {main}
CRITICAL - 2025-03-29 20:52:08 --> Undefined variable: imagen_usuario
#0 C:\xampp\htdocs\blockbuester\app\Views\plantillas\panel_base.php(185): CodeIgniter\Debug\Exceptions->errorHandler(8, 'Undefined varia...', 'C:\\xampp\\htdocs...', 185, Array)
#1 C:\xampp\htdocs\blockbuester\vendor\codeigniter4\framework\system\View\View.php(210): include('C:\\xampp\\htdocs...')
#2 C:\xampp\htdocs\blockbuester\vendor\codeigniter4\framework\system\View\View.php(213): CodeIgniter\View\View->CodeIgniter\View\{closure}()
#3 C:\xampp\htdocs\blockbuester\vendor\codeigniter4\framework\system\View\View.php(226): CodeIgniter\View\View->render('plantillas/pane...', Array, true)
#4 C:\xampp\htdocs\blockbuester\vendor\codeigniter4\framework\system\Common.php(1089): CodeIgniter\View\View->render('panel/pagos', Array, true)
#5 C:\xampp\htdocs\blockbuester\app\Controllers\Panel\Pagos.php(46): view('panel/pagos', Array)
#6 C:\xampp\htdocs\blockbuester\app\Controllers\Panel\Pagos.php(54): App\Controllers\Panel\Pagos->create_view('panel/pagos', Array)
#7 C:\xampp\htdocs\blockbuester\vendor\codeigniter4\framework\system\CodeIgniter.php(832): App\Controllers\Panel\Pagos->index()
#8 C:\xampp\htdocs\blockbuester\vendor\codeigniter4\framework\system\CodeIgniter.php(419): CodeIgniter\CodeIgniter->runController(Object(App\Controllers\Panel\Pagos))
#9 C:\xampp\htdocs\blockbuester\vendor\codeigniter4\framework\system\CodeIgniter.php(326): CodeIgniter\CodeIgniter->handleRequest(NULL, Object(Config\Cache), false)
#10 C:\xampp\htdocs\blockbuester\public\index.php(37): CodeIgniter\CodeIgniter->run()
#11 C:\xampp\htdocs\blockbuester\vendor\codeigniter4\framework\system\Commands\Server\rewrite.php(43): require_once('C:\\xampp\\htdocs...')
#12 {main}
CRITICAL - 2025-03-29 20:52:09 --> Undefined variable: imagen_usuario
#0 C:\xampp\htdocs\blockbuester\app\Views\plantillas\panel_base.php(185): CodeIgniter\Debug\Exceptions->errorHandler(8, 'Undefined varia...', 'C:\\xampp\\htdocs...', 185, Array)
#1 C:\xampp\htdocs\blockbuester\vendor\codeigniter4\framework\system\View\View.php(210): include('C:\\xampp\\htdocs...')
#2 C:\xampp\htdocs\blockbuester\vendor\codeigniter4\framework\system\View\View.php(213): CodeIgniter\View\View->CodeIgniter\View\{closure}()
#3 C:\xampp\htdocs\blockbuester\vendor\codeigniter4\framework\system\View\View.php(226): CodeIgniter\View\View->render('plantillas/pane...', Array, true)
#4 C:\xampp\htdocs\blockbuester\vendor\codeigniter4\framework\system\Common.php(1089): CodeIgniter\View\View->render('panel/pagos', Array, true)
#5 C:\xampp\htdocs\blockbuester\app\Controllers\Panel\Pagos.php(46): view('panel/pagos', Array)
#6 C:\xampp\htdocs\blockbuester\app\Controllers\Panel\Pagos.php(54): App\Controllers\Panel\Pagos->create_view('panel/pagos', Array)
#7 C:\xampp\htdocs\blockbuester\vendor\codeigniter4\framework\system\CodeIgniter.php(832): App\Controllers\Panel\Pagos->index()
#8 C:\xampp\htdocs\blockbuester\vendor\codeigniter4\framework\system\CodeIgniter.php(419): CodeIgniter\CodeIgniter->runController(Object(App\Controllers\Panel\Pagos))
#9 C:\xampp\htdocs\blockbuester\vendor\codeigniter4\framework\system\CodeIgniter.php(326): CodeIgniter\CodeIgniter->handleRequest(NULL, Object(Config\Cache), false)
#10 C:\xampp\htdocs\blockbuester\public\index.php(37): CodeIgniter\CodeIgniter->run()
#11 C:\xampp\htdocs\blockbuester\vendor\codeigniter4\framework\system\Commands\Server\rewrite.php(43): require_once('C:\\xampp\\htdocs...')
#12 {main}
CRITICAL - 2025-03-29 20:52:09 --> Undefined variable: imagen_usuario
#0 C:\xampp\htdocs\blockbuester\app\Views\plantillas\panel_base.php(185): CodeIgniter\Debug\Exceptions->errorHandler(8, 'Undefined varia...', 'C:\\xampp\\htdocs...', 185, Array)
#1 C:\xampp\htdocs\blockbuester\vendor\codeigniter4\framework\system\View\View.php(210): include('C:\\xampp\\htdocs...')
#2 C:\xampp\htdocs\blockbuester\vendor\codeigniter4\framework\system\View\View.php(213): CodeIgniter\View\View->CodeIgniter\View\{closure}()
#3 C:\xampp\htdocs\blockbuester\vendor\codeigniter4\framework\system\View\View.php(226): CodeIgniter\View\View->render('plantillas/pane...', Array, true)
#4 C:\xampp\htdocs\blockbuester\vendor\codeigniter4\framework\system\Common.php(1089): CodeIgniter\View\View->render('panel/pagos', Array, true)
#5 C:\xampp\htdocs\blockbuester\app\Controllers\Panel\Pagos.php(46): view('panel/pagos', Array)
#6 C:\xampp\htdocs\blockbuester\app\Controllers\Panel\Pagos.php(54): App\Controllers\Panel\Pagos->create_view('panel/pagos', Array)
#7 C:\xampp\htdocs\blockbuester\vendor\codeigniter4\framework\system\CodeIgniter.php(832): App\Controllers\Panel\Pagos->index()
#8 C:\xampp\htdocs\blockbuester\vendor\codeigniter4\framework\system\CodeIgniter.php(419): CodeIgniter\CodeIgniter->runController(Object(App\Controllers\Panel\Pagos))
#9 C:\xampp\htdocs\blockbuester\vendor\codeigniter4\framework\system\CodeIgniter.php(326): CodeIgniter\CodeIgniter->handleRequest(NULL, Object(Config\Cache), false)
#10 C:\xampp\htdocs\blockbuester\public\index.php(37): CodeIgniter\CodeIgniter->run()
#11 C:\xampp\htdocs\blockbuester\vendor\codeigniter4\framework\system\Commands\Server\rewrite.php(43): require_once('C:\\xampp\\htdocs...')
#12 {main}
CRITICAL - 2025-03-29 20:52:09 --> Undefined variable: imagen_usuario
#0 C:\xampp\htdocs\blockbuester\app\Views\plantillas\panel_base.php(185): CodeIgniter\Debug\Exceptions->errorHandler(8, 'Undefined varia...', 'C:\\xampp\\htdocs...', 185, Array)
#1 C:\xampp\htdocs\blockbuester\vendor\codeigniter4\framework\system\View\View.php(210): include('C:\\xampp\\htdocs...')
#2 C:\xampp\htdocs\blockbuester\vendor\codeigniter4\framework\system\View\View.php(213): CodeIgniter\View\View->CodeIgniter\View\{closure}()
#3 C:\xampp\htdocs\blockbuester\vendor\codeigniter4\framework\system\View\View.php(226): CodeIgniter\View\View->render('plantillas/pane...', Array, true)
#4 C:\xampp\htdocs\blockbuester\vendor\codeigniter4\framework\system\Common.php(1089): CodeIgniter\View\View->render('panel/pagos', Array, true)
#5 C:\xampp\htdocs\blockbuester\app\Controllers\Panel\Pagos.php(46): view('panel/pagos', Array)
#6 C:\xampp\htdocs\blockbuester\app\Controllers\Panel\Pagos.php(54): App\Controllers\Panel\Pagos->create_view('panel/pagos', Array)
#7 C:\xampp\htdocs\blockbuester\vendor\codeigniter4\framework\system\CodeIgniter.php(832): App\Controllers\Panel\Pagos->index()
#8 C:\xampp\htdocs\blockbuester\vendor\codeigniter4\framework\system\CodeIgniter.php(419): CodeIgniter\CodeIgniter->runController(Object(App\Controllers\Panel\Pagos))
#9 C:\xampp\htdocs\blockbuester\vendor\codeigniter4\framework\system\CodeIgniter.php(326): CodeIgniter\CodeIgniter->handleRequest(NULL, Object(Config\Cache), false)
#10 C:\xampp\htdocs\blockbuester\public\index.php(37): CodeIgniter\CodeIgniter->run()
#11 C:\xampp\htdocs\blockbuester\vendor\codeigniter4\framework\system\Commands\Server\rewrite.php(43): require_once('C:\\xampp\\htdocs...')
#12 {main}
CRITICAL - 2025-03-29 20:52:10 --> Undefined variable: imagen_usuario
#0 C:\xampp\htdocs\blockbuester\app\Views\plantillas\panel_base.php(185): CodeIgniter\Debug\Exceptions->errorHandler(8, 'Undefined varia...', 'C:\\xampp\\htdocs...', 185, Array)
#1 C:\xampp\htdocs\blockbuester\vendor\codeigniter4\framework\system\View\View.php(210): include('C:\\xampp\\htdocs...')
#2 C:\xampp\htdocs\blockbuester\vendor\codeigniter4\framework\system\View\View.php(213): CodeIgniter\View\View->CodeIgniter\View\{closure}()
#3 C:\xampp\htdocs\blockbuester\vendor\codeigniter4\framework\system\View\View.php(226): CodeIgniter\View\View->render('plantillas/pane...', Array, true)
#4 C:\xampp\htdocs\blockbuester\vendor\codeigniter4\framework\system\Common.php(1089): CodeIgniter\View\View->render('panel/pagos', Array, true)
#5 C:\xampp\htdocs\blockbuester\app\Controllers\Panel\Pagos.php(46): view('panel/pagos', Array)
#6 C:\xampp\htdocs\blockbuester\app\Controllers\Panel\Pagos.php(54): App\Controllers\Panel\Pagos->create_view('panel/pagos', Array)
#7 C:\xampp\htdocs\blockbuester\vendor\codeigniter4\framework\system\CodeIgniter.php(832): App\Controllers\Panel\Pagos->index()
#8 C:\xampp\htdocs\blockbuester\vendor\codeigniter4\framework\system\CodeIgniter.php(419): CodeIgniter\CodeIgniter->runController(Object(App\Controllers\Panel\Pagos))
#9 C:\xampp\htdocs\blockbuester\vendor\codeigniter4\framework\system\CodeIgniter.php(326): CodeIgniter\CodeIgniter->handleRequest(NULL, Object(Config\Cache), false)
#10 C:\xampp\htdocs\blockbuester\public\index.php(37): CodeIgniter\CodeIgniter->run()
#11 C:\xampp\htdocs\blockbuester\vendor\codeigniter4\framework\system\Commands\Server\rewrite.php(43): require_once('C:\\xampp\\htdocs...')
#12 {main}
CRITICAL - 2025-03-29 20:52:10 --> Undefined variable: imagen_usuario
#0 C:\xampp\htdocs\blockbuester\app\Views\plantillas\panel_base.php(185): CodeIgniter\Debug\Exceptions->errorHandler(8, 'Undefined varia...', 'C:\\xampp\\htdocs...', 185, Array)
#1 C:\xampp\htdocs\blockbuester\vendor\codeigniter4\framework\system\View\View.php(210): include('C:\\xampp\\htdocs...')
#2 C:\xampp\htdocs\blockbuester\vendor\codeigniter4\framework\system\View\View.php(213): CodeIgniter\View\View->CodeIgniter\View\{closure}()
#3 C:\xampp\htdocs\blockbuester\vendor\codeigniter4\framework\system\View\View.php(226): CodeIgniter\View\View->render('plantillas/pane...', Array, true)
#4 C:\xampp\htdocs\blockbuester\vendor\codeigniter4\framework\system\Common.php(1089): CodeIgniter\View\View->render('panel/pagos', Array, true)
#5 C:\xampp\htdocs\blockbuester\app\Controllers\Panel\Pagos.php(46): view('panel/pagos', Array)
#6 C:\xampp\htdocs\blockbuester\app\Controllers\Panel\Pagos.php(54): App\Controllers\Panel\Pagos->create_view('panel/pagos', Array)
#7 C:\xampp\htdocs\blockbuester\vendor\codeigniter4\framework\system\CodeIgniter.php(832): App\Controllers\Panel\Pagos->index()
#8 C:\xampp\htdocs\blockbuester\vendor\codeigniter4\framework\system\CodeIgniter.php(419): CodeIgniter\CodeIgniter->runController(Object(App\Controllers\Panel\Pagos))
#9 C:\xampp\htdocs\blockbuester\vendor\codeigniter4\framework\system\CodeIgniter.php(326): CodeIgniter\CodeIgniter->handleRequest(NULL, Object(Config\Cache), false)
#10 C:\xampp\htdocs\blockbuester\public\index.php(37): CodeIgniter\CodeIgniter->run()
#11 C:\xampp\htdocs\blockbuester\vendor\codeigniter4\framework\system\Commands\Server\rewrite.php(43): require_once('C:\\xampp\\htdocs...')
#12 {main}
CRITICAL - 2025-03-29 20:52:10 --> Undefined variable: imagen_usuario
#0 C:\xampp\htdocs\blockbuester\app\Views\plantillas\panel_base.php(185): CodeIgniter\Debug\Exceptions->errorHandler(8, 'Undefined varia...', 'C:\\xampp\\htdocs...', 185, Array)
#1 C:\xampp\htdocs\blockbuester\vendor\codeigniter4\framework\system\View\View.php(210): include('C:\\xampp\\htdocs...')
#2 C:\xampp\htdocs\blockbuester\vendor\codeigniter4\framework\system\View\View.php(213): CodeIgniter\View\View->CodeIgniter\View\{closure}()
#3 C:\xampp\htdocs\blockbuester\vendor\codeigniter4\framework\system\View\View.php(226): CodeIgniter\View\View->render('plantillas/pane...', Array, true)
#4 C:\xampp\htdocs\blockbuester\vendor\codeigniter4\framework\system\Common.php(1089): CodeIgniter\View\View->render('panel/pagos', Array, true)
#5 C:\xampp\htdocs\blockbuester\app\Controllers\Panel\Pagos.php(46): view('panel/pagos', Array)
#6 C:\xampp\htdocs\blockbuester\app\Controllers\Panel\Pagos.php(54): App\Controllers\Panel\Pagos->create_view('panel/pagos', Array)
#7 C:\xampp\htdocs\blockbuester\vendor\codeigniter4\framework\system\CodeIgniter.php(832): App\Controllers\Panel\Pagos->index()
#8 C:\xampp\htdocs\blockbuester\vendor\codeigniter4\framework\system\CodeIgniter.php(419): CodeIgniter\CodeIgniter->runController(Object(App\Controllers\Panel\Pagos))
#9 C:\xampp\htdocs\blockbuester\vendor\codeigniter4\framework\system\CodeIgniter.php(326): CodeIgniter\CodeIgniter->handleRequest(NULL, Object(Config\Cache), false)
#10 C:\xampp\htdocs\blockbuester\public\index.php(37): CodeIgniter\CodeIgniter->run()
#11 C:\xampp\htdocs\blockbuester\vendor\codeigniter4\framework\system\Commands\Server\rewrite.php(43): require_once('C:\\xampp\\htdocs...')
#12 {main}
CRITICAL - 2025-03-29 21:27:03 --> Cannot use object of type stdClass as array
#0 C:\xampp\htdocs\blockbuester\vendor\codeigniter4\framework\system\View\View.php(210): include()
#1 C:\xampp\htdocs\blockbuester\vendor\codeigniter4\framework\system\View\View.php(213): CodeIgniter\View\View->CodeIgniter\View\{closure}()
#2 C:\xampp\htdocs\blockbuester\vendor\codeigniter4\framework\system\Common.php(1089): CodeIgniter\View\View->render('panel/streaming', Array, true)
#3 C:\xampp\htdocs\blockbuester\app\Controllers\Panel\Streaming.php(58): view('panel/streaming', Array)
#4 C:\xampp\htdocs\blockbuester\app\Controllers\Panel\Streaming.php(64): App\Controllers\Panel\Streaming->create_view('panel/streaming', Array)
#5 C:\xampp\htdocs\blockbuester\vendor\codeigniter4\framework\system\CodeIgniter.php(832): App\Controllers\Panel\Streaming->index()
#6 C:\xampp\htdocs\blockbuester\vendor\codeigniter4\framework\system\CodeIgniter.php(419): CodeIgniter\CodeIgniter->runController(Object(App\Controllers\Panel\Streaming))
#7 C:\xampp\htdocs\blockbuester\vendor\codeigniter4\framework\system\CodeIgniter.php(326): CodeIgniter\CodeIgniter->handleRequest(NULL, Object(Config\Cache), false)
#8 C:\xampp\htdocs\blockbuester\public\index.php(37): CodeIgniter\CodeIgniter->run()
#9 C:\xampp\htdocs\blockbuester\vendor\codeigniter4\framework\system\Commands\Server\rewrite.php(43): require_once('C:\\xampp\\htdocs...')
#10 {main}
CRITICAL - 2025-03-29 21:27:08 --> Cannot use object of type stdClass as array
#0 C:\xampp\htdocs\blockbuester\vendor\codeigniter4\framework\system\View\View.php(210): include()
#1 C:\xampp\htdocs\blockbuester\vendor\codeigniter4\framework\system\View\View.php(213): CodeIgniter\View\View->CodeIgniter\View\{closure}()
#2 C:\xampp\htdocs\blockbuester\vendor\codeigniter4\framework\system\Common.php(1089): CodeIgniter\View\View->render('panel/streaming', Array, true)
#3 C:\xampp\htdocs\blockbuester\app\Controllers\Panel\Streaming.php(58): view('panel/streaming', Array)
#4 C:\xampp\htdocs\blockbuester\app\Controllers\Panel\Streaming.php(64): App\Controllers\Panel\Streaming->create_view('panel/streaming', Array)
#5 C:\xampp\htdocs\blockbuester\vendor\codeigniter4\framework\system\CodeIgniter.php(832): App\Controllers\Panel\Streaming->index()
#6 C:\xampp\htdocs\blockbuester\vendor\codeigniter4\framework\system\CodeIgniter.php(419): CodeIgniter\CodeIgniter->runController(Object(App\Controllers\Panel\Streaming))
#7 C:\xampp\htdocs\blockbuester\vendor\codeigniter4\framework\system\CodeIgniter.php(326): CodeIgniter\CodeIgniter->handleRequest(NULL, Object(Config\Cache), false)
#8 C:\xampp\htdocs\blockbuester\public\index.php(37): CodeIgniter\CodeIgniter->run()
#9 C:\xampp\htdocs\blockbuester\vendor\codeigniter4\framework\system\Commands\Server\rewrite.php(43): require_once('C:\\xampp\\htdocs...')
#10 {main}
CRITICAL - 2025-03-29 21:27:12 --> Cannot use object of type stdClass as array
#0 C:\xampp\htdocs\blockbuester\vendor\codeigniter4\framework\system\View\View.php(210): include()
#1 C:\xampp\htdocs\blockbuester\vendor\codeigniter4\framework\system\View\View.php(213): CodeIgniter\View\View->CodeIgniter\View\{closure}()
#2 C:\xampp\htdocs\blockbuester\vendor\codeigniter4\framework\system\Common.php(1089): CodeIgniter\View\View->render('panel/videos', Array, true)
#3 C:\xampp\htdocs\blockbuester\app\Controllers\Panel\Videos.php(54): view('panel/videos', Array)
#4 C:\xampp\htdocs\blockbuester\app\Controllers\Panel\Videos.php(79): App\Controllers\Panel\Videos->create_view('panel/videos', Array)
#5 C:\xampp\htdocs\blockbuester\vendor\codeigniter4\framework\system\CodeIgniter.php(832): App\Controllers\Panel\Videos->index()
#6 C:\xampp\htdocs\blockbuester\vendor\codeigniter4\framework\system\CodeIgniter.php(419): CodeIgniter\CodeIgniter->runController(Object(App\Controllers\Panel\Videos))
#7 C:\xampp\htdocs\blockbuester\vendor\codeigniter4\framework\system\CodeIgniter.php(326): CodeIgniter\CodeIgniter->handleRequest(NULL, Object(Config\Cache), false)
#8 C:\xampp\htdocs\blockbuester\public\index.php(37): CodeIgniter\CodeIgniter->run()
#9 C:\xampp\htdocs\blockbuester\vendor\codeigniter4\framework\system\Commands\Server\rewrite.php(43): require_once('C:\\xampp\\htdocs...')
#10 {main}
CRITICAL - 2025-03-29 21:27:18 --> Cannot use object of type stdClass as array
#0 C:\xampp\htdocs\blockbuester\vendor\codeigniter4\framework\system\View\View.php(210): include()
#1 C:\xampp\htdocs\blockbuester\vendor\codeigniter4\framework\system\View\View.php(213): CodeIgniter\View\View->CodeIgniter\View\{closure}()
#2 C:\xampp\htdocs\blockbuester\vendor\codeigniter4\framework\system\Common.php(1089): CodeIgniter\View\View->render('panel/videos', Array, true)
#3 C:\xampp\htdocs\blockbuester\app\Controllers\Panel\Videos.php(54): view('panel/videos', Array)
#4 C:\xampp\htdocs\blockbuester\app\Controllers\Panel\Videos.php(79): App\Controllers\Panel\Videos->create_view('panel/videos', Array)
#5 C:\xampp\htdocs\blockbuester\vendor\codeigniter4\framework\system\CodeIgniter.php(832): App\Controllers\Panel\Videos->index()
#6 C:\xampp\htdocs\blockbuester\vendor\codeigniter4\framework\system\CodeIgniter.php(419): CodeIgniter\CodeIgniter->runController(Object(App\Controllers\Panel\Videos))
#7 C:\xampp\htdocs\blockbuester\vendor\codeigniter4\framework\system\CodeIgniter.php(326): CodeIgniter\CodeIgniter->handleRequest(NULL, Object(Config\Cache), false)
#8 C:\xampp\htdocs\blockbuester\public\index.php(37): CodeIgniter\CodeIgniter->run()
#9 C:\xampp\htdocs\blockbuester\vendor\codeigniter4\framework\system\Commands\Server\rewrite.php(43): require_once('C:\\xampp\\htdocs...')
#10 {main}
CRITICAL - 2025-03-29 21:29:15 --> Cannot use object of type stdClass as array
#0 C:\xampp\htdocs\blockbuester\vendor\codeigniter4\framework\system\View\View.php(210): include()
#1 C:\xampp\htdocs\blockbuester\vendor\codeigniter4\framework\system\View\View.php(213): CodeIgniter\View\View->CodeIgniter\View\{closure}()
#2 C:\xampp\htdocs\blockbuester\vendor\codeigniter4\framework\system\Common.php(1089): CodeIgniter\View\View->render('panel/videos', Array, true)
#3 C:\xampp\htdocs\blockbuester\app\Controllers\Panel\Videos.php(54): view('panel/videos', Array)
#4 C:\xampp\htdocs\blockbuester\app\Controllers\Panel\Videos.php(79): App\Controllers\Panel\Videos->create_view('panel/videos', Array)
#5 C:\xampp\htdocs\blockbuester\vendor\codeigniter4\framework\system\CodeIgniter.php(832): App\Controllers\Panel\Videos->index()
#6 C:\xampp\htdocs\blockbuester\vendor\codeigniter4\framework\system\CodeIgniter.php(419): CodeIgniter\CodeIgniter->runController(Object(App\Controllers\Panel\Videos))
#7 C:\xampp\htdocs\blockbuester\vendor\codeigniter4\framework\system\CodeIgniter.php(326): CodeIgniter\CodeIgniter->handleRequest(NULL, Object(Config\Cache), false)
#8 C:\xampp\htdocs\blockbuester\public\index.php(37): CodeIgniter\CodeIgniter->run()
#9 C:\xampp\htdocs\blockbuester\vendor\codeigniter4\framework\system\Commands\Server\rewrite.php(43): require_once('C:\\xampp\\htdocs...')
#10 {main}
CRITICAL - 2025-03-29 21:29:31 --> Cannot use object of type stdClass as array
#0 C:\xampp\htdocs\blockbuester\vendor\codeigniter4\framework\system\View\View.php(210): include()
#1 C:\xampp\htdocs\blockbuester\vendor\codeigniter4\framework\system\View\View.php(213): CodeIgniter\View\View->CodeIgniter\View\{closure}()
#2 C:\xampp\htdocs\blockbuester\vendor\codeigniter4\framework\system\Common.php(1089): CodeIgniter\View\View->render('panel/videos', Array, true)
#3 C:\xampp\htdocs\blockbuester\app\Controllers\Panel\Videos.php(54): view('panel/videos', Array)
#4 C:\xampp\htdocs\blockbuester\app\Controllers\Panel\Videos.php(79): App\Controllers\Panel\Videos->create_view('panel/videos', Array)
#5 C:\xampp\htdocs\blockbuester\vendor\codeigniter4\framework\system\CodeIgniter.php(832): App\Controllers\Panel\Videos->index()
#6 C:\xampp\htdocs\blockbuester\vendor\codeigniter4\framework\system\CodeIgniter.php(419): CodeIgniter\CodeIgniter->runController(Object(App\Controllers\Panel\Videos))
#7 C:\xampp\htdocs\blockbuester\vendor\codeigniter4\framework\system\CodeIgniter.php(326): CodeIgniter\CodeIgniter->handleRequest(NULL, Object(Config\Cache), false)
#8 C:\xampp\htdocs\blockbuester\public\index.php(37): CodeIgniter\CodeIgniter->run()
#9 C:\xampp\htdocs\blockbuester\vendor\codeigniter4\framework\system\Commands\Server\rewrite.php(43): require_once('C:\\xampp\\htdocs...')
#10 {main}
CRITICAL - 2025-03-29 21:29:32 --> Cannot use object of type stdClass as array
#0 C:\xampp\htdocs\blockbuester\vendor\codeigniter4\framework\system\View\View.php(210): include()
#1 C:\xampp\htdocs\blockbuester\vendor\codeigniter4\framework\system\View\View.php(213): CodeIgniter\View\View->CodeIgniter\View\{closure}()
#2 C:\xampp\htdocs\blockbuester\vendor\codeigniter4\framework\system\Common.php(1089): CodeIgniter\View\View->render('panel/videos', Array, true)
#3 C:\xampp\htdocs\blockbuester\app\Controllers\Panel\Videos.php(54): view('panel/videos', Array)
#4 C:\xampp\htdocs\blockbuester\app\Controllers\Panel\Videos.php(79): App\Controllers\Panel\Videos->create_view('panel/videos', Array)
#5 C:\xampp\htdocs\blockbuester\vendor\codeigniter4\framework\system\CodeIgniter.php(832): App\Controllers\Panel\Videos->index()
#6 C:\xampp\htdocs\blockbuester\vendor\codeigniter4\framework\system\CodeIgniter.php(419): CodeIgniter\CodeIgniter->runController(Object(App\Controllers\Panel\Videos))
#7 C:\xampp\htdocs\blockbuester\vendor\codeigniter4\framework\system\CodeIgniter.php(326): CodeIgniter\CodeIgniter->handleRequest(NULL, Object(Config\Cache), false)
#8 C:\xampp\htdocs\blockbuester\public\index.php(37): CodeIgniter\CodeIgniter->run()
#9 C:\xampp\htdocs\blockbuester\vendor\codeigniter4\framework\system\Commands\Server\rewrite.php(43): require_once('C:\\xampp\\htdocs...')
#10 {main}
CRITICAL - 2025-03-29 21:29:33 --> Cannot use object of type stdClass as array
#0 C:\xampp\htdocs\blockbuester\vendor\codeigniter4\framework\system\View\View.php(210): include()
#1 C:\xampp\htdocs\blockbuester\vendor\codeigniter4\framework\system\View\View.php(213): CodeIgniter\View\View->CodeIgniter\View\{closure}()
#2 C:\xampp\htdocs\blockbuester\vendor\codeigniter4\framework\system\Common.php(1089): CodeIgniter\View\View->render('panel/videos', Array, true)
#3 C:\xampp\htdocs\blockbuester\app\Controllers\Panel\Videos.php(54): view('panel/videos', Array)
#4 C:\xampp\htdocs\blockbuester\app\Controllers\Panel\Videos.php(79): App\Controllers\Panel\Videos->create_view('panel/videos', Array)
#5 C:\xampp\htdocs\blockbuester\vendor\codeigniter4\framework\system\CodeIgniter.php(832): App\Controllers\Panel\Videos->index()
#6 C:\xampp\htdocs\blockbuester\vendor\codeigniter4\framework\system\CodeIgniter.php(419): CodeIgniter\CodeIgniter->runController(Object(App\Controllers\Panel\Videos))
#7 C:\xampp\htdocs\blockbuester\vendor\codeigniter4\framework\system\CodeIgniter.php(326): CodeIgniter\CodeIgniter->handleRequest(NULL, Object(Config\Cache), false)
#8 C:\xampp\htdocs\blockbuester\public\index.php(37): CodeIgniter\CodeIgniter->run()
#9 C:\xampp\htdocs\blockbuester\vendor\codeigniter4\framework\system\Commands\Server\rewrite.php(43): require_once('C:\\xampp\\htdocs...')
#10 {main}
CRITICAL - 2025-03-29 21:30:12 --> Cannot use object of type stdClass as array
#0 C:\xampp\htdocs\blockbuester\vendor\codeigniter4\framework\system\View\View.php(210): include()
#1 C:\xampp\htdocs\blockbuester\vendor\codeigniter4\framework\system\View\View.php(213): CodeIgniter\View\View->CodeIgniter\View\{closure}()
#2 C:\xampp\htdocs\blockbuester\vendor\codeigniter4\framework\system\Common.php(1089): CodeIgniter\View\View->render('panel/streaming', Array, true)
#3 C:\xampp\htdocs\blockbuester\app\Controllers\Panel\Streaming.php(58): view('panel/streaming', Array)
#4 C:\xampp\htdocs\blockbuester\app\Controllers\Panel\Streaming.php(64): App\Controllers\Panel\Streaming->create_view('panel/streaming', Array)
#5 C:\xampp\htdocs\blockbuester\vendor\codeigniter4\framework\system\CodeIgniter.php(832): App\Controllers\Panel\Streaming->index()
#6 C:\xampp\htdocs\blockbuester\vendor\codeigniter4\framework\system\CodeIgniter.php(419): CodeIgniter\CodeIgniter->runController(Object(App\Controllers\Panel\Streaming))
#7 C:\xampp\htdocs\blockbuester\vendor\codeigniter4\framework\system\CodeIgniter.php(326): CodeIgniter\CodeIgniter->handleRequest(NULL, Object(Config\Cache), false)
#8 C:\xampp\htdocs\blockbuester\public\index.php(37): CodeIgniter\CodeIgniter->run()
#9 C:\xampp\htdocs\blockbuester\vendor\codeigniter4\framework\system\Commands\Server\rewrite.php(43): require_once('C:\\xampp\\htdocs...')
#10 {main}
CRITICAL - 2025-03-29 21:31:42 --> Cannot use object of type stdClass as array
#0 C:\xampp\htdocs\blockbuester\vendor\codeigniter4\framework\system\View\View.php(210): include()
#1 C:\xampp\htdocs\blockbuester\vendor\codeigniter4\framework\system\View\View.php(213): CodeIgniter\View\View->CodeIgniter\View\{closure}()
#2 C:\xampp\htdocs\blockbuester\vendor\codeigniter4\framework\system\Common.php(1089): CodeIgniter\View\View->render('panel/videos', Array, true)
#3 C:\xampp\htdocs\blockbuester\app\Controllers\Panel\Videos.php(54): view('panel/videos', Array)
#4 C:\xampp\htdocs\blockbuester\app\Controllers\Panel\Videos.php(79): App\Controllers\Panel\Videos->create_view('panel/videos', Array)
#5 C:\xampp\htdocs\blockbuester\vendor\codeigniter4\framework\system\CodeIgniter.php(832): App\Controllers\Panel\Videos->index()
#6 C:\xampp\htdocs\blockbuester\vendor\codeigniter4\framework\system\CodeIgniter.php(419): CodeIgniter\CodeIgniter->runController(Object(App\Controllers\Panel\Videos))
#7 C:\xampp\htdocs\blockbuester\vendor\codeigniter4\framework\system\CodeIgniter.php(326): CodeIgniter\CodeIgniter->handleRequest(NULL, Object(Config\Cache), false)
#8 C:\xampp\htdocs\blockbuester\public\index.php(37): CodeIgniter\CodeIgniter->run()
#9 C:\xampp\htdocs\blockbuester\vendor\codeigniter4\framework\system\Commands\Server\rewrite.php(43): require_once('C:\\xampp\\htdocs...')
#10 {main}
CRITICAL - 2025-03-29 21:32:05 --> Cannot use object of type stdClass as array
#0 C:\xampp\htdocs\blockbuester\vendor\codeigniter4\framework\system\View\View.php(210): include()
#1 C:\xampp\htdocs\blockbuester\vendor\codeigniter4\framework\system\View\View.php(213): CodeIgniter\View\View->CodeIgniter\View\{closure}()
#2 C:\xampp\htdocs\blockbuester\vendor\codeigniter4\framework\system\Common.php(1089): CodeIgniter\View\View->render('panel/videos', Array, true)
#3 C:\xampp\htdocs\blockbuester\app\Controllers\Panel\Videos.php(54): view('panel/videos', Array)
#4 C:\xampp\htdocs\blockbuester\app\Controllers\Panel\Videos.php(79): App\Controllers\Panel\Videos->create_view('panel/videos', Array)
#5 C:\xampp\htdocs\blockbuester\vendor\codeigniter4\framework\system\CodeIgniter.php(832): App\Controllers\Panel\Videos->index()
#6 C:\xampp\htdocs\blockbuester\vendor\codeigniter4\framework\system\CodeIgniter.php(419): CodeIgniter\CodeIgniter->runController(Object(App\Controllers\Panel\Videos))
#7 C:\xampp\htdocs\blockbuester\vendor\codeigniter4\framework\system\CodeIgniter.php(326): CodeIgniter\CodeIgniter->handleRequest(NULL, Object(Config\Cache), false)
#8 C:\xampp\htdocs\blockbuester\public\index.php(37): CodeIgniter\CodeIgniter->run()
#9 C:\xampp\htdocs\blockbuester\vendor\codeigniter4\framework\system\Commands\Server\rewrite.php(43): require_once('C:\\xampp\\htdocs...')
#10 {main}
CRITICAL - 2025-03-29 21:35:09 --> Cannot use object of type stdClass as array
#0 C:\xampp\htdocs\blockbuester\vendor\codeigniter4\framework\system\View\View.php(210): include()
#1 C:\xampp\htdocs\blockbuester\vendor\codeigniter4\framework\system\View\View.php(213): CodeIgniter\View\View->CodeIgniter\View\{closure}()
#2 C:\xampp\htdocs\blockbuester\vendor\codeigniter4\framework\system\Common.php(1089): CodeIgniter\View\View->render('panel/usuarios_...', Array, true)
#3 C:\xampp\htdocs\blockbuester\app\Controllers\Panel\Usuarios_Planes.php(32): view('panel/usuarios_...', Array)
#4 C:\xampp\htdocs\blockbuester\app\Controllers\Panel\Usuarios_Planes.php(82): App\Controllers\Panel\Usuarios_Planes->create_view('panel/usuarios_...', Array)
#5 C:\xampp\htdocs\blockbuester\vendor\codeigniter4\framework\system\CodeIgniter.php(832): App\Controllers\Panel\Usuarios_Planes->nuevo()
#6 C:\xampp\htdocs\blockbuester\vendor\codeigniter4\framework\system\CodeIgniter.php(419): CodeIgniter\CodeIgniter->runController(Object(App\Controllers\Panel\Usuarios_Planes))
#7 C:\xampp\htdocs\blockbuester\vendor\codeigniter4\framework\system\CodeIgniter.php(326): CodeIgniter\CodeIgniter->handleRequest(NULL, Object(Config\Cache), false)
#8 C:\xampp\htdocs\blockbuester\public\index.php(37): CodeIgniter\CodeIgniter->run()
#9 C:\xampp\htdocs\blockbuester\vendor\codeigniter4\framework\system\Commands\Server\rewrite.php(43): require_once('C:\\xampp\\htdocs...')
#10 {main}
CRITICAL - 2025-03-29 21:35:26 --> Cannot use object of type stdClass as array
#0 C:\xampp\htdocs\blockbuester\vendor\codeigniter4\framework\system\View\View.php(210): include()
#1 C:\xampp\htdocs\blockbuester\vendor\codeigniter4\framework\system\View\View.php(213): CodeIgniter\View\View->CodeIgniter\View\{closure}()
#2 C:\xampp\htdocs\blockbuester\vendor\codeigniter4\framework\system\Common.php(1089): CodeIgniter\View\View->render('panel/usuarios_...', Array, true)
#3 C:\xampp\htdocs\blockbuester\app\Controllers\Panel\Usuarios_Planes.php(32): view('panel/usuarios_...', Array)
#4 C:\xampp\htdocs\blockbuester\app\Controllers\Panel\Usuarios_Planes.php(82): App\Controllers\Panel\Usuarios_Planes->create_view('panel/usuarios_...', Array)
#5 C:\xampp\htdocs\blockbuester\vendor\codeigniter4\framework\system\CodeIgniter.php(832): App\Controllers\Panel\Usuarios_Planes->nuevo()
#6 C:\xampp\htdocs\blockbuester\vendor\codeigniter4\framework\system\CodeIgniter.php(419): CodeIgniter\CodeIgniter->runController(Object(App\Controllers\Panel\Usuarios_Planes))
#7 C:\xampp\htdocs\blockbuester\vendor\codeigniter4\framework\system\CodeIgniter.php(326): CodeIgniter\CodeIgniter->handleRequest(NULL, Object(Config\Cache), false)
#8 C:\xampp\htdocs\blockbuester\public\index.php(37): CodeIgniter\CodeIgniter->run()
#9 C:\xampp\htdocs\blockbuester\vendor\codeigniter4\framework\system\Commands\Server\rewrite.php(43): require_once('C:\\xampp\\htdocs...')
#10 {main}
CRITICAL - 2025-03-29 21:35:37 --> Cannot use object of type stdClass as array
#0 C:\xampp\htdocs\blockbuester\vendor\codeigniter4\framework\system\View\View.php(210): include()
#1 C:\xampp\htdocs\blockbuester\vendor\codeigniter4\framework\system\View\View.php(213): CodeIgniter\View\View->CodeIgniter\View\{closure}()
#2 C:\xampp\htdocs\blockbuester\vendor\codeigniter4\framework\system\Common.php(1089): CodeIgniter\View\View->render('panel/usuarios_...', Array, true)
#3 C:\xampp\htdocs\blockbuester\app\Controllers\Panel\Usuarios_Planes.php(32): view('panel/usuarios_...', Array)
#4 C:\xampp\htdocs\blockbuester\app\Controllers\Panel\Usuarios_Planes.php(82): App\Controllers\Panel\Usuarios_Planes->create_view('panel/usuarios_...', Array)
#5 C:\xampp\htdocs\blockbuester\vendor\codeigniter4\framework\system\CodeIgniter.php(832): App\Controllers\Panel\Usuarios_Planes->nuevo()
#6 C:\xampp\htdocs\blockbuester\vendor\codeigniter4\framework\system\CodeIgniter.php(419): CodeIgniter\CodeIgniter->runController(Object(App\Controllers\Panel\Usuarios_Planes))
#7 C:\xampp\htdocs\blockbuester\vendor\codeigniter4\framework\system\CodeIgniter.php(326): CodeIgniter\CodeIgniter->handleRequest(NULL, Object(Config\Cache), false)
#8 C:\xampp\htdocs\blockbuester\public\index.php(37): CodeIgniter\CodeIgniter->run()
#9 C:\xampp\htdocs\blockbuester\vendor\codeigniter4\framework\system\Commands\Server\rewrite.php(43): require_once('C:\\xampp\\htdocs...')
#10 {main}
CRITICAL - 2025-03-29 21:39:26 --> Cannot use object of type stdClass as array
#0 C:\xampp\htdocs\blockbuester\vendor\codeigniter4\framework\system\View\View.php(210): include()
#1 C:\xampp\htdocs\blockbuester\vendor\codeigniter4\framework\system\View\View.php(213): CodeIgniter\View\View->CodeIgniter\View\{closure}()
#2 C:\xampp\htdocs\blockbuester\vendor\codeigniter4\framework\system\Common.php(1089): CodeIgniter\View\View->render('panel/streaming...', Array, true)
#3 C:\xampp\htdocs\blockbuester\app\Controllers\Panel\Streaming.php(58): view('panel/streaming...', Array)
#4 C:\xampp\htdocs\blockbuester\app\Controllers\Panel\Streaming.php(135): App\Controllers\Panel\Streaming->create_view('panel/streaming...', Array)
#5 C:\xampp\htdocs\blockbuester\vendor\codeigniter4\framework\system\CodeIgniter.php(832): App\Controllers\Panel\Streaming->editar('5')
#6 C:\xampp\htdocs\blockbuester\vendor\codeigniter4\framework\system\CodeIgniter.php(419): CodeIgniter\CodeIgniter->runController(Object(App\Controllers\Panel\Streaming))
#7 C:\xampp\htdocs\blockbuester\vendor\codeigniter4\framework\system\CodeIgniter.php(326): CodeIgniter\CodeIgniter->handleRequest(NULL, Object(Config\Cache), false)
#8 C:\xampp\htdocs\blockbuester\public\index.php(37): CodeIgniter\CodeIgniter->run()
#9 C:\xampp\htdocs\blockbuester\vendor\codeigniter4\framework\system\Commands\Server\rewrite.php(43): require_once('C:\\xampp\\htdocs...')
#10 {main}
CRITICAL - 2025-03-29 21:40:41 --> Cannot use object of type stdClass as array
#0 C:\xampp\htdocs\blockbuester\vendor\codeigniter4\framework\system\View\View.php(210): include()
#1 C:\xampp\htdocs\blockbuester\vendor\codeigniter4\framework\system\View\View.php(213): CodeIgniter\View\View->CodeIgniter\View\{closure}()
#2 C:\xampp\htdocs\blockbuester\vendor\codeigniter4\framework\system\Common.php(1089): CodeIgniter\View\View->render('panel/usuarios_...', Array, true)
#3 C:\xampp\htdocs\blockbuester\app\Controllers\Panel\Usuarios_Planes.php(32): view('panel/usuarios_...', Array)
#4 C:\xampp\htdocs\blockbuester\app\Controllers\Panel\Usuarios_Planes.php(137): App\Controllers\Panel\Usuarios_Planes->create_view('panel/usuarios_...', Array)
#5 C:\xampp\htdocs\blockbuester\vendor\codeigniter4\framework\system\CodeIgniter.php(832): App\Controllers\Panel\Usuarios_Planes->editar('3')
#6 C:\xampp\htdocs\blockbuester\vendor\codeigniter4\framework\system\CodeIgniter.php(419): CodeIgniter\CodeIgniter->runController(Object(App\Controllers\Panel\Usuarios_Planes))
#7 C:\xampp\htdocs\blockbuester\vendor\codeigniter4\framework\system\CodeIgniter.php(326): CodeIgniter\CodeIgniter->handleRequest(NULL, Object(Config\Cache), false)
#8 C:\xampp\htdocs\blockbuester\public\index.php(37): CodeIgniter\CodeIgniter->run()
#9 C:\xampp\htdocs\blockbuester\vendor\codeigniter4\framework\system\Commands\Server\rewrite.php(43): require_once('C:\\xampp\\htdocs...')
#10 {main}
CRITICAL - 2025-03-29 21:42:57 --> Cannot use object of type stdClass as array
#0 C:\xampp\htdocs\blockbuester\vendor\codeigniter4\framework\system\View\View.php(210): include()
#1 C:\xampp\htdocs\blockbuester\vendor\codeigniter4\framework\system\View\View.php(213): CodeIgniter\View\View->CodeIgniter\View\{closure}()
#2 C:\xampp\htdocs\blockbuester\vendor\codeigniter4\framework\system\Common.php(1089): CodeIgniter\View\View->render('panel/usuarios_...', Array, true)
#3 C:\xampp\htdocs\blockbuester\app\Controllers\Panel\Usuarios_Planes.php(32): view('panel/usuarios_...', Array)
#4 C:\xampp\htdocs\blockbuester\app\Controllers\Panel\Usuarios_Planes.php(137): App\Controllers\Panel\Usuarios_Planes->create_view('panel/usuarios_...', Array)
#5 C:\xampp\htdocs\blockbuester\vendor\codeigniter4\framework\system\CodeIgniter.php(832): App\Controllers\Panel\Usuarios_Planes->editar('3')
#6 C:\xampp\htdocs\blockbuester\vendor\codeigniter4\framework\system\CodeIgniter.php(419): CodeIgniter\CodeIgniter->runController(Object(App\Controllers\Panel\Usuarios_Planes))
#7 C:\xampp\htdocs\blockbuester\vendor\codeigniter4\framework\system\CodeIgniter.php(326): CodeIgniter\CodeIgniter->handleRequest(NULL, Object(Config\Cache), false)
#8 C:\xampp\htdocs\blockbuester\public\index.php(37): CodeIgniter\CodeIgniter->run()
#9 C:\xampp\htdocs\blockbuester\vendor\codeigniter4\framework\system\Commands\Server\rewrite.php(43): require_once('C:\\xampp\\htdocs...')
#10 {main}
CRITICAL - 2025-03-29 21:47:00 --> Trying to get property 'id_usuario_plan' of non-object
#0 C:\xampp\htdocs\blockbuester\app\Views\panel\usuarios_planes_editar.php(11): CodeIgniter\Debug\Exceptions->errorHandler(8, 'Trying to get p...', 'C:\\xampp\\htdocs...', 11, Array)
#1 C:\xampp\htdocs\blockbuester\vendor\codeigniter4\framework\system\View\View.php(210): include('C:\\xampp\\htdocs...')
#2 C:\xampp\htdocs\blockbuester\vendor\codeigniter4\framework\system\View\View.php(213): CodeIgniter\View\View->CodeIgniter\View\{closure}()
#3 C:\xampp\htdocs\blockbuester\vendor\codeigniter4\framework\system\Common.php(1089): CodeIgniter\View\View->render('panel/usuarios_...', Array, true)
#4 C:\xampp\htdocs\blockbuester\app\Controllers\Panel\Usuarios_Planes.php(32): view('panel/usuarios_...', Array)
#5 C:\xampp\htdocs\blockbuester\app\Controllers\Panel\Usuarios_Planes.php(137): App\Controllers\Panel\Usuarios_Planes->create_view('panel/usuarios_...', Array)
#6 C:\xampp\htdocs\blockbuester\vendor\codeigniter4\framework\system\CodeIgniter.php(832): App\Controllers\Panel\Usuarios_Planes->editar('3')
#7 C:\xampp\htdocs\blockbuester\vendor\codeigniter4\framework\system\CodeIgniter.php(419): CodeIgniter\CodeIgniter->runController(Object(App\Controllers\Panel\Usuarios_Planes))
#8 C:\xampp\htdocs\blockbuester\vendor\codeigniter4\framework\system\CodeIgniter.php(326): CodeIgniter\CodeIgniter->handleRequest(NULL, Object(Config\Cache), false)
#9 C:\xampp\htdocs\blockbuester\public\index.php(37): CodeIgniter\CodeIgniter->run()
#10 C:\xampp\htdocs\blockbuester\vendor\codeigniter4\framework\system\Commands\Server\rewrite.php(43): require_once('C:\\xampp\\htdocs...')
#11 {main}
CRITICAL - 2025-03-29 21:56:38 --> Trying to get property 'id_usuario_plan' of non-object
#0 C:\xampp\htdocs\blockbuester\app\Views\panel\usuarios_planes_editar.php(11): CodeIgniter\Debug\Exceptions->errorHandler(8, 'Trying to get p...', 'C:\\xampp\\htdocs...', 11, Array)
#1 C:\xampp\htdocs\blockbuester\vendor\codeigniter4\framework\system\View\View.php(210): include('C:\\xampp\\htdocs...')
#2 C:\xampp\htdocs\blockbuester\vendor\codeigniter4\framework\system\View\View.php(213): CodeIgniter\View\View->CodeIgniter\View\{closure}()
#3 C:\xampp\htdocs\blockbuester\vendor\codeigniter4\framework\system\Common.php(1089): CodeIgniter\View\View->render('panel/usuarios_...', Array, true)
#4 C:\xampp\htdocs\blockbuester\app\Controllers\Panel\Usuarios_Planes.php(32): view('panel/usuarios_...', Array)
#5 C:\xampp\htdocs\blockbuester\app\Controllers\Panel\Usuarios_Planes.php(137): App\Controllers\Panel\Usuarios_Planes->create_view('panel/usuarios_...', Array)
#6 C:\xampp\htdocs\blockbuester\vendor\codeigniter4\framework\system\CodeIgniter.php(832): App\Controllers\Panel\Usuarios_Planes->editar('3')
#7 C:\xampp\htdocs\blockbuester\vendor\codeigniter4\framework\system\CodeIgniter.php(419): CodeIgniter\CodeIgniter->runController(Object(App\Controllers\Panel\Usuarios_Planes))
#8 C:\xampp\htdocs\blockbuester\vendor\codeigniter4\framework\system\CodeIgniter.php(326): CodeIgniter\CodeIgniter->handleRequest(NULL, Object(Config\Cache), false)
#9 C:\xampp\htdocs\blockbuester\public\index.php(37): CodeIgniter\CodeIgniter->run()
#10 C:\xampp\htdocs\blockbuester\vendor\codeigniter4\framework\system\Commands\Server\rewrite.php(43): require_once('C:\\xampp\\htdocs...')
#11 {main}
CRITICAL - 2025-03-29 21:56:39 --> Trying to get property 'id_usuario_plan' of non-object
#0 C:\xampp\htdocs\blockbuester\app\Views\panel\usuarios_planes_editar.php(11): CodeIgniter\Debug\Exceptions->errorHandler(8, 'Trying to get p...', 'C:\\xampp\\htdocs...', 11, Array)
#1 C:\xampp\htdocs\blockbuester\vendor\codeigniter4\framework\system\View\View.php(210): include('C:\\xampp\\htdocs...')
#2 C:\xampp\htdocs\blockbuester\vendor\codeigniter4\framework\system\View\View.php(213): CodeIgniter\View\View->CodeIgniter\View\{closure}()
#3 C:\xampp\htdocs\blockbuester\vendor\codeigniter4\framework\system\Common.php(1089): CodeIgniter\View\View->render('panel/usuarios_...', Array, true)
#4 C:\xampp\htdocs\blockbuester\app\Controllers\Panel\Usuarios_Planes.php(32): view('panel/usuarios_...', Array)
#5 C:\xampp\htdocs\blockbuester\app\Controllers\Panel\Usuarios_Planes.php(137): App\Controllers\Panel\Usuarios_Planes->create_view('panel/usuarios_...', Array)
#6 C:\xampp\htdocs\blockbuester\vendor\codeigniter4\framework\system\CodeIgniter.php(832): App\Controllers\Panel\Usuarios_Planes->editar('3')
#7 C:\xampp\htdocs\blockbuester\vendor\codeigniter4\framework\system\CodeIgniter.php(419): CodeIgniter\CodeIgniter->runController(Object(App\Controllers\Panel\Usuarios_Planes))
#8 C:\xampp\htdocs\blockbuester\vendor\codeigniter4\framework\system\CodeIgniter.php(326): CodeIgniter\CodeIgniter->handleRequest(NULL, Object(Config\Cache), false)
#9 C:\xampp\htdocs\blockbuester\public\index.php(37): CodeIgniter\CodeIgniter->run()
#10 C:\xampp\htdocs\blockbuester\vendor\codeigniter4\framework\system\Commands\Server\rewrite.php(43): require_once('C:\\xampp\\htdocs...')
#11 {main}
CRITICAL - 2025-03-29 21:56:46 --> Trying to get property 'id_usuario_plan' of non-object
#0 C:\xampp\htdocs\blockbuester\app\Views\panel\usuarios_planes_editar.php(11): CodeIgniter\Debug\Exceptions->errorHandler(8, 'Trying to get p...', 'C:\\xampp\\htdocs...', 11, Array)
#1 C:\xampp\htdocs\blockbuester\vendor\codeigniter4\framework\system\View\View.php(210): include('C:\\xampp\\htdocs...')
#2 C:\xampp\htdocs\blockbuester\vendor\codeigniter4\framework\system\View\View.php(213): CodeIgniter\View\View->CodeIgniter\View\{closure}()
#3 C:\xampp\htdocs\blockbuester\vendor\codeigniter4\framework\system\Common.php(1089): CodeIgniter\View\View->render('panel/usuarios_...', Array, true)
#4 C:\xampp\htdocs\blockbuester\app\Controllers\Panel\Usuarios_Planes.php(32): view('panel/usuarios_...', Array)
#5 C:\xampp\htdocs\blockbuester\app\Controllers\Panel\Usuarios_Planes.php(137): App\Controllers\Panel\Usuarios_Planes->create_view('panel/usuarios_...', Array)
#6 C:\xampp\htdocs\blockbuester\vendor\codeigniter4\framework\system\CodeIgniter.php(832): App\Controllers\Panel\Usuarios_Planes->editar('3')
#7 C:\xampp\htdocs\blockbuester\vendor\codeigniter4\framework\system\CodeIgniter.php(419): CodeIgniter\CodeIgniter->runController(Object(App\Controllers\Panel\Usuarios_Planes))
#8 C:\xampp\htdocs\blockbuester\vendor\codeigniter4\framework\system\CodeIgniter.php(326): CodeIgniter\CodeIgniter->handleRequest(NULL, Object(Config\Cache), false)
#9 C:\xampp\htdocs\blockbuester\public\index.php(37): CodeIgniter\CodeIgniter->run()
#10 C:\xampp\htdocs\blockbuester\vendor\codeigniter4\framework\system\Commands\Server\rewrite.php(43): require_once('C:\\xampp\\htdocs...')
#11 {main}
CRITICAL - 2025-03-29 21:59:32 --> Trying to get property 'id_usuario_plan' of non-object
#0 C:\xampp\htdocs\blockbuester\app\Views\panel\usuarios_planes_editar.php(11): CodeIgniter\Debug\Exceptions->errorHandler(8, 'Trying to get p...', 'C:\\xampp\\htdocs...', 11, Array)
#1 C:\xampp\htdocs\blockbuester\vendor\codeigniter4\framework\system\View\View.php(210): include('C:\\xampp\\htdocs...')
#2 C:\xampp\htdocs\blockbuester\vendor\codeigniter4\framework\system\View\View.php(213): CodeIgniter\View\View->CodeIgniter\View\{closure}()
#3 C:\xampp\htdocs\blockbuester\vendor\codeigniter4\framework\system\Common.php(1089): CodeIgniter\View\View->render('panel/usuarios_...', Array, true)
#4 C:\xampp\htdocs\blockbuester\app\Controllers\Panel\Usuarios_Planes.php(32): view('panel/usuarios_...', Array)
#5 C:\xampp\htdocs\blockbuester\app\Controllers\Panel\Usuarios_Planes.php(137): App\Controllers\Panel\Usuarios_Planes->create_view('panel/usuarios_...', Array)
#6 C:\xampp\htdocs\blockbuester\vendor\codeigniter4\framework\system\CodeIgniter.php(832): App\Controllers\Panel\Usuarios_Planes->editar('3')
#7 C:\xampp\htdocs\blockbuester\vendor\codeigniter4\framework\system\CodeIgniter.php(419): CodeIgniter\CodeIgniter->runController(Object(App\Controllers\Panel\Usuarios_Planes))
#8 C:\xampp\htdocs\blockbuester\vendor\codeigniter4\framework\system\CodeIgniter.php(326): CodeIgniter\CodeIgniter->handleRequest(NULL, Object(Config\Cache), false)
#9 C:\xampp\htdocs\blockbuester\public\index.php(37): CodeIgniter\CodeIgniter->run()
#10 C:\xampp\htdocs\blockbuester\vendor\codeigniter4\framework\system\Commands\Server\rewrite.php(43): require_once('C:\\xampp\\htdocs...')
#11 {main}
CRITICAL - 2025-03-29 21:59:32 --> Trying to get property 'id_usuario_plan' of non-object
#0 C:\xampp\htdocs\blockbuester\app\Views\panel\usuarios_planes_editar.php(11): CodeIgniter\Debug\Exceptions->errorHandler(8, 'Trying to get p...', 'C:\\xampp\\htdocs...', 11, Array)
#1 C:\xampp\htdocs\blockbuester\vendor\codeigniter4\framework\system\View\View.php(210): include('C:\\xampp\\htdocs...')
#2 C:\xampp\htdocs\blockbuester\vendor\codeigniter4\framework\system\View\View.php(213): CodeIgniter\View\View->CodeIgniter\View\{closure}()
#3 C:\xampp\htdocs\blockbuester\vendor\codeigniter4\framework\system\Common.php(1089): CodeIgniter\View\View->render('panel/usuarios_...', Array, true)
#4 C:\xampp\htdocs\blockbuester\app\Controllers\Panel\Usuarios_Planes.php(32): view('panel/usuarios_...', Array)
#5 C:\xampp\htdocs\blockbuester\app\Controllers\Panel\Usuarios_Planes.php(137): App\Controllers\Panel\Usuarios_Planes->create_view('panel/usuarios_...', Array)
#6 C:\xampp\htdocs\blockbuester\vendor\codeigniter4\framework\system\CodeIgniter.php(832): App\Controllers\Panel\Usuarios_Planes->editar('3')
#7 C:\xampp\htdocs\blockbuester\vendor\codeigniter4\framework\system\CodeIgniter.php(419): CodeIgniter\CodeIgniter->runController(Object(App\Controllers\Panel\Usuarios_Planes))
#8 C:\xampp\htdocs\blockbuester\vendor\codeigniter4\framework\system\CodeIgniter.php(326): CodeIgniter\CodeIgniter->handleRequest(NULL, Object(Config\Cache), false)
#9 C:\xampp\htdocs\blockbuester\public\index.php(37): CodeIgniter\CodeIgniter->run()
#10 C:\xampp\htdocs\blockbuester\vendor\codeigniter4\framework\system\Commands\Server\rewrite.php(43): require_once('C:\\xampp\\htdocs...')
#11 {main}
CRITICAL - 2025-03-29 21:59:33 --> Trying to get property 'id_usuario_plan' of non-object
#0 C:\xampp\htdocs\blockbuester\app\Views\panel\usuarios_planes_editar.php(11): CodeIgniter\Debug\Exceptions->errorHandler(8, 'Trying to get p...', 'C:\\xampp\\htdocs...', 11, Array)
#1 C:\xampp\htdocs\blockbuester\vendor\codeigniter4\framework\system\View\View.php(210): include('C:\\xampp\\htdocs...')
#2 C:\xampp\htdocs\blockbuester\vendor\codeigniter4\framework\system\View\View.php(213): CodeIgniter\View\View->CodeIgniter\View\{closure}()
#3 C:\xampp\htdocs\blockbuester\vendor\codeigniter4\framework\system\Common.php(1089): CodeIgniter\View\View->render('panel/usuarios_...', Array, true)
#4 C:\xampp\htdocs\blockbuester\app\Controllers\Panel\Usuarios_Planes.php(32): view('panel/usuarios_...', Array)
#5 C:\xampp\htdocs\blockbuester\app\Controllers\Panel\Usuarios_Planes.php(137): App\Controllers\Panel\Usuarios_Planes->create_view('panel/usuarios_...', Array)
#6 C:\xampp\htdocs\blockbuester\vendor\codeigniter4\framework\system\CodeIgniter.php(832): App\Controllers\Panel\Usuarios_Planes->editar('3')
#7 C:\xampp\htdocs\blockbuester\vendor\codeigniter4\framework\system\CodeIgniter.php(419): CodeIgniter\CodeIgniter->runController(Object(App\Controllers\Panel\Usuarios_Planes))
#8 C:\xampp\htdocs\blockbuester\vendor\codeigniter4\framework\system\CodeIgniter.php(326): CodeIgniter\CodeIgniter->handleRequest(NULL, Object(Config\Cache), false)
#9 C:\xampp\htdocs\blockbuester\public\index.php(37): CodeIgniter\CodeIgniter->run()
#10 C:\xampp\htdocs\blockbuester\vendor\codeigniter4\framework\system\Commands\Server\rewrite.php(43): require_once('C:\\xampp\\htdocs...')
#11 {main}
CRITICAL - 2025-03-29 21:59:33 --> Trying to get property 'id_usuario_plan' of non-object
#0 C:\xampp\htdocs\blockbuester\app\Views\panel\usuarios_planes_editar.php(11): CodeIgniter\Debug\Exceptions->errorHandler(8, 'Trying to get p...', 'C:\\xampp\\htdocs...', 11, Array)
#1 C:\xampp\htdocs\blockbuester\vendor\codeigniter4\framework\system\View\View.php(210): include('C:\\xampp\\htdocs...')
#2 C:\xampp\htdocs\blockbuester\vendor\codeigniter4\framework\system\View\View.php(213): CodeIgniter\View\View->CodeIgniter\View\{closure}()
#3 C:\xampp\htdocs\blockbuester\vendor\codeigniter4\framework\system\Common.php(1089): CodeIgniter\View\View->render('panel/usuarios_...', Array, true)
#4 C:\xampp\htdocs\blockbuester\app\Controllers\Panel\Usuarios_Planes.php(32): view('panel/usuarios_...', Array)
#5 C:\xampp\htdocs\blockbuester\app\Controllers\Panel\Usuarios_Planes.php(137): App\Controllers\Panel\Usuarios_Planes->create_view('panel/usuarios_...', Array)
#6 C:\xampp\htdocs\blockbuester\vendor\codeigniter4\framework\system\CodeIgniter.php(832): App\Controllers\Panel\Usuarios_Planes->editar('3')
#7 C:\xampp\htdocs\blockbuester\vendor\codeigniter4\framework\system\CodeIgniter.php(419): CodeIgniter\CodeIgniter->runController(Object(App\Controllers\Panel\Usuarios_Planes))
#8 C:\xampp\htdocs\blockbuester\vendor\codeigniter4\framework\system\CodeIgniter.php(326): CodeIgniter\CodeIgniter->handleRequest(NULL, Object(Config\Cache), false)
#9 C:\xampp\htdocs\blockbuester\public\index.php(37): CodeIgniter\CodeIgniter->run()
#10 C:\xampp\htdocs\blockbuester\vendor\codeigniter4\framework\system\Commands\Server\rewrite.php(43): require_once('C:\\xampp\\htdocs...')
#11 {main}
CRITICAL - 2025-03-29 21:59:33 --> Trying to get property 'id_usuario_plan' of non-object
#0 C:\xampp\htdocs\blockbuester\app\Views\panel\usuarios_planes_editar.php(11): CodeIgniter\Debug\Exceptions->errorHandler(8, 'Trying to get p...', 'C:\\xampp\\htdocs...', 11, Array)
#1 C:\xampp\htdocs\blockbuester\vendor\codeigniter4\framework\system\View\View.php(210): include('C:\\xampp\\htdocs...')
#2 C:\xampp\htdocs\blockbuester\vendor\codeigniter4\framework\system\View\View.php(213): CodeIgniter\View\View->CodeIgniter\View\{closure}()
#3 C:\xampp\htdocs\blockbuester\vendor\codeigniter4\framework\system\Common.php(1089): CodeIgniter\View\View->render('panel/usuarios_...', Array, true)
#4 C:\xampp\htdocs\blockbuester\app\Controllers\Panel\Usuarios_Planes.php(32): view('panel/usuarios_...', Array)
#5 C:\xampp\htdocs\blockbuester\app\Controllers\Panel\Usuarios_Planes.php(137): App\Controllers\Panel\Usuarios_Planes->create_view('panel/usuarios_...', Array)
#6 C:\xampp\htdocs\blockbuester\vendor\codeigniter4\framework\system\CodeIgniter.php(832): App\Controllers\Panel\Usuarios_Planes->editar('3')
#7 C:\xampp\htdocs\blockbuester\vendor\codeigniter4\framework\system\CodeIgniter.php(419): CodeIgniter\CodeIgniter->runController(Object(App\Controllers\Panel\Usuarios_Planes))
#8 C:\xampp\htdocs\blockbuester\vendor\codeigniter4\framework\system\CodeIgniter.php(326): CodeIgniter\CodeIgniter->handleRequest(NULL, Object(Config\Cache), false)
#9 C:\xampp\htdocs\blockbuester\public\index.php(37): CodeIgniter\CodeIgniter->run()
#10 C:\xampp\htdocs\blockbuester\vendor\codeigniter4\framework\system\Commands\Server\rewrite.php(43): require_once('C:\\xampp\\htdocs...')
#11 {main}
CRITICAL - 2025-03-29 21:59:34 --> Trying to get property 'id_usuario_plan' of non-object
#0 C:\xampp\htdocs\blockbuester\app\Views\panel\usuarios_planes_editar.php(11): CodeIgniter\Debug\Exceptions->errorHandler(8, 'Trying to get p...', 'C:\\xampp\\htdocs...', 11, Array)
#1 C:\xampp\htdocs\blockbuester\vendor\codeigniter4\framework\system\View\View.php(210): include('C:\\xampp\\htdocs...')
#2 C:\xampp\htdocs\blockbuester\vendor\codeigniter4\framework\system\View\View.php(213): CodeIgniter\View\View->CodeIgniter\View\{closure}()
#3 C:\xampp\htdocs\blockbuester\vendor\codeigniter4\framework\system\Common.php(1089): CodeIgniter\View\View->render('panel/usuarios_...', Array, true)
#4 C:\xampp\htdocs\blockbuester\app\Controllers\Panel\Usuarios_Planes.php(32): view('panel/usuarios_...', Array)
#5 C:\xampp\htdocs\blockbuester\app\Controllers\Panel\Usuarios_Planes.php(137): App\Controllers\Panel\Usuarios_Planes->create_view('panel/usuarios_...', Array)
#6 C:\xampp\htdocs\blockbuester\vendor\codeigniter4\framework\system\CodeIgniter.php(832): App\Controllers\Panel\Usuarios_Planes->editar('3')
#7 C:\xampp\htdocs\blockbuester\vendor\codeigniter4\framework\system\CodeIgniter.php(419): CodeIgniter\CodeIgniter->runController(Object(App\Controllers\Panel\Usuarios_Planes))
#8 C:\xampp\htdocs\blockbuester\vendor\codeigniter4\framework\system\CodeIgniter.php(326): CodeIgniter\CodeIgniter->handleRequest(NULL, Object(Config\Cache), false)
#9 C:\xampp\htdocs\blockbuester\public\index.php(37): CodeIgniter\CodeIgniter->run()
#10 C:\xampp\htdocs\blockbuester\vendor\codeigniter4\framework\system\Commands\Server\rewrite.php(43): require_once('C:\\xampp\\htdocs...')
#11 {main}
CRITICAL - 2025-03-29 21:59:34 --> Trying to get property 'id_usuario_plan' of non-object
#0 C:\xampp\htdocs\blockbuester\app\Views\panel\usuarios_planes_editar.php(11): CodeIgniter\Debug\Exceptions->errorHandler(8, 'Trying to get p...', 'C:\\xampp\\htdocs...', 11, Array)
#1 C:\xampp\htdocs\blockbuester\vendor\codeigniter4\framework\system\View\View.php(210): include('C:\\xampp\\htdocs...')
#2 C:\xampp\htdocs\blockbuester\vendor\codeigniter4\framework\system\View\View.php(213): CodeIgniter\View\View->CodeIgniter\View\{closure}()
#3 C:\xampp\htdocs\blockbuester\vendor\codeigniter4\framework\system\Common.php(1089): CodeIgniter\View\View->render('panel/usuarios_...', Array, true)
#4 C:\xampp\htdocs\blockbuester\app\Controllers\Panel\Usuarios_Planes.php(32): view('panel/usuarios_...', Array)
#5 C:\xampp\htdocs\blockbuester\app\Controllers\Panel\Usuarios_Planes.php(137): App\Controllers\Panel\Usuarios_Planes->create_view('panel/usuarios_...', Array)
#6 C:\xampp\htdocs\blockbuester\vendor\codeigniter4\framework\system\CodeIgniter.php(832): App\Controllers\Panel\Usuarios_Planes->editar('3')
#7 C:\xampp\htdocs\blockbuester\vendor\codeigniter4\framework\system\CodeIgniter.php(419): CodeIgniter\CodeIgniter->runController(Object(App\Controllers\Panel\Usuarios_Planes))
#8 C:\xampp\htdocs\blockbuester\vendor\codeigniter4\framework\system\CodeIgniter.php(326): CodeIgniter\CodeIgniter->handleRequest(NULL, Object(Config\Cache), false)
#9 C:\xampp\htdocs\blockbuester\public\index.php(37): CodeIgniter\CodeIgniter->run()
#10 C:\xampp\htdocs\blockbuester\vendor\codeigniter4\framework\system\Commands\Server\rewrite.php(43): require_once('C:\\xampp\\htdocs...')
#11 {main}
CRITICAL - 2025-03-29 21:59:34 --> Trying to get property 'id_usuario_plan' of non-object
#0 C:\xampp\htdocs\blockbuester\app\Views\panel\usuarios_planes_editar.php(11): CodeIgniter\Debug\Exceptions->errorHandler(8, 'Trying to get p...', 'C:\\xampp\\htdocs...', 11, Array)
#1 C:\xampp\htdocs\blockbuester\vendor\codeigniter4\framework\system\View\View.php(210): include('C:\\xampp\\htdocs...')
#2 C:\xampp\htdocs\blockbuester\vendor\codeigniter4\framework\system\View\View.php(213): CodeIgniter\View\View->CodeIgniter\View\{closure}()
#3 C:\xampp\htdocs\blockbuester\vendor\codeigniter4\framework\system\Common.php(1089): CodeIgniter\View\View->render('panel/usuarios_...', Array, true)
#4 C:\xampp\htdocs\blockbuester\app\Controllers\Panel\Usuarios_Planes.php(32): view('panel/usuarios_...', Array)
#5 C:\xampp\htdocs\blockbuester\app\Controllers\Panel\Usuarios_Planes.php(137): App\Controllers\Panel\Usuarios_Planes->create_view('panel/usuarios_...', Array)
#6 C:\xampp\htdocs\blockbuester\vendor\codeigniter4\framework\system\CodeIgniter.php(832): App\Controllers\Panel\Usuarios_Planes->editar('3')
#7 C:\xampp\htdocs\blockbuester\vendor\codeigniter4\framework\system\CodeIgniter.php(419): CodeIgniter\CodeIgniter->runController(Object(App\Controllers\Panel\Usuarios_Planes))
#8 C:\xampp\htdocs\blockbuester\vendor\codeigniter4\framework\system\CodeIgniter.php(326): CodeIgniter\CodeIgniter->handleRequest(NULL, Object(Config\Cache), false)
#9 C:\xampp\htdocs\blockbuester\public\index.php(37): CodeIgniter\CodeIgniter->run()
#10 C:\xampp\htdocs\blockbuester\vendor\codeigniter4\framework\system\Commands\Server\rewrite.php(43): require_once('C:\\xampp\\htdocs...')
#11 {main}
CRITICAL - 2025-03-29 22:01:27 --> Cannot use object of type stdClass as array
#0 C:\xampp\htdocs\blockbuester\vendor\codeigniter4\framework\system\View\View.php(210): include()
#1 C:\xampp\htdocs\blockbuester\vendor\codeigniter4\framework\system\View\View.php(213): CodeIgniter\View\View->CodeIgniter\View\{closure}()
#2 C:\xampp\htdocs\blockbuester\vendor\codeigniter4\framework\system\Common.php(1089): CodeIgniter\View\View->render('panel/videos_nu...', Array, true)
#3 C:\xampp\htdocs\blockbuester\app\Controllers\Panel\Videos.php(54): view('panel/videos_nu...', Array)
#4 C:\xampp\htdocs\blockbuester\app\Controllers\Panel\Videos.php(94): App\Controllers\Panel\Videos->create_view('panel/videos_nu...', Array)
#5 C:\xampp\htdocs\blockbuester\vendor\codeigniter4\framework\system\CodeIgniter.php(832): App\Controllers\Panel\Videos->nuevo()
#6 C:\xampp\htdocs\blockbuester\vendor\codeigniter4\framework\system\CodeIgniter.php(419): CodeIgniter\CodeIgniter->runController(Object(App\Controllers\Panel\Videos))
#7 C:\xampp\htdocs\blockbuester\vendor\codeigniter4\framework\system\CodeIgniter.php(326): CodeIgniter\CodeIgniter->handleRequest(NULL, Object(Config\Cache), false)
#8 C:\xampp\htdocs\blockbuester\public\index.php(37): CodeIgniter\CodeIgniter->run()
#9 C:\xampp\htdocs\blockbuester\vendor\codeigniter4\framework\system\Commands\Server\rewrite.php(43): require_once('C:\\xampp\\htdocs...')
#10 {main}
CRITICAL - 2025-03-29 22:03:18 --> Undefined variable: filtro_streaming
#0 C:\xampp\htdocs\blockbuester\app\Views\panel\videos_nuevo.php(14): CodeIgniter\Debug\Exceptions->errorHandler(8, 'Undefined varia...', 'C:\\xampp\\htdocs...', 14, Array)
#1 C:\xampp\htdocs\blockbuester\vendor\codeigniter4\framework\system\View\View.php(210): include('C:\\xampp\\htdocs...')
#2 C:\xampp\htdocs\blockbuester\vendor\codeigniter4\framework\system\View\View.php(213): CodeIgniter\View\View->CodeIgniter\View\{closure}()
#3 C:\xampp\htdocs\blockbuester\vendor\codeigniter4\framework\system\Common.php(1089): CodeIgniter\View\View->render('panel/videos_nu...', Array, true)
#4 C:\xampp\htdocs\blockbuester\app\Controllers\Panel\Videos.php(54): view('panel/videos_nu...', Array)
#5 C:\xampp\htdocs\blockbuester\app\Controllers\Panel\Videos.php(94): App\Controllers\Panel\Videos->create_view('panel/videos_nu...', Array)
#6 C:\xampp\htdocs\blockbuester\vendor\codeigniter4\framework\system\CodeIgniter.php(832): App\Controllers\Panel\Videos->nuevo()
#7 C:\xampp\htdocs\blockbuester\vendor\codeigniter4\framework\system\CodeIgniter.php(419): CodeIgniter\CodeIgniter->runController(Object(App\Controllers\Panel\Videos))
#8 C:\xampp\htdocs\blockbuester\vendor\codeigniter4\framework\system\CodeIgniter.php(326): CodeIgniter\CodeIgniter->handleRequest(NULL, Object(Config\Cache), false)
#9 C:\xampp\htdocs\blockbuester\public\index.php(37): CodeIgniter\CodeIgniter->run()
#10 C:\xampp\htdocs\blockbuester\vendor\codeigniter4\framework\system\Commands\Server\rewrite.php(43): require_once('C:\\xampp\\htdocs...')
#11 {main}
CRITICAL - 2025-03-29 22:07:43 --> Cannot use object of type stdClass as array
#0 C:\xampp\htdocs\blockbuester\vendor\codeigniter4\framework\system\View\View.php(210): include()
#1 C:\xampp\htdocs\blockbuester\vendor\codeigniter4\framework\system\View\View.php(213): CodeIgniter\View\View->CodeIgniter\View\{closure}()
#2 C:\xampp\htdocs\blockbuester\vendor\codeigniter4\framework\system\Common.php(1089): CodeIgniter\View\View->render('panel/videos_ed...', Array, true)
#3 C:\xampp\htdocs\blockbuester\app\Controllers\Panel\Videos.php(54): view('panel/videos_ed...', Array)
#4 C:\xampp\htdocs\blockbuester\app\Controllers\Panel\Videos.php(148): App\Controllers\Panel\Videos->create_view('panel/videos_ed...', Array)
#5 C:\xampp\htdocs\blockbuester\vendor\codeigniter4\framework\system\CodeIgniter.php(832): App\Controllers\Panel\Videos->editar('7')
#6 C:\xampp\htdocs\blockbuester\vendor\codeigniter4\framework\system\CodeIgniter.php(419): CodeIgniter\CodeIgniter->runController(Object(App\Controllers\Panel\Videos))
#7 C:\xampp\htdocs\blockbuester\vendor\codeigniter4\framework\system\CodeIgniter.php(326): CodeIgniter\CodeIgniter->handleRequest(NULL, Object(Config\Cache), false)
#8 C:\xampp\htdocs\blockbuester\public\index.php(37): CodeIgniter\CodeIgniter->run()
#9 C:\xampp\htdocs\blockbuester\vendor\codeigniter4\framework\system\Commands\Server\rewrite.php(43): require_once('C:\\xampp\\htdocs...')
#10 {main}
CRITICAL - 2025-03-29 22:09:18 --> Cannot use object of type stdClass as array
#0 C:\xampp\htdocs\blockbuester\vendor\codeigniter4\framework\system\View\View.php(210): include()
#1 C:\xampp\htdocs\blockbuester\vendor\codeigniter4\framework\system\View\View.php(213): CodeIgniter\View\View->CodeIgniter\View\{closure}()
#2 C:\xampp\htdocs\blockbuester\vendor\codeigniter4\framework\system\Common.php(1089): CodeIgniter\View\View->render('panel/videos_ed...', Array, true)
#3 C:\xampp\htdocs\blockbuester\app\Controllers\Panel\Videos.php(54): view('panel/videos_ed...', Array)
#4 C:\xampp\htdocs\blockbuester\app\Controllers\Panel\Videos.php(148): App\Controllers\Panel\Videos->create_view('panel/videos_ed...', Array)
#5 C:\xampp\htdocs\blockbuester\vendor\codeigniter4\framework\system\CodeIgniter.php(832): App\Controllers\Panel\Videos->editar('7')
#6 C:\xampp\htdocs\blockbuester\vendor\codeigniter4\framework\system\CodeIgniter.php(419): CodeIgniter\CodeIgniter->runController(Object(App\Controllers\Panel\Videos))
#7 C:\xampp\htdocs\blockbuester\vendor\codeigniter4\framework\system\CodeIgniter.php(326): CodeIgniter\CodeIgniter->handleRequest(NULL, Object(Config\Cache), false)
#8 C:\xampp\htdocs\blockbuester\public\index.php(37): CodeIgniter\CodeIgniter->run()
#9 C:\xampp\htdocs\blockbuester\vendor\codeigniter4\framework\system\Commands\Server\rewrite.php(43): require_once('C:\\xampp\\htdocs...')
#10 {main}
CRITICAL - 2025-03-29 22:09:19 --> Cannot use object of type stdClass as array
#0 C:\xampp\htdocs\blockbuester\vendor\codeigniter4\framework\system\View\View.php(210): include()
#1 C:\xampp\htdocs\blockbuester\vendor\codeigniter4\framework\system\View\View.php(213): CodeIgniter\View\View->CodeIgniter\View\{closure}()
#2 C:\xampp\htdocs\blockbuester\vendor\codeigniter4\framework\system\Common.php(1089): CodeIgniter\View\View->render('panel/videos_ed...', Array, true)
#3 C:\xampp\htdocs\blockbuester\app\Controllers\Panel\Videos.php(54): view('panel/videos_ed...', Array)
#4 C:\xampp\htdocs\blockbuester\app\Controllers\Panel\Videos.php(148): App\Controllers\Panel\Videos->create_view('panel/videos_ed...', Array)
#5 C:\xampp\htdocs\blockbuester\vendor\codeigniter4\framework\system\CodeIgniter.php(832): App\Controllers\Panel\Videos->editar('7')
#6 C:\xampp\htdocs\blockbuester\vendor\codeigniter4\framework\system\CodeIgniter.php(419): CodeIgniter\CodeIgniter->runController(Object(App\Controllers\Panel\Videos))
#7 C:\xampp\htdocs\blockbuester\vendor\codeigniter4\framework\system\CodeIgniter.php(326): CodeIgniter\CodeIgniter->handleRequest(NULL, Object(Config\Cache), false)
#8 C:\xampp\htdocs\blockbuester\public\index.php(37): CodeIgniter\CodeIgniter->run()
#9 C:\xampp\htdocs\blockbuester\vendor\codeigniter4\framework\system\Commands\Server\rewrite.php(43): require_once('C:\\xampp\\htdocs...')
#10 {main}
CRITICAL - 2025-03-29 22:11:12 --> Cannot use object of type stdClass as array
#0 C:\xampp\htdocs\blockbuester\vendor\codeigniter4\framework\system\View\View.php(210): include()
#1 C:\xampp\htdocs\blockbuester\vendor\codeigniter4\framework\system\View\View.php(213): CodeIgniter\View\View->CodeIgniter\View\{closure}()
#2 C:\xampp\htdocs\blockbuester\vendor\codeigniter4\framework\system\Common.php(1089): CodeIgniter\View\View->render('panel/videos_ed...', Array, true)
#3 C:\xampp\htdocs\blockbuester\app\Controllers\Panel\Videos.php(54): view('panel/videos_ed...', Array)
#4 C:\xampp\htdocs\blockbuester\app\Controllers\Panel\Videos.php(148): App\Controllers\Panel\Videos->create_view('panel/videos_ed...', Array)
#5 C:\xampp\htdocs\blockbuester\vendor\codeigniter4\framework\system\CodeIgniter.php(832): App\Controllers\Panel\Videos->editar('7')
#6 C:\xampp\htdocs\blockbuester\vendor\codeigniter4\framework\system\CodeIgniter.php(419): CodeIgniter\CodeIgniter->runController(Object(App\Controllers\Panel\Videos))
#7 C:\xampp\htdocs\blockbuester\vendor\codeigniter4\framework\system\CodeIgniter.php(326): CodeIgniter\CodeIgniter->handleRequest(NULL, Object(Config\Cache), false)
#8 C:\xampp\htdocs\blockbuester\public\index.php(37): CodeIgniter\CodeIgniter->run()
#9 C:\xampp\htdocs\blockbuester\vendor\codeigniter4\framework\system\Commands\Server\rewrite.php(43): require_once('C:\\xampp\\htdocs...')
#10 {main}
CRITICAL - 2025-03-29 22:12:12 --> Cannot use object of type stdClass as array
#0 C:\xampp\htdocs\blockbuester\vendor\codeigniter4\framework\system\CodeIgniter.php(832): App\Controllers\Panel\Videos->actualizar('7')
#1 C:\xampp\htdocs\blockbuester\vendor\codeigniter4\framework\system\CodeIgniter.php(419): CodeIgniter\CodeIgniter->runController(Object(App\Controllers\Panel\Videos))
#2 C:\xampp\htdocs\blockbuester\vendor\codeigniter4\framework\system\CodeIgniter.php(326): CodeIgniter\CodeIgniter->handleRequest(NULL, Object(Config\Cache), false)
#3 C:\xampp\htdocs\blockbuester\public\index.php(37): CodeIgniter\CodeIgniter->run()
#4 C:\xampp\htdocs\blockbuester\vendor\codeigniter4\framework\system\Commands\Server\rewrite.php(43): require_once('C:\\xampp\\htdocs...')
#5 {main}
CRITICAL - 2025-03-29 22:13:49 --> Cannot use object of type stdClass as array
#0 C:\xampp\htdocs\blockbuester\vendor\codeigniter4\framework\system\View\View.php(210): include()
#1 C:\xampp\htdocs\blockbuester\vendor\codeigniter4\framework\system\View\View.php(213): CodeIgniter\View\View->CodeIgniter\View\{closure}()
#2 C:\xampp\htdocs\blockbuester\vendor\codeigniter4\framework\system\Common.php(1089): CodeIgniter\View\View->render('panel/streaming...', Array, true)
#3 C:\xampp\htdocs\blockbuester\app\Controllers\Panel\Streaming.php(58): view('panel/streaming...', Array)
#4 C:\xampp\htdocs\blockbuester\app\Controllers\Panel\Streaming.php(135): App\Controllers\Panel\Streaming->create_view('panel/streaming...', Array)
#5 C:\xampp\htdocs\blockbuester\vendor\codeigniter4\framework\system\CodeIgniter.php(832): App\Controllers\Panel\Streaming->editar('4')
#6 C:\xampp\htdocs\blockbuester\vendor\codeigniter4\framework\system\CodeIgniter.php(419): CodeIgniter\CodeIgniter->runController(Object(App\Controllers\Panel\Streaming))
#7 C:\xampp\htdocs\blockbuester\vendor\codeigniter4\framework\system\CodeIgniter.php(326): CodeIgniter\CodeIgniter->handleRequest(NULL, Object(Config\Cache), false)
#8 C:\xampp\htdocs\blockbuester\public\index.php(37): CodeIgniter\CodeIgniter->run()
#9 C:\xampp\htdocs\blockbuester\vendor\codeigniter4\framework\system\Commands\Server\rewrite.php(43): require_once('C:\\xampp\\htdocs...')
#10 {main}
CRITICAL - 2025-03-29 22:14:56 --> Cannot use object of type stdClass as array
#0 C:\xampp\htdocs\blockbuester\vendor\codeigniter4\framework\system\View\View.php(210): include()
#1 C:\xampp\htdocs\blockbuester\vendor\codeigniter4\framework\system\View\View.php(213): CodeIgniter\View\View->CodeIgniter\View\{closure}()
#2 C:\xampp\htdocs\blockbuester\vendor\codeigniter4\framework\system\Common.php(1089): CodeIgniter\View\View->render('panel/streaming...', Array, true)
#3 C:\xampp\htdocs\blockbuester\app\Controllers\Panel\Streaming.php(58): view('panel/streaming...', Array)
#4 C:\xampp\htdocs\blockbuester\app\Controllers\Panel\Streaming.php(135): App\Controllers\Panel\Streaming->create_view('panel/streaming...', Array)
#5 C:\xampp\htdocs\blockbuester\vendor\codeigniter4\framework\system\CodeIgniter.php(832): App\Controllers\Panel\Streaming->editar('5')
#6 C:\xampp\htdocs\blockbuester\vendor\codeigniter4\framework\system\CodeIgniter.php(419): CodeIgniter\CodeIgniter->runController(Object(App\Controllers\Panel\Streaming))
#7 C:\xampp\htdocs\blockbuester\vendor\codeigniter4\framework\system\CodeIgniter.php(326): CodeIgniter\CodeIgniter->handleRequest(NULL, Object(Config\Cache), false)
#8 C:\xampp\htdocs\blockbuester\public\index.php(37): CodeIgniter\CodeIgniter->run()
#9 C:\xampp\htdocs\blockbuester\vendor\codeigniter4\framework\system\Commands\Server\rewrite.php(43): require_once('C:\\xampp\\htdocs...')
#10 {main}
CRITICAL - 2025-03-29 22:16:35 --> Cannot use object of type stdClass as array
#0 C:\xampp\htdocs\blockbuester\vendor\codeigniter4\framework\system\CodeIgniter.php(832): App\Controllers\Panel\Streaming->actualizar('5')
#1 C:\xampp\htdocs\blockbuester\vendor\codeigniter4\framework\system\CodeIgniter.php(419): CodeIgniter\CodeIgniter->runController(Object(App\Controllers\Panel\Streaming))
#2 C:\xampp\htdocs\blockbuester\vendor\codeigniter4\framework\system\CodeIgniter.php(326): CodeIgniter\CodeIgniter->handleRequest(NULL, Object(Config\Cache), false)
#3 C:\xampp\htdocs\blockbuester\public\index.php(37): CodeIgniter\CodeIgniter->run()
#4 C:\xampp\htdocs\blockbuester\vendor\codeigniter4\framework\system\Commands\Server\rewrite.php(43): require_once('C:\\xampp\\htdocs...')
#5 {main}
