CRITICAL - 2025-02-11 09:46:56 --> Cannot declare class App\Controllers\Home, because the name is already in use
#0 [internal function]: CodeIgniter\Debug\Exceptions->shutdownHandler()
#1 {main}
CRITICAL - 2025-02-11 09:47:59 --> Cannot declare class App\Controllers\Home, because the name is already in use
#0 [internal function]: CodeIgniter\Debug\Exceptions->shutdownHandler()
#1 {main}
CRITICAL - 2025-02-11 09:48:01 --> Cannot declare class App\Controllers\Home, because the name is already in use
#0 [internal function]: CodeIgniter\Debug\Exceptions->shutdownHandler()
#1 {main}
CRITICAL - 2025-02-11 09:49:21 --> Cannot declare class App\Controllers\Home, because the name is already in use
#0 [internal function]: CodeIgniter\Debug\Exceptions->shutdownHandler()
#1 {main}
CRITICAL - 2025-02-11 09:50:35 --> Cannot declare class App\Controllers\Home, because the name is already in use
#0 [internal function]: CodeIgniter\Debug\Exceptions->shutdownHandler()
#1 {main}
CRITICAL - 2025-02-11 09:51:39 --> Cannot declare class App\Controllers\Home, because the name is already in use
#0 [internal function]: CodeIgniter\Debug\Exceptions->shutdownHandler()
#1 {main}
CRITICAL - 2025-02-11 09:52:20 --> Cannot declare class App\Controllers\Home, because the name is already in use
#0 [internal function]: CodeIgniter\Debug\Exceptions->shutdownHandler()
#1 {main}
CRITICAL - 2025-02-11 09:52:26 --> Cannot declare class App\Controllers\Home, because the name is already in use
#0 [internal function]: CodeIgniter\Debug\Exceptions->shutdownHandler()
#1 {main}
CRITICAL - 2025-02-11 12:29:31 --> Use of undefined constant RECURSOS_USUARIO_IMAGES - assumed 'RECURSOS_USUARIO_IMAGES' (this will throw an Error in a future version of PHP)
#0 C:\xampp_7\htdocs\prueba\app\Views\inicio.php(9): CodeIgniter\Debug\Exceptions->errorHandler(2, 'Use of undefine...', 'C:\\xampp_7\\htdo...', 9, Array)
#1 C:\xampp_7\htdocs\prueba\vendor\codeigniter4\framework\system\View\View.php(210): include('C:\\xampp_7\\htdo...')
#2 C:\xampp_7\htdocs\prueba\vendor\codeigniter4\framework\system\View\View.php(213): CodeIgniter\View\View->CodeIgniter\View\{closure}()
#3 C:\xampp_7\htdocs\prueba\vendor\codeigniter4\framework\system\Common.php(1089): CodeIgniter\View\View->render('inicio', Array, true)
#4 C:\xampp_7\htdocs\prueba\app\Controllers\InicioSesion.php(17): view('inicio')
#5 C:\xampp_7\htdocs\prueba\vendor\codeigniter4\framework\system\CodeIgniter.php(832): App\Controllers\InicioSesion->index()
#6 C:\xampp_7\htdocs\prueba\vendor\codeigniter4\framework\system\CodeIgniter.php(419): CodeIgniter\CodeIgniter->runController(Object(App\Controllers\InicioSesion))
#7 C:\xampp_7\htdocs\prueba\vendor\codeigniter4\framework\system\CodeIgniter.php(326): CodeIgniter\CodeIgniter->handleRequest(NULL, Object(Config\Cache), false)
#8 C:\xampp_7\htdocs\prueba\public\index.php(37): CodeIgniter\CodeIgniter->run()
#9 C:\xampp_7\htdocs\prueba\vendor\codeigniter4\framework\system\Commands\Server\rewrite.php(43): require_once('C:\\xampp_7\\htdo...')
#10 {main}
CRITICAL - 2025-02-11 12:30:13 --> Use of undefined constant RECURSOS_USUARIO_IMAGES - assumed 'RECURSOS_USUARIO_IMAGES' (this will throw an Error in a future version of PHP)
#0 C:\xampp_7\htdocs\prueba\app\Views\inicio.php(9): CodeIgniter\Debug\Exceptions->errorHandler(2, 'Use of undefine...', 'C:\\xampp_7\\htdo...', 9, Array)
#1 C:\xampp_7\htdocs\prueba\vendor\codeigniter4\framework\system\View\View.php(210): include('C:\\xampp_7\\htdo...')
#2 C:\xampp_7\htdocs\prueba\vendor\codeigniter4\framework\system\View\View.php(213): CodeIgniter\View\View->CodeIgniter\View\{closure}()
#3 C:\xampp_7\htdocs\prueba\vendor\codeigniter4\framework\system\Common.php(1089): CodeIgniter\View\View->render('inicio', Array, true)
#4 C:\xampp_7\htdocs\prueba\app\Controllers\InicioSesion.php(17): view('inicio')
#5 C:\xampp_7\htdocs\prueba\vendor\codeigniter4\framework\system\CodeIgniter.php(832): App\Controllers\InicioSesion->index()
#6 C:\xampp_7\htdocs\prueba\vendor\codeigniter4\framework\system\CodeIgniter.php(419): CodeIgniter\CodeIgniter->runController(Object(App\Controllers\InicioSesion))
#7 C:\xampp_7\htdocs\prueba\vendor\codeigniter4\framework\system\CodeIgniter.php(326): CodeIgniter\CodeIgniter->handleRequest(NULL, Object(Config\Cache), false)
#8 C:\xampp_7\htdocs\prueba\public\index.php(37): CodeIgniter\CodeIgniter->run()
#9 C:\xampp_7\htdocs\prueba\vendor\codeigniter4\framework\system\Commands\Server\rewrite.php(43): require_once('C:\\xampp_7\\htdo...')
#10 {main}
